2017-12-20 10:23:52,111 INFO [com.alpha.self.diagnosis.AlphaApplication:39] SpringApplicationBuilder run .... 
2017-12-20 10:23:52,770 INFO [com.alpha.self.diagnosis.AlphaApplication:39] SpringApplicationBuilder run .... 
2017-12-20 10:23:54,103 INFO [org.springframework.context.support.AbstractApplicationContext:583] Refreshing org.springframework.context.annotation.AnnotationConfigApplicationContext@344c77ef: startup date [Wed Dec 20 10:23:54 CST 2017]; root of context hierarchy
2017-12-20 10:23:54,540 INFO [org.hibernate.validator.internal.util.Version:30] HV000001: Hibernate Validator 5.3.5.Final
2017-12-20 10:23:54,958 INFO [org.springframework.beans.factory.annotation.AutowiredAnnotationBeanPostProcessor:155] JSR-330 'javax.inject.Inject' annotation found and supported for autowiring
2017-12-20 10:23:55,146 INFO [org.springframework.context.support.PostProcessorRegistrationDelegate$BeanPostProcessorChecker:325] Bean 'configurationPropertiesRebinderAutoConfiguration' of type [org.springframework.cloud.autoconfigure.ConfigurationPropertiesRebinderAutoConfiguration$$EnhancerBySpringCGLIB$$4d3c69ed] is not eligible for getting processed by all BeanPostProcessors (for example: not eligible for auto-proxying)
2017-12-20 10:23:56,305 INFO [org.springframework.boot.SpringApplication:597] The following profiles are active: core
2017-12-20 10:23:56,384 INFO [org.springframework.context.support.AbstractApplicationContext:583] Refreshing org.springframework.boot.context.embedded.AnnotationConfigEmbeddedWebApplicationContext@10286f6: startup date [Wed Dec 20 10:23:56 CST 2017]; parent: org.springframework.context.annotation.AnnotationConfigApplicationContext@344c77ef
2017-12-20 10:24:03,522 INFO [org.springframework.cloud.context.scope.GenericScope:263] BeanFactory id=e1454411-bbdc-3bab-930f-56a69686bbf8
2017-12-20 10:24:03,586 INFO [com.alpha.self.diagnosis.processor.spring.BeanScannerConfigurer:28] 初始化 BasicAnswerProcessor  服务配置
2017-12-20 10:24:03,632 INFO [org.springframework.beans.factory.support.DefaultListableBeanFactory:828] Overriding bean definition for bean 'allergicHistoryAnswerProcessor' with a different definition: replacing [Generic bean: class [com.alpha.self.diagnosis.processor.AllergicHistoryAnswerProcessor]; scope=singleton; abstract=false; lazyInit=false; autowireMode=0; dependencyCheck=0; autowireCandidate=true; primary=false; factoryBeanName=null; factoryMethodName=null; initMethodName=null; destroyMethodName=null; defined in file [F:\iebm\workspace\alpha\branch\v1.0.3\alpha\alpha-self-diagnosis\target\classes\com\alpha\self\diagnosis\processor\AllergicHistoryAnswerProcessor.class]] with [Generic bean: class [com.alpha.self.diagnosis.processor.AllergicHistoryAnswerProcessor]; scope=singleton; abstract=false; lazyInit=false; autowireMode=0; dependencyCheck=0; autowireCandidate=true; primary=false; factoryBeanName=null; factoryMethodName=null; initMethodName=null; destroyMethodName=null; defined in file [F:\iebm\workspace\alpha\branch\v1.0.3\alpha\alpha-self-diagnosis\target\classes\com\alpha\self\diagnosis\processor\AllergicHistoryAnswerProcessor.class]]
2017-12-20 10:24:03,633 INFO [org.springframework.beans.factory.support.DefaultListableBeanFactory:828] Overriding bean definition for bean 'birthProcessor' with a different definition: replacing [Generic bean: class [com.alpha.self.diagnosis.processor.BirthProcessor]; scope=singleton; abstract=false; lazyInit=false; autowireMode=0; dependencyCheck=0; autowireCandidate=true; primary=false; factoryBeanName=null; factoryMethodName=null; initMethodName=null; destroyMethodName=null; defined in file [F:\iebm\workspace\alpha\branch\v1.0.3\alpha\alpha-self-diagnosis\target\classes\com\alpha\self\diagnosis\processor\BirthProcessor.class]] with [Generic bean: class [com.alpha.self.diagnosis.processor.BirthProcessor]; scope=singleton; abstract=false; lazyInit=false; autowireMode=0; dependencyCheck=0; autowireCandidate=true; primary=false; factoryBeanName=null; factoryMethodName=null; initMethodName=null; destroyMethodName=null; defined in file [F:\iebm\workspace\alpha\branch\v1.0.3\alpha\alpha-self-diagnosis\target\classes\com\alpha\self\diagnosis\processor\BirthProcessor.class]]
2017-12-20 10:24:03,634 INFO [org.springframework.beans.factory.support.DefaultListableBeanFactory:828] Overriding bean definition for bean 'liverRenalProcessor' with a different definition: replacing [Generic bean: class [com.alpha.self.diagnosis.processor.LiverRenalProcessor]; scope=singleton; abstract=false; lazyInit=false; autowireMode=0; dependencyCheck=0; autowireCandidate=true; primary=false; factoryBeanName=null; factoryMethodName=null; initMethodName=null; destroyMethodName=null; defined in file [F:\iebm\workspace\alpha\branch\v1.0.3\alpha\alpha-self-diagnosis\target\classes\com\alpha\self\diagnosis\processor\LiverRenalProcessor.class]] with [Generic bean: class [com.alpha.self.diagnosis.processor.LiverRenalProcessor]; scope=singleton; abstract=false; lazyInit=false; autowireMode=0; dependencyCheck=0; autowireCandidate=true; primary=false; factoryBeanName=null; factoryMethodName=null; initMethodName=null; destroyMethodName=null; defined in file [F:\iebm\workspace\alpha\branch\v1.0.3\alpha\alpha-self-diagnosis\target\classes\com\alpha\self\diagnosis\processor\LiverRenalProcessor.class]]
2017-12-20 10:24:03,634 INFO [org.springframework.beans.factory.support.DefaultListableBeanFactory:828] Overriding bean definition for bean 'normalAnswerProcessor' with a different definition: replacing [Generic bean: class [com.alpha.self.diagnosis.processor.NormalAnswerProcessor]; scope=singleton; abstract=false; lazyInit=false; autowireMode=0; dependencyCheck=0; autowireCandidate=true; primary=false; factoryBeanName=null; factoryMethodName=null; initMethodName=null; destroyMethodName=null; defined in file [F:\iebm\workspace\alpha\branch\v1.0.3\alpha\alpha-self-diagnosis\target\classes\com\alpha\self\diagnosis\processor\NormalAnswerProcessor.class]] with [Generic bean: class [com.alpha.self.diagnosis.processor.NormalAnswerProcessor]; scope=singleton; abstract=false; lazyInit=false; autowireMode=0; dependencyCheck=0; autowireCandidate=true; primary=false; factoryBeanName=null; factoryMethodName=null; initMethodName=null; destroyMethodName=null; defined in file [F:\iebm\workspace\alpha\branch\v1.0.3\alpha\alpha-self-diagnosis\target\classes\com\alpha\self\diagnosis\processor\NormalAnswerProcessor.class]]
2017-12-20 10:24:03,635 INFO [org.springframework.beans.factory.support.DefaultListableBeanFactory:828] Overriding bean definition for bean 'pastmedicalHistoryProcessor' with a different definition: replacing [Generic bean: class [com.alpha.self.diagnosis.processor.PastmedicalHistoryProcessor]; scope=singleton; abstract=false; lazyInit=false; autowireMode=0; dependencyCheck=0; autowireCandidate=true; primary=false; factoryBeanName=null; factoryMethodName=null; initMethodName=null; destroyMethodName=null; defined in file [F:\iebm\workspace\alpha\branch\v1.0.3\alpha\alpha-self-diagnosis\target\classes\com\alpha\self\diagnosis\processor\PastmedicalHistoryProcessor.class]] with [Generic bean: class [com.alpha.self.diagnosis.processor.PastmedicalHistoryProcessor]; scope=singleton; abstract=false; lazyInit=false; autowireMode=0; dependencyCheck=0; autowireCandidate=true; primary=false; factoryBeanName=null; factoryMethodName=null; initMethodName=null; destroyMethodName=null; defined in file [F:\iebm\workspace\alpha\branch\v1.0.3\alpha\alpha-self-diagnosis\target\classes\com\alpha\self\diagnosis\processor\PastmedicalHistoryProcessor.class]]
2017-12-20 10:24:03,636 INFO [org.springframework.beans.factory.support.DefaultListableBeanFactory:828] Overriding bean definition for bean 'weightProcessor' with a different definition: replacing [Generic bean: class [com.alpha.self.diagnosis.processor.WeightProcessor]; scope=singleton; abstract=false; lazyInit=false; autowireMode=0; dependencyCheck=0; autowireCandidate=true; primary=false; factoryBeanName=null; factoryMethodName=null; initMethodName=null; destroyMethodName=null; defined in file [F:\iebm\workspace\alpha\branch\v1.0.3\alpha\alpha-self-diagnosis\target\classes\com\alpha\self\diagnosis\processor\WeightProcessor.class]] with [Generic bean: class [com.alpha.self.diagnosis.processor.WeightProcessor]; scope=singleton; abstract=false; lazyInit=false; autowireMode=0; dependencyCheck=0; autowireCandidate=true; primary=false; factoryBeanName=null; factoryMethodName=null; initMethodName=null; destroyMethodName=null; defined in file [F:\iebm\workspace\alpha\branch\v1.0.3\alpha\alpha-self-diagnosis\target\classes\com\alpha\self\diagnosis\processor\WeightProcessor.class]]
2017-12-20 10:24:03,639 INFO [com.alpha.self.diagnosis.processor.spring.BeanScannerConfigurer:32] 初始化 BasicAnswerProcessor 完成
2017-12-20 10:24:04,176 INFO [org.springframework.beans.factory.annotation.AutowiredAnnotationBeanPostProcessor:155] JSR-330 'javax.inject.Inject' annotation found and supported for autowiring
2017-12-20 10:24:04,672 INFO [org.springframework.context.support.PostProcessorRegistrationDelegate$BeanPostProcessorChecker:325] Bean 'org.springframework.transaction.annotation.ProxyTransactionManagementConfiguration' of type [org.springframework.transaction.annotation.ProxyTransactionManagementConfiguration$$EnhancerBySpringCGLIB$$312266f0] is not eligible for getting processed by all BeanPostProcessors (for example: not eligible for auto-proxying)
2017-12-20 10:24:05,329 INFO [org.springframework.context.support.PostProcessorRegistrationDelegate$BeanPostProcessorChecker:325] Bean 'org.springframework.cloud.autoconfigure.ConfigurationPropertiesRebinderAutoConfiguration' of type [org.springframework.cloud.autoconfigure.ConfigurationPropertiesRebinderAutoConfiguration$$EnhancerBySpringCGLIB$$4d3c69ed] is not eligible for getting processed by all BeanPostProcessors (for example: not eligible for auto-proxying)
2017-12-20 10:24:07,279 INFO [org.springframework.boot.context.embedded.tomcat.TomcatEmbeddedServletContainer:89] Tomcat initialized with port(s): 19092 (http)
2017-12-20 10:24:07,298 INFO [org.apache.juli.logging.DirectJDKLog:179] Starting service [Tomcat]
2017-12-20 10:24:07,300 INFO [org.apache.juli.logging.DirectJDKLog:179] Starting Servlet Engine: Apache Tomcat/8.5.20
2017-12-20 10:24:07,844 INFO [org.apache.juli.logging.DirectJDKLog:179] Initializing Spring embedded WebApplicationContext
2017-12-20 10:24:07,846 INFO [org.springframework.boot.context.embedded.EmbeddedWebApplicationContext:276] Root WebApplicationContext: initialization completed in 11462 ms
2017-12-20 10:24:09,523 INFO [org.springframework.boot.web.servlet.ServletRegistrationBean:190] Mapping servlet: 'dispatcherServlet' to [/]
2017-12-20 10:24:09,526 INFO [org.springframework.boot.web.servlet.ServletRegistrationBean:190] Mapping servlet: 'com.alpha.commons.config.servlet.DruidStatViewServlet' to [/druid/*]
2017-12-20 10:24:09,543 INFO [org.springframework.boot.web.servlet.AbstractFilterRegistrationBean:258] Mapping filter: 'characterEncodingFilter' to: [/*]
2017-12-20 10:24:09,544 INFO [org.springframework.boot.web.servlet.AbstractFilterRegistrationBean:258] Mapping filter: 'hiddenHttpMethodFilter' to: [/*]
2017-12-20 10:24:09,544 INFO [org.springframework.boot.web.servlet.AbstractFilterRegistrationBean:258] Mapping filter: 'httpPutFormContentFilter' to: [/*]
2017-12-20 10:24:09,545 INFO [org.springframework.boot.web.servlet.AbstractFilterRegistrationBean:258] Mapping filter: 'requestContextFilter' to: [/*]
2017-12-20 10:24:09,545 INFO [org.springframework.boot.web.servlet.AbstractFilterRegistrationBean:271] Mapping filter: 'com.alpha.self.diagnosis.converter.ParamDecryptServletRequestFilter' to urls: [/*]
2017-12-20 10:24:09,546 INFO [org.springframework.boot.web.servlet.AbstractFilterRegistrationBean:271] Mapping filter: 'com.alpha.commons.config.filter.CorsFilter' to urls: [/*]
2017-12-20 10:24:09,547 INFO [org.springframework.boot.web.servlet.AbstractFilterRegistrationBean:271] Mapping filter: 'druidWebStatFilter' to urls: [/*]
2017-12-20 10:24:09,605 INFO [com.alpha.self.diagnosis.listener.DiagnosisContextListener:27] DiagnosisContextListener contextInitialized starting...
2017-12-20 10:24:09,623 INFO [com.alpha.self.diagnosis.processor.BasicAnswerProcessorAdaptor:154] 6 processor will be register.
2017-12-20 10:24:10,300 INFO [com.alpha.commons.config.DruidConfiguration$Druid:66] DruidConfiguration init completed................
2017-12-20 10:24:15,331 INFO [com.alpha.self.diagnosis.listener.DiagnosisContextListener:34] DiagnosisContextListener contextInitialized completed
2017-12-20 10:24:15,352 INFO [com.alpha.self.diagnosis.converter.ParamDecryptServletRequestFilter:33] 需要解密的参数字段 --> null
2017-12-20 10:24:19,325 WARN [com.netflix.config.sources.URLConfigurationSource:121] No URLs will be polled as dynamic configuration sources.
2017-12-20 10:24:19,326 INFO [com.netflix.config.sources.URLConfigurationSource:122] To enable URLs as dynamic configuration sources, define System property archaius.configurationSource.additionalUrls or make config.properties available on classpath.
2017-12-20 10:24:19,336 WARN [com.netflix.config.sources.URLConfigurationSource:121] No URLs will be polled as dynamic configuration sources.
2017-12-20 10:24:19,336 INFO [com.netflix.config.sources.URLConfigurationSource:122] To enable URLs as dynamic configuration sources, define System property archaius.configurationSource.additionalUrls or make config.properties available on classpath.
2017-12-20 10:24:21,187 INFO [org.springframework.web.servlet.mvc.method.annotation.RequestMappingHandlerAdapter:534] Looking for @ControllerAdvice: org.springframework.boot.context.embedded.AnnotationConfigEmbeddedWebApplicationContext@10286f6: startup date [Wed Dec 20 10:23:56 CST 2017]; parent: org.springframework.context.annotation.AnnotationConfigApplicationContext@344c77ef
2017-12-20 10:24:21,678 INFO [org.springframework.web.servlet.handler.AbstractHandlerMethodMapping$MappingRegistry:543] Mapped "{[/data/search/pastmedicalHistory],methods=[POST]}" onto public com.alpha.commons.web.ResponseMessage com.alpha.self.diagnosis.controller.DataSearchController.pastmedicalHistorySearch(com.alpha.self.diagnosis.pojo.vo.SearchRequestVo)
2017-12-20 10:24:21,681 INFO [org.springframework.web.servlet.handler.AbstractHandlerMethodMapping$MappingRegistry:543] Mapped "{[/data/search/allergicHistory],methods=[POST]}" onto public com.alpha.commons.web.ResponseMessage com.alpha.self.diagnosis.controller.DataSearchController.allergicHistorySearch(com.alpha.self.diagnosis.pojo.vo.SearchRequestVo)
2017-12-20 10:24:21,683 INFO [org.springframework.web.servlet.handler.AbstractHandlerMethodMapping$MappingRegistry:543] Mapped "{[/data/search/mainSymptom],methods=[POST]}" onto public com.alpha.commons.web.ResponseMessage com.alpha.self.diagnosis.controller.DataSearchController.mainSymptomSearch(java.lang.Long,java.lang.Integer,java.lang.String)
2017-12-20 10:24:21,683 INFO [org.springframework.web.servlet.handler.AbstractHandlerMethodMapping$MappingRegistry:543] Mapped "{[/data/search/concsymp],methods=[POST]}" onto public com.alpha.commons.web.ResponseMessage com.alpha.self.diagnosis.controller.DataSearchController.diagnosisStart(com.alpha.self.diagnosis.pojo.vo.SearchRequestVo)
2017-12-20 10:24:21,684 INFO [org.springframework.web.servlet.handler.AbstractHandlerMethodMapping$MappingRegistry:543] Mapped "{[/data/search/weight],methods=[POST]}" onto public com.alpha.commons.web.ResponseMessage com.alpha.self.diagnosis.controller.DataSearchController.weightSearch(com.alpha.user.pojo.vo.HisUserInfoVo)
2017-12-20 10:24:21,694 INFO [org.springframework.web.servlet.handler.AbstractHandlerMethodMapping$MappingRegistry:543] Mapped "{[/diagnosis/medicine/next],methods=[POST]}" onto public com.alpha.commons.web.ResponseMessage com.alpha.self.diagnosis.controller.DiagnosisController.diagnosisMedicineNext(java.lang.String)
2017-12-20 10:24:21,696 INFO [org.springframework.web.servlet.handler.AbstractHandlerMethodMapping$MappingRegistry:543] Mapped "{[/diagnosis/showResult],methods=[POST]}" onto public com.alpha.commons.web.ResponseMessage com.alpha.self.diagnosis.controller.DiagnosisController.showDiagnosisResult(com.alpha.self.diagnosis.pojo.vo.BasicRequestVo)
2017-12-20 10:24:21,697 INFO [org.springframework.web.servlet.handler.AbstractHandlerMethodMapping$MappingRegistry:543] Mapped "{[/diagnosis/queryMedicalRecord4His/{idcard}],methods=[POST]}" onto public com.alpha.commons.web.ResponseMessage com.alpha.self.diagnosis.controller.DiagnosisController.queryMedicalRecord4His(java.lang.String)
2017-12-20 10:24:21,698 INFO [org.springframework.web.servlet.handler.AbstractHandlerMethodMapping$MappingRegistry:543] Mapped "{[/diagnosis/queryBasicQuestion],methods=[POST]}" onto public com.alpha.commons.web.ResponseMessage com.alpha.self.diagnosis.controller.DiagnosisController.queryBasicQuestion(com.alpha.user.controller.req.vo.PatientInfo)
2017-12-20 10:24:21,699 INFO [org.springframework.web.servlet.handler.AbstractHandlerMethodMapping$MappingRegistry:543] Mapped "{[/diagnosis/outcome/get],methods=[POST]}" onto public com.alpha.commons.web.ResponseMessage com.alpha.self.diagnosis.controller.DiagnosisController.getOutcome(java.lang.Long)
2017-12-20 10:24:21,700 INFO [org.springframework.web.servlet.handler.AbstractHandlerMethodMapping$MappingRegistry:543] Mapped "{[/diagnosis/start],methods=[POST],consumes=[application/json || application/x-www-form-urlencoded]}" onto public com.alpha.commons.web.ResponseMessage com.alpha.self.diagnosis.controller.DiagnosisController.diagnosisStart(com.alpha.self.diagnosis.pojo.vo.DiagnosisStartReqeustVo)
2017-12-20 10:24:21,702 INFO [org.springframework.web.servlet.handler.AbstractHandlerMethodMapping$MappingRegistry:543] Mapped "{[/diagnosis/basic/next],methods=[POST]}" onto public com.alpha.commons.web.ResponseMessage com.alpha.self.diagnosis.controller.DiagnosisController.diagnosisNext(com.alpha.self.diagnosis.pojo.vo.QuestionRequestVo)
2017-12-20 10:24:21,704 INFO [org.springframework.web.servlet.handler.AbstractHandlerMethodMapping$MappingRegistry:543] Mapped "{[/diagnosis/outcome/confirm],methods=[POST]}" onto public com.alpha.commons.web.ResponseMessage com.alpha.self.diagnosis.controller.DiagnosisController.confirmOutcome(java.lang.Long,java.lang.String)
2017-12-20 10:24:21,705 INFO [org.springframework.web.servlet.handler.AbstractHandlerMethodMapping$MappingRegistry:543] Mapped "{[/diagnosis/diseaseHistory],methods=[POST]}" onto public com.alpha.commons.web.ResponseMessage com.alpha.self.diagnosis.controller.DiagnosisController.diseaseHistory(com.alpha.self.diagnosis.pojo.vo.DiseaseHistoryRequestVo)
2017-12-20 10:24:21,711 INFO [org.springframework.web.servlet.handler.AbstractHandlerMethodMapping$MappingRegistry:543] Mapped "{[/disease/treatmentadvice/query/{diseaseCode}],methods=[POST]}" onto public com.alpha.commons.web.ResponseMessage com.alpha.self.diagnosis.controller.DiseaseController.queryTreatmentAdvice(java.lang.String)
2017-12-20 10:24:21,711 INFO [org.springframework.web.servlet.handler.AbstractHandlerMethodMapping$MappingRegistry:543] Mapped "{[/disease/check/query/{diseaseCode}],methods=[POST]}" onto public com.alpha.commons.web.ResponseMessage com.alpha.self.diagnosis.controller.DiseaseController.queryDiseaseCheck(java.lang.String)
2017-12-20 10:24:21,712 INFO [org.springframework.web.servlet.handler.AbstractHandlerMethodMapping$MappingRegistry:543] Mapped "{[/disease/dept/query/{diseaseCode}],methods=[POST]}" onto public com.alpha.commons.web.ResponseMessage com.alpha.self.diagnosis.controller.DiseaseController.queryDepartment(java.lang.String)
2017-12-20 10:24:21,717 INFO [org.springframework.web.servlet.handler.AbstractHandlerMethodMapping$MappingRegistry:543] Mapped "{[/info],methods=[GET]}" onto public java.lang.String com.alpha.self.diagnosis.controller.MainController.test()
2017-12-20 10:24:21,718 INFO [org.springframework.web.servlet.handler.AbstractHandlerMethodMapping$MappingRegistry:543] Mapped "{[/getMedicalRecord],methods=[POST]}" onto public com.alpha.commons.web.ResponseMessage com.alpha.self.diagnosis.controller.MainController.getMedicalRecord()
2017-12-20 10:24:21,719 INFO [org.springframework.web.servlet.handler.AbstractHandlerMethodMapping$MappingRegistry:543] Mapped "{[/test/question],methods=[POST]}" onto public com.alpha.commons.web.ResponseMessage com.alpha.self.diagnosis.controller.MainController.medicineQuestion(java.lang.Integer)
2017-12-20 10:24:21,720 INFO [org.springframework.web.servlet.handler.AbstractHandlerMethodMapping$MappingRegistry:543] Mapped "{[/test/question2],methods=[POST],produces=[application/json;charset=UTF-8]}" onto public com.alpha.commons.web.ResponseMessage com.alpha.self.diagnosis.controller.MainController.medicineQuestion(java.lang.String,java.lang.String)
2017-12-20 10:24:21,722 INFO [org.springframework.web.servlet.handler.AbstractHandlerMethodMapping$MappingRegistry:543] Mapped "{[/treatscheme/get],methods=[POST]}" onto public com.alpha.commons.web.ResponseMessage com.alpha.self.diagnosis.controller.TreatSchemeController.treatScheme(com.alpha.self.diagnosis.pojo.vo.SearchRequestVo)
2017-12-20 10:24:21,723 INFO [org.springframework.web.servlet.handler.AbstractHandlerMethodMapping$MappingRegistry:543] Mapped "{[/treatscheme/diseaseList],methods=[POST]}" onto public com.alpha.commons.web.ResponseMessage com.alpha.self.diagnosis.controller.TreatSchemeController.diseaseList(com.alpha.self.diagnosis.pojo.vo.SearchRequestVo)
2017-12-20 10:24:21,727 INFO [org.springframework.web.servlet.handler.AbstractHandlerMethodMapping$MappingRegistry:543] Mapped "{[/feedback/put],methods=[POST]}" onto public com.alpha.commons.web.ResponseMessage com.alpha.user.controller.FeedBackController.authorization(com.alpha.server.rpc.user.pojo.UserFeedback)
2017-12-20 10:24:21,728 INFO [org.springframework.web.servlet.handler.AbstractHandlerMethodMapping$MappingRegistry:543] Mapped "{[/feedback/useful/query/{diagnosisId}],methods=[POST]}" onto public com.alpha.commons.web.ResponseMessage com.alpha.user.controller.FeedBackController.queryUseful(java.lang.Long)
2017-12-20 10:24:21,728 INFO [org.springframework.web.servlet.handler.AbstractHandlerMethodMapping$MappingRegistry:543] Mapped "{[/feedback/items/query],methods=[POST]}" onto public com.alpha.commons.web.ResponseMessage com.alpha.user.controller.FeedBackController.queryItems()
2017-12-20 10:24:21,731 INFO [org.springframework.web.servlet.handler.AbstractHandlerMethodMapping$MappingRegistry:543] Mapped "{[/user/query],methods=[POST]}" onto public com.alpha.commons.web.ResponseMessage com.alpha.user.controller.UserController.query(com.alpha.user.pojo.vo.HisUserInfoVo)
2017-12-20 10:24:21,732 INFO [org.springframework.web.servlet.handler.AbstractHandlerMethodMapping$MappingRegistry:543] Mapped "{[/user/auth],methods=[POST]}" onto public com.alpha.commons.web.ResponseMessage com.alpha.user.controller.UserController.authorization(java.lang.String,java.lang.Integer,java.lang.Integer)
2017-12-20 10:24:21,732 INFO [org.springframework.web.servlet.handler.AbstractHandlerMethodMapping$MappingRegistry:543] Mapped "{[/user/save],methods=[POST]}" onto public com.alpha.commons.web.ResponseMessage com.alpha.user.controller.UserController.saveUserInfo(java.lang.String)
2017-12-20 10:24:21,737 INFO [org.springframework.web.servlet.handler.AbstractHandlerMethodMapping$MappingRegistry:543] Mapped "{[/error]}" onto public org.springframework.http.ResponseEntity<java.util.Map<java.lang.String, java.lang.Object>> org.springframework.boot.autoconfigure.web.BasicErrorController.error(javax.servlet.http.HttpServletRequest)
2017-12-20 10:24:21,738 INFO [org.springframework.web.servlet.handler.AbstractHandlerMethodMapping$MappingRegistry:543] Mapped "{[/error],produces=[text/html]}" onto public org.springframework.web.servlet.ModelAndView org.springframework.boot.autoconfigure.web.BasicErrorController.errorHtml(javax.servlet.http.HttpServletRequest,javax.servlet.http.HttpServletResponse)
2017-12-20 10:24:22,394 INFO [org.springframework.web.servlet.handler.AbstractUrlHandlerMapping:362] Mapped URL path [/webjars/**] onto handler of type [class org.springframework.web.servlet.resource.ResourceHttpRequestHandler]
2017-12-20 10:24:22,394 INFO [org.springframework.web.servlet.handler.AbstractUrlHandlerMapping:362] Mapped URL path [/**] onto handler of type [class org.springframework.web.servlet.resource.ResourceHttpRequestHandler]
2017-12-20 10:24:22,539 INFO [org.springframework.web.servlet.mvc.method.annotation.ExceptionHandlerExceptionResolver:273] Detected @ExceptionHandler methods in controllerEnhancerment
2017-12-20 10:24:22,892 INFO [org.springframework.web.servlet.handler.AbstractUrlHandlerMapping:362] Mapped URL path [/**/favicon.ico] onto handler of type [class org.springframework.web.servlet.resource.ResourceHttpRequestHandler]
2017-12-20 10:24:28,268 INFO [org.springframework.boot.devtools.autoconfigure.OptionalLiveReloadServer:58] LiveReload server is running on port 35729
2017-12-20 10:24:30,726 INFO [org.springframework.jmx.export.MBeanExporter:431] Registering beans for JMX exposure on startup
2017-12-20 10:24:30,732 INFO [org.springframework.jmx.export.MBeanExporter:916] Bean with name 'dataSource' has been autodetected for JMX exposure
2017-12-20 10:24:30,772 INFO [org.springframework.jmx.export.MBeanExporter:916] Bean with name 'environmentManager' has been autodetected for JMX exposure
2017-12-20 10:24:30,775 INFO [org.springframework.jmx.export.MBeanExporter:916] Bean with name 'configurationPropertiesRebinder' has been autodetected for JMX exposure
2017-12-20 10:24:30,777 INFO [org.springframework.jmx.export.MBeanExporter:916] Bean with name 'refreshScope' has been autodetected for JMX exposure
2017-12-20 10:24:30,786 INFO [org.springframework.jmx.export.MBeanExporter:678] Located managed bean 'environmentManager': registering with JMX server as MBean [org.springframework.cloud.context.environment:name=environmentManager,type=EnvironmentManager]
2017-12-20 10:24:30,846 INFO [org.springframework.jmx.export.MBeanExporter:678] Located managed bean 'refreshScope': registering with JMX server as MBean [org.springframework.cloud.context.scope.refresh:name=refreshScope,type=RefreshScope]
2017-12-20 10:24:30,947 INFO [org.springframework.jmx.export.MBeanExporter:678] Located managed bean 'configurationPropertiesRebinder': registering with JMX server as MBean [org.springframework.cloud.context.properties:name=configurationPropertiesRebinder,context=10286f6,type=ConfigurationPropertiesRebinder]
2017-12-20 10:24:30,978 INFO [org.springframework.jmx.export.MBeanExporter:671] Located MBean 'dataSource': registering with JMX server as MBean [com.alibaba.druid.pool:name=dataSource,type=DruidDataSource]
2017-12-20 10:24:31,410 INFO [org.springframework.context.support.DefaultLifecycleProcessor$LifecycleGroup:343] Starting beans in phase 0
2017-12-20 10:24:31,436 INFO [org.springframework.cloud.netflix.eureka.InstanceInfoFactory:70] Setting initial instance status as: STARTING
2017-12-20 10:24:31,639 INFO [com.netflix.discovery.DiscoveryClient:344] Initializing Eureka in region us-east-1
2017-12-20 10:24:32,264 INFO [com.netflix.discovery.provider.DiscoveryJerseyProvider:70] Using JSON encoding codec LegacyJacksonJson
2017-12-20 10:24:32,265 INFO [com.netflix.discovery.provider.DiscoveryJerseyProvider:71] Using JSON decoding codec LegacyJacksonJson
2017-12-20 10:24:32,613 INFO [com.netflix.discovery.provider.DiscoveryJerseyProvider:80] Using XML encoding codec XStreamXml
2017-12-20 10:24:32,615 INFO [com.netflix.discovery.provider.DiscoveryJerseyProvider:81] Using XML decoding codec XStreamXml
2017-12-20 10:24:34,212 INFO [com.netflix.discovery.shared.resolver.aws.ConfigClusterResolver:43] Resolving eureka endpoints via configuration
2017-12-20 10:24:34,492 INFO [com.netflix.discovery.DiscoveryClient:920] Disable delta property : false
2017-12-20 10:24:34,493 INFO [com.netflix.discovery.DiscoveryClient:921] Single vip registry refresh property : null
2017-12-20 10:24:34,496 INFO [com.netflix.discovery.DiscoveryClient:922] Force full registry fetch : false
2017-12-20 10:24:34,497 INFO [com.netflix.discovery.DiscoveryClient:923] Application is null : false
2017-12-20 10:24:34,497 INFO [com.netflix.discovery.DiscoveryClient:924] Registered Applications size is zero : true
2017-12-20 10:24:34,498 INFO [com.netflix.discovery.DiscoveryClient:926] Application version is -1: true
2017-12-20 10:24:34,499 INFO [com.netflix.discovery.DiscoveryClient:1009] Getting all instance registry info from the eureka server
2017-12-20 10:24:34,913 INFO [com.netflix.discovery.DiscoveryClient:1018] The response status is 200
2017-12-20 10:24:34,916 INFO [com.netflix.discovery.DiscoveryClient:1244] Starting heartbeat executor: renew interval is: 5
2017-12-20 10:24:34,923 INFO [com.netflix.discovery.InstanceInfoReplicator:59] InstanceInfoReplicator onDemand update allowed rate per min is 4
2017-12-20 10:24:34,933 INFO [com.netflix.discovery.DiscoveryClient:425] Discovery Client initialized at timestamp 1513736674933 with initial instances count: 0
2017-12-20 10:24:35,272 INFO [org.springframework.cloud.netflix.eureka.serviceregistry.EurekaServiceRegistry:40] Registering application alpha-self-diagnosis with eureka with status UP
2017-12-20 10:24:35,275 INFO [com.netflix.discovery.DiscoveryClient$3:1279] Saw local status change event StatusChangeEvent [timestamp=1513736675275, current=UP, previous=STARTING]
2017-12-20 10:24:35,284 INFO [com.netflix.discovery.DiscoveryClient:795] DiscoveryClient_ALPHA-SELF-DIAGNOSIS/PC-20160606PUVI:alpha-self-diagnosis:19092: registering service...
2017-12-20 10:24:35,337 INFO [org.apache.juli.logging.DirectJDKLog:179] Initializing ProtocolHandler ["http-nio-19092"]
2017-12-20 10:24:35,436 INFO [org.apache.juli.logging.DirectJDKLog:179] Starting ProtocolHandler ["http-nio-19092"]
2017-12-20 10:24:35,467 INFO [org.apache.juli.logging.DirectJDKLog:179] Using a shared selector for servlet write/read
2017-12-20 10:24:35,496 INFO [com.netflix.discovery.DiscoveryClient:804] DiscoveryClient_ALPHA-SELF-DIAGNOSIS/PC-20160606PUVI:alpha-self-diagnosis:19092 - registration status: 204
2017-12-20 10:24:36,042 INFO [org.springframework.boot.context.embedded.tomcat.TomcatEmbeddedServletContainer:201] Tomcat started on port(s): 19092 (http)
2017-12-20 10:24:36,044 INFO [org.springframework.cloud.netflix.eureka.serviceregistry.EurekaAutoServiceRegistration:117] Updating port to 19092
2017-12-20 10:24:36,065 INFO [org.springframework.boot.StartupInfoLogger:57] Started AlphaApplication in 43.257 seconds (JVM running for 44.768)
2017-12-20 10:24:39,917 INFO [com.netflix.discovery.DiscoveryClient:920] Disable delta property : false
2017-12-20 10:24:39,919 INFO [com.netflix.discovery.DiscoveryClient:921] Single vip registry refresh property : null
2017-12-20 10:24:39,920 INFO [com.netflix.discovery.DiscoveryClient:922] Force full registry fetch : false
2017-12-20 10:24:39,920 INFO [com.netflix.discovery.DiscoveryClient:923] Application is null : false
2017-12-20 10:24:39,922 INFO [com.netflix.discovery.DiscoveryClient:924] Registered Applications size is zero : true
2017-12-20 10:24:39,923 INFO [com.netflix.discovery.DiscoveryClient:926] Application version is -1: false
2017-12-20 10:24:39,926 INFO [com.netflix.discovery.DiscoveryClient:1009] Getting all instance registry info from the eureka server
2017-12-20 10:24:40,022 INFO [com.netflix.discovery.DiscoveryClient:1018] The response status is 200
2017-12-20 10:26:14,200 INFO [org.apache.juli.logging.DirectJDKLog:179] Initializing Spring FrameworkServlet 'dispatcherServlet'
2017-12-20 10:26:14,202 INFO [org.springframework.web.servlet.FrameworkServlet:489] FrameworkServlet 'dispatcherServlet': initialization started
2017-12-20 10:26:14,356 INFO [org.springframework.web.servlet.FrameworkServlet:508] FrameworkServlet 'dispatcherServlet': initialization completed in 145 ms
2017-12-20 10:26:14,801 INFO [com.alibaba.druid.pool.DruidDataSource:715] {dataSource-1} inited
2017-12-20 10:26:15,811 INFO [com.alpha.self.diagnosis.controller.DiagnosisController:133] 循环获取下一个问题: {"diagnosisId":3856,"inType":1,"userId":"1012"}
2017-12-20 10:26:15,966 INFO [com.alpha.self.diagnosis.controller.DiagnosisController:133] 循环获取下一个问题: {"answers":[{"answerTitle":"xxx","content":"xxx"}],"diagnosisId":3856,"inType":1,"questionCode":"9990","sympCode":"54","systemType":"pre","type":99,"userId":"1012"}
2017-12-20 10:26:16,082 INFO [com.alpha.self.diagnosis.service.impl.SymptomMainServiceImpl:50] getMainSymptomsQuestion start with 3856
2017-12-20 10:26:16,187 INFO [com.alpha.self.diagnosis.controller.DiagnosisController:133] 循环获取下一个问题: {"answers":[{"answerTitle":"腹泻","content":"54"}],"diagnosisId":3856,"inType":1,"questionCode":"9992","sympCode":"54","type":100,"userId":"1012"}
2017-12-20 10:26:16,413 INFO [com.alpha.self.diagnosis.service.impl.MedicineAnswerServiceImpl:256] 脓血便所属大类为血样便
2017-12-20 10:26:16,414 INFO [com.alpha.self.diagnosis.service.impl.MedicineAnswerServiceImpl:256] 脓血便所属大类为血样便
2017-12-20 10:26:16,417 INFO [com.alpha.self.diagnosis.service.impl.MedicineAnswerServiceImpl:256] 脓血便所属大类为血样便
2017-12-20 10:26:16,417 INFO [com.alpha.self.diagnosis.service.impl.MedicineAnswerServiceImpl:256] 血水样便所属大类为血样便
2017-12-20 10:26:16,418 INFO [com.alpha.self.diagnosis.service.impl.MedicineAnswerServiceImpl:256] 脓血便所属大类为血样便
2017-12-20 10:26:16,418 INFO [com.alpha.self.diagnosis.service.impl.MedicineAnswerServiceImpl:256] 血水样便所属大类为血样便
2017-12-20 10:26:16,419 INFO [com.alpha.self.diagnosis.service.impl.MedicineAnswerServiceImpl:256] 脓血便所属大类为血样便
2017-12-20 10:26:16,419 INFO [com.alpha.self.diagnosis.service.impl.MedicineAnswerServiceImpl:256] 脓血便所属大类为血样便
2017-12-20 10:26:16,420 INFO [com.alpha.self.diagnosis.service.impl.MedicineAnswerServiceImpl:256] 脓血便所属大类为血样便
2017-12-20 10:26:16,420 INFO [com.alpha.self.diagnosis.service.impl.MedicineAnswerServiceImpl:256] 脓血便所属大类为血样便
2017-12-20 10:26:16,421 INFO [com.alpha.self.diagnosis.service.impl.MedicineAnswerServiceImpl:256] 血丝便所属大类为血样便
2017-12-20 10:26:16,421 INFO [com.alpha.self.diagnosis.service.impl.MedicineAnswerServiceImpl:256] 脓血便所属大类为血样便
2017-12-20 10:26:16,422 INFO [com.alpha.self.diagnosis.service.impl.MedicineAnswerServiceImpl:256] 脓血便所属大类为血样便
2017-12-20 10:26:16,422 INFO [com.alpha.self.diagnosis.service.impl.MedicineAnswerServiceImpl:256] 脓血便所属大类为血样便
2017-12-20 10:26:16,422 INFO [com.alpha.self.diagnosis.service.impl.MedicineAnswerServiceImpl:256] 脓血便所属大类为血样便
2017-12-20 10:26:16,423 INFO [com.alpha.self.diagnosis.service.impl.MedicineAnswerServiceImpl:256] 脓血便所属大类为血样便
2017-12-20 10:26:16,424 INFO [com.alpha.self.diagnosis.service.impl.MedicineAnswerServiceImpl:256] 脓血便所属大类为血样便
2017-12-20 10:26:16,424 INFO [com.alpha.self.diagnosis.service.impl.MedicineAnswerServiceImpl:256] 血水样便所属大类为血样便
2017-12-20 10:26:16,425 INFO [com.alpha.self.diagnosis.service.impl.MedicineAnswerServiceImpl:256] 脓血便所属大类为血样便
2017-12-20 10:26:16,425 INFO [com.alpha.self.diagnosis.service.impl.MedicineAnswerServiceImpl:256] 血水样便所属大类为血样便
2017-12-20 10:26:16,425 INFO [com.alpha.self.diagnosis.service.impl.MedicineAnswerServiceImpl:256] 脓血便所属大类为血样便
2017-12-20 10:26:16,426 INFO [com.alpha.self.diagnosis.service.impl.MedicineAnswerServiceImpl:256] 脓血便所属大类为血样便
2017-12-20 10:26:16,426 INFO [com.alpha.self.diagnosis.service.impl.MedicineAnswerServiceImpl:256] 血水样便所属大类为血样便
2017-12-20 10:26:16,426 INFO [com.alpha.self.diagnosis.service.impl.MedicineAnswerServiceImpl:256] 脓血便所属大类为血样便
2017-12-20 10:26:16,427 INFO [com.alpha.self.diagnosis.service.impl.MedicineAnswerServiceImpl:256] 血水样便所属大类为血样便
2017-12-20 10:26:16,427 INFO [com.alpha.self.diagnosis.service.impl.MedicineAnswerServiceImpl:256] 脓血便所属大类为血样便
2017-12-20 10:26:16,852 INFO [com.alpha.self.diagnosis.controller.DiagnosisController:133] 循环获取下一个问题: {"answers":[{"answerTitle":"豆腐渣样便","content":"14487"}],"diagnosisId":3856,"inType":1,"questionCode":"3316","sympCode":"54","type":101,"userId":"1012"}
2017-12-20 10:26:16,873 INFO [com.alpha.self.diagnosis.service.impl.MedicineAnswerServiceImpl:122] 开始处理问题3316的隐藏答案
2017-12-20 10:26:16,876 INFO [com.alpha.self.diagnosis.service.impl.MedicineAnswerServiceImpl:140] 问题3316的隐藏答案为[14484, 14482]
2017-12-20 10:26:17,482 INFO [com.alpha.self.diagnosis.utils.MedicineSortUtil:33] 首选疾病：白念珠菌肠炎
2017-12-20 10:26:17,529 INFO [com.alpha.self.diagnosis.controller.DiagnosisController:133] 循环获取下一个问题: {"answers":[{"answerTitle":"","content":"3天"}],"diagnosisId":3856,"inType":1,"questionCode":"3319","sympCode":"54","type":101,"userId":"1012"}
2017-12-20 10:26:17,585 ERROR [com.alpha.self.diagnosis.service.impl.MedicineAnswerServiceImpl:95] 页面的答案没能与知识库的答案匹配
2017-12-20 10:26:17,842 INFO [com.alpha.self.diagnosis.utils.MedicineSortUtil:33] 首选疾病：白念珠菌肠炎
2017-12-20 10:26:17,891 INFO [com.alpha.self.diagnosis.controller.DiagnosisController:133] 循环获取下一个问题: {"answers":[{"answerTitle":"20次","content":"20次"}],"diagnosisId":3856,"inType":1,"questionCode":"3320","sympCode":"54","type":101,"userId":"1012"}
2017-12-20 10:26:18,150 INFO [com.alpha.self.diagnosis.utils.MedicineSortUtil:33] 首选疾病：白念珠菌肠炎
2017-12-20 10:26:18,796 INFO [com.alpha.self.diagnosis.service.impl.MedicineQuestionServiceImpl:612] 问题${3320}已回答的答案为20次,标准值为:20.0
2017-12-20 10:26:18,797 INFO [com.alpha.self.diagnosis.service.impl.MedicineQuestionServiceImpl:612] 问题${3319}已回答的答案为3天,标准值为:3.0
2017-12-20 10:26:18,798 INFO [com.alpha.self.diagnosis.service.impl.MedicineQuestionServiceImpl:616] 答案(14517)计算公式为:20.0/3.0<=3
2017-12-20 10:26:18,978 INFO [com.alpha.self.diagnosis.service.impl.MedicineQuestionServiceImpl:612] 问题${3320}已回答的答案为20次,标准值为:20.0
2017-12-20 10:26:18,979 INFO [com.alpha.self.diagnosis.service.impl.MedicineQuestionServiceImpl:612] 问题${3319}已回答的答案为3天,标准值为:3.0
2017-12-20 10:26:18,979 INFO [com.alpha.self.diagnosis.service.impl.MedicineQuestionServiceImpl:616] 答案(14516)计算公式为:20.0/3.0>3
2017-12-20 10:26:19,365 INFO [com.alpha.self.diagnosis.utils.MedicineSortUtil:33] 首选疾病：白念珠菌肠炎
2017-12-20 10:26:19,413 INFO [com.alpha.self.diagnosis.controller.DiagnosisController:133] 循环获取下一个问题: {"answers":[{"answerTitle":"不清楚","content":"94646"}],"diagnosisId":3856,"inType":1,"questionCode":"3322","sympCode":"54","type":101,"userId":"1012"}
2017-12-20 10:26:19,683 INFO [com.alpha.self.diagnosis.utils.MedicineSortUtil:33] 首选疾病：白念珠菌肠炎
2017-12-20 10:26:19,735 INFO [com.alpha.self.diagnosis.controller.DiagnosisController:133] 循环获取下一个问题: {"answers":[{"answerTitle":"不清楚","content":"94646"}],"diagnosisId":3856,"inType":1,"questionCode":"3323","sympCode":"54","type":101,"userId":"1012"}
2017-12-20 10:26:19,962 INFO [com.alpha.self.diagnosis.utils.MedicineSortUtil:33] 首选疾病：白念珠菌肠炎
2017-12-20 10:26:20,024 INFO [com.alpha.self.diagnosis.controller.DiagnosisController:133] 循环获取下一个问题: {"answers":[{"answerTitle":"不清楚","content":"94646"}],"diagnosisId":3856,"inType":1,"questionCode":"3324","sympCode":"54","type":101,"userId":"1012"}
2017-12-20 10:26:20,317 INFO [com.alpha.self.diagnosis.utils.MedicineSortUtil:33] 首选疾病：白念珠菌肠炎
2017-12-20 10:26:20,402 INFO [com.alpha.self.diagnosis.controller.DiagnosisController:133] 循环获取下一个问题: {"answers":[{"answerTitle":"长期应用抗生素","content":"12069"}],"diagnosisId":3856,"inType":1,"questionCode":"3325","sympCode":"54","type":101,"userId":"1012"}
2017-12-20 10:26:20,860 INFO [com.alpha.self.diagnosis.service.impl.SymptomAccompanyServiceImpl:149] 首选疾病：白念珠菌肠炎
2017-12-20 10:26:20,958 INFO [com.alpha.self.diagnosis.controller.DiagnosisController:133] 循环获取下一个问题: {"answers":[{"answerTitle":"腹痛","content":"604541"}],"diagnosisId":3856,"inType":1,"questionCode":"3338","sympCode":"54","type":102,"userId":"1012"}
2017-12-20 10:26:21,874 INFO [com.alpha.self.diagnosis.service.impl.MedicineQuestionServiceImpl:412] 生成诊断结果3856
2017-12-20 10:27:41,629 INFO [com.alpha.self.diagnosis.controller.DiagnosisController:133] 循环获取下一个问题: {"answers":[{"answerTitle":"腹痛","content":"604541"}],"diagnosisId":3856,"inType":1,"questionCode":"3338","sympCode":"54","type":102,"userId":"1012"}
2017-12-20 10:27:42,079 INFO [com.alpha.self.diagnosis.service.impl.MedicineQuestionServiceImpl:412] 生成诊断结果3856
2017-12-20 10:29:34,505 INFO [com.netflix.discovery.shared.resolver.aws.ConfigClusterResolver:43] Resolving eureka endpoints via configuration
2017-12-20 10:31:16,075 INFO [org.springframework.context.support.AbstractApplicationContext:984] Closing org.springframework.context.annotation.AnnotationConfigApplicationContext@344c77ef: startup date [Wed Dec 20 10:23:54 CST 2017]; root of context hierarchy
2017-12-20 10:31:16,079 INFO [org.springframework.context.support.AbstractApplicationContext:984] Closing org.springframework.boot.context.embedded.AnnotationConfigEmbeddedWebApplicationContext@10286f6: startup date [Wed Dec 20 10:23:56 CST 2017]; parent: org.springframework.context.annotation.AnnotationConfigApplicationContext@344c77ef
2017-12-20 10:31:16,093 INFO [org.springframework.cloud.netflix.eureka.serviceregistry.EurekaServiceRegistry:64] Unregistering application alpha-self-diagnosis with eureka with status DOWN
2017-12-20 10:31:16,094 WARN [com.netflix.discovery.DiscoveryClient$3:1277] Saw local status change event StatusChangeEvent [timestamp=1513737076094, current=DOWN, previous=UP]
2017-12-20 10:31:16,095 INFO [com.netflix.discovery.DiscoveryClient:852] Shutting down DiscoveryClient ...
2017-12-20 10:31:16,097 INFO [com.netflix.discovery.DiscoveryClient:884] Unregistering ...
2017-12-20 10:31:16,109 INFO [com.netflix.discovery.DiscoveryClient:886] DiscoveryClient_ALPHA-SELF-DIAGNOSIS/PC-20160606PUVI:alpha-self-diagnosis:19092 - deregister  status: 200
2017-12-20 10:31:16,130 INFO [com.netflix.discovery.DiscoveryClient:873] Completed shut down of DiscoveryClient
2017-12-20 10:31:16,135 INFO [org.springframework.context.support.DefaultLifecycleProcessor$LifecycleGroup:358] Stopping beans in phase 0
2017-12-20 10:31:16,137 INFO [org.springframework.jmx.export.MBeanExporter:449] Unregistering JMX-exposed beans on shutdown
2017-12-20 10:31:16,138 INFO [org.springframework.jmx.support.MBeanRegistrationSupport:241] Unregistering JMX-exposed beans
2017-12-20 10:31:16,186 WARN [com.netflix.config.sources.URLConfigurationSource:121] No URLs will be polled as dynamic configuration sources.
2017-12-20 10:31:16,186 INFO [com.netflix.config.sources.URLConfigurationSource:122] To enable URLs as dynamic configuration sources, define System property archaius.configurationSource.additionalUrls or make config.properties available on classpath.
2017-12-20 10:31:16,202 INFO [com.alibaba.druid.pool.DruidDataSource:1444] {dataSource-1} closed
2017-12-20 10:31:16,698 INFO [com.alpha.self.diagnosis.AlphaApplication:39] SpringApplicationBuilder run .... 
