2017-12-14 09:37:34,308 INFO [com.alpha.self.diagnosis.AlphaApplication:39] SpringApplicationBuilder run .... 
2017-12-14 09:37:34,966 INFO [com.alpha.self.diagnosis.AlphaApplication:39] SpringApplicationBuilder run .... 
2017-12-14 09:37:36,435 INFO [org.springframework.context.support.AbstractApplicationContext:583] Refreshing org.springframework.context.annotation.AnnotationConfigApplicationContext@5f7c22f: startup date [Thu Dec 14 09:37:36 CST 2017]; root of context hierarchy
2017-12-14 09:37:36,801 INFO [org.hibernate.validator.internal.util.Version:30] HV000001: Hibernate Validator 5.3.5.Final
2017-12-14 09:37:37,319 INFO [org.springframework.beans.factory.annotation.AutowiredAnnotationBeanPostProcessor:155] JSR-330 'javax.inject.Inject' annotation found and supported for autowiring
2017-12-14 09:37:37,498 INFO [org.springframework.context.support.PostProcessorRegistrationDelegate$BeanPostProcessorChecker:325] Bean 'configurationPropertiesRebinderAutoConfiguration' of type [org.springframework.cloud.autoconfigure.ConfigurationPropertiesRebinderAutoConfiguration$$EnhancerBySpringCGLIB$$9a1900ab] is not eligible for getting processed by all BeanPostProcessors (for example: not eligible for auto-proxying)
2017-12-14 09:37:38,634 INFO [org.springframework.boot.SpringApplication:597] The following profiles are active: core
2017-12-14 09:37:38,715 INFO [org.springframework.context.support.AbstractApplicationContext:583] Refreshing org.springframework.boot.context.embedded.AnnotationConfigEmbeddedWebApplicationContext@2b38aaf1: startup date [Thu Dec 14 09:37:38 CST 2017]; parent: org.springframework.context.annotation.AnnotationConfigApplicationContext@5f7c22f
2017-12-14 09:37:45,745 INFO [org.springframework.cloud.context.scope.GenericScope:263] BeanFactory id=e1454411-bbdc-3bab-930f-56a69686bbf8
2017-12-14 09:37:45,811 INFO [com.alpha.self.diagnosis.processor.spring.BeanScannerConfigurer:28] 初始化 BasicAnswerProcessor  服务配置
2017-12-14 09:37:45,855 INFO [org.springframework.beans.factory.support.DefaultListableBeanFactory:828] Overriding bean definition for bean 'allergicHistoryAnswerProcessor' with a different definition: replacing [Generic bean: class [com.alpha.self.diagnosis.processor.AllergicHistoryAnswerProcessor]; scope=singleton; abstract=false; lazyInit=false; autowireMode=0; dependencyCheck=0; autowireCandidate=true; primary=false; factoryBeanName=null; factoryMethodName=null; initMethodName=null; destroyMethodName=null; defined in file [F:\iebm\workspace\alpha\branch\v1.0.3\alpha\alpha-self-diagnosis\target\classes\com\alpha\self\diagnosis\processor\AllergicHistoryAnswerProcessor.class]] with [Generic bean: class [com.alpha.self.diagnosis.processor.AllergicHistoryAnswerProcessor]; scope=singleton; abstract=false; lazyInit=false; autowireMode=0; dependencyCheck=0; autowireCandidate=true; primary=false; factoryBeanName=null; factoryMethodName=null; initMethodName=null; destroyMethodName=null; defined in file [F:\iebm\workspace\alpha\branch\v1.0.3\alpha\alpha-self-diagnosis\target\classes\com\alpha\self\diagnosis\processor\AllergicHistoryAnswerProcessor.class]]
2017-12-14 09:37:45,856 INFO [org.springframework.beans.factory.support.DefaultListableBeanFactory:828] Overriding bean definition for bean 'birthProcessor' with a different definition: replacing [Generic bean: class [com.alpha.self.diagnosis.processor.BirthProcessor]; scope=singleton; abstract=false; lazyInit=false; autowireMode=0; dependencyCheck=0; autowireCandidate=true; primary=false; factoryBeanName=null; factoryMethodName=null; initMethodName=null; destroyMethodName=null; defined in file [F:\iebm\workspace\alpha\branch\v1.0.3\alpha\alpha-self-diagnosis\target\classes\com\alpha\self\diagnosis\processor\BirthProcessor.class]] with [Generic bean: class [com.alpha.self.diagnosis.processor.BirthProcessor]; scope=singleton; abstract=false; lazyInit=false; autowireMode=0; dependencyCheck=0; autowireCandidate=true; primary=false; factoryBeanName=null; factoryMethodName=null; initMethodName=null; destroyMethodName=null; defined in file [F:\iebm\workspace\alpha\branch\v1.0.3\alpha\alpha-self-diagnosis\target\classes\com\alpha\self\diagnosis\processor\BirthProcessor.class]]
2017-12-14 09:37:45,857 INFO [org.springframework.beans.factory.support.DefaultListableBeanFactory:828] Overriding bean definition for bean 'liverRenalProcessor' with a different definition: replacing [Generic bean: class [com.alpha.self.diagnosis.processor.LiverRenalProcessor]; scope=singleton; abstract=false; lazyInit=false; autowireMode=0; dependencyCheck=0; autowireCandidate=true; primary=false; factoryBeanName=null; factoryMethodName=null; initMethodName=null; destroyMethodName=null; defined in file [F:\iebm\workspace\alpha\branch\v1.0.3\alpha\alpha-self-diagnosis\target\classes\com\alpha\self\diagnosis\processor\LiverRenalProcessor.class]] with [Generic bean: class [com.alpha.self.diagnosis.processor.LiverRenalProcessor]; scope=singleton; abstract=false; lazyInit=false; autowireMode=0; dependencyCheck=0; autowireCandidate=true; primary=false; factoryBeanName=null; factoryMethodName=null; initMethodName=null; destroyMethodName=null; defined in file [F:\iebm\workspace\alpha\branch\v1.0.3\alpha\alpha-self-diagnosis\target\classes\com\alpha\self\diagnosis\processor\LiverRenalProcessor.class]]
2017-12-14 09:37:45,858 INFO [org.springframework.beans.factory.support.DefaultListableBeanFactory:828] Overriding bean definition for bean 'normalAnswerProcessor' with a different definition: replacing [Generic bean: class [com.alpha.self.diagnosis.processor.NormalAnswerProcessor]; scope=singleton; abstract=false; lazyInit=false; autowireMode=0; dependencyCheck=0; autowireCandidate=true; primary=false; factoryBeanName=null; factoryMethodName=null; initMethodName=null; destroyMethodName=null; defined in file [F:\iebm\workspace\alpha\branch\v1.0.3\alpha\alpha-self-diagnosis\target\classes\com\alpha\self\diagnosis\processor\NormalAnswerProcessor.class]] with [Generic bean: class [com.alpha.self.diagnosis.processor.NormalAnswerProcessor]; scope=singleton; abstract=false; lazyInit=false; autowireMode=0; dependencyCheck=0; autowireCandidate=true; primary=false; factoryBeanName=null; factoryMethodName=null; initMethodName=null; destroyMethodName=null; defined in file [F:\iebm\workspace\alpha\branch\v1.0.3\alpha\alpha-self-diagnosis\target\classes\com\alpha\self\diagnosis\processor\NormalAnswerProcessor.class]]
2017-12-14 09:37:45,860 INFO [org.springframework.beans.factory.support.DefaultListableBeanFactory:828] Overriding bean definition for bean 'pastmedicalHistoryProcessor' with a different definition: replacing [Generic bean: class [com.alpha.self.diagnosis.processor.PastmedicalHistoryProcessor]; scope=singleton; abstract=false; lazyInit=false; autowireMode=0; dependencyCheck=0; autowireCandidate=true; primary=false; factoryBeanName=null; factoryMethodName=null; initMethodName=null; destroyMethodName=null; defined in file [F:\iebm\workspace\alpha\branch\v1.0.3\alpha\alpha-self-diagnosis\target\classes\com\alpha\self\diagnosis\processor\PastmedicalHistoryProcessor.class]] with [Generic bean: class [com.alpha.self.diagnosis.processor.PastmedicalHistoryProcessor]; scope=singleton; abstract=false; lazyInit=false; autowireMode=0; dependencyCheck=0; autowireCandidate=true; primary=false; factoryBeanName=null; factoryMethodName=null; initMethodName=null; destroyMethodName=null; defined in file [F:\iebm\workspace\alpha\branch\v1.0.3\alpha\alpha-self-diagnosis\target\classes\com\alpha\self\diagnosis\processor\PastmedicalHistoryProcessor.class]]
2017-12-14 09:37:45,861 INFO [org.springframework.beans.factory.support.DefaultListableBeanFactory:828] Overriding bean definition for bean 'weightProcessor' with a different definition: replacing [Generic bean: class [com.alpha.self.diagnosis.processor.WeightProcessor]; scope=singleton; abstract=false; lazyInit=false; autowireMode=0; dependencyCheck=0; autowireCandidate=true; primary=false; factoryBeanName=null; factoryMethodName=null; initMethodName=null; destroyMethodName=null; defined in file [F:\iebm\workspace\alpha\branch\v1.0.3\alpha\alpha-self-diagnosis\target\classes\com\alpha\self\diagnosis\processor\WeightProcessor.class]] with [Generic bean: class [com.alpha.self.diagnosis.processor.WeightProcessor]; scope=singleton; abstract=false; lazyInit=false; autowireMode=0; dependencyCheck=0; autowireCandidate=true; primary=false; factoryBeanName=null; factoryMethodName=null; initMethodName=null; destroyMethodName=null; defined in file [F:\iebm\workspace\alpha\branch\v1.0.3\alpha\alpha-self-diagnosis\target\classes\com\alpha\self\diagnosis\processor\WeightProcessor.class]]
2017-12-14 09:37:45,865 INFO [com.alpha.self.diagnosis.processor.spring.BeanScannerConfigurer:32] 初始化 BasicAnswerProcessor 完成
2017-12-14 09:37:46,451 INFO [org.springframework.beans.factory.annotation.AutowiredAnnotationBeanPostProcessor:155] JSR-330 'javax.inject.Inject' annotation found and supported for autowiring
2017-12-14 09:37:46,920 INFO [org.springframework.context.support.PostProcessorRegistrationDelegate$BeanPostProcessorChecker:325] Bean 'org.springframework.transaction.annotation.ProxyTransactionManagementConfiguration' of type [org.springframework.transaction.annotation.ProxyTransactionManagementConfiguration$$EnhancerBySpringCGLIB$$7dfefdae] is not eligible for getting processed by all BeanPostProcessors (for example: not eligible for auto-proxying)
2017-12-14 09:37:47,479 INFO [org.springframework.context.support.PostProcessorRegistrationDelegate$BeanPostProcessorChecker:325] Bean 'org.springframework.cloud.autoconfigure.ConfigurationPropertiesRebinderAutoConfiguration' of type [org.springframework.cloud.autoconfigure.ConfigurationPropertiesRebinderAutoConfiguration$$EnhancerBySpringCGLIB$$9a1900ab] is not eligible for getting processed by all BeanPostProcessors (for example: not eligible for auto-proxying)
2017-12-14 09:37:49,432 INFO [org.springframework.boot.context.embedded.tomcat.TomcatEmbeddedServletContainer:89] Tomcat initialized with port(s): 19092 (http)
2017-12-14 09:37:49,454 INFO [org.apache.juli.logging.DirectJDKLog:179] Starting service [Tomcat]
2017-12-14 09:37:49,458 INFO [org.apache.juli.logging.DirectJDKLog:179] Starting Servlet Engine: Apache Tomcat/8.5.20
2017-12-14 09:37:50,006 INFO [org.apache.juli.logging.DirectJDKLog:179] Initializing Spring embedded WebApplicationContext
2017-12-14 09:37:50,008 INFO [org.springframework.boot.context.embedded.EmbeddedWebApplicationContext:276] Root WebApplicationContext: initialization completed in 11293 ms
2017-12-14 09:37:51,360 INFO [org.springframework.boot.web.servlet.ServletRegistrationBean:190] Mapping servlet: 'dispatcherServlet' to [/]
2017-12-14 09:37:51,372 INFO [org.springframework.boot.web.servlet.ServletRegistrationBean:190] Mapping servlet: 'com.alpha.commons.config.servlet.DruidStatViewServlet' to [/druid/*]
2017-12-14 09:37:51,388 INFO [org.springframework.boot.web.servlet.AbstractFilterRegistrationBean:258] Mapping filter: 'characterEncodingFilter' to: [/*]
2017-12-14 09:37:51,391 INFO [org.springframework.boot.web.servlet.AbstractFilterRegistrationBean:258] Mapping filter: 'hiddenHttpMethodFilter' to: [/*]
2017-12-14 09:37:51,391 INFO [org.springframework.boot.web.servlet.AbstractFilterRegistrationBean:258] Mapping filter: 'httpPutFormContentFilter' to: [/*]
2017-12-14 09:37:51,393 INFO [org.springframework.boot.web.servlet.AbstractFilterRegistrationBean:258] Mapping filter: 'requestContextFilter' to: [/*]
2017-12-14 09:37:51,393 INFO [org.springframework.boot.web.servlet.AbstractFilterRegistrationBean:271] Mapping filter: 'com.alpha.self.diagnosis.converter.ParamDecryptServletRequestFilter' to urls: [/*]
2017-12-14 09:37:51,393 INFO [org.springframework.boot.web.servlet.AbstractFilterRegistrationBean:271] Mapping filter: 'com.alpha.commons.config.filter.CorsFilter' to urls: [/*]
2017-12-14 09:37:51,393 INFO [org.springframework.boot.web.servlet.AbstractFilterRegistrationBean:271] Mapping filter: 'druidWebStatFilter' to urls: [/*]
2017-12-14 09:37:51,451 INFO [com.alpha.self.diagnosis.listener.DiagnosisContextListener:27] DiagnosisContextListener contextInitialized starting...
2017-12-14 09:37:51,465 INFO [com.alpha.self.diagnosis.processor.BasicAnswerProcessorAdaptor:154] 6 processor will be register.
2017-12-14 09:37:52,035 INFO [com.alpha.commons.config.DruidConfiguration$Druid:66] DruidConfiguration init completed................
2017-12-14 09:37:56,793 INFO [com.alpha.self.diagnosis.listener.DiagnosisContextListener:34] DiagnosisContextListener contextInitialized completed
2017-12-14 09:37:56,808 INFO [com.alpha.self.diagnosis.converter.ParamDecryptServletRequestFilter:33] 需要解密的参数字段 --> null
2017-12-14 09:38:00,748 WARN [com.netflix.config.sources.URLConfigurationSource:121] No URLs will be polled as dynamic configuration sources.
2017-12-14 09:38:00,750 INFO [com.netflix.config.sources.URLConfigurationSource:122] To enable URLs as dynamic configuration sources, define System property archaius.configurationSource.additionalUrls or make config.properties available on classpath.
2017-12-14 09:38:00,760 WARN [com.netflix.config.sources.URLConfigurationSource:121] No URLs will be polled as dynamic configuration sources.
2017-12-14 09:38:00,761 INFO [com.netflix.config.sources.URLConfigurationSource:122] To enable URLs as dynamic configuration sources, define System property archaius.configurationSource.additionalUrls or make config.properties available on classpath.
2017-12-14 09:38:02,214 INFO [org.springframework.web.servlet.mvc.method.annotation.RequestMappingHandlerAdapter:534] Looking for @ControllerAdvice: org.springframework.boot.context.embedded.AnnotationConfigEmbeddedWebApplicationContext@2b38aaf1: startup date [Thu Dec 14 09:37:38 CST 2017]; parent: org.springframework.context.annotation.AnnotationConfigApplicationContext@5f7c22f
2017-12-14 09:38:02,721 INFO [org.springframework.web.servlet.handler.AbstractHandlerMethodMapping$MappingRegistry:543] Mapped "{[/data/search/pastmedicalHistory],methods=[POST]}" onto public com.alpha.commons.web.ResponseMessage com.alpha.self.diagnosis.controller.DataSearchController.pastmedicalHistorySearch(com.alpha.self.diagnosis.pojo.vo.SearchRequestVo)
2017-12-14 09:38:02,726 INFO [org.springframework.web.servlet.handler.AbstractHandlerMethodMapping$MappingRegistry:543] Mapped "{[/data/search/allergicHistory],methods=[POST]}" onto public com.alpha.commons.web.ResponseMessage com.alpha.self.diagnosis.controller.DataSearchController.allergicHistorySearch(com.alpha.self.diagnosis.pojo.vo.SearchRequestVo)
2017-12-14 09:38:02,728 INFO [org.springframework.web.servlet.handler.AbstractHandlerMethodMapping$MappingRegistry:543] Mapped "{[/data/search/mainSymptom],methods=[POST]}" onto public com.alpha.commons.web.ResponseMessage com.alpha.self.diagnosis.controller.DataSearchController.mainSymptomSearch(java.lang.Long,java.lang.Integer,java.lang.String)
2017-12-14 09:38:02,729 INFO [org.springframework.web.servlet.handler.AbstractHandlerMethodMapping$MappingRegistry:543] Mapped "{[/data/search/concsymp],methods=[POST]}" onto public com.alpha.commons.web.ResponseMessage com.alpha.self.diagnosis.controller.DataSearchController.diagnosisStart(com.alpha.self.diagnosis.pojo.vo.SearchRequestVo)
2017-12-14 09:38:02,732 INFO [org.springframework.web.servlet.handler.AbstractHandlerMethodMapping$MappingRegistry:543] Mapped "{[/data/search/weight],methods=[POST]}" onto public com.alpha.commons.web.ResponseMessage com.alpha.self.diagnosis.controller.DataSearchController.weightSearch(com.alpha.user.pojo.vo.HisUserInfoVo)
2017-12-14 09:38:02,740 INFO [org.springframework.web.servlet.handler.AbstractHandlerMethodMapping$MappingRegistry:543] Mapped "{[/diagnosis/outcome/get],methods=[POST]}" onto public com.alpha.commons.web.ResponseMessage com.alpha.self.diagnosis.controller.DiagnosisController.getOutcome(java.lang.Long)
2017-12-14 09:38:02,742 INFO [org.springframework.web.servlet.handler.AbstractHandlerMethodMapping$MappingRegistry:543] Mapped "{[/diagnosis/medicine/next],methods=[POST]}" onto public com.alpha.commons.web.ResponseMessage com.alpha.self.diagnosis.controller.DiagnosisController.diagnosisMedicineNext(java.lang.String)
2017-12-14 09:38:02,743 INFO [org.springframework.web.servlet.handler.AbstractHandlerMethodMapping$MappingRegistry:543] Mapped "{[/diagnosis/showResult],methods=[POST]}" onto public com.alpha.commons.web.ResponseMessage com.alpha.self.diagnosis.controller.DiagnosisController.showDiagnosisResult(com.alpha.self.diagnosis.pojo.vo.BasicRequestVo)
2017-12-14 09:38:02,744 INFO [org.springframework.web.servlet.handler.AbstractHandlerMethodMapping$MappingRegistry:543] Mapped "{[/diagnosis/queryMedicalRecord4His/{idcard}],methods=[POST]}" onto public com.alpha.commons.web.ResponseMessage com.alpha.self.diagnosis.controller.DiagnosisController.queryMedicalRecord4His(java.lang.String)
2017-12-14 09:38:02,745 INFO [org.springframework.web.servlet.handler.AbstractHandlerMethodMapping$MappingRegistry:543] Mapped "{[/diagnosis/queryBasicQuestion],methods=[POST]}" onto public com.alpha.commons.web.ResponseMessage com.alpha.self.diagnosis.controller.DiagnosisController.queryBasicQuestion(com.alpha.user.controller.req.vo.PatientInfo)
2017-12-14 09:38:02,746 INFO [org.springframework.web.servlet.handler.AbstractHandlerMethodMapping$MappingRegistry:543] Mapped "{[/diagnosis/start],methods=[POST],consumes=[application/json || application/x-www-form-urlencoded]}" onto public com.alpha.commons.web.ResponseMessage com.alpha.self.diagnosis.controller.DiagnosisController.diagnosisStart(com.alpha.self.diagnosis.pojo.vo.DiagnosisStartReqeustVo)
2017-12-14 09:38:02,747 INFO [org.springframework.web.servlet.handler.AbstractHandlerMethodMapping$MappingRegistry:543] Mapped "{[/diagnosis/basic/next],methods=[POST]}" onto public com.alpha.commons.web.ResponseMessage com.alpha.self.diagnosis.controller.DiagnosisController.diagnosisNext(com.alpha.self.diagnosis.pojo.vo.QuestionRequestVo)
2017-12-14 09:38:02,748 INFO [org.springframework.web.servlet.handler.AbstractHandlerMethodMapping$MappingRegistry:543] Mapped "{[/diagnosis/outcome/confirm],methods=[POST]}" onto public com.alpha.commons.web.ResponseMessage com.alpha.self.diagnosis.controller.DiagnosisController.confirmOutcome(java.lang.Long,java.lang.String)
2017-12-14 09:38:02,749 INFO [org.springframework.web.servlet.handler.AbstractHandlerMethodMapping$MappingRegistry:543] Mapped "{[/diagnosis/diseaseHistory],methods=[POST]}" onto public com.alpha.commons.web.ResponseMessage com.alpha.self.diagnosis.controller.DiagnosisController.diseaseHistory(com.alpha.self.diagnosis.pojo.vo.DiseaseHistoryRequestVo)
2017-12-14 09:38:02,756 INFO [org.springframework.web.servlet.handler.AbstractHandlerMethodMapping$MappingRegistry:543] Mapped "{[/disease/treatmentadvice/query/{diseaseCode}],methods=[POST]}" onto public com.alpha.commons.web.ResponseMessage com.alpha.self.diagnosis.controller.DiseaseController.queryTreatmentAdvice(java.lang.String)
2017-12-14 09:38:02,757 INFO [org.springframework.web.servlet.handler.AbstractHandlerMethodMapping$MappingRegistry:543] Mapped "{[/disease/check/query/{diseaseCode}],methods=[POST]}" onto public com.alpha.commons.web.ResponseMessage com.alpha.self.diagnosis.controller.DiseaseController.queryDiseaseCheck(java.lang.String)
2017-12-14 09:38:02,757 INFO [org.springframework.web.servlet.handler.AbstractHandlerMethodMapping$MappingRegistry:543] Mapped "{[/disease/dept/query/{diseaseCode}],methods=[POST]}" onto public com.alpha.commons.web.ResponseMessage com.alpha.self.diagnosis.controller.DiseaseController.queryDepartment(java.lang.String)
2017-12-14 09:38:02,763 INFO [org.springframework.web.servlet.handler.AbstractHandlerMethodMapping$MappingRegistry:543] Mapped "{[/info],methods=[GET]}" onto public java.lang.String com.alpha.self.diagnosis.controller.MainController.test()
2017-12-14 09:38:02,763 INFO [org.springframework.web.servlet.handler.AbstractHandlerMethodMapping$MappingRegistry:543] Mapped "{[/getMedicalRecord],methods=[POST]}" onto public com.alpha.commons.web.ResponseMessage com.alpha.self.diagnosis.controller.MainController.getMedicalRecord()
2017-12-14 09:38:02,764 INFO [org.springframework.web.servlet.handler.AbstractHandlerMethodMapping$MappingRegistry:543] Mapped "{[/test/question],methods=[POST]}" onto public com.alpha.commons.web.ResponseMessage com.alpha.self.diagnosis.controller.MainController.medicineQuestion(java.lang.Integer)
2017-12-14 09:38:02,765 INFO [org.springframework.web.servlet.handler.AbstractHandlerMethodMapping$MappingRegistry:543] Mapped "{[/test/question2],methods=[POST],produces=[application/json;charset=UTF-8]}" onto public com.alpha.commons.web.ResponseMessage com.alpha.self.diagnosis.controller.MainController.medicineQuestion(java.lang.String,java.lang.String)
2017-12-14 09:38:02,767 INFO [org.springframework.web.servlet.handler.AbstractHandlerMethodMapping$MappingRegistry:543] Mapped "{[/treatscheme/get],methods=[POST]}" onto public com.alpha.commons.web.ResponseMessage com.alpha.self.diagnosis.controller.TreatSchemeController.treatScheme(com.alpha.self.diagnosis.pojo.vo.SearchRequestVo)
2017-12-14 09:38:02,767 INFO [org.springframework.web.servlet.handler.AbstractHandlerMethodMapping$MappingRegistry:543] Mapped "{[/treatscheme/diseaseList],methods=[POST]}" onto public com.alpha.commons.web.ResponseMessage com.alpha.self.diagnosis.controller.TreatSchemeController.diseaseList(com.alpha.self.diagnosis.pojo.vo.SearchRequestVo)
2017-12-14 09:38:02,771 INFO [org.springframework.web.servlet.handler.AbstractHandlerMethodMapping$MappingRegistry:543] Mapped "{[/feedback/put],methods=[POST]}" onto public com.alpha.commons.web.ResponseMessage com.alpha.user.controller.FeedBackController.authorization(com.alpha.server.rpc.user.pojo.UserFeedback)
2017-12-14 09:38:02,772 INFO [org.springframework.web.servlet.handler.AbstractHandlerMethodMapping$MappingRegistry:543] Mapped "{[/feedback/useful/query/{diagnosisId}],methods=[POST]}" onto public com.alpha.commons.web.ResponseMessage com.alpha.user.controller.FeedBackController.queryUseful(java.lang.Long)
2017-12-14 09:38:02,772 INFO [org.springframework.web.servlet.handler.AbstractHandlerMethodMapping$MappingRegistry:543] Mapped "{[/feedback/items/query],methods=[POST]}" onto public com.alpha.commons.web.ResponseMessage com.alpha.user.controller.FeedBackController.queryItems()
2017-12-14 09:38:02,777 INFO [org.springframework.web.servlet.handler.AbstractHandlerMethodMapping$MappingRegistry:543] Mapped "{[/user/query],methods=[POST]}" onto public com.alpha.commons.web.ResponseMessage com.alpha.user.controller.UserController.query(com.alpha.user.pojo.vo.HisUserInfoVo)
2017-12-14 09:38:02,777 INFO [org.springframework.web.servlet.handler.AbstractHandlerMethodMapping$MappingRegistry:543] Mapped "{[/user/auth],methods=[POST]}" onto public com.alpha.commons.web.ResponseMessage com.alpha.user.controller.UserController.authorization(java.lang.String,java.lang.Integer,java.lang.Integer)
2017-12-14 09:38:02,778 INFO [org.springframework.web.servlet.handler.AbstractHandlerMethodMapping$MappingRegistry:543] Mapped "{[/user/save],methods=[POST]}" onto public com.alpha.commons.web.ResponseMessage com.alpha.user.controller.UserController.saveUserInfo(java.lang.String)
2017-12-14 09:38:02,782 INFO [org.springframework.web.servlet.handler.AbstractHandlerMethodMapping$MappingRegistry:543] Mapped "{[/error]}" onto public org.springframework.http.ResponseEntity<java.util.Map<java.lang.String, java.lang.Object>> org.springframework.boot.autoconfigure.web.BasicErrorController.error(javax.servlet.http.HttpServletRequest)
2017-12-14 09:38:02,783 INFO [org.springframework.web.servlet.handler.AbstractHandlerMethodMapping$MappingRegistry:543] Mapped "{[/error],produces=[text/html]}" onto public org.springframework.web.servlet.ModelAndView org.springframework.boot.autoconfigure.web.BasicErrorController.errorHtml(javax.servlet.http.HttpServletRequest,javax.servlet.http.HttpServletResponse)
2017-12-14 09:38:03,380 INFO [org.springframework.web.servlet.handler.AbstractUrlHandlerMapping:362] Mapped URL path [/webjars/**] onto handler of type [class org.springframework.web.servlet.resource.ResourceHttpRequestHandler]
2017-12-14 09:38:03,380 INFO [org.springframework.web.servlet.handler.AbstractUrlHandlerMapping:362] Mapped URL path [/**] onto handler of type [class org.springframework.web.servlet.resource.ResourceHttpRequestHandler]
2017-12-14 09:38:03,507 INFO [org.springframework.web.servlet.mvc.method.annotation.ExceptionHandlerExceptionResolver:273] Detected @ExceptionHandler methods in controllerEnhancerment
2017-12-14 09:38:03,848 INFO [org.springframework.web.servlet.handler.AbstractUrlHandlerMapping:362] Mapped URL path [/**/favicon.ico] onto handler of type [class org.springframework.web.servlet.resource.ResourceHttpRequestHandler]
2017-12-14 09:38:09,171 INFO [org.springframework.boot.devtools.autoconfigure.OptionalLiveReloadServer:58] LiveReload server is running on port 35729
2017-12-14 09:38:11,295 INFO [org.springframework.jmx.export.MBeanExporter:431] Registering beans for JMX exposure on startup
2017-12-14 09:38:11,308 INFO [org.springframework.jmx.export.MBeanExporter:916] Bean with name 'dataSource' has been autodetected for JMX exposure
2017-12-14 09:38:11,353 INFO [org.springframework.jmx.export.MBeanExporter:916] Bean with name 'environmentManager' has been autodetected for JMX exposure
2017-12-14 09:38:11,375 INFO [org.springframework.jmx.export.MBeanExporter:916] Bean with name 'configurationPropertiesRebinder' has been autodetected for JMX exposure
2017-12-14 09:38:11,378 INFO [org.springframework.jmx.export.MBeanExporter:916] Bean with name 'refreshScope' has been autodetected for JMX exposure
2017-12-14 09:38:11,389 INFO [org.springframework.jmx.export.MBeanExporter:678] Located managed bean 'environmentManager': registering with JMX server as MBean [org.springframework.cloud.context.environment:name=environmentManager,type=EnvironmentManager]
2017-12-14 09:38:11,481 INFO [org.springframework.jmx.export.MBeanExporter:678] Located managed bean 'refreshScope': registering with JMX server as MBean [org.springframework.cloud.context.scope.refresh:name=refreshScope,type=RefreshScope]
2017-12-14 09:38:11,639 INFO [org.springframework.jmx.export.MBeanExporter:678] Located managed bean 'configurationPropertiesRebinder': registering with JMX server as MBean [org.springframework.cloud.context.properties:name=configurationPropertiesRebinder,context=2b38aaf1,type=ConfigurationPropertiesRebinder]
2017-12-14 09:38:11,690 INFO [org.springframework.jmx.export.MBeanExporter:671] Located MBean 'dataSource': registering with JMX server as MBean [com.alibaba.druid.pool:name=dataSource,type=DruidDataSource]
2017-12-14 09:38:12,180 INFO [org.springframework.context.support.DefaultLifecycleProcessor$LifecycleGroup:343] Starting beans in phase 0
2017-12-14 09:38:12,202 INFO [org.springframework.cloud.netflix.eureka.InstanceInfoFactory:70] Setting initial instance status as: STARTING
2017-12-14 09:38:12,384 INFO [com.netflix.discovery.DiscoveryClient:344] Initializing Eureka in region us-east-1
2017-12-14 09:38:12,864 INFO [com.netflix.discovery.provider.DiscoveryJerseyProvider:70] Using JSON encoding codec LegacyJacksonJson
2017-12-14 09:38:12,865 INFO [com.netflix.discovery.provider.DiscoveryJerseyProvider:71] Using JSON decoding codec LegacyJacksonJson
2017-12-14 09:38:13,162 INFO [com.netflix.discovery.provider.DiscoveryJerseyProvider:80] Using XML encoding codec XStreamXml
2017-12-14 09:38:13,163 INFO [com.netflix.discovery.provider.DiscoveryJerseyProvider:81] Using XML decoding codec XStreamXml
2017-12-14 09:38:14,443 INFO [com.netflix.discovery.shared.resolver.aws.ConfigClusterResolver:43] Resolving eureka endpoints via configuration
2017-12-14 09:38:14,652 INFO [com.netflix.discovery.DiscoveryClient:920] Disable delta property : false
2017-12-14 09:38:14,657 INFO [com.netflix.discovery.DiscoveryClient:921] Single vip registry refresh property : null
2017-12-14 09:38:14,661 INFO [com.netflix.discovery.DiscoveryClient:922] Force full registry fetch : false
2017-12-14 09:38:14,666 INFO [com.netflix.discovery.DiscoveryClient:923] Application is null : false
2017-12-14 09:38:14,667 INFO [com.netflix.discovery.DiscoveryClient:924] Registered Applications size is zero : true
2017-12-14 09:38:14,670 INFO [com.netflix.discovery.DiscoveryClient:926] Application version is -1: true
2017-12-14 09:38:14,671 INFO [com.netflix.discovery.DiscoveryClient:1009] Getting all instance registry info from the eureka server
2017-12-14 09:38:14,969 INFO [com.netflix.discovery.DiscoveryClient:1018] The response status is 200
2017-12-14 09:38:14,972 INFO [com.netflix.discovery.DiscoveryClient:1244] Starting heartbeat executor: renew interval is: 5
2017-12-14 09:38:14,978 INFO [com.netflix.discovery.InstanceInfoReplicator:59] InstanceInfoReplicator onDemand update allowed rate per min is 4
2017-12-14 09:38:14,987 INFO [com.netflix.discovery.DiscoveryClient:425] Discovery Client initialized at timestamp 1513215494986 with initial instances count: 0
2017-12-14 09:38:15,310 INFO [org.springframework.cloud.netflix.eureka.serviceregistry.EurekaServiceRegistry:40] Registering application alpha-self-diagnosis with eureka with status UP
2017-12-14 09:38:15,313 INFO [com.netflix.discovery.DiscoveryClient$3:1279] Saw local status change event StatusChangeEvent [timestamp=1513215495313, current=UP, previous=STARTING]
2017-12-14 09:38:15,321 INFO [com.netflix.discovery.DiscoveryClient:795] DiscoveryClient_ALPHA-SELF-DIAGNOSIS/PC-20160606PUVI:alpha-self-diagnosis:19092: registering service...
2017-12-14 09:38:15,418 INFO [org.apache.juli.logging.DirectJDKLog:179] Initializing ProtocolHandler ["http-nio-19092"]
2017-12-14 09:38:15,527 INFO [com.netflix.discovery.DiscoveryClient:804] DiscoveryClient_ALPHA-SELF-DIAGNOSIS/PC-20160606PUVI:alpha-self-diagnosis:19092 - registration status: 204
2017-12-14 09:38:15,539 INFO [org.apache.juli.logging.DirectJDKLog:179] Starting ProtocolHandler ["http-nio-19092"]
2017-12-14 09:38:15,586 INFO [org.apache.juli.logging.DirectJDKLog:179] Using a shared selector for servlet write/read
2017-12-14 09:38:15,726 INFO [org.springframework.boot.context.embedded.tomcat.TomcatEmbeddedServletContainer:201] Tomcat started on port(s): 19092 (http)
2017-12-14 09:38:15,728 INFO [org.springframework.cloud.netflix.eureka.serviceregistry.EurekaAutoServiceRegistration:117] Updating port to 19092
2017-12-14 09:38:15,745 INFO [org.springframework.boot.StartupInfoLogger:57] Started AlphaApplication in 40.726 seconds (JVM running for 42.436)
2017-12-14 09:38:19,972 INFO [com.netflix.discovery.DiscoveryClient:920] Disable delta property : false
2017-12-14 09:38:19,973 INFO [com.netflix.discovery.DiscoveryClient:921] Single vip registry refresh property : null
2017-12-14 09:38:19,975 INFO [com.netflix.discovery.DiscoveryClient:922] Force full registry fetch : false
2017-12-14 09:38:19,975 INFO [com.netflix.discovery.DiscoveryClient:923] Application is null : false
2017-12-14 09:38:19,976 INFO [com.netflix.discovery.DiscoveryClient:924] Registered Applications size is zero : true
2017-12-14 09:38:19,976 INFO [com.netflix.discovery.DiscoveryClient:926] Application version is -1: false
2017-12-14 09:38:19,977 INFO [com.netflix.discovery.DiscoveryClient:1009] Getting all instance registry info from the eureka server
2017-12-14 09:38:20,629 INFO [com.netflix.discovery.DiscoveryClient:1018] The response status is 200
2017-12-14 09:38:25,704 INFO [com.netflix.discovery.DiscoveryClient:920] Disable delta property : false
2017-12-14 09:38:25,705 INFO [com.netflix.discovery.DiscoveryClient:921] Single vip registry refresh property : null
2017-12-14 09:38:25,707 INFO [com.netflix.discovery.DiscoveryClient:922] Force full registry fetch : false
2017-12-14 09:38:25,707 INFO [com.netflix.discovery.DiscoveryClient:923] Application is null : false
2017-12-14 09:38:25,708 INFO [com.netflix.discovery.DiscoveryClient:924] Registered Applications size is zero : true
2017-12-14 09:38:25,708 INFO [com.netflix.discovery.DiscoveryClient:926] Application version is -1: false
2017-12-14 09:38:25,708 INFO [com.netflix.discovery.DiscoveryClient:1009] Getting all instance registry info from the eureka server
2017-12-14 09:38:25,713 INFO [com.netflix.discovery.DiscoveryClient:1018] The response status is 200
2017-12-14 09:38:30,716 INFO [com.netflix.discovery.DiscoveryClient:920] Disable delta property : false
2017-12-14 09:38:30,717 INFO [com.netflix.discovery.DiscoveryClient:921] Single vip registry refresh property : null
2017-12-14 09:38:30,717 INFO [com.netflix.discovery.DiscoveryClient:922] Force full registry fetch : false
2017-12-14 09:38:30,717 INFO [com.netflix.discovery.DiscoveryClient:923] Application is null : false
2017-12-14 09:38:30,719 INFO [com.netflix.discovery.DiscoveryClient:924] Registered Applications size is zero : true
2017-12-14 09:38:30,719 INFO [com.netflix.discovery.DiscoveryClient:926] Application version is -1: false
2017-12-14 09:38:30,719 INFO [com.netflix.discovery.DiscoveryClient:1009] Getting all instance registry info from the eureka server
2017-12-14 09:38:30,725 INFO [com.netflix.discovery.DiscoveryClient:1018] The response status is 200
2017-12-14 09:38:35,728 INFO [com.netflix.discovery.DiscoveryClient:920] Disable delta property : false
2017-12-14 09:38:35,728 INFO [com.netflix.discovery.DiscoveryClient:921] Single vip registry refresh property : null
2017-12-14 09:38:35,729 INFO [com.netflix.discovery.DiscoveryClient:922] Force full registry fetch : false
2017-12-14 09:38:35,729 INFO [com.netflix.discovery.DiscoveryClient:923] Application is null : false
2017-12-14 09:38:35,729 INFO [com.netflix.discovery.DiscoveryClient:924] Registered Applications size is zero : true
2017-12-14 09:38:35,729 INFO [com.netflix.discovery.DiscoveryClient:926] Application version is -1: false
2017-12-14 09:38:35,729 INFO [com.netflix.discovery.DiscoveryClient:1009] Getting all instance registry info from the eureka server
2017-12-14 09:38:35,739 INFO [com.netflix.discovery.DiscoveryClient:1018] The response status is 200
2017-12-14 09:38:40,741 INFO [com.netflix.discovery.DiscoveryClient:920] Disable delta property : false
2017-12-14 09:38:40,741 INFO [com.netflix.discovery.DiscoveryClient:921] Single vip registry refresh property : null
2017-12-14 09:38:40,741 INFO [com.netflix.discovery.DiscoveryClient:922] Force full registry fetch : false
2017-12-14 09:38:40,742 INFO [com.netflix.discovery.DiscoveryClient:923] Application is null : false
2017-12-14 09:38:40,743 INFO [com.netflix.discovery.DiscoveryClient:924] Registered Applications size is zero : true
2017-12-14 09:38:40,743 INFO [com.netflix.discovery.DiscoveryClient:926] Application version is -1: false
2017-12-14 09:38:40,743 INFO [com.netflix.discovery.DiscoveryClient:1009] Getting all instance registry info from the eureka server
2017-12-14 09:38:40,751 INFO [com.netflix.discovery.DiscoveryClient:1018] The response status is 200
2017-12-14 09:38:45,755 INFO [com.netflix.discovery.DiscoveryClient:920] Disable delta property : false
2017-12-14 09:38:45,756 INFO [com.netflix.discovery.DiscoveryClient:921] Single vip registry refresh property : null
2017-12-14 09:38:45,756 INFO [com.netflix.discovery.DiscoveryClient:922] Force full registry fetch : false
2017-12-14 09:38:45,756 INFO [com.netflix.discovery.DiscoveryClient:923] Application is null : false
2017-12-14 09:38:45,758 INFO [com.netflix.discovery.DiscoveryClient:924] Registered Applications size is zero : true
2017-12-14 09:38:45,758 INFO [com.netflix.discovery.DiscoveryClient:926] Application version is -1: false
2017-12-14 09:38:45,758 INFO [com.netflix.discovery.DiscoveryClient:1009] Getting all instance registry info from the eureka server
2017-12-14 09:38:45,809 INFO [com.netflix.discovery.DiscoveryClient:1018] The response status is 200
2017-12-14 09:39:51,555 INFO [org.apache.juli.logging.DirectJDKLog:179] Initializing Spring FrameworkServlet 'dispatcherServlet'
2017-12-14 09:39:51,556 INFO [org.springframework.web.servlet.FrameworkServlet:489] FrameworkServlet 'dispatcherServlet': initialization started
2017-12-14 09:39:51,684 INFO [org.springframework.web.servlet.FrameworkServlet:508] FrameworkServlet 'dispatcherServlet': initialization completed in 128 ms
2017-12-14 09:39:51,820 INFO [com.alpha.self.diagnosis.controller.DiagnosisController:80] 生成问诊编号,为导诊做准备: 1012 1
2017-12-14 09:39:52,110 INFO [com.alibaba.druid.pool.DruidDataSource:715] {dataSource-1} inited
2017-12-14 09:39:52,732 INFO [com.alpha.self.diagnosis.service.impl.BasicAnswerServiceImpl:23] findByQuestionCode.questionCode is 1000
2017-12-14 09:40:38,636 INFO [com.alpha.self.diagnosis.controller.DiagnosisController:132] 循环获取下一个问题: {"diagnosisId":3850,"inType":1,"userId":"1012"}
2017-12-14 09:40:38,789 INFO [com.alpha.self.diagnosis.controller.DiagnosisController:132] 循环获取下一个问题: {"answers":[{"answerTitle":"xxx","content":"xxx"}],"diagnosisId":3850,"inType":1,"questionCode":"9990","sympCode":"54","systemType":"pre","type":99,"userId":"1012"}
2017-12-14 09:40:38,922 INFO [com.alpha.self.diagnosis.service.impl.SymptomMainServiceImpl:50] getMainSymptomsQuestion start with 3850
2017-12-14 09:40:39,067 INFO [com.alpha.self.diagnosis.controller.DiagnosisController:132] 循环获取下一个问题: {"answers":[{"answerTitle":"腹泻","content":"54"}],"diagnosisId":3850,"inType":1,"questionCode":"9992","sympCode":"54","type":100,"userId":"1012"}
2017-12-14 09:40:39,390 INFO [com.alpha.self.diagnosis.service.impl.MedicineAnswerServiceImpl:236] 脓血便所属大类为血样便
2017-12-14 09:40:39,391 INFO [com.alpha.self.diagnosis.service.impl.MedicineAnswerServiceImpl:236] 脓血便所属大类为血样便
2017-12-14 09:40:39,392 INFO [com.alpha.self.diagnosis.service.impl.MedicineAnswerServiceImpl:236] 脓血便所属大类为血样便
2017-12-14 09:40:39,393 INFO [com.alpha.self.diagnosis.service.impl.MedicineAnswerServiceImpl:236] 血水样便所属大类为血样便
2017-12-14 09:40:39,393 INFO [com.alpha.self.diagnosis.service.impl.MedicineAnswerServiceImpl:236] 脓血便所属大类为血样便
2017-12-14 09:40:39,394 INFO [com.alpha.self.diagnosis.service.impl.MedicineAnswerServiceImpl:236] 血水样便所属大类为血样便
2017-12-14 09:40:39,394 INFO [com.alpha.self.diagnosis.service.impl.MedicineAnswerServiceImpl:236] 脓血便所属大类为血样便
2017-12-14 09:40:39,395 INFO [com.alpha.self.diagnosis.service.impl.MedicineAnswerServiceImpl:236] 脓血便所属大类为血样便
2017-12-14 09:40:39,395 INFO [com.alpha.self.diagnosis.service.impl.MedicineAnswerServiceImpl:236] 脓血便所属大类为血样便
2017-12-14 09:40:39,396 INFO [com.alpha.self.diagnosis.service.impl.MedicineAnswerServiceImpl:236] 脓血便所属大类为血样便
2017-12-14 09:40:39,397 INFO [com.alpha.self.diagnosis.service.impl.MedicineAnswerServiceImpl:236] 血丝便所属大类为血样便
2017-12-14 09:40:39,397 INFO [com.alpha.self.diagnosis.service.impl.MedicineAnswerServiceImpl:236] 脓血便所属大类为血样便
2017-12-14 09:40:39,398 INFO [com.alpha.self.diagnosis.service.impl.MedicineAnswerServiceImpl:236] 脓血便所属大类为血样便
2017-12-14 09:40:39,398 INFO [com.alpha.self.diagnosis.service.impl.MedicineAnswerServiceImpl:236] 脓血便所属大类为血样便
2017-12-14 09:40:39,399 INFO [com.alpha.self.diagnosis.service.impl.MedicineAnswerServiceImpl:236] 脓血便所属大类为血样便
2017-12-14 09:40:39,399 INFO [com.alpha.self.diagnosis.service.impl.MedicineAnswerServiceImpl:236] 脓血便所属大类为血样便
2017-12-14 09:40:39,409 INFO [com.alpha.self.diagnosis.service.impl.MedicineAnswerServiceImpl:236] 脓血便所属大类为血样便
2017-12-14 09:40:39,409 INFO [com.alpha.self.diagnosis.service.impl.MedicineAnswerServiceImpl:236] 血水样便所属大类为血样便
2017-12-14 09:40:39,410 INFO [com.alpha.self.diagnosis.service.impl.MedicineAnswerServiceImpl:236] 脓血便所属大类为血样便
2017-12-14 09:40:39,410 INFO [com.alpha.self.diagnosis.service.impl.MedicineAnswerServiceImpl:236] 血水样便所属大类为血样便
2017-12-14 09:40:39,411 INFO [com.alpha.self.diagnosis.service.impl.MedicineAnswerServiceImpl:236] 脓血便所属大类为血样便
2017-12-14 09:40:39,412 INFO [com.alpha.self.diagnosis.service.impl.MedicineAnswerServiceImpl:236] 脓血便所属大类为血样便
2017-12-14 09:40:39,413 INFO [com.alpha.self.diagnosis.service.impl.MedicineAnswerServiceImpl:236] 血水样便所属大类为血样便
2017-12-14 09:40:39,415 INFO [com.alpha.self.diagnosis.service.impl.MedicineAnswerServiceImpl:236] 脓血便所属大类为血样便
2017-12-14 09:40:39,415 INFO [com.alpha.self.diagnosis.service.impl.MedicineAnswerServiceImpl:236] 血水样便所属大类为血样便
2017-12-14 09:40:39,416 INFO [com.alpha.self.diagnosis.service.impl.MedicineAnswerServiceImpl:236] 脓血便所属大类为血样便
2017-12-14 09:40:40,091 INFO [com.alpha.self.diagnosis.controller.DiagnosisController:132] 循环获取下一个问题: {"answers":[{"answerTitle":"豆腐渣样便","content":"14487"}],"diagnosisId":3850,"inType":1,"questionCode":"3316","sympCode":"54","type":101,"userId":"1012"}
2017-12-14 09:40:40,642 INFO [com.alpha.self.diagnosis.utils.MedicineSortUtil:31] 首选疾病：白念珠菌肠炎
2017-12-14 09:40:40,704 INFO [com.alpha.self.diagnosis.controller.DiagnosisController:132] 循环获取下一个问题: {"answers":[{"answerTitle":"","content":"30天"}],"diagnosisId":3850,"inType":1,"questionCode":"3319","sympCode":"54","type":101,"userId":"1012"}
2017-12-14 09:40:40,762 ERROR [com.alpha.self.diagnosis.service.impl.MedicineAnswerServiceImpl:95] 页面的答案没能与知识库的答案匹配
2017-12-14 09:40:41,675 INFO [com.alpha.self.diagnosis.utils.MedicineSortUtil:31] 首选疾病：白念珠菌肠炎
2017-12-14 09:40:41,747 INFO [com.alpha.self.diagnosis.controller.DiagnosisController:132] 循环获取下一个问题: {"answers":[{"answerTitle":"＜10","content":"14515"}],"diagnosisId":3850,"inType":1,"questionCode":"3320","sympCode":"54","type":101,"userId":"1012"}
2017-12-14 09:40:42,297 INFO [com.alpha.self.diagnosis.utils.MedicineSortUtil:31] 首选疾病：白念珠菌肠炎
2017-12-14 09:40:42,343 INFO [com.alpha.self.diagnosis.controller.DiagnosisController:132] 循环获取下一个问题: {"answers":[{"answerTitle":"急","content":"14516"}],"diagnosisId":3850,"inType":1,"questionCode":"3321","sympCode":"54","type":101,"userId":"1012"}
2017-12-14 09:40:43,015 INFO [com.alpha.self.diagnosis.utils.MedicineSortUtil:31] 首选疾病：白念珠菌肠炎
2017-12-14 09:40:43,094 INFO [com.alpha.self.diagnosis.controller.DiagnosisController:132] 循环获取下一个问题: {"answers":[{"answerTitle":"个人","content":"14645"}],"diagnosisId":3850,"inType":1,"questionCode":"3322","sympCode":"54","type":101,"userId":"1012"}
2017-12-14 09:40:43,877 INFO [com.alpha.self.diagnosis.utils.MedicineSortUtil:31] 首选疾病：白念珠菌肠炎
2017-12-14 09:40:43,946 INFO [com.alpha.self.diagnosis.controller.DiagnosisController:132] 循环获取下一个问题: {"answers":[{"answerTitle":"发酵味","content":"14521"}],"diagnosisId":3850,"inType":1,"questionCode":"3323","sympCode":"54","type":101,"userId":"1012"}
2017-12-14 09:40:44,356 INFO [com.alpha.self.diagnosis.utils.MedicineSortUtil:31] 首选疾病：白念珠菌肠炎
2017-12-14 09:40:44,473 INFO [com.alpha.self.diagnosis.controller.DiagnosisController:132] 循环获取下一个问题: {"answers":[{"answerTitle":"黄绿色","content":"12274"}],"diagnosisId":3850,"inType":1,"questionCode":"3324","sympCode":"54","type":101,"userId":"1012"}
2017-12-14 09:40:45,026 INFO [com.alpha.self.diagnosis.utils.MedicineSortUtil:31] 首选疾病：白念珠菌肠炎
2017-12-14 09:40:45,103 INFO [com.alpha.self.diagnosis.controller.DiagnosisController:132] 循环获取下一个问题: {"answers":[{"answerTitle":"长期应用抗生素","content":"12069"}],"diagnosisId":3850,"inType":1,"questionCode":"3325","sympCode":"54","type":101,"userId":"1012"}
2017-12-14 09:40:45,891 INFO [com.alpha.self.diagnosis.service.impl.SymptomAccompanyServiceImpl:148] 首选疾病：白念珠菌肠炎
2017-12-14 09:40:45,945 INFO [com.alpha.self.diagnosis.controller.DiagnosisController:132] 循环获取下一个问题: {"answers":[{"answerTitle":"高热（39-41℃）","content":"604615"}],"diagnosisId":3850,"inType":1,"questionCode":"3338","sympCode":"54","type":102,"userId":"1012"}
2017-12-14 09:40:46,767 INFO [com.alpha.self.diagnosis.service.impl.MedicineQuestionServiceImpl:376] 生成诊断结果3850
2017-12-14 09:43:14,679 INFO [com.netflix.discovery.shared.resolver.aws.ConfigClusterResolver:43] Resolving eureka endpoints via configuration
2017-12-14 09:45:08,552 INFO [com.alpha.self.diagnosis.controller.DiagnosisController:132] 循环获取下一个问题: {"answers":[{"answerTitle":"腹泻","content":"54"}],"diagnosisId":3850,"inType":1,"questionCode":"9992","sympCode":"54","type":100,"userId":"1012"}
2017-12-14 09:45:08,609 INFO [com.alpha.self.diagnosis.service.impl.MedicineAnswerServiceImpl:236] 脓血便所属大类为血样便
2017-12-14 09:45:08,611 INFO [com.alpha.self.diagnosis.service.impl.MedicineAnswerServiceImpl:236] 脓血便所属大类为血样便
2017-12-14 09:45:08,611 INFO [com.alpha.self.diagnosis.service.impl.MedicineAnswerServiceImpl:236] 脓血便所属大类为血样便
2017-12-14 09:45:08,612 INFO [com.alpha.self.diagnosis.service.impl.MedicineAnswerServiceImpl:236] 血水样便所属大类为血样便
2017-12-14 09:45:08,613 INFO [com.alpha.self.diagnosis.service.impl.MedicineAnswerServiceImpl:236] 脓血便所属大类为血样便
2017-12-14 09:45:08,613 INFO [com.alpha.self.diagnosis.service.impl.MedicineAnswerServiceImpl:236] 血水样便所属大类为血样便
2017-12-14 09:45:08,613 INFO [com.alpha.self.diagnosis.service.impl.MedicineAnswerServiceImpl:236] 脓血便所属大类为血样便
2017-12-14 09:45:08,614 INFO [com.alpha.self.diagnosis.service.impl.MedicineAnswerServiceImpl:236] 脓血便所属大类为血样便
2017-12-14 09:45:08,614 INFO [com.alpha.self.diagnosis.service.impl.MedicineAnswerServiceImpl:236] 脓血便所属大类为血样便
2017-12-14 09:45:08,615 INFO [com.alpha.self.diagnosis.service.impl.MedicineAnswerServiceImpl:236] 脓血便所属大类为血样便
2017-12-14 09:45:08,615 INFO [com.alpha.self.diagnosis.service.impl.MedicineAnswerServiceImpl:236] 血丝便所属大类为血样便
2017-12-14 09:45:08,615 INFO [com.alpha.self.diagnosis.service.impl.MedicineAnswerServiceImpl:236] 脓血便所属大类为血样便
2017-12-14 09:45:08,615 INFO [com.alpha.self.diagnosis.service.impl.MedicineAnswerServiceImpl:236] 脓血便所属大类为血样便
2017-12-14 09:45:08,615 INFO [com.alpha.self.diagnosis.service.impl.MedicineAnswerServiceImpl:236] 脓血便所属大类为血样便
2017-12-14 09:45:08,615 INFO [com.alpha.self.diagnosis.service.impl.MedicineAnswerServiceImpl:236] 脓血便所属大类为血样便
2017-12-14 09:45:08,616 INFO [com.alpha.self.diagnosis.service.impl.MedicineAnswerServiceImpl:236] 脓血便所属大类为血样便
2017-12-14 09:45:08,616 INFO [com.alpha.self.diagnosis.service.impl.MedicineAnswerServiceImpl:236] 脓血便所属大类为血样便
2017-12-14 09:45:08,617 INFO [com.alpha.self.diagnosis.service.impl.MedicineAnswerServiceImpl:236] 血水样便所属大类为血样便
2017-12-14 09:45:08,617 INFO [com.alpha.self.diagnosis.service.impl.MedicineAnswerServiceImpl:236] 脓血便所属大类为血样便
2017-12-14 09:45:08,617 INFO [com.alpha.self.diagnosis.service.impl.MedicineAnswerServiceImpl:236] 血水样便所属大类为血样便
2017-12-14 09:45:08,617 INFO [com.alpha.self.diagnosis.service.impl.MedicineAnswerServiceImpl:236] 脓血便所属大类为血样便
2017-12-14 09:45:08,618 INFO [com.alpha.self.diagnosis.service.impl.MedicineAnswerServiceImpl:236] 脓血便所属大类为血样便
2017-12-14 09:45:08,618 INFO [com.alpha.self.diagnosis.service.impl.MedicineAnswerServiceImpl:236] 血水样便所属大类为血样便
2017-12-14 09:45:08,618 INFO [com.alpha.self.diagnosis.service.impl.MedicineAnswerServiceImpl:236] 脓血便所属大类为血样便
2017-12-14 09:45:08,619 INFO [com.alpha.self.diagnosis.service.impl.MedicineAnswerServiceImpl:236] 血水样便所属大类为血样便
2017-12-14 09:45:08,619 INFO [com.alpha.self.diagnosis.service.impl.MedicineAnswerServiceImpl:236] 脓血便所属大类为血样便
2017-12-14 09:45:08,913 INFO [com.alpha.self.diagnosis.utils.MedicineSortUtil:31] 首选疾病：白念珠菌肠炎
2017-12-14 09:46:06,075 INFO [com.alpha.self.diagnosis.controller.DiagnosisController:132] 循环获取下一个问题: {"answers":[{"answerTitle":"腹泻","content":"54"}],"diagnosisId":3850,"inType":1,"questionCode":"9992","sympCode":"54","type":100,"userId":"1012"}
2017-12-14 09:46:06,128 INFO [com.alpha.self.diagnosis.service.impl.MedicineAnswerServiceImpl:236] 脓血便所属大类为血样便
2017-12-14 09:46:06,128 INFO [com.alpha.self.diagnosis.service.impl.MedicineAnswerServiceImpl:236] 脓血便所属大类为血样便
2017-12-14 09:46:06,128 INFO [com.alpha.self.diagnosis.service.impl.MedicineAnswerServiceImpl:236] 脓血便所属大类为血样便
2017-12-14 09:46:06,129 INFO [com.alpha.self.diagnosis.service.impl.MedicineAnswerServiceImpl:236] 血水样便所属大类为血样便
2017-12-14 09:46:06,129 INFO [com.alpha.self.diagnosis.service.impl.MedicineAnswerServiceImpl:236] 脓血便所属大类为血样便
2017-12-14 09:46:06,129 INFO [com.alpha.self.diagnosis.service.impl.MedicineAnswerServiceImpl:236] 血水样便所属大类为血样便
2017-12-14 09:46:06,129 INFO [com.alpha.self.diagnosis.service.impl.MedicineAnswerServiceImpl:236] 脓血便所属大类为血样便
2017-12-14 09:46:06,129 INFO [com.alpha.self.diagnosis.service.impl.MedicineAnswerServiceImpl:236] 脓血便所属大类为血样便
2017-12-14 09:46:06,129 INFO [com.alpha.self.diagnosis.service.impl.MedicineAnswerServiceImpl:236] 脓血便所属大类为血样便
2017-12-14 09:46:06,130 INFO [com.alpha.self.diagnosis.service.impl.MedicineAnswerServiceImpl:236] 脓血便所属大类为血样便
2017-12-14 09:46:06,130 INFO [com.alpha.self.diagnosis.service.impl.MedicineAnswerServiceImpl:236] 血丝便所属大类为血样便
2017-12-14 09:46:06,130 INFO [com.alpha.self.diagnosis.service.impl.MedicineAnswerServiceImpl:236] 脓血便所属大类为血样便
2017-12-14 09:46:06,130 INFO [com.alpha.self.diagnosis.service.impl.MedicineAnswerServiceImpl:236] 脓血便所属大类为血样便
2017-12-14 09:46:06,130 INFO [com.alpha.self.diagnosis.service.impl.MedicineAnswerServiceImpl:236] 脓血便所属大类为血样便
2017-12-14 09:46:06,131 INFO [com.alpha.self.diagnosis.service.impl.MedicineAnswerServiceImpl:236] 脓血便所属大类为血样便
2017-12-14 09:46:06,131 INFO [com.alpha.self.diagnosis.service.impl.MedicineAnswerServiceImpl:236] 脓血便所属大类为血样便
2017-12-14 09:46:06,131 INFO [com.alpha.self.diagnosis.service.impl.MedicineAnswerServiceImpl:236] 脓血便所属大类为血样便
2017-12-14 09:46:06,131 INFO [com.alpha.self.diagnosis.service.impl.MedicineAnswerServiceImpl:236] 血水样便所属大类为血样便
2017-12-14 09:46:06,131 INFO [com.alpha.self.diagnosis.service.impl.MedicineAnswerServiceImpl:236] 脓血便所属大类为血样便
2017-12-14 09:46:06,131 INFO [com.alpha.self.diagnosis.service.impl.MedicineAnswerServiceImpl:236] 血水样便所属大类为血样便
2017-12-14 09:46:06,131 INFO [com.alpha.self.diagnosis.service.impl.MedicineAnswerServiceImpl:236] 脓血便所属大类为血样便
2017-12-14 09:46:06,132 INFO [com.alpha.self.diagnosis.service.impl.MedicineAnswerServiceImpl:236] 脓血便所属大类为血样便
2017-12-14 09:46:06,132 INFO [com.alpha.self.diagnosis.service.impl.MedicineAnswerServiceImpl:236] 血水样便所属大类为血样便
2017-12-14 09:46:06,132 INFO [com.alpha.self.diagnosis.service.impl.MedicineAnswerServiceImpl:236] 脓血便所属大类为血样便
2017-12-14 09:46:06,132 INFO [com.alpha.self.diagnosis.service.impl.MedicineAnswerServiceImpl:236] 血水样便所属大类为血样便
2017-12-14 09:46:06,132 INFO [com.alpha.self.diagnosis.service.impl.MedicineAnswerServiceImpl:236] 脓血便所属大类为血样便
2017-12-14 09:48:14,683 INFO [com.netflix.discovery.shared.resolver.aws.ConfigClusterResolver:43] Resolving eureka endpoints via configuration
2017-12-14 09:51:51,944 INFO [org.springframework.context.support.AbstractApplicationContext:984] Closing org.springframework.context.annotation.AnnotationConfigApplicationContext@5f7c22f: startup date [Thu Dec 14 09:37:36 CST 2017]; root of context hierarchy
2017-12-14 09:51:51,948 INFO [org.springframework.context.support.AbstractApplicationContext:984] Closing org.springframework.boot.context.embedded.AnnotationConfigEmbeddedWebApplicationContext@2b38aaf1: startup date [Thu Dec 14 09:37:38 CST 2017]; parent: org.springframework.context.annotation.AnnotationConfigApplicationContext@5f7c22f
2017-12-14 09:51:51,949 INFO [org.springframework.cloud.netflix.eureka.serviceregistry.EurekaServiceRegistry:64] Unregistering application alpha-self-diagnosis with eureka with status DOWN
2017-12-14 09:51:51,950 WARN [com.netflix.discovery.DiscoveryClient$3:1277] Saw local status change event StatusChangeEvent [timestamp=1513216311950, current=DOWN, previous=UP]
2017-12-14 09:51:51,951 INFO [com.netflix.discovery.DiscoveryClient:795] DiscoveryClient_ALPHA-SELF-DIAGNOSIS/PC-20160606PUVI:alpha-self-diagnosis:19092: registering service...
2017-12-14 09:51:51,951 INFO [com.netflix.discovery.DiscoveryClient:852] Shutting down DiscoveryClient ...
2017-12-14 09:51:51,952 INFO [com.netflix.discovery.DiscoveryClient:884] Unregistering ...
2017-12-14 09:51:51,961 INFO [com.netflix.discovery.DiscoveryClient:804] DiscoveryClient_ALPHA-SELF-DIAGNOSIS/PC-20160606PUVI:alpha-self-diagnosis:19092 - registration status: 204
2017-12-14 09:51:51,963 INFO [com.netflix.discovery.DiscoveryClient:886] DiscoveryClient_ALPHA-SELF-DIAGNOSIS/PC-20160606PUVI:alpha-self-diagnosis:19092 - deregister  status: 200
2017-12-14 09:51:51,985 INFO [com.netflix.discovery.DiscoveryClient:873] Completed shut down of DiscoveryClient
2017-12-14 09:51:51,988 INFO [org.springframework.context.support.DefaultLifecycleProcessor$LifecycleGroup:358] Stopping beans in phase 0
2017-12-14 09:51:51,990 INFO [org.springframework.jmx.export.MBeanExporter:449] Unregistering JMX-exposed beans on shutdown
2017-12-14 09:51:51,991 INFO [org.springframework.jmx.support.MBeanRegistrationSupport:241] Unregistering JMX-exposed beans
2017-12-14 09:51:52,050 WARN [com.netflix.config.sources.URLConfigurationSource:121] No URLs will be polled as dynamic configuration sources.
2017-12-14 09:51:52,050 INFO [com.netflix.config.sources.URLConfigurationSource:122] To enable URLs as dynamic configuration sources, define System property archaius.configurationSource.additionalUrls or make config.properties available on classpath.
2017-12-14 09:51:52,069 INFO [com.alibaba.druid.pool.DruidDataSource:1444] {dataSource-1} closed
2017-12-14 09:51:52,599 INFO [com.alpha.self.diagnosis.AlphaApplication:39] SpringApplicationBuilder run .... 
