2018-01-06 16:13:09,175 INFO [com.alpha.self.diagnosis.AlphaApplication:41] SpringApplicationBuilder run .... 
2018-01-06 16:13:09,967 INFO [com.alpha.self.diagnosis.AlphaApplication:41] SpringApplicationBuilder run .... 
2018-01-06 16:13:11,358 INFO [org.springframework.context.support.AbstractApplicationContext:583] Refreshing org.springframework.context.annotation.AnnotationConfigApplicationContext@6cd28f38: startup date [Sat Jan 06 16:13:11 CST 2018]; root of context hierarchy
2018-01-06 16:13:11,791 INFO [org.hibernate.validator.internal.util.Version:30] HV000001: Hibernate Validator 5.3.5.Final
2018-01-06 16:13:12,276 INFO [org.springframework.beans.factory.annotation.AutowiredAnnotationBeanPostProcessor:155] JSR-330 'javax.inject.Inject' annotation found and supported for autowiring
2018-01-06 16:13:12,466 INFO [org.springframework.context.support.PostProcessorRegistrationDelegate$BeanPostProcessorChecker:325] Bean 'configurationPropertiesRebinderAutoConfiguration' of type [org.springframework.cloud.autoconfigure.ConfigurationPropertiesRebinderAutoConfiguration$$EnhancerBySpringCGLIB$$9f8b10ff] is not eligible for getting processed by all BeanPostProcessors (for example: not eligible for auto-proxying)
2018-01-06 16:13:14,186 INFO [org.springframework.boot.SpringApplication:597] The following profiles are active: core
2018-01-06 16:13:14,274 INFO [org.springframework.context.support.AbstractApplicationContext:583] Refreshing org.springframework.boot.context.embedded.AnnotationConfigEmbeddedWebApplicationContext@4d3f30c5: startup date [Sat Jan 06 16:13:14 CST 2018]; parent: org.springframework.context.annotation.AnnotationConfigApplicationContext@6cd28f38
2018-01-06 16:13:25,219 INFO [org.springframework.cloud.context.scope.GenericScope:263] BeanFactory id=b3037b14-906a-3e8e-8e4f-9907af7078b1
2018-01-06 16:13:25,381 INFO [com.alpha.self.diagnosis.processor.spring.BeanScannerConfigurer:28] 初始化 BasicAnswerProcessor  服务配置
2018-01-06 16:13:25,456 INFO [org.springframework.beans.factory.support.DefaultListableBeanFactory:828] Overriding bean definition for bean 'allergicHistoryAnswerProcessor' with a different definition: replacing [Generic bean: class [com.alpha.self.diagnosis.processor.AllergicHistoryAnswerProcessor]; scope=singleton; abstract=false; lazyInit=false; autowireMode=0; dependencyCheck=0; autowireCandidate=true; primary=false; factoryBeanName=null; factoryMethodName=null; initMethodName=null; destroyMethodName=null; defined in file [F:\iebm\workspace\alpha\branch\v1.0.3\alpha\alpha-self-diagnosis\target\classes\com\alpha\self\diagnosis\processor\AllergicHistoryAnswerProcessor.class]] with [Generic bean: class [com.alpha.self.diagnosis.processor.AllergicHistoryAnswerProcessor]; scope=singleton; abstract=false; lazyInit=false; autowireMode=0; dependencyCheck=0; autowireCandidate=true; primary=false; factoryBeanName=null; factoryMethodName=null; initMethodName=null; destroyMethodName=null; defined in file [F:\iebm\workspace\alpha\branch\v1.0.3\alpha\alpha-self-diagnosis\target\classes\com\alpha\self\diagnosis\processor\AllergicHistoryAnswerProcessor.class]]
2018-01-06 16:13:25,457 INFO [org.springframework.beans.factory.support.DefaultListableBeanFactory:828] Overriding bean definition for bean 'birthProcessor' with a different definition: replacing [Generic bean: class [com.alpha.self.diagnosis.processor.BirthProcessor]; scope=singleton; abstract=false; lazyInit=false; autowireMode=0; dependencyCheck=0; autowireCandidate=true; primary=false; factoryBeanName=null; factoryMethodName=null; initMethodName=null; destroyMethodName=null; defined in file [F:\iebm\workspace\alpha\branch\v1.0.3\alpha\alpha-self-diagnosis\target\classes\com\alpha\self\diagnosis\processor\BirthProcessor.class]] with [Generic bean: class [com.alpha.self.diagnosis.processor.BirthProcessor]; scope=singleton; abstract=false; lazyInit=false; autowireMode=0; dependencyCheck=0; autowireCandidate=true; primary=false; factoryBeanName=null; factoryMethodName=null; initMethodName=null; destroyMethodName=null; defined in file [F:\iebm\workspace\alpha\branch\v1.0.3\alpha\alpha-self-diagnosis\target\classes\com\alpha\self\diagnosis\processor\BirthProcessor.class]]
2018-01-06 16:13:25,458 INFO [org.springframework.beans.factory.support.DefaultListableBeanFactory:828] Overriding bean definition for bean 'liverRenalProcessor' with a different definition: replacing [Generic bean: class [com.alpha.self.diagnosis.processor.LiverRenalProcessor]; scope=singleton; abstract=false; lazyInit=false; autowireMode=0; dependencyCheck=0; autowireCandidate=true; primary=false; factoryBeanName=null; factoryMethodName=null; initMethodName=null; destroyMethodName=null; defined in file [F:\iebm\workspace\alpha\branch\v1.0.3\alpha\alpha-self-diagnosis\target\classes\com\alpha\self\diagnosis\processor\LiverRenalProcessor.class]] with [Generic bean: class [com.alpha.self.diagnosis.processor.LiverRenalProcessor]; scope=singleton; abstract=false; lazyInit=false; autowireMode=0; dependencyCheck=0; autowireCandidate=true; primary=false; factoryBeanName=null; factoryMethodName=null; initMethodName=null; destroyMethodName=null; defined in file [F:\iebm\workspace\alpha\branch\v1.0.3\alpha\alpha-self-diagnosis\target\classes\com\alpha\self\diagnosis\processor\LiverRenalProcessor.class]]
2018-01-06 16:13:25,459 INFO [org.springframework.beans.factory.support.DefaultListableBeanFactory:828] Overriding bean definition for bean 'normalAnswerProcessor' with a different definition: replacing [Generic bean: class [com.alpha.self.diagnosis.processor.NormalAnswerProcessor]; scope=singleton; abstract=false; lazyInit=false; autowireMode=0; dependencyCheck=0; autowireCandidate=true; primary=false; factoryBeanName=null; factoryMethodName=null; initMethodName=null; destroyMethodName=null; defined in file [F:\iebm\workspace\alpha\branch\v1.0.3\alpha\alpha-self-diagnosis\target\classes\com\alpha\self\diagnosis\processor\NormalAnswerProcessor.class]] with [Generic bean: class [com.alpha.self.diagnosis.processor.NormalAnswerProcessor]; scope=singleton; abstract=false; lazyInit=false; autowireMode=0; dependencyCheck=0; autowireCandidate=true; primary=false; factoryBeanName=null; factoryMethodName=null; initMethodName=null; destroyMethodName=null; defined in file [F:\iebm\workspace\alpha\branch\v1.0.3\alpha\alpha-self-diagnosis\target\classes\com\alpha\self\diagnosis\processor\NormalAnswerProcessor.class]]
2018-01-06 16:13:25,461 INFO [org.springframework.beans.factory.support.DefaultListableBeanFactory:828] Overriding bean definition for bean 'pastmedicalHistoryProcessor' with a different definition: replacing [Generic bean: class [com.alpha.self.diagnosis.processor.PastmedicalHistoryProcessor]; scope=singleton; abstract=false; lazyInit=false; autowireMode=0; dependencyCheck=0; autowireCandidate=true; primary=false; factoryBeanName=null; factoryMethodName=null; initMethodName=null; destroyMethodName=null; defined in file [F:\iebm\workspace\alpha\branch\v1.0.3\alpha\alpha-self-diagnosis\target\classes\com\alpha\self\diagnosis\processor\PastmedicalHistoryProcessor.class]] with [Generic bean: class [com.alpha.self.diagnosis.processor.PastmedicalHistoryProcessor]; scope=singleton; abstract=false; lazyInit=false; autowireMode=0; dependencyCheck=0; autowireCandidate=true; primary=false; factoryBeanName=null; factoryMethodName=null; initMethodName=null; destroyMethodName=null; defined in file [F:\iebm\workspace\alpha\branch\v1.0.3\alpha\alpha-self-diagnosis\target\classes\com\alpha\self\diagnosis\processor\PastmedicalHistoryProcessor.class]]
2018-01-06 16:13:25,462 INFO [org.springframework.beans.factory.support.DefaultListableBeanFactory:828] Overriding bean definition for bean 'weightProcessor' with a different definition: replacing [Generic bean: class [com.alpha.self.diagnosis.processor.WeightProcessor]; scope=singleton; abstract=false; lazyInit=false; autowireMode=0; dependencyCheck=0; autowireCandidate=true; primary=false; factoryBeanName=null; factoryMethodName=null; initMethodName=null; destroyMethodName=null; defined in file [F:\iebm\workspace\alpha\branch\v1.0.3\alpha\alpha-self-diagnosis\target\classes\com\alpha\self\diagnosis\processor\WeightProcessor.class]] with [Generic bean: class [com.alpha.self.diagnosis.processor.WeightProcessor]; scope=singleton; abstract=false; lazyInit=false; autowireMode=0; dependencyCheck=0; autowireCandidate=true; primary=false; factoryBeanName=null; factoryMethodName=null; initMethodName=null; destroyMethodName=null; defined in file [F:\iebm\workspace\alpha\branch\v1.0.3\alpha\alpha-self-diagnosis\target\classes\com\alpha\self\diagnosis\processor\WeightProcessor.class]]
2018-01-06 16:13:25,468 INFO [com.alpha.self.diagnosis.processor.spring.BeanScannerConfigurer:32] 初始化 BasicAnswerProcessor 完成
2018-01-06 16:13:26,636 INFO [org.springframework.beans.factory.annotation.AutowiredAnnotationBeanPostProcessor:155] JSR-330 'javax.inject.Inject' annotation found and supported for autowiring
2018-01-06 16:13:27,458 INFO [org.springframework.context.support.PostProcessorRegistrationDelegate$BeanPostProcessorChecker:325] Bean 'org.springframework.transaction.annotation.ProxyTransactionManagementConfiguration' of type [org.springframework.transaction.annotation.ProxyTransactionManagementConfiguration$$EnhancerBySpringCGLIB$$83710e02] is not eligible for getting processed by all BeanPostProcessors (for example: not eligible for auto-proxying)
2018-01-06 16:13:28,379 INFO [org.springframework.context.support.PostProcessorRegistrationDelegate$BeanPostProcessorChecker:325] Bean 'org.springframework.cloud.autoconfigure.ConfigurationPropertiesRebinderAutoConfiguration' of type [org.springframework.cloud.autoconfigure.ConfigurationPropertiesRebinderAutoConfiguration$$EnhancerBySpringCGLIB$$9f8b10ff] is not eligible for getting processed by all BeanPostProcessors (for example: not eligible for auto-proxying)
2018-01-06 16:13:31,824 INFO [org.springframework.boot.context.embedded.tomcat.TomcatEmbeddedServletContainer:89] Tomcat initialized with port(s): 19092 (http)
2018-01-06 16:13:31,852 INFO [org.apache.juli.logging.DirectJDKLog:179] Starting service [Tomcat]
2018-01-06 16:13:31,854 INFO [org.apache.juli.logging.DirectJDKLog:179] Starting Servlet Engine: Apache Tomcat/8.5.20
2018-01-06 16:13:32,432 INFO [org.apache.juli.logging.DirectJDKLog:179] Initializing Spring embedded WebApplicationContext
2018-01-06 16:13:32,434 INFO [org.springframework.boot.context.embedded.EmbeddedWebApplicationContext:276] Root WebApplicationContext: initialization completed in 18160 ms
2018-01-06 16:13:35,062 INFO [org.springframework.boot.web.servlet.ServletRegistrationBean:190] Mapping servlet: 'dispatcherServlet' to [/]
2018-01-06 16:13:35,069 INFO [org.springframework.boot.web.servlet.ServletRegistrationBean:190] Mapping servlet: 'com.alpha.commons.config.servlet.DruidStatViewServlet' to [/druid/*]
2018-01-06 16:13:35,109 INFO [org.springframework.boot.web.servlet.AbstractFilterRegistrationBean:258] Mapping filter: 'characterEncodingFilter' to: [/*]
2018-01-06 16:13:35,110 INFO [org.springframework.boot.web.servlet.AbstractFilterRegistrationBean:258] Mapping filter: 'hiddenHttpMethodFilter' to: [/*]
2018-01-06 16:13:35,111 INFO [org.springframework.boot.web.servlet.AbstractFilterRegistrationBean:258] Mapping filter: 'httpPutFormContentFilter' to: [/*]
2018-01-06 16:13:35,112 INFO [org.springframework.boot.web.servlet.AbstractFilterRegistrationBean:258] Mapping filter: 'requestContextFilter' to: [/*]
2018-01-06 16:13:35,112 INFO [org.springframework.boot.web.servlet.AbstractFilterRegistrationBean:271] Mapping filter: 'com.alpha.self.diagnosis.converter.ParamDecryptServletRequestFilter' to urls: [/*]
2018-01-06 16:13:35,113 INFO [org.springframework.boot.web.servlet.AbstractFilterRegistrationBean:271] Mapping filter: 'com.alpha.commons.config.filter.CorsFilter' to urls: [/*]
2018-01-06 16:13:35,113 INFO [org.springframework.boot.web.servlet.AbstractFilterRegistrationBean:271] Mapping filter: 'druidWebStatFilter' to urls: [/*]
2018-01-06 16:13:35,194 INFO [com.alpha.self.diagnosis.listener.DiagnosisContextListener:27] DiagnosisContextListener contextInitialized starting...
2018-01-06 16:13:35,221 INFO [com.alpha.self.diagnosis.processor.BasicAnswerProcessorAdaptor:154] 6 processor will be register.
2018-01-06 16:13:36,110 INFO [com.alpha.commons.config.DruidConfiguration$Druid:66] DruidConfiguration init completed................
2018-01-06 16:13:43,467 INFO [com.alpha.self.diagnosis.listener.DiagnosisContextListener:34] DiagnosisContextListener contextInitialized completed
2018-01-06 16:13:43,494 INFO [com.alpha.self.diagnosis.converter.ParamDecryptServletRequestFilter:33] 需要解密的参数字段 --> null
2018-01-06 16:13:50,460 WARN [com.netflix.config.sources.URLConfigurationSource:121] No URLs will be polled as dynamic configuration sources.
2018-01-06 16:13:50,461 INFO [com.netflix.config.sources.URLConfigurationSource:122] To enable URLs as dynamic configuration sources, define System property archaius.configurationSource.additionalUrls or make config.properties available on classpath.
2018-01-06 16:13:50,477 WARN [com.netflix.config.sources.URLConfigurationSource:121] No URLs will be polled as dynamic configuration sources.
2018-01-06 16:13:50,478 INFO [com.netflix.config.sources.URLConfigurationSource:122] To enable URLs as dynamic configuration sources, define System property archaius.configurationSource.additionalUrls or make config.properties available on classpath.
2018-01-06 16:13:52,553 INFO [org.springframework.web.servlet.mvc.method.annotation.RequestMappingHandlerAdapter:534] Looking for @ControllerAdvice: org.springframework.boot.context.embedded.AnnotationConfigEmbeddedWebApplicationContext@4d3f30c5: startup date [Sat Jan 06 16:13:14 CST 2018]; parent: org.springframework.context.annotation.AnnotationConfigApplicationContext@6cd28f38
2018-01-06 16:13:53,182 INFO [org.springframework.web.servlet.handler.AbstractHandlerMethodMapping$MappingRegistry:543] Mapped "{[/data/search/pastmedicalHistory],methods=[POST]}" onto public com.alpha.commons.web.ResponseMessage com.alpha.self.diagnosis.controller.DataSearchController.pastmedicalHistorySearch(com.alpha.self.diagnosis.pojo.vo.SearchRequestVo)
2018-01-06 16:13:53,185 INFO [org.springframework.web.servlet.handler.AbstractHandlerMethodMapping$MappingRegistry:543] Mapped "{[/data/search/allergicHistory],methods=[POST]}" onto public com.alpha.commons.web.ResponseMessage com.alpha.self.diagnosis.controller.DataSearchController.allergicHistorySearch(com.alpha.self.diagnosis.pojo.vo.SearchRequestVo)
2018-01-06 16:13:53,188 INFO [org.springframework.web.servlet.handler.AbstractHandlerMethodMapping$MappingRegistry:543] Mapped "{[/data/search/mainSymptom],methods=[POST]}" onto public com.alpha.commons.web.ResponseMessage com.alpha.self.diagnosis.controller.DataSearchController.mainSymptomSearch(java.lang.Long,java.lang.Integer,java.lang.String)
2018-01-06 16:13:53,189 INFO [org.springframework.web.servlet.handler.AbstractHandlerMethodMapping$MappingRegistry:543] Mapped "{[/data/search/concsymp],methods=[POST]}" onto public com.alpha.commons.web.ResponseMessage com.alpha.self.diagnosis.controller.DataSearchController.diagnosisStart(com.alpha.self.diagnosis.pojo.vo.SearchRequestVo)
2018-01-06 16:13:53,191 INFO [org.springframework.web.servlet.handler.AbstractHandlerMethodMapping$MappingRegistry:543] Mapped "{[/data/search/weight],methods=[POST]}" onto public com.alpha.commons.web.ResponseMessage com.alpha.self.diagnosis.controller.DataSearchController.weightSearch(com.alpha.user.pojo.vo.HisUserInfoVo)
2018-01-06 16:13:53,204 INFO [org.springframework.web.servlet.handler.AbstractHandlerMethodMapping$MappingRegistry:543] Mapped "{[/diagnosis/medicine/next],methods=[POST]}" onto public com.alpha.commons.web.ResponseMessage com.alpha.self.diagnosis.controller.DiagnosisController.diagnosisMedicineNext(java.lang.String)
2018-01-06 16:13:53,207 INFO [org.springframework.web.servlet.handler.AbstractHandlerMethodMapping$MappingRegistry:543] Mapped "{[/diagnosis/drug/query],methods=[POST]}" onto public com.alpha.commons.web.ResponseMessage com.alpha.self.diagnosis.controller.DiagnosisController.diagnosisDrugQuery(java.lang.String)
2018-01-06 16:13:53,208 INFO [org.springframework.web.servlet.handler.AbstractHandlerMethodMapping$MappingRegistry:543] Mapped "{[/diagnosis/showResult],methods=[POST]}" onto public com.alpha.commons.web.ResponseMessage com.alpha.self.diagnosis.controller.DiagnosisController.showDiagnosisResult(com.alpha.self.diagnosis.pojo.vo.BasicRequestVo)
2018-01-06 16:13:53,209 INFO [org.springframework.web.servlet.handler.AbstractHandlerMethodMapping$MappingRegistry:543] Mapped "{[/diagnosis/queryMedicalRecord4His/{idcard}],methods=[POST]}" onto public com.alpha.commons.web.ResponseMessage com.alpha.self.diagnosis.controller.DiagnosisController.queryMedicalRecord4His(java.lang.String)
2018-01-06 16:13:53,210 INFO [org.springframework.web.servlet.handler.AbstractHandlerMethodMapping$MappingRegistry:543] Mapped "{[/diagnosis/result/confirm],methods=[POST]}" onto public com.alpha.commons.web.ResponseMessage com.alpha.self.diagnosis.controller.DiagnosisController.confirmDiagnosisResult(java.lang.String,java.lang.Long)
2018-01-06 16:13:53,211 INFO [org.springframework.web.servlet.handler.AbstractHandlerMethodMapping$MappingRegistry:543] Mapped "{[/diagnosis/queryBasicQuestion],methods=[POST]}" onto public com.alpha.commons.web.ResponseMessage com.alpha.self.diagnosis.controller.DiagnosisController.queryBasicQuestion(com.alpha.user.controller.req.vo.PatientInfo)
2018-01-06 16:13:53,213 INFO [org.springframework.web.servlet.handler.AbstractHandlerMethodMapping$MappingRegistry:543] Mapped "{[/diagnosis/outcome/get],methods=[POST]}" onto public com.alpha.commons.web.ResponseMessage com.alpha.self.diagnosis.controller.DiagnosisController.getOutcome(java.lang.Long)
2018-01-06 16:13:53,214 INFO [org.springframework.web.servlet.handler.AbstractHandlerMethodMapping$MappingRegistry:543] Mapped "{[/diagnosis/start],methods=[POST],consumes=[application/json || application/x-www-form-urlencoded]}" onto public com.alpha.commons.web.ResponseMessage com.alpha.self.diagnosis.controller.DiagnosisController.diagnosisStart(com.alpha.self.diagnosis.pojo.vo.DiagnosisStartReqeustVo)
2018-01-06 16:13:53,215 INFO [org.springframework.web.servlet.handler.AbstractHandlerMethodMapping$MappingRegistry:543] Mapped "{[/diagnosis/basic/next],methods=[POST]}" onto public com.alpha.commons.web.ResponseMessage com.alpha.self.diagnosis.controller.DiagnosisController.diagnosisNext(com.alpha.self.diagnosis.pojo.vo.QuestionRequestVo)
2018-01-06 16:13:53,216 INFO [org.springframework.web.servlet.handler.AbstractHandlerMethodMapping$MappingRegistry:543] Mapped "{[/diagnosis/outcome/confirm],methods=[POST]}" onto public com.alpha.commons.web.ResponseMessage com.alpha.self.diagnosis.controller.DiagnosisController.confirmOutcome(java.lang.Long,java.lang.String)
2018-01-06 16:13:53,217 INFO [org.springframework.web.servlet.handler.AbstractHandlerMethodMapping$MappingRegistry:543] Mapped "{[/diagnosis/diseaseHistory],methods=[POST]}" onto public com.alpha.commons.web.ResponseMessage com.alpha.self.diagnosis.controller.DiagnosisController.diseaseHistory(com.alpha.self.diagnosis.pojo.vo.DiseaseHistoryRequestVo)
2018-01-06 16:13:53,227 INFO [org.springframework.web.servlet.handler.AbstractHandlerMethodMapping$MappingRegistry:543] Mapped "{[/disease/treatmentadvice/query/{diseaseCode}],methods=[POST]}" onto public com.alpha.commons.web.ResponseMessage com.alpha.self.diagnosis.controller.DiseaseController.queryTreatmentAdvice(java.lang.String)
2018-01-06 16:13:53,228 INFO [org.springframework.web.servlet.handler.AbstractHandlerMethodMapping$MappingRegistry:543] Mapped "{[/disease/check/query/{diseaseCode}],methods=[POST]}" onto public com.alpha.commons.web.ResponseMessage com.alpha.self.diagnosis.controller.DiseaseController.queryDiseaseCheck(java.lang.String)
2018-01-06 16:13:53,229 INFO [org.springframework.web.servlet.handler.AbstractHandlerMethodMapping$MappingRegistry:543] Mapped "{[/disease/dept/query/{diseaseCode}],methods=[POST]}" onto public com.alpha.commons.web.ResponseMessage com.alpha.self.diagnosis.controller.DiseaseController.queryDepartment(java.lang.String)
2018-01-06 16:13:53,236 INFO [org.springframework.web.servlet.handler.AbstractHandlerMethodMapping$MappingRegistry:543] Mapped "{[/info],methods=[GET]}" onto public java.lang.String com.alpha.self.diagnosis.controller.MainController.test()
2018-01-06 16:13:53,239 INFO [org.springframework.web.servlet.handler.AbstractHandlerMethodMapping$MappingRegistry:543] Mapped "{[/getMedicalRecord],methods=[POST]}" onto public com.alpha.commons.web.ResponseMessage com.alpha.self.diagnosis.controller.MainController.getMedicalRecord()
2018-01-06 16:13:53,240 INFO [org.springframework.web.servlet.handler.AbstractHandlerMethodMapping$MappingRegistry:543] Mapped "{[/test/question],methods=[POST]}" onto public com.alpha.commons.web.ResponseMessage com.alpha.self.diagnosis.controller.MainController.medicineQuestion(java.lang.Integer)
2018-01-06 16:13:53,241 INFO [org.springframework.web.servlet.handler.AbstractHandlerMethodMapping$MappingRegistry:543] Mapped "{[/test/question2],methods=[POST],produces=[application/json;charset=UTF-8]}" onto public com.alpha.commons.web.ResponseMessage com.alpha.self.diagnosis.controller.MainController.medicineQuestion(java.lang.String,java.lang.String)
2018-01-06 16:13:53,244 INFO [org.springframework.web.servlet.handler.AbstractHandlerMethodMapping$MappingRegistry:543] Mapped "{[/treatscheme/get],methods=[POST]}" onto public com.alpha.commons.web.ResponseMessage com.alpha.self.diagnosis.controller.TreatSchemeController.treatScheme(com.alpha.self.diagnosis.pojo.vo.SearchRequestVo)
2018-01-06 16:13:53,245 INFO [org.springframework.web.servlet.handler.AbstractHandlerMethodMapping$MappingRegistry:543] Mapped "{[/treatscheme/diseaseList],methods=[POST]}" onto public com.alpha.commons.web.ResponseMessage com.alpha.self.diagnosis.controller.TreatSchemeController.diseaseList(com.alpha.self.diagnosis.pojo.vo.SearchRequestVo)
2018-01-06 16:13:53,257 INFO [org.springframework.web.servlet.handler.AbstractHandlerMethodMapping$MappingRegistry:543] Mapped "{[/wechar/user/register],methods=[POST]}" onto public com.alpha.commons.web.ResponseMessage com.alpha.self.diagnosis.controller.WeCharController.register(java.lang.String)
2018-01-06 16:13:53,258 INFO [org.springframework.web.servlet.handler.AbstractHandlerMethodMapping$MappingRegistry:543] Mapped "{[/wechar/disease/treatschema/show],methods=[POST]}" onto public com.alpha.commons.web.ResponseMessage com.alpha.self.diagnosis.controller.WeCharController.diseaseTreatSchema(java.lang.String)
2018-01-06 16:13:53,259 INFO [org.springframework.web.servlet.handler.AbstractHandlerMethodMapping$MappingRegistry:543] Mapped "{[/wechar/diagnosisRecord/list],methods=[POST]}" onto public com.alpha.commons.web.ResponseMessage com.alpha.self.diagnosis.controller.WeCharController.getUserDiagnosisRecord(java.lang.Long)
2018-01-06 16:13:53,260 INFO [org.springframework.web.servlet.handler.AbstractHandlerMethodMapping$MappingRegistry:543] Mapped "{[/wechar/member/healthFile],methods=[POST]}" onto public com.alpha.commons.web.ResponseMessage com.alpha.self.diagnosis.controller.WeCharController.memberHealthFiles(java.lang.String)
2018-01-06 16:13:53,261 INFO [org.springframework.web.servlet.handler.AbstractHandlerMethodMapping$MappingRegistry:543] Mapped "{[/wechar/drug/list],methods=[POST]}" onto public com.alpha.commons.web.ResponseMessage com.alpha.self.diagnosis.controller.WeCharController.drugList(java.lang.String)
2018-01-06 16:13:53,262 INFO [org.springframework.web.servlet.handler.AbstractHandlerMethodMapping$MappingRegistry:543] Mapped "{[/wechar/disease/list],methods=[POST]}" onto public com.alpha.commons.web.ResponseMessage com.alpha.self.diagnosis.controller.WeCharController.diseaseList(java.lang.String)
2018-01-06 16:13:53,263 INFO [org.springframework.web.servlet.handler.AbstractHandlerMethodMapping$MappingRegistry:543] Mapped "{[/wechar/follow],methods=[POST]}" onto public com.alpha.commons.web.ResponseMessage com.alpha.self.diagnosis.controller.WeCharController.follow(java.lang.String,java.lang.Long)
2018-01-06 16:13:53,264 INFO [org.springframework.web.servlet.handler.AbstractHandlerMethodMapping$MappingRegistry:543] Mapped "{[/wechar/user/confirm],methods=[POST]}" onto public com.alpha.commons.web.ResponseMessage com.alpha.self.diagnosis.controller.WeCharController.userInfoConfirm(java.lang.Long)
2018-01-06 16:13:53,265 INFO [org.springframework.web.servlet.handler.AbstractHandlerMethodMapping$MappingRegistry:543] Mapped "{[/wechar/diagnosis/detail],methods=[POST]}" onto public com.alpha.commons.web.ResponseMessage com.alpha.self.diagnosis.controller.WeCharController.diagnosisDetail(java.lang.Long,java.lang.String,java.lang.Long)
2018-01-06 16:13:53,266 INFO [org.springframework.web.servlet.handler.AbstractHandlerMethodMapping$MappingRegistry:543] Mapped "{[/wechar/disease/hot/list],methods=[POST]}" onto public com.alpha.commons.web.ResponseMessage com.alpha.self.diagnosis.controller.WeCharController.hotDiseaseList()
2018-01-06 16:13:53,267 INFO [org.springframework.web.servlet.handler.AbstractHandlerMethodMapping$MappingRegistry:543] Mapped "{[/wechar/drug/hot/list],methods=[POST]}" onto public com.alpha.commons.web.ResponseMessage com.alpha.self.diagnosis.controller.WeCharController.hotDrugList()
2018-01-06 16:13:53,268 INFO [org.springframework.web.servlet.handler.AbstractHandlerMethodMapping$MappingRegistry:543] Mapped "{[/wechar/drug/detail],methods=[POST]}" onto public com.alpha.commons.web.ResponseMessage com.alpha.self.diagnosis.controller.WeCharController.drugDetail(java.lang.String)
2018-01-06 16:13:53,268 INFO [org.springframework.web.servlet.handler.AbstractHandlerMethodMapping$MappingRegistry:543] Mapped "{[/wechar/user/detail],methods=[POST]}" onto public com.alpha.commons.web.ResponseMessage com.alpha.self.diagnosis.controller.WeCharController.personalInfo(java.lang.Long)
2018-01-06 16:13:53,269 INFO [org.springframework.web.servlet.handler.AbstractHandlerMethodMapping$MappingRegistry:543] Mapped "{[/wechar/member/list],methods=[POST]}" onto public com.alpha.commons.web.ResponseMessage com.alpha.self.diagnosis.controller.WeCharController.memberList(java.lang.String)
2018-01-06 16:13:53,282 INFO [org.springframework.web.servlet.handler.AbstractHandlerMethodMapping$MappingRegistry:543] Mapped "{[/wechar_old/user/register],methods=[POST]}" onto public com.alpha.commons.web.ResponseMessage com.alpha.self.diagnosis.controller.WeCharController2.register(java.lang.String)
2018-01-06 16:13:53,283 INFO [org.springframework.web.servlet.handler.AbstractHandlerMethodMapping$MappingRegistry:543] Mapped "{[/wechar_old/disease/treatschema/show],methods=[POST]}" onto public com.alpha.commons.web.ResponseMessage com.alpha.self.diagnosis.controller.WeCharController2.diseaseTreatSchema(java.lang.String)
2018-01-06 16:13:53,285 INFO [org.springframework.web.servlet.handler.AbstractHandlerMethodMapping$MappingRegistry:543] Mapped "{[/wechar_old/diagnosisRecord/list],methods=[POST]}" onto public com.alpha.commons.web.ResponseMessage com.alpha.self.diagnosis.controller.WeCharController2.getUserDiagnosisRecord(java.lang.Long)
2018-01-06 16:13:53,286 INFO [org.springframework.web.servlet.handler.AbstractHandlerMethodMapping$MappingRegistry:543] Mapped "{[/wechar_old/member/healthFile],methods=[POST]}" onto public com.alpha.commons.web.ResponseMessage com.alpha.self.diagnosis.controller.WeCharController2.memberHealthFiles(java.lang.String)
2018-01-06 16:13:53,287 INFO [org.springframework.web.servlet.handler.AbstractHandlerMethodMapping$MappingRegistry:543] Mapped "{[/wechar_old/drug/list],methods=[POST]}" onto public com.alpha.commons.web.ResponseMessage com.alpha.self.diagnosis.controller.WeCharController2.drugList(java.lang.String)
2018-01-06 16:13:53,288 INFO [org.springframework.web.servlet.handler.AbstractHandlerMethodMapping$MappingRegistry:543] Mapped "{[/wechar_old/disease/list],methods=[POST]}" onto public com.alpha.commons.web.ResponseMessage com.alpha.self.diagnosis.controller.WeCharController2.diseaseList(java.lang.String)
2018-01-06 16:13:53,288 INFO [org.springframework.web.servlet.handler.AbstractHandlerMethodMapping$MappingRegistry:543] Mapped "{[/wechar_old/follow],methods=[POST]}" onto public com.alpha.commons.web.ResponseMessage com.alpha.self.diagnosis.controller.WeCharController2.follow(java.lang.String,java.lang.Long)
2018-01-06 16:13:53,289 INFO [org.springframework.web.servlet.handler.AbstractHandlerMethodMapping$MappingRegistry:543] Mapped "{[/wechar_old/user/confirm],methods=[POST]}" onto public com.alpha.commons.web.ResponseMessage com.alpha.self.diagnosis.controller.WeCharController2.userInfoConfirm(java.lang.Long)
2018-01-06 16:13:53,290 INFO [org.springframework.web.servlet.handler.AbstractHandlerMethodMapping$MappingRegistry:543] Mapped "{[/wechar_old/diagnosis/detail],methods=[POST]}" onto public com.alpha.commons.web.ResponseMessage com.alpha.self.diagnosis.controller.WeCharController2.diagnosisDetail(java.lang.Long,java.lang.String,java.lang.Long)
2018-01-06 16:13:53,291 INFO [org.springframework.web.servlet.handler.AbstractHandlerMethodMapping$MappingRegistry:543] Mapped "{[/wechar_old/disease/hot/list],methods=[POST]}" onto public com.alpha.commons.web.ResponseMessage com.alpha.self.diagnosis.controller.WeCharController2.hotDiseaseList()
2018-01-06 16:13:53,292 INFO [org.springframework.web.servlet.handler.AbstractHandlerMethodMapping$MappingRegistry:543] Mapped "{[/wechar_old/drug/hot/list],methods=[POST]}" onto public com.alpha.commons.web.ResponseMessage com.alpha.self.diagnosis.controller.WeCharController2.hotDrugList()
2018-01-06 16:13:53,292 INFO [org.springframework.web.servlet.handler.AbstractHandlerMethodMapping$MappingRegistry:543] Mapped "{[/wechar_old/drug/detail],methods=[POST]}" onto public com.alpha.commons.web.ResponseMessage com.alpha.self.diagnosis.controller.WeCharController2.drugDetail(java.lang.String)
2018-01-06 16:13:53,293 INFO [org.springframework.web.servlet.handler.AbstractHandlerMethodMapping$MappingRegistry:543] Mapped "{[/wechar_old/user/detail],methods=[POST]}" onto public com.alpha.commons.web.ResponseMessage com.alpha.self.diagnosis.controller.WeCharController2.personalInfo(java.lang.Long)
2018-01-06 16:13:53,294 INFO [org.springframework.web.servlet.handler.AbstractHandlerMethodMapping$MappingRegistry:543] Mapped "{[/wechar_old/member/list],methods=[POST]}" onto public com.alpha.commons.web.ResponseMessage com.alpha.self.diagnosis.controller.WeCharController2.memberList(java.lang.String)
2018-01-06 16:13:53,300 INFO [org.springframework.web.servlet.handler.AbstractHandlerMethodMapping$MappingRegistry:543] Mapped "{[/feedback/put],methods=[POST]}" onto public com.alpha.commons.web.ResponseMessage com.alpha.user.controller.FeedBackController.authorization(com.alpha.server.rpc.user.pojo.UserFeedback)
2018-01-06 16:13:53,301 INFO [org.springframework.web.servlet.handler.AbstractHandlerMethodMapping$MappingRegistry:543] Mapped "{[/feedback/useful/query/{diagnosisId}],methods=[POST]}" onto public com.alpha.commons.web.ResponseMessage com.alpha.user.controller.FeedBackController.queryUseful(java.lang.Long)
2018-01-06 16:13:53,302 INFO [org.springframework.web.servlet.handler.AbstractHandlerMethodMapping$MappingRegistry:543] Mapped "{[/feedback/items/query],methods=[POST]}" onto public com.alpha.commons.web.ResponseMessage com.alpha.user.controller.FeedBackController.queryItems(java.lang.String)
2018-01-06 16:13:53,304 INFO [org.springframework.web.servlet.handler.AbstractHandlerMethodMapping$MappingRegistry:543] Mapped "{[/sms/send],methods=[POST]}" onto public com.alpha.commons.web.ResponseMessage com.alpha.user.controller.SmsController.send(java.lang.String)
2018-01-06 16:13:53,308 INFO [org.springframework.web.servlet.handler.AbstractHandlerMethodMapping$MappingRegistry:543] Mapped "{[/user/list],methods=[POST]}" onto public com.alpha.commons.web.ResponseMessage com.alpha.user.controller.UserController.list(java.lang.String,int)
2018-01-06 16:13:53,310 INFO [org.springframework.web.servlet.handler.AbstractHandlerMethodMapping$MappingRegistry:543] Mapped "{[/user/query],methods=[POST]}" onto public com.alpha.commons.web.ResponseMessage com.alpha.user.controller.UserController.query(com.alpha.user.pojo.vo.HisUserInfoVo)
2018-01-06 16:13:53,311 INFO [org.springframework.web.servlet.handler.AbstractHandlerMethodMapping$MappingRegistry:543] Mapped "{[/user/auth],methods=[POST]}" onto public com.alpha.commons.web.ResponseMessage com.alpha.user.controller.UserController.authorization(java.lang.String,java.lang.Integer,java.lang.Integer)
2018-01-06 16:13:53,312 INFO [org.springframework.web.servlet.handler.AbstractHandlerMethodMapping$MappingRegistry:543] Mapped "{[/user/save],methods=[POST]}" onto public com.alpha.commons.web.ResponseMessage com.alpha.user.controller.UserController.saveUserInfo(java.lang.String)
2018-01-06 16:13:53,320 INFO [org.springframework.web.servlet.handler.AbstractHandlerMethodMapping$MappingRegistry:543] Mapped "{[/error]}" onto public org.springframework.http.ResponseEntity<java.util.Map<java.lang.String, java.lang.Object>> org.springframework.boot.autoconfigure.web.BasicErrorController.error(javax.servlet.http.HttpServletRequest)
2018-01-06 16:13:53,322 INFO [org.springframework.web.servlet.handler.AbstractHandlerMethodMapping$MappingRegistry:543] Mapped "{[/error],produces=[text/html]}" onto public org.springframework.web.servlet.ModelAndView org.springframework.boot.autoconfigure.web.BasicErrorController.errorHtml(javax.servlet.http.HttpServletRequest,javax.servlet.http.HttpServletResponse)
2018-01-06 16:13:54,085 INFO [org.springframework.web.servlet.handler.AbstractUrlHandlerMapping:362] Mapped URL path [/webjars/**] onto handler of type [class org.springframework.web.servlet.resource.ResourceHttpRequestHandler]
2018-01-06 16:13:54,086 INFO [org.springframework.web.servlet.handler.AbstractUrlHandlerMapping:362] Mapped URL path [/**] onto handler of type [class org.springframework.web.servlet.resource.ResourceHttpRequestHandler]
2018-01-06 16:13:54,212 INFO [org.springframework.web.servlet.mvc.method.annotation.ExceptionHandlerExceptionResolver:273] Detected @ExceptionHandler methods in controllerEnhancerment
2018-01-06 16:13:54,604 INFO [org.springframework.web.servlet.handler.AbstractUrlHandlerMapping:362] Mapped URL path [/**/favicon.ico] onto handler of type [class org.springframework.web.servlet.resource.ResourceHttpRequestHandler]
2018-01-06 16:13:56,944 INFO [com.atomikos.logging.Slf4jLogger:16] Using Slf4J for logging.
2018-01-06 16:13:56,946 WARN [com.atomikos.logging.Slf4jLogger:12] No properties path set - looking for transactions.properties in classpath...
2018-01-06 16:13:56,954 WARN [com.atomikos.logging.Slf4jLogger:12] transactions.properties not found - looking for jta.properties in classpath...
2018-01-06 16:13:56,958 WARN [com.atomikos.logging.Slf4jLogger:12] Failed to open transactions properties file - using default values
2018-01-06 16:13:57,188 INFO [com.atomikos.logging.Slf4jLogger:16] com.atomikos.persistence.imp.WriteAheadObjectLog instantiation failed - falling back to default
2018-01-06 16:13:57,197 INFO [com.atomikos.logging.Slf4jLogger:16] Starting read of logfile F:\iebm\workspace\alpha\branch\v1.0.3\alpha\alpha-self-diagnosis\transaction-logs\tmlog19.log
2018-01-06 16:13:57,198 INFO [com.atomikos.logging.Slf4jLogger:16] Done read of logfile
2018-01-06 16:13:57,199 INFO [com.atomikos.logging.Slf4jLogger:16] Logfile closed: F:\iebm\workspace\alpha\branch\v1.0.3\alpha\alpha-self-diagnosis\transaction-logs\tmlog19.log
2018-01-06 16:13:57,241 INFO [com.atomikos.logging.Slf4jLogger:16] USING core version: 3.9.3
2018-01-06 16:13:57,242 INFO [com.atomikos.logging.Slf4jLogger:16] USING com.atomikos.icatch.automatic_resource_registration = true
2018-01-06 16:13:57,242 INFO [com.atomikos.logging.Slf4jLogger:16] USING com.atomikos.icatch.client_demarcation = false
2018-01-06 16:13:57,242 INFO [com.atomikos.logging.Slf4jLogger:16] USING com.atomikos.icatch.threaded_2pc = false
2018-01-06 16:13:57,243 INFO [com.atomikos.logging.Slf4jLogger:16] USING com.atomikos.icatch.serial_jta_transactions = true
2018-01-06 16:13:57,243 INFO [com.atomikos.logging.Slf4jLogger:16] USING com.atomikos.icatch.serializable_logging = true
2018-01-06 16:13:57,244 INFO [com.atomikos.logging.Slf4jLogger:16] USING com.atomikos.icatch.log_base_dir = F:\iebm\workspace\alpha\branch\v1.0.3\alpha\alpha-self-diagnosis\transaction-logs
2018-01-06 16:13:57,245 INFO [com.atomikos.logging.Slf4jLogger:16] USING com.atomikos.icatch.max_actives = 50
2018-01-06 16:13:57,245 INFO [com.atomikos.logging.Slf4jLogger:16] USING com.atomikos.icatch.checkpoint_interval = 500
2018-01-06 16:13:57,246 INFO [com.atomikos.logging.Slf4jLogger:16] USING com.atomikos.icatch.enable_logging = true
2018-01-06 16:13:57,246 INFO [com.atomikos.logging.Slf4jLogger:16] USING com.atomikos.icatch.output_dir = .\
2018-01-06 16:13:57,246 INFO [com.atomikos.logging.Slf4jLogger:16] USING com.atomikos.icatch.log_base_name = tmlog
2018-01-06 16:13:57,247 INFO [com.atomikos.logging.Slf4jLogger:16] USING com.atomikos.icatch.max_timeout = 300000
2018-01-06 16:13:57,247 INFO [com.atomikos.logging.Slf4jLogger:16] USING com.atomikos.icatch.tm_unique_name = 192.168.29.54.tm
2018-01-06 16:13:57,249 INFO [com.atomikos.logging.Slf4jLogger:16] USING java.naming.factory.initial = com.sun.jndi.rmi.registry.RegistryContextFactory
2018-01-06 16:13:57,250 INFO [com.atomikos.logging.Slf4jLogger:16] USING java.naming.provider.url = rmi://localhost:1099
2018-01-06 16:13:57,251 INFO [com.atomikos.logging.Slf4jLogger:16] USING com.atomikos.icatch.service = com.atomikos.icatch.standalone.UserTransactionServiceFactory
2018-01-06 16:13:57,251 INFO [com.atomikos.logging.Slf4jLogger:16] USING com.atomikos.icatch.force_shutdown_on_vm_exit = false
2018-01-06 16:13:57,251 INFO [com.atomikos.logging.Slf4jLogger:16] USING com.atomikos.icatch.default_jta_timeout = 10000
2018-01-06 16:13:57,669 INFO [org.springframework.transaction.jta.JtaTransactionManager:490] Using JTA UserTransaction: com.atomikos.icatch.jta.UserTransactionManager@b875adc
2018-01-06 16:13:57,670 INFO [org.springframework.transaction.jta.JtaTransactionManager:501] Using JTA TransactionManager: com.atomikos.icatch.jta.UserTransactionManager@b875adc
2018-01-06 16:14:03,052 INFO [org.springframework.boot.devtools.autoconfigure.OptionalLiveReloadServer:58] LiveReload server is running on port 35729
2018-01-06 16:14:06,256 INFO [org.springframework.jmx.export.MBeanExporter:431] Registering beans for JMX exposure on startup
2018-01-06 16:14:06,263 INFO [org.springframework.jmx.export.MBeanExporter:916] Bean with name 'dataSource' has been autodetected for JMX exposure
2018-01-06 16:14:06,352 INFO [org.springframework.jmx.export.MBeanExporter:916] Bean with name 'environmentManager' has been autodetected for JMX exposure
2018-01-06 16:14:06,356 INFO [org.springframework.jmx.export.MBeanExporter:916] Bean with name 'configurationPropertiesRebinder' has been autodetected for JMX exposure
2018-01-06 16:14:06,358 INFO [org.springframework.jmx.export.MBeanExporter:916] Bean with name 'refreshScope' has been autodetected for JMX exposure
2018-01-06 16:14:06,370 INFO [org.springframework.jmx.export.MBeanExporter:678] Located managed bean 'environmentManager': registering with JMX server as MBean [org.springframework.cloud.context.environment:name=environmentManager,type=EnvironmentManager]
2018-01-06 16:14:06,446 INFO [org.springframework.jmx.export.MBeanExporter:678] Located managed bean 'refreshScope': registering with JMX server as MBean [org.springframework.cloud.context.scope.refresh:name=refreshScope,type=RefreshScope]
2018-01-06 16:14:06,581 INFO [org.springframework.jmx.export.MBeanExporter:678] Located managed bean 'configurationPropertiesRebinder': registering with JMX server as MBean [org.springframework.cloud.context.properties:name=configurationPropertiesRebinder,context=4d3f30c5,type=ConfigurationPropertiesRebinder]
2018-01-06 16:14:06,623 INFO [org.springframework.jmx.export.MBeanExporter:671] Located MBean 'dataSource': registering with JMX server as MBean [com.alibaba.druid.pool:name=dataSource,type=DruidDataSource]
2018-01-06 16:14:07,140 INFO [org.springframework.context.support.DefaultLifecycleProcessor$LifecycleGroup:343] Starting beans in phase 0
2018-01-06 16:14:07,170 INFO [org.springframework.cloud.netflix.eureka.InstanceInfoFactory:70] Setting initial instance status as: STARTING
2018-01-06 16:14:07,408 INFO [com.netflix.discovery.DiscoveryClient:344] Initializing Eureka in region us-east-1
2018-01-06 16:14:08,230 INFO [com.netflix.discovery.provider.DiscoveryJerseyProvider:70] Using JSON encoding codec LegacyJacksonJson
2018-01-06 16:14:08,231 INFO [com.netflix.discovery.provider.DiscoveryJerseyProvider:71] Using JSON decoding codec LegacyJacksonJson
2018-01-06 16:14:08,582 INFO [com.netflix.discovery.provider.DiscoveryJerseyProvider:80] Using XML encoding codec XStreamXml
2018-01-06 16:14:08,584 INFO [com.netflix.discovery.provider.DiscoveryJerseyProvider:81] Using XML decoding codec XStreamXml
2018-01-06 16:14:10,026 INFO [com.netflix.discovery.shared.resolver.aws.ConfigClusterResolver:43] Resolving eureka endpoints via configuration
2018-01-06 16:14:10,224 INFO [com.netflix.discovery.DiscoveryClient:920] Disable delta property : false
2018-01-06 16:14:10,225 INFO [com.netflix.discovery.DiscoveryClient:921] Single vip registry refresh property : null
2018-01-06 16:14:10,226 INFO [com.netflix.discovery.DiscoveryClient:922] Force full registry fetch : false
2018-01-06 16:14:10,227 INFO [com.netflix.discovery.DiscoveryClient:923] Application is null : false
2018-01-06 16:14:10,228 INFO [com.netflix.discovery.DiscoveryClient:924] Registered Applications size is zero : true
2018-01-06 16:14:10,229 INFO [com.netflix.discovery.DiscoveryClient:926] Application version is -1: true
2018-01-06 16:14:10,229 INFO [com.netflix.discovery.DiscoveryClient:1009] Getting all instance registry info from the eureka server
2018-01-06 16:14:11,468 INFO [com.netflix.discovery.DiscoveryClient:1018] The response status is 200
2018-01-06 16:14:11,472 INFO [com.netflix.discovery.DiscoveryClient:1244] Starting heartbeat executor: renew interval is: 5
2018-01-06 16:14:11,481 INFO [com.netflix.discovery.InstanceInfoReplicator:59] InstanceInfoReplicator onDemand update allowed rate per min is 4
2018-01-06 16:14:11,493 INFO [com.netflix.discovery.DiscoveryClient:425] Discovery Client initialized at timestamp 1515226451492 with initial instances count: 0
2018-01-06 16:14:11,975 INFO [org.springframework.cloud.netflix.eureka.serviceregistry.EurekaServiceRegistry:40] Registering application alpha-self-diagnosis with eureka with status UP
2018-01-06 16:14:11,980 INFO [com.netflix.discovery.DiscoveryClient$3:1279] Saw local status change event StatusChangeEvent [timestamp=1515226451980, current=UP, previous=STARTING]
2018-01-06 16:14:12,003 INFO [com.netflix.discovery.DiscoveryClient:795] DiscoveryClient_ALPHA-SELF-DIAGNOSIS/PC-20160606PUVI:alpha-self-diagnosis:19092: registering service...
2018-01-06 16:14:12,035 INFO [org.springframework.scheduling.annotation.ScheduledAnnotationBeanPostProcessor:262] No TaskScheduler/ScheduledExecutorService bean found for scheduled processing
2018-01-06 16:14:12,195 INFO [org.apache.juli.logging.DirectJDKLog:179] Initializing ProtocolHandler ["http-nio-19092"]
2018-01-06 16:14:12,330 INFO [org.apache.juli.logging.DirectJDKLog:179] Starting ProtocolHandler ["http-nio-19092"]
2018-01-06 16:14:12,352 INFO [com.netflix.discovery.DiscoveryClient:804] DiscoveryClient_ALPHA-SELF-DIAGNOSIS/PC-20160606PUVI:alpha-self-diagnosis:19092 - registration status: 204
2018-01-06 16:14:12,403 INFO [org.apache.juli.logging.DirectJDKLog:179] Using a shared selector for servlet write/read
2018-01-06 16:14:12,550 INFO [org.springframework.boot.context.embedded.tomcat.TomcatEmbeddedServletContainer:201] Tomcat started on port(s): 19092 (http)
2018-01-06 16:14:12,554 INFO [org.springframework.cloud.netflix.eureka.serviceregistry.EurekaAutoServiceRegistration:117] Updating port to 19092
2018-01-06 16:14:12,568 INFO [org.springframework.boot.StartupInfoLogger:57] Started AlphaApplication in 62.529 seconds (JVM running for 64.316)
2018-01-06 16:14:16,473 INFO [com.netflix.discovery.DiscoveryClient:920] Disable delta property : false
2018-01-06 16:14:16,475 INFO [com.netflix.discovery.DiscoveryClient:921] Single vip registry refresh property : null
2018-01-06 16:14:16,479 INFO [com.netflix.discovery.DiscoveryClient:922] Force full registry fetch : false
2018-01-06 16:14:16,481 INFO [com.netflix.discovery.DiscoveryClient:923] Application is null : false
2018-01-06 16:14:16,482 INFO [com.netflix.discovery.DiscoveryClient:924] Registered Applications size is zero : true
2018-01-06 16:14:16,483 INFO [com.netflix.discovery.DiscoveryClient:926] Application version is -1: false
2018-01-06 16:14:16,485 INFO [com.netflix.discovery.DiscoveryClient:1009] Getting all instance registry info from the eureka server
2018-01-06 16:14:16,490 INFO [com.netflix.discovery.DiscoveryClient:1018] The response status is 200
2018-01-06 16:14:21,495 INFO [com.netflix.discovery.DiscoveryClient:920] Disable delta property : false
2018-01-06 16:14:21,496 INFO [com.netflix.discovery.DiscoveryClient:921] Single vip registry refresh property : null
2018-01-06 16:14:21,496 INFO [com.netflix.discovery.DiscoveryClient:922] Force full registry fetch : false
2018-01-06 16:14:21,496 INFO [com.netflix.discovery.DiscoveryClient:923] Application is null : false
2018-01-06 16:14:21,497 INFO [com.netflix.discovery.DiscoveryClient:924] Registered Applications size is zero : true
2018-01-06 16:14:21,497 INFO [com.netflix.discovery.DiscoveryClient:926] Application version is -1: false
2018-01-06 16:14:21,501 INFO [com.netflix.discovery.DiscoveryClient:1009] Getting all instance registry info from the eureka server
2018-01-06 16:14:21,507 INFO [com.netflix.discovery.DiscoveryClient:1018] The response status is 200
2018-01-06 16:14:26,508 INFO [com.netflix.discovery.DiscoveryClient:920] Disable delta property : false
2018-01-06 16:14:26,508 INFO [com.netflix.discovery.DiscoveryClient:921] Single vip registry refresh property : null
2018-01-06 16:14:26,508 INFO [com.netflix.discovery.DiscoveryClient:922] Force full registry fetch : false
2018-01-06 16:14:26,508 INFO [com.netflix.discovery.DiscoveryClient:923] Application is null : false
2018-01-06 16:14:26,509 INFO [com.netflix.discovery.DiscoveryClient:924] Registered Applications size is zero : true
2018-01-06 16:14:26,509 INFO [com.netflix.discovery.DiscoveryClient:926] Application version is -1: false
2018-01-06 16:14:26,509 INFO [com.netflix.discovery.DiscoveryClient:1009] Getting all instance registry info from the eureka server
2018-01-06 16:14:26,512 INFO [com.netflix.discovery.DiscoveryClient:1018] The response status is 200
2018-01-06 16:14:31,514 INFO [com.netflix.discovery.DiscoveryClient:920] Disable delta property : false
2018-01-06 16:14:31,515 INFO [com.netflix.discovery.DiscoveryClient:921] Single vip registry refresh property : null
2018-01-06 16:14:31,515 INFO [com.netflix.discovery.DiscoveryClient:922] Force full registry fetch : false
2018-01-06 16:14:31,517 INFO [com.netflix.discovery.DiscoveryClient:923] Application is null : false
2018-01-06 16:14:31,517 INFO [com.netflix.discovery.DiscoveryClient:924] Registered Applications size is zero : true
2018-01-06 16:14:31,517 INFO [com.netflix.discovery.DiscoveryClient:926] Application version is -1: false
2018-01-06 16:14:31,518 INFO [com.netflix.discovery.DiscoveryClient:1009] Getting all instance registry info from the eureka server
2018-01-06 16:14:31,524 INFO [com.netflix.discovery.DiscoveryClient:1018] The response status is 200
2018-01-06 16:14:36,527 INFO [com.netflix.discovery.DiscoveryClient:920] Disable delta property : false
2018-01-06 16:14:36,527 INFO [com.netflix.discovery.DiscoveryClient:921] Single vip registry refresh property : null
2018-01-06 16:14:36,527 INFO [com.netflix.discovery.DiscoveryClient:922] Force full registry fetch : false
2018-01-06 16:14:36,527 INFO [com.netflix.discovery.DiscoveryClient:923] Application is null : false
2018-01-06 16:14:36,528 INFO [com.netflix.discovery.DiscoveryClient:924] Registered Applications size is zero : true
2018-01-06 16:14:36,528 INFO [com.netflix.discovery.DiscoveryClient:926] Application version is -1: false
2018-01-06 16:14:36,528 INFO [com.netflix.discovery.DiscoveryClient:1009] Getting all instance registry info from the eureka server
2018-01-06 16:14:36,571 INFO [com.netflix.discovery.DiscoveryClient:1018] The response status is 200
2018-01-06 16:15:00,111 INFO [com.atomikos.logging.Slf4jLogger:16] THREADS: using JDK thread pooling...
2018-01-06 16:15:00,160 INFO [com.atomikos.logging.Slf4jLogger:16] createCompositeTransaction ( 10000 ): created new ROOT transaction with id 192.168.29.54.tm0000100021
2018-01-06 16:15:01,157 INFO [com.atomikos.logging.Slf4jLogger:16] commit() done (by application) of transaction 192.168.29.54.tm0000100021
2018-01-06 16:16:42,414 INFO [org.apache.juli.logging.DirectJDKLog:179] Initializing Spring FrameworkServlet 'dispatcherServlet'
2018-01-06 16:16:42,415 INFO [org.springframework.web.servlet.FrameworkServlet:489] FrameworkServlet 'dispatcherServlet': initialization started
2018-01-06 16:16:42,655 INFO [org.springframework.web.servlet.FrameworkServlet:508] FrameworkServlet 'dispatcherServlet': initialization completed in 239 ms
2018-01-06 16:17:04,368 INFO [com.atomikos.logging.Slf4jLogger:16] createCompositeTransaction ( 10000 ): created new ROOT transaction with id 192.168.29.54.tm0000200021
2018-01-06 16:17:04,459 INFO [com.atomikos.logging.Slf4jLogger:16] commit() done (by application) of transaction 192.168.29.54.tm0000200021
2018-01-06 16:19:10,240 INFO [com.netflix.discovery.shared.resolver.aws.ConfigClusterResolver:43] Resolving eureka endpoints via configuration
2018-01-06 16:19:52,114 INFO [com.atomikos.logging.Slf4jLogger:16] createCompositeTransaction ( 10000 ): created new ROOT transaction with id 192.168.29.54.tm0000300021
2018-01-06 16:19:52,122 INFO [com.atomikos.logging.Slf4jLogger:16] commit() done (by application) of transaction 192.168.29.54.tm0000300021
2018-01-06 16:20:00,005 INFO [com.atomikos.logging.Slf4jLogger:16] createCompositeTransaction ( 10000 ): created new ROOT transaction with id 192.168.29.54.tm0000400021
2018-01-06 16:20:00,019 INFO [com.atomikos.logging.Slf4jLogger:16] commit() done (by application) of transaction 192.168.29.54.tm0000400021
2018-01-06 16:21:53,005 INFO [com.alpha.self.diagnosis.controller.DiagnosisController:89] 生成问诊编号,为导诊做准备: 1003 1
2018-01-06 16:21:53,006 INFO [com.atomikos.logging.Slf4jLogger:16] createCompositeTransaction ( 10000 ): created new ROOT transaction with id 192.168.29.54.tm0000500021
2018-01-06 16:21:53,087 INFO [com.alpha.self.diagnosis.service.impl.BasicAnswerServiceImpl:23] findByQuestionCode.questionCode is 1000
2018-01-06 16:21:53,234 INFO [com.atomikos.logging.Slf4jLogger:16] commit() done (by application) of transaction 192.168.29.54.tm0000500021
2018-01-06 16:22:17,165 INFO [com.atomikos.logging.Slf4jLogger:16] createCompositeTransaction ( 10000 ): created new ROOT transaction with id 192.168.29.54.tm0000600021
2018-01-06 16:22:17,375 INFO [com.atomikos.logging.Slf4jLogger:16] commit() done (by application) of transaction 192.168.29.54.tm0000600021
2018-01-06 16:22:17,486 INFO [com.alpha.self.diagnosis.controller.DiagnosisController:142] 循环获取下一个问题: {"diagnosisId":3861,"inType":1,"userId":"1003"}
2018-01-06 16:22:17,488 INFO [com.atomikos.logging.Slf4jLogger:16] createCompositeTransaction ( 10000 ): created new ROOT transaction with id 192.168.29.54.tm0000700021
2018-01-06 16:22:17,495 INFO [com.atomikos.logging.Slf4jLogger:16] commit() done (by application) of transaction 192.168.29.54.tm0000700021
2018-01-06 16:22:17,497 INFO [com.atomikos.logging.Slf4jLogger:16] createCompositeTransaction ( 10000 ): created new ROOT transaction with id 192.168.29.54.tm0000800021
2018-01-06 16:22:17,620 INFO [com.atomikos.logging.Slf4jLogger:16] commit() done (by application) of transaction 192.168.29.54.tm0000800021
2018-01-06 16:22:17,642 INFO [com.alpha.self.diagnosis.controller.DiagnosisController:142] 循环获取下一个问题: {"answers":[{"answerTitle":"xxx","content":"xxx"}],"diagnosisId":3861,"inType":1,"questionCode":"9990","sympCode":"54","systemType":"pre","type":99,"userId":"1003"}
2018-01-06 16:22:17,643 INFO [com.atomikos.logging.Slf4jLogger:16] createCompositeTransaction ( 10000 ): created new ROOT transaction with id 192.168.29.54.tm0000900021
2018-01-06 16:22:17,666 INFO [com.atomikos.logging.Slf4jLogger:16] commit() done (by application) of transaction 192.168.29.54.tm0000900021
2018-01-06 16:22:17,794 INFO [com.alpha.self.diagnosis.service.impl.SymptomMainServiceImpl:51] getMainSymptomsQuestion start with 3861
2018-01-06 16:22:17,927 INFO [com.alpha.self.diagnosis.controller.DiagnosisController:142] 循环获取下一个问题: {"answers":[{"answerTitle":"腹泻","content":"54"}],"diagnosisId":3861,"inType":1,"questionCode":"9992","sympCode":"54","type":100,"userId":"1003"}
2018-01-06 16:22:17,928 INFO [com.atomikos.logging.Slf4jLogger:16] createCompositeTransaction ( 10000 ): created new ROOT transaction with id 192.168.29.54.tm0001000021
2018-01-06 16:22:17,934 INFO [com.atomikos.logging.Slf4jLogger:16] commit() done (by application) of transaction 192.168.29.54.tm0001000021
2018-01-06 16:22:18,410 INFO [com.alpha.self.diagnosis.service.impl.MedicineAnswerServiceImpl:256] 脓血便所属大类为血样便
2018-01-06 16:22:18,411 INFO [com.alpha.self.diagnosis.service.impl.MedicineAnswerServiceImpl:256] 脓血便所属大类为血样便
2018-01-06 16:22:18,412 INFO [com.alpha.self.diagnosis.service.impl.MedicineAnswerServiceImpl:256] 脓血便所属大类为血样便
2018-01-06 16:22:18,413 INFO [com.alpha.self.diagnosis.service.impl.MedicineAnswerServiceImpl:256] 血水样便所属大类为血样便
2018-01-06 16:22:18,415 INFO [com.alpha.self.diagnosis.service.impl.MedicineAnswerServiceImpl:256] 脓血便所属大类为血样便
2018-01-06 16:22:18,432 INFO [com.alpha.self.diagnosis.service.impl.MedicineAnswerServiceImpl:256] 血水样便所属大类为血样便
2018-01-06 16:22:18,435 INFO [com.alpha.self.diagnosis.service.impl.MedicineAnswerServiceImpl:256] 脓血便所属大类为血样便
2018-01-06 16:22:18,436 INFO [com.alpha.self.diagnosis.service.impl.MedicineAnswerServiceImpl:256] 脓血便所属大类为血样便
2018-01-06 16:22:18,438 INFO [com.alpha.self.diagnosis.service.impl.MedicineAnswerServiceImpl:256] 脓血便所属大类为血样便
2018-01-06 16:22:18,439 INFO [com.alpha.self.diagnosis.service.impl.MedicineAnswerServiceImpl:256] 脓血便所属大类为血样便
2018-01-06 16:22:18,440 INFO [com.alpha.self.diagnosis.service.impl.MedicineAnswerServiceImpl:256] 血丝便所属大类为血样便
2018-01-06 16:22:18,441 INFO [com.alpha.self.diagnosis.service.impl.MedicineAnswerServiceImpl:256] 脓血便所属大类为血样便
2018-01-06 16:22:18,441 INFO [com.alpha.self.diagnosis.service.impl.MedicineAnswerServiceImpl:256] 脓血便所属大类为血样便
2018-01-06 16:22:18,442 INFO [com.alpha.self.diagnosis.service.impl.MedicineAnswerServiceImpl:256] 脓血便所属大类为血样便
2018-01-06 16:22:18,442 INFO [com.alpha.self.diagnosis.service.impl.MedicineAnswerServiceImpl:256] 脓血便所属大类为血样便
2018-01-06 16:22:18,443 INFO [com.alpha.self.diagnosis.service.impl.MedicineAnswerServiceImpl:256] 脓血便所属大类为血样便
2018-01-06 16:22:18,443 INFO [com.alpha.self.diagnosis.service.impl.MedicineAnswerServiceImpl:256] 脓血便所属大类为血样便
2018-01-06 16:22:18,444 INFO [com.alpha.self.diagnosis.service.impl.MedicineAnswerServiceImpl:256] 血水样便所属大类为血样便
2018-01-06 16:22:18,444 INFO [com.alpha.self.diagnosis.service.impl.MedicineAnswerServiceImpl:256] 脓血便所属大类为血样便
2018-01-06 16:22:18,445 INFO [com.alpha.self.diagnosis.service.impl.MedicineAnswerServiceImpl:256] 血水样便所属大类为血样便
2018-01-06 16:22:18,445 INFO [com.alpha.self.diagnosis.service.impl.MedicineAnswerServiceImpl:256] 脓血便所属大类为血样便
2018-01-06 16:22:18,446 INFO [com.alpha.self.diagnosis.service.impl.MedicineAnswerServiceImpl:256] 脓血便所属大类为血样便
2018-01-06 16:22:18,447 INFO [com.alpha.self.diagnosis.service.impl.MedicineAnswerServiceImpl:256] 血水样便所属大类为血样便
2018-01-06 16:22:18,447 INFO [com.alpha.self.diagnosis.service.impl.MedicineAnswerServiceImpl:256] 脓血便所属大类为血样便
2018-01-06 16:22:18,448 INFO [com.alpha.self.diagnosis.service.impl.MedicineAnswerServiceImpl:256] 血水样便所属大类为血样便
2018-01-06 16:22:18,448 INFO [com.alpha.self.diagnosis.service.impl.MedicineAnswerServiceImpl:256] 脓血便所属大类为血样便
2018-01-06 16:22:19,422 INFO [com.alpha.self.diagnosis.controller.DiagnosisController:142] 循环获取下一个问题: {"answers":[{"answerTitle":"稀水样便","content":"14554"}],"diagnosisId":3861,"inType":1,"questionCode":"3316","sympCode":"54","type":101,"userId":"1003"}
2018-01-06 16:22:19,423 INFO [com.atomikos.logging.Slf4jLogger:16] createCompositeTransaction ( 10000 ): created new ROOT transaction with id 192.168.29.54.tm0001100021
2018-01-06 16:22:19,429 INFO [com.atomikos.logging.Slf4jLogger:16] commit() done (by application) of transaction 192.168.29.54.tm0001100021
2018-01-06 16:22:19,494 INFO [com.alpha.self.diagnosis.service.impl.MedicineAnswerServiceImpl:122] 开始处理问题3316的隐藏答案
2018-01-06 16:22:19,499 INFO [com.alpha.self.diagnosis.service.impl.MedicineAnswerServiceImpl:140] 问题3316的隐藏答案为[14484, 14482]
2018-01-06 16:22:20,584 INFO [com.alpha.self.diagnosis.utils.MedicineSortUtil:33] 首选疾病：致病性大肠埃希菌肠炎
2018-01-06 16:22:20,739 INFO [com.alpha.self.diagnosis.controller.DiagnosisController:142] 循环获取下一个问题: {"answers":[{"answerTitle":"","content":"1天"}],"diagnosisId":3861,"inType":1,"questionCode":"3319","sympCode":"54","type":101,"userId":"1003"}
2018-01-06 16:22:20,740 INFO [com.atomikos.logging.Slf4jLogger:16] createCompositeTransaction ( 10000 ): created new ROOT transaction with id 192.168.29.54.tm0001200021
2018-01-06 16:22:20,747 INFO [com.atomikos.logging.Slf4jLogger:16] commit() done (by application) of transaction 192.168.29.54.tm0001200021
2018-01-06 16:22:20,796 ERROR [com.alpha.self.diagnosis.service.impl.MedicineAnswerServiceImpl:95] 页面的答案没能与知识库的答案匹配
2018-01-06 16:22:21,372 INFO [com.alpha.self.diagnosis.utils.MedicineSortUtil:33] 首选疾病：致病性大肠埃希菌肠炎
2018-01-06 16:22:21,513 INFO [com.alpha.self.diagnosis.controller.DiagnosisController:142] 循环获取下一个问题: {"answers":[{"answerTitle":"14515","content":"<10次"}],"diagnosisId":3861,"inType":1,"questionCode":"3320","sympCode":"54","type":101,"userId":"1003"}
2018-01-06 16:22:21,514 INFO [com.atomikos.logging.Slf4jLogger:16] createCompositeTransaction ( 10000 ): created new ROOT transaction with id 192.168.29.54.tm0001300021
2018-01-06 16:22:21,519 INFO [com.atomikos.logging.Slf4jLogger:16] commit() done (by application) of transaction 192.168.29.54.tm0001300021
2018-01-06 16:22:22,377 INFO [com.alpha.self.diagnosis.utils.MedicineSortUtil:33] 首选疾病：致病性大肠埃希菌肠炎
2018-01-06 16:22:22,457 INFO [com.alpha.self.diagnosis.controller.DiagnosisController:142] 循环获取下一个问题: {"answers":[{"answerTitle":"急","content":"14516"}],"diagnosisId":3861,"inType":1,"questionCode":"3321","sympCode":"54","type":101,"userId":"1003"}
2018-01-06 16:22:22,461 INFO [com.atomikos.logging.Slf4jLogger:16] createCompositeTransaction ( 10000 ): created new ROOT transaction with id 192.168.29.54.tm0001400021
2018-01-06 16:22:22,467 INFO [com.atomikos.logging.Slf4jLogger:16] commit() done (by application) of transaction 192.168.29.54.tm0001400021
2018-01-06 16:22:23,054 INFO [com.alpha.self.diagnosis.utils.MedicineSortUtil:33] 首选疾病：轮状病毒肠炎
2018-01-06 16:22:23,216 INFO [com.alpha.self.diagnosis.controller.DiagnosisController:142] 循环获取下一个问题: {"answers":[{"answerTitle":"个人","content":"14645"}],"diagnosisId":3861,"inType":1,"questionCode":"3322","sympCode":"54","type":101,"userId":"1003"}
2018-01-06 16:22:23,217 INFO [com.atomikos.logging.Slf4jLogger:16] createCompositeTransaction ( 10000 ): created new ROOT transaction with id 192.168.29.54.tm0001500021
2018-01-06 16:22:23,267 INFO [com.atomikos.logging.Slf4jLogger:16] commit() done (by application) of transaction 192.168.29.54.tm0001500021
2018-01-06 16:22:24,375 INFO [com.alpha.self.diagnosis.utils.MedicineSortUtil:33] 首选疾病：轮状病毒肠炎
2018-01-06 16:22:24,508 INFO [com.alpha.self.diagnosis.controller.DiagnosisController:142] 循环获取下一个问题: {"answers":[{"answerTitle":"无腥臭","content":"14703"}],"diagnosisId":3861,"inType":1,"questionCode":"3323","sympCode":"54","type":101,"userId":"1003"}
2018-01-06 16:22:24,515 INFO [com.atomikos.logging.Slf4jLogger:16] createCompositeTransaction ( 10000 ): created new ROOT transaction with id 192.168.29.54.tm0001600021
2018-01-06 16:22:24,521 INFO [com.atomikos.logging.Slf4jLogger:16] commit() done (by application) of transaction 192.168.29.54.tm0001600021
2018-01-06 16:22:25,155 INFO [com.alpha.self.diagnosis.utils.MedicineSortUtil:33] 首选疾病：轮状病毒肠炎
2018-01-06 16:22:25,277 INFO [com.alpha.self.diagnosis.controller.DiagnosisController:142] 循环获取下一个问题: {"answers":[{"answerTitle":"淡绿色","content":"14523"}],"diagnosisId":3861,"inType":1,"questionCode":"3324","sympCode":"54","type":101,"userId":"1003"}
2018-01-06 16:22:25,278 INFO [com.atomikos.logging.Slf4jLogger:16] createCompositeTransaction ( 10000 ): created new ROOT transaction with id 192.168.29.54.tm0001700021
2018-01-06 16:22:25,301 INFO [com.atomikos.logging.Slf4jLogger:16] commit() done (by application) of transaction 192.168.29.54.tm0001700021
2018-01-06 16:22:25,833 INFO [com.alpha.self.diagnosis.utils.MedicineSortUtil:33] 首选疾病：诺瓦克（诺如）病毒肠炎
2018-01-06 16:22:25,940 INFO [com.alpha.self.diagnosis.controller.DiagnosisController:142] 循环获取下一个问题: {"answers":[{"answerTitle":"不洁的食物","content":"14529"}],"diagnosisId":3861,"inType":1,"questionCode":"3325","sympCode":"54","type":101,"userId":"1003"}
2018-01-06 16:22:25,941 INFO [com.atomikos.logging.Slf4jLogger:16] createCompositeTransaction ( 10000 ): created new ROOT transaction with id 192.168.29.54.tm0001800021
2018-01-06 16:22:25,946 INFO [com.atomikos.logging.Slf4jLogger:16] commit() done (by application) of transaction 192.168.29.54.tm0001800021
2018-01-06 16:22:26,758 INFO [com.alpha.self.diagnosis.service.impl.SymptomAccompanyServiceImpl:149] 首选疾病：诺瓦克（诺如）病毒肠炎
2018-01-06 16:22:26,849 INFO [com.alpha.self.diagnosis.controller.DiagnosisController:142] 循环获取下一个问题: {"answers":[{"answerTitle":"腹胀","content":"1006"},{"answerTitle":"咳嗽","content":"1008"},{"answerTitle":"低热（37.5-38℃）","content":"604614"},{"answerTitle":"非喷射性呕吐","content":"604605"}],"diagnosisId":3861,"inType":1,"questionCode":"3338","sympCode":"54","type":102,"userId":"1003"}
2018-01-06 16:22:26,850 INFO [com.atomikos.logging.Slf4jLogger:16] createCompositeTransaction ( 10000 ): created new ROOT transaction with id 192.168.29.54.tm0001900021
2018-01-06 16:22:26,863 INFO [com.atomikos.logging.Slf4jLogger:16] commit() done (by application) of transaction 192.168.29.54.tm0001900021
2018-01-06 16:22:26,990 INFO [com.atomikos.logging.Slf4jLogger:16] createCompositeTransaction ( 10000 ): created new ROOT transaction with id 192.168.29.54.tm0002000021
2018-01-06 16:22:27,128 INFO [com.atomikos.logging.Slf4jLogger:16] commit() done (by application) of transaction 192.168.29.54.tm0002000021
2018-01-06 16:22:27,976 INFO [com.alpha.self.diagnosis.service.impl.MedicineQuestionServiceImpl:412] 生成诊断结果3861
2018-01-06 16:24:10,247 INFO [com.netflix.discovery.shared.resolver.aws.ConfigClusterResolver:43] Resolving eureka endpoints via configuration
2018-01-06 16:24:36,773 INFO [com.alpha.self.diagnosis.controller.DiagnosisController:89] 生成问诊编号,为导诊做准备: 1012 1
2018-01-06 16:24:36,775 INFO [com.atomikos.logging.Slf4jLogger:16] createCompositeTransaction ( 10000 ): created new ROOT transaction with id 192.168.29.54.tm0002100021
2018-01-06 16:24:36,784 INFO [com.alpha.self.diagnosis.service.impl.BasicAnswerServiceImpl:23] findByQuestionCode.questionCode is 1000
2018-01-06 16:24:36,800 INFO [com.atomikos.logging.Slf4jLogger:16] commit() done (by application) of transaction 192.168.29.54.tm0002100021
2018-01-06 16:25:00,006 INFO [com.atomikos.logging.Slf4jLogger:16] createCompositeTransaction ( 10000 ): created new ROOT transaction with id 192.168.29.54.tm0002200021
2018-01-06 16:25:00,017 INFO [com.atomikos.logging.Slf4jLogger:16] commit() done (by application) of transaction 192.168.29.54.tm0002200021
2018-01-06 16:25:15,217 INFO [com.atomikos.logging.Slf4jLogger:16] createCompositeTransaction ( 10000 ): created new ROOT transaction with id 192.168.29.54.tm0002300021
2018-01-06 16:25:15,250 INFO [com.atomikos.logging.Slf4jLogger:16] commit() done (by application) of transaction 192.168.29.54.tm0002300021
2018-01-06 16:25:15,296 INFO [com.alpha.self.diagnosis.controller.DiagnosisController:142] 循环获取下一个问题: {"diagnosisId":3861,"inType":1,"userId":"1012"}
2018-01-06 16:25:15,297 INFO [com.atomikos.logging.Slf4jLogger:16] createCompositeTransaction ( 10000 ): created new ROOT transaction with id 192.168.29.54.tm0002400021
2018-01-06 16:25:15,301 INFO [com.atomikos.logging.Slf4jLogger:16] commit() done (by application) of transaction 192.168.29.54.tm0002400021
2018-01-06 16:25:15,304 INFO [com.atomikos.logging.Slf4jLogger:16] createCompositeTransaction ( 10000 ): created new ROOT transaction with id 192.168.29.54.tm0002500021
2018-01-06 16:25:15,372 INFO [com.atomikos.logging.Slf4jLogger:16] commit() done (by application) of transaction 192.168.29.54.tm0002500021
2018-01-06 16:25:15,385 INFO [com.alpha.self.diagnosis.controller.DiagnosisController:142] 循环获取下一个问题: {"answers":[{"answerTitle":"xxx","content":"xxx"}],"diagnosisId":3861,"inType":1,"questionCode":"9990","sympCode":"54","systemType":"pre","type":99,"userId":"1012"}
2018-01-06 16:25:15,386 INFO [com.atomikos.logging.Slf4jLogger:16] createCompositeTransaction ( 10000 ): created new ROOT transaction with id 192.168.29.54.tm0002600021
2018-01-06 16:25:15,390 INFO [com.atomikos.logging.Slf4jLogger:16] commit() done (by application) of transaction 192.168.29.54.tm0002600021
2018-01-06 16:25:15,405 INFO [com.alpha.self.diagnosis.service.impl.SymptomMainServiceImpl:51] getMainSymptomsQuestion start with 3861
2018-01-06 16:25:15,469 INFO [com.alpha.self.diagnosis.controller.DiagnosisController:142] 循环获取下一个问题: {"answers":[{"answerTitle":"腹泻","content":"54"}],"diagnosisId":3861,"inType":1,"questionCode":"9992","sympCode":"54","type":100,"userId":"1012"}
2018-01-06 16:25:15,469 INFO [com.atomikos.logging.Slf4jLogger:16] createCompositeTransaction ( 10000 ): created new ROOT transaction with id 192.168.29.54.tm0002700021
2018-01-06 16:25:15,472 INFO [com.atomikos.logging.Slf4jLogger:16] commit() done (by application) of transaction 192.168.29.54.tm0002700021
2018-01-06 16:25:15,541 INFO [com.alpha.self.diagnosis.service.impl.MedicineAnswerServiceImpl:256] 脓血便所属大类为血样便
2018-01-06 16:25:15,541 INFO [com.alpha.self.diagnosis.service.impl.MedicineAnswerServiceImpl:256] 脓血便所属大类为血样便
2018-01-06 16:25:15,542 INFO [com.alpha.self.diagnosis.service.impl.MedicineAnswerServiceImpl:256] 脓血便所属大类为血样便
2018-01-06 16:25:15,543 INFO [com.alpha.self.diagnosis.service.impl.MedicineAnswerServiceImpl:256] 血水样便所属大类为血样便
2018-01-06 16:25:15,543 INFO [com.alpha.self.diagnosis.service.impl.MedicineAnswerServiceImpl:256] 脓血便所属大类为血样便
2018-01-06 16:25:15,544 INFO [com.alpha.self.diagnosis.service.impl.MedicineAnswerServiceImpl:256] 血水样便所属大类为血样便
2018-01-06 16:25:15,544 INFO [com.alpha.self.diagnosis.service.impl.MedicineAnswerServiceImpl:256] 脓血便所属大类为血样便
2018-01-06 16:25:15,545 INFO [com.alpha.self.diagnosis.service.impl.MedicineAnswerServiceImpl:256] 脓血便所属大类为血样便
2018-01-06 16:25:15,545 INFO [com.alpha.self.diagnosis.service.impl.MedicineAnswerServiceImpl:256] 脓血便所属大类为血样便
2018-01-06 16:25:15,545 INFO [com.alpha.self.diagnosis.service.impl.MedicineAnswerServiceImpl:256] 脓血便所属大类为血样便
2018-01-06 16:25:15,546 INFO [com.alpha.self.diagnosis.service.impl.MedicineAnswerServiceImpl:256] 血丝便所属大类为血样便
2018-01-06 16:25:15,546 INFO [com.alpha.self.diagnosis.service.impl.MedicineAnswerServiceImpl:256] 脓血便所属大类为血样便
2018-01-06 16:25:15,547 INFO [com.alpha.self.diagnosis.service.impl.MedicineAnswerServiceImpl:256] 脓血便所属大类为血样便
2018-01-06 16:25:15,547 INFO [com.alpha.self.diagnosis.service.impl.MedicineAnswerServiceImpl:256] 脓血便所属大类为血样便
2018-01-06 16:25:15,547 INFO [com.alpha.self.diagnosis.service.impl.MedicineAnswerServiceImpl:256] 脓血便所属大类为血样便
2018-01-06 16:25:15,548 INFO [com.alpha.self.diagnosis.service.impl.MedicineAnswerServiceImpl:256] 脓血便所属大类为血样便
2018-01-06 16:25:15,549 INFO [com.alpha.self.diagnosis.service.impl.MedicineAnswerServiceImpl:256] 脓血便所属大类为血样便
2018-01-06 16:25:15,549 INFO [com.alpha.self.diagnosis.service.impl.MedicineAnswerServiceImpl:256] 血水样便所属大类为血样便
2018-01-06 16:25:15,550 INFO [com.alpha.self.diagnosis.service.impl.MedicineAnswerServiceImpl:256] 脓血便所属大类为血样便
2018-01-06 16:25:15,551 INFO [com.alpha.self.diagnosis.service.impl.MedicineAnswerServiceImpl:256] 血水样便所属大类为血样便
2018-01-06 16:25:15,551 INFO [com.alpha.self.diagnosis.service.impl.MedicineAnswerServiceImpl:256] 脓血便所属大类为血样便
2018-01-06 16:25:15,552 INFO [com.alpha.self.diagnosis.service.impl.MedicineAnswerServiceImpl:256] 脓血便所属大类为血样便
2018-01-06 16:25:15,552 INFO [com.alpha.self.diagnosis.service.impl.MedicineAnswerServiceImpl:256] 血水样便所属大类为血样便
2018-01-06 16:25:15,553 INFO [com.alpha.self.diagnosis.service.impl.MedicineAnswerServiceImpl:256] 脓血便所属大类为血样便
2018-01-06 16:25:15,553 INFO [com.alpha.self.diagnosis.service.impl.MedicineAnswerServiceImpl:256] 血水样便所属大类为血样便
2018-01-06 16:25:15,554 INFO [com.alpha.self.diagnosis.service.impl.MedicineAnswerServiceImpl:256] 脓血便所属大类为血样便
2018-01-06 16:25:15,892 INFO [com.alpha.self.diagnosis.controller.DiagnosisController:142] 循环获取下一个问题: {"answers":[{"answerTitle":"稀水样便","content":"14554"}],"diagnosisId":3861,"inType":1,"questionCode":"3316","sympCode":"54","type":101,"userId":"1012"}
2018-01-06 16:25:15,893 INFO [com.atomikos.logging.Slf4jLogger:16] createCompositeTransaction ( 10000 ): created new ROOT transaction with id 192.168.29.54.tm0002800021
2018-01-06 16:25:15,896 INFO [com.atomikos.logging.Slf4jLogger:16] commit() done (by application) of transaction 192.168.29.54.tm0002800021
2018-01-06 16:25:15,911 INFO [com.alpha.self.diagnosis.service.impl.MedicineAnswerServiceImpl:122] 开始处理问题3316的隐藏答案
2018-01-06 16:25:15,912 INFO [com.alpha.self.diagnosis.service.impl.MedicineAnswerServiceImpl:140] 问题3316的隐藏答案为[14484, 14482]
2018-01-06 16:25:16,544 INFO [com.alpha.self.diagnosis.utils.MedicineSortUtil:33] 首选疾病：致病性大肠埃希菌肠炎
2018-01-06 16:25:16,619 INFO [com.alpha.self.diagnosis.controller.DiagnosisController:142] 循环获取下一个问题: {"answers":[{"answerTitle":"","content":"1天"}],"diagnosisId":3861,"inType":1,"questionCode":"3319","sympCode":"54","type":101,"userId":"1012"}
2018-01-06 16:25:16,620 INFO [com.atomikos.logging.Slf4jLogger:16] createCompositeTransaction ( 10000 ): created new ROOT transaction with id 192.168.29.54.tm0002900021
2018-01-06 16:25:16,641 INFO [com.atomikos.logging.Slf4jLogger:16] commit() done (by application) of transaction 192.168.29.54.tm0002900021
2018-01-06 16:25:16,692 ERROR [com.alpha.self.diagnosis.service.impl.MedicineAnswerServiceImpl:95] 页面的答案没能与知识库的答案匹配
2018-01-06 16:25:16,973 INFO [com.alpha.self.diagnosis.utils.MedicineSortUtil:33] 首选疾病：致病性大肠埃希菌肠炎
2018-01-06 16:25:17,017 INFO [com.alpha.self.diagnosis.controller.DiagnosisController:142] 循环获取下一个问题: {"answers":[{"answerTitle":"14515","content":"<10次"}],"diagnosisId":3861,"inType":1,"questionCode":"3320","sympCode":"54","type":101,"userId":"1012"}
2018-01-06 16:25:17,018 INFO [com.atomikos.logging.Slf4jLogger:16] createCompositeTransaction ( 10000 ): created new ROOT transaction with id 192.168.29.54.tm0003000021
2018-01-06 16:25:17,020 INFO [com.atomikos.logging.Slf4jLogger:16] commit() done (by application) of transaction 192.168.29.54.tm0003000021
2018-01-06 16:25:17,257 INFO [com.alpha.self.diagnosis.utils.MedicineSortUtil:33] 首选疾病：致病性大肠埃希菌肠炎
2018-01-06 16:25:17,298 INFO [com.alpha.self.diagnosis.controller.DiagnosisController:142] 循环获取下一个问题: {"answers":[{"answerTitle":"急","content":"14516"}],"diagnosisId":3861,"inType":1,"questionCode":"3321","sympCode":"54","type":101,"userId":"1012"}
2018-01-06 16:25:17,298 INFO [com.atomikos.logging.Slf4jLogger:16] createCompositeTransaction ( 10000 ): created new ROOT transaction with id 192.168.29.54.tm0003100021
2018-01-06 16:25:17,300 INFO [com.atomikos.logging.Slf4jLogger:16] commit() done (by application) of transaction 192.168.29.54.tm0003100021
2018-01-06 16:25:17,607 INFO [com.alpha.self.diagnosis.utils.MedicineSortUtil:33] 首选疾病：轮状病毒肠炎
2018-01-06 16:25:17,657 INFO [com.alpha.self.diagnosis.controller.DiagnosisController:142] 循环获取下一个问题: {"answers":[{"answerTitle":"个人","content":"14645"}],"diagnosisId":3861,"inType":1,"questionCode":"3322","sympCode":"54","type":101,"userId":"1012"}
2018-01-06 16:25:17,658 INFO [com.atomikos.logging.Slf4jLogger:16] createCompositeTransaction ( 10000 ): created new ROOT transaction with id 192.168.29.54.tm0003200021
2018-01-06 16:25:17,664 INFO [com.atomikos.logging.Slf4jLogger:16] commit() done (by application) of transaction 192.168.29.54.tm0003200021
2018-01-06 16:25:18,061 INFO [com.alpha.self.diagnosis.utils.MedicineSortUtil:33] 首选疾病：轮状病毒肠炎
2018-01-06 16:25:18,161 INFO [com.alpha.self.diagnosis.controller.DiagnosisController:142] 循环获取下一个问题: {"answers":[{"answerTitle":"无腥臭","content":"14703"}],"diagnosisId":3861,"inType":1,"questionCode":"3323","sympCode":"54","type":101,"userId":"1012"}
2018-01-06 16:25:18,162 INFO [com.atomikos.logging.Slf4jLogger:16] createCompositeTransaction ( 10000 ): created new ROOT transaction with id 192.168.29.54.tm0003300021
2018-01-06 16:25:18,165 INFO [com.atomikos.logging.Slf4jLogger:16] commit() done (by application) of transaction 192.168.29.54.tm0003300021
2018-01-06 16:25:18,572 INFO [com.alpha.self.diagnosis.utils.MedicineSortUtil:33] 首选疾病：轮状病毒肠炎
2018-01-06 16:25:18,615 INFO [com.alpha.self.diagnosis.controller.DiagnosisController:142] 循环获取下一个问题: {"answers":[{"answerTitle":"淡绿色","content":"14523"}],"diagnosisId":3861,"inType":1,"questionCode":"3324","sympCode":"54","type":101,"userId":"1012"}
2018-01-06 16:25:18,616 INFO [com.atomikos.logging.Slf4jLogger:16] createCompositeTransaction ( 10000 ): created new ROOT transaction with id 192.168.29.54.tm0003400021
2018-01-06 16:25:18,619 INFO [com.atomikos.logging.Slf4jLogger:16] commit() done (by application) of transaction 192.168.29.54.tm0003400021
2018-01-06 16:25:18,930 INFO [com.alpha.self.diagnosis.utils.MedicineSortUtil:33] 首选疾病：诺瓦克（诺如）病毒肠炎
2018-01-06 16:25:18,990 INFO [com.alpha.self.diagnosis.controller.DiagnosisController:142] 循环获取下一个问题: {"answers":[{"answerTitle":"不洁的食物","content":"14529"}],"diagnosisId":3861,"inType":1,"questionCode":"3325","sympCode":"54","type":101,"userId":"1012"}
2018-01-06 16:25:18,991 INFO [com.atomikos.logging.Slf4jLogger:16] createCompositeTransaction ( 10000 ): created new ROOT transaction with id 192.168.29.54.tm0003500021
2018-01-06 16:25:19,004 INFO [com.atomikos.logging.Slf4jLogger:16] commit() done (by application) of transaction 192.168.29.54.tm0003500021
2018-01-06 16:25:19,513 INFO [com.alpha.self.diagnosis.service.impl.SymptomAccompanyServiceImpl:149] 首选疾病：诺瓦克（诺如）病毒肠炎
2018-01-06 16:25:19,562 INFO [com.alpha.self.diagnosis.controller.DiagnosisController:142] 循环获取下一个问题: {"answers":[{"answerTitle":"腹胀","content":"1006"},{"answerTitle":"咳嗽","content":"1008"},{"answerTitle":"低热（37.5-38℃）","content":"604614"},{"answerTitle":"非喷射性呕吐","content":"604605"}],"diagnosisId":3861,"inType":1,"questionCode":"3338","sympCode":"54","type":102,"userId":"1012"}
2018-01-06 16:25:19,562 INFO [com.atomikos.logging.Slf4jLogger:16] createCompositeTransaction ( 10000 ): created new ROOT transaction with id 192.168.29.54.tm0003600021
2018-01-06 16:25:19,566 INFO [com.atomikos.logging.Slf4jLogger:16] commit() done (by application) of transaction 192.168.29.54.tm0003600021
2018-01-06 16:25:19,593 INFO [com.atomikos.logging.Slf4jLogger:16] createCompositeTransaction ( 10000 ): created new ROOT transaction with id 192.168.29.54.tm0003700021
2018-01-06 16:25:19,683 INFO [com.atomikos.logging.Slf4jLogger:16] commit() done (by application) of transaction 192.168.29.54.tm0003700021
2018-01-06 16:25:20,086 INFO [com.alpha.self.diagnosis.service.impl.MedicineQuestionServiceImpl:412] 生成诊断结果3861
2018-01-06 16:27:41,827 INFO [com.alpha.user.controller.UserController:109] idcard is 986412315674684, userId is null
2018-01-06 16:27:41,828 INFO [com.atomikos.logging.Slf4jLogger:16] createCompositeTransaction ( 10000 ): created new ROOT transaction with id 192.168.29.54.tm0003800021
2018-01-06 16:27:41,843 INFO [com.alpha.user.service.impl.UserInfoServiceImpl:256] third user is {"gender":1,"idcard":"986412315674684","birth":"2000-01-08","userName":"陈毛毛","departmentList":"[{\"doctorName\":\"李珊珊\",\"hisRegisterNo\":\"1515227261836\",\"department\":\"小儿消化内科\",\"hospitalCode\":\"A001\",\"cureTime\":\"2018-01-06 16:27:41\"},{\"doctorName\":\"袁明珠\",\"hisRegisterNo\":\"1515227261836\",\"department\":\"小儿皮肤科\",\"hospitalCode\":\"A002\",\"cureTime\":\"2018-01-06 16:27:41\"}]","inType":"1"}
2018-01-06 16:27:41,930 INFO [com.atomikos.logging.Slf4jLogger:16] commit() done (by application) of transaction 192.168.29.54.tm0003800021
2018-01-06 16:29:10,254 INFO [com.netflix.discovery.shared.resolver.aws.ConfigClusterResolver:43] Resolving eureka endpoints via configuration
2018-01-06 16:30:00,005 INFO [com.atomikos.logging.Slf4jLogger:16] createCompositeTransaction ( 10000 ): created new ROOT transaction with id 192.168.29.54.tm0003900021
2018-01-06 16:30:00,017 INFO [com.atomikos.logging.Slf4jLogger:16] commit() done (by application) of transaction 192.168.29.54.tm0003900021
2018-01-06 16:34:10,261 INFO [com.netflix.discovery.shared.resolver.aws.ConfigClusterResolver:43] Resolving eureka endpoints via configuration
2018-01-06 16:35:00,006 INFO [com.atomikos.logging.Slf4jLogger:16] createCompositeTransaction ( 10000 ): created new ROOT transaction with id 192.168.29.54.tm0004000021
2018-01-06 16:35:00,021 INFO [com.atomikos.logging.Slf4jLogger:16] commit() done (by application) of transaction 192.168.29.54.tm0004000021
2018-01-06 16:39:10,267 INFO [com.netflix.discovery.shared.resolver.aws.ConfigClusterResolver:43] Resolving eureka endpoints via configuration
2018-01-06 16:40:00,006 INFO [com.atomikos.logging.Slf4jLogger:16] createCompositeTransaction ( 10000 ): created new ROOT transaction with id 192.168.29.54.tm0004100021
2018-01-06 16:40:00,017 INFO [com.atomikos.logging.Slf4jLogger:16] commit() done (by application) of transaction 192.168.29.54.tm0004100021
2018-01-06 16:44:10,273 INFO [com.netflix.discovery.shared.resolver.aws.ConfigClusterResolver:43] Resolving eureka endpoints via configuration
2018-01-06 16:45:00,005 INFO [com.atomikos.logging.Slf4jLogger:16] createCompositeTransaction ( 10000 ): created new ROOT transaction with id 192.168.29.54.tm0004200021
2018-01-06 16:45:00,016 INFO [com.atomikos.logging.Slf4jLogger:16] commit() done (by application) of transaction 192.168.29.54.tm0004200021
2018-01-06 16:47:57,793 INFO [com.atomikos.logging.Slf4jLogger:16] createCompositeTransaction ( 10000 ): created new ROOT transaction with id 192.168.29.54.tm0004300021
2018-01-06 16:48:00,860 INFO [com.atomikos.logging.Slf4jLogger:16] commit() done (by application) of transaction 192.168.29.54.tm0004300021
2018-01-06 16:48:55,508 INFO [com.atomikos.logging.Slf4jLogger:16] createCompositeTransaction ( 10000 ): created new ROOT transaction with id 192.168.29.54.tm0004400021
2018-01-06 16:49:05,583 WARN [com.atomikos.logging.Slf4jLogger:12] Timeout/setRollbackOnly of ACTIVE coordinator !
2018-01-06 16:49:10,280 INFO [com.netflix.discovery.shared.resolver.aws.ConfigClusterResolver:43] Resolving eureka endpoints via configuration
2018-01-06 16:50:00,005 INFO [com.atomikos.logging.Slf4jLogger:16] createCompositeTransaction ( 10000 ): created new ROOT transaction with id 192.168.29.54.tm0004500021
2018-01-06 16:50:00,018 INFO [com.atomikos.logging.Slf4jLogger:16] commit() done (by application) of transaction 192.168.29.54.tm0004500021
2018-01-06 16:50:45,225 INFO [com.atomikos.logging.Slf4jLogger:16] commit() done (by application) of transaction 192.168.29.54.tm0004400021
2018-01-06 16:52:13,700 INFO [com.atomikos.logging.Slf4jLogger:16] createCompositeTransaction ( 10000 ): created new ROOT transaction with id 192.168.29.54.tm0004600021
2018-01-06 16:52:13,723 INFO [com.atomikos.logging.Slf4jLogger:16] commit() done (by application) of transaction 192.168.29.54.tm0004600021
2018-01-06 16:54:10,286 INFO [com.netflix.discovery.shared.resolver.aws.ConfigClusterResolver:43] Resolving eureka endpoints via configuration
2018-01-06 16:54:55,789 INFO [com.atomikos.logging.Slf4jLogger:16] createCompositeTransaction ( 10000 ): created new ROOT transaction with id 192.168.29.54.tm0004700021
2018-01-06 16:54:55,797 INFO [com.atomikos.logging.Slf4jLogger:16] commit() done (by application) of transaction 192.168.29.54.tm0004700021
2018-01-06 16:54:55,799 INFO [com.atomikos.logging.Slf4jLogger:16] createCompositeTransaction ( 10000 ): created new ROOT transaction with id 192.168.29.54.tm0004800021
2018-01-06 16:54:55,900 INFO [com.atomikos.logging.Slf4jLogger:16] commit() done (by application) of transaction 192.168.29.54.tm0004800021
2018-01-06 16:55:00,006 INFO [com.atomikos.logging.Slf4jLogger:16] createCompositeTransaction ( 10000 ): created new ROOT transaction with id 192.168.29.54.tm0004900021
2018-01-06 16:55:00,017 INFO [com.atomikos.logging.Slf4jLogger:16] commit() done (by application) of transaction 192.168.29.54.tm0004900021
2018-01-06 16:57:56,620 INFO [com.atomikos.logging.Slf4jLogger:16] createCompositeTransaction ( 10000 ): created new ROOT transaction with id 192.168.29.54.tm0005000021
2018-01-06 16:57:56,630 INFO [com.atomikos.logging.Slf4jLogger:16] commit() done (by application) of transaction 192.168.29.54.tm0005000021
2018-01-06 16:58:41,195 INFO [com.alpha.self.diagnosis.controller.DiagnosisController:142] 循环获取下一个问题: {"answers":[{"answerTitle":"xxx","content":"xxx"}],"diagnosisId":3861,"inType":1,"questionCode":"9990","sympCode":"54","systemType":"pre","type":99,"userId":"2094"}
2018-01-06 16:58:41,197 INFO [com.atomikos.logging.Slf4jLogger:16] createCompositeTransaction ( 10000 ): created new ROOT transaction with id 192.168.29.54.tm0005100021
2018-01-06 16:58:41,202 INFO [com.atomikos.logging.Slf4jLogger:16] commit() done (by application) of transaction 192.168.29.54.tm0005100021
2018-01-06 16:58:41,223 INFO [com.alpha.self.diagnosis.service.impl.SymptomMainServiceImpl:51] getMainSymptomsQuestion start with 3861
2018-01-06 16:59:10,296 INFO [com.netflix.discovery.shared.resolver.aws.ConfigClusterResolver:43] Resolving eureka endpoints via configuration
2018-01-06 16:59:32,904 INFO [com.atomikos.logging.Slf4jLogger:16] createCompositeTransaction ( 10000 ): created new ROOT transaction with id 192.168.29.54.tm0005200021
2018-01-06 16:59:32,909 INFO [com.atomikos.logging.Slf4jLogger:16] commit() done (by application) of transaction 192.168.29.54.tm0005200021
2018-01-06 16:59:54,147 INFO [com.atomikos.logging.Slf4jLogger:16] createCompositeTransaction ( 10000 ): created new ROOT transaction with id 192.168.29.54.tm0005300021
2018-01-06 16:59:54,151 INFO [com.atomikos.logging.Slf4jLogger:16] commit() done (by application) of transaction 192.168.29.54.tm0005300021
