2017-09-19 16:43:32,050 INFO [restartedMain] [org.springframework.boot.SpringApplication:666] The following profiles are active: core
2017-09-19 16:43:32,127 INFO [restartedMain] [org.springframework.context.support.AbstractApplicationContext:582] Refreshing org.springframework.boot.context.embedded.AnnotationConfigEmbeddedWebApplicationContext@68848f76: startup date [Tue Sep 19 16:43:32 CST 2017]; parent: org.springframework.context.annotation.AnnotationConfigApplicationContext@71a18cfa
2017-09-19 16:43:32,704 WARN [restartedMain] [org.springframework.context.support.AbstractApplicationContext:550] Exception encountered during context initialization - cancelling refresh attempt: org.springframework.beans.factory.BeanDefinitionStoreException: Failed to parse configuration class [com.alpha.self.diagnosis.AlphaApplication]; nested exception is org.springframework.context.annotation.ConflictingBeanDefinitionException: Annotation-specified bean name 'beanScannerConfigurer' for bean class [com.alpha.self.diagnosis.processor.spring.BeanScannerConfigurer] conflicts with existing, non-compatible bean definition of same name and class [com.alpha.self.diagnosis.processor.BeanScannerConfigurer]
2017-09-19 16:43:32,709 ERROR [restartedMain] [org.springframework.beans.factory.support.DefaultSingletonBeanRegistry:581] Destroy method on bean with name 'org.springframework.boot.autoconfigure.internalCachingMetadataReaderFactory' threw an exception
java.lang.IllegalStateException: ApplicationEventMulticaster not initialized - call 'refresh' before multicasting events via the context: org.springframework.boot.context.embedded.AnnotationConfigEmbeddedWebApplicationContext@68848f76: startup date [Tue Sep 19 16:43:32 CST 2017]; parent: org.springframework.context.annotation.AnnotationConfigApplicationContext@71a18cfa
	at org.springframework.context.support.AbstractApplicationContext.getApplicationEventMulticaster(AbstractApplicationContext.java:404)
	at org.springframework.context.support.ApplicationListenerDetector.postProcessBeforeDestruction(ApplicationListenerDetector.java:97)
	at org.springframework.beans.factory.support.DisposableBeanAdapter.destroy(DisposableBeanAdapter.java:253)
	at org.springframework.beans.factory.support.DefaultSingletonBeanRegistry.destroyBean(DefaultSingletonBeanRegistry.java:578)
	at org.springframework.beans.factory.support.DefaultSingletonBeanRegistry.destroySingleton(DefaultSingletonBeanRegistry.java:554)
	at org.springframework.beans.factory.support.DefaultListableBeanFactory.destroySingleton(DefaultListableBeanFactory.java:961)
	at org.springframework.beans.factory.support.DefaultSingletonBeanRegistry.destroySingletons(DefaultSingletonBeanRegistry.java:523)
	at org.springframework.beans.factory.support.DefaultListableBeanFactory.destroySingletons(DefaultListableBeanFactory.java:968)
	at org.springframework.context.support.AbstractApplicationContext.destroyBeans(AbstractApplicationContext.java:1033)
	at org.springframework.context.support.AbstractApplicationContext.refresh(AbstractApplicationContext.java:555)
	at org.springframework.boot.context.embedded.EmbeddedWebApplicationContext.refresh(EmbeddedWebApplicationContext.java:122)
	at org.springframework.boot.SpringApplication.refresh(SpringApplication.java:762)
	at org.springframework.boot.SpringApplication.refreshContext(SpringApplication.java:372)
	at org.springframework.boot.SpringApplication.run(SpringApplication.java:316)
	at org.springframework.boot.SpringApplication.run(SpringApplication.java:1187)
	at org.springframework.boot.SpringApplication.run(SpringApplication.java:1176)
	at com.alpha.self.diagnosis.AlphaApplication.main(AlphaApplication.java:30)
	at sun.reflect.NativeMethodAccessorImpl.invoke0(Native Method)
	at sun.reflect.NativeMethodAccessorImpl.invoke(NativeMethodAccessorImpl.java:62)
	at sun.reflect.DelegatingMethodAccessorImpl.invoke(DelegatingMethodAccessorImpl.java:43)
	at java.lang.reflect.Method.invoke(Method.java:498)
	at org.springframework.boot.devtools.restart.RestartLauncher.run(RestartLauncher.java:49)
2017-09-19 16:43:32,722 ERROR [restartedMain] [org.springframework.boot.SpringApplication:840] Application startup failed
org.springframework.beans.factory.BeanDefinitionStoreException: Failed to parse configuration class [com.alpha.self.diagnosis.AlphaApplication]; nested exception is org.springframework.context.annotation.ConflictingBeanDefinitionException: Annotation-specified bean name 'beanScannerConfigurer' for bean class [com.alpha.self.diagnosis.processor.spring.BeanScannerConfigurer] conflicts with existing, non-compatible bean definition of same name and class [com.alpha.self.diagnosis.processor.BeanScannerConfigurer]
	at org.springframework.context.annotation.ConfigurationClassParser.parse(ConfigurationClassParser.java:180)
	at org.springframework.context.annotation.ConfigurationClassPostProcessor.processConfigBeanDefinitions(ConfigurationClassPostProcessor.java:308)
	at org.springframework.context.annotation.ConfigurationClassPostProcessor.postProcessBeanDefinitionRegistry(ConfigurationClassPostProcessor.java:228)
	at org.springframework.context.support.PostProcessorRegistrationDelegate.invokeBeanDefinitionRegistryPostProcessors(PostProcessorRegistrationDelegate.java:270)
	at org.springframework.context.support.PostProcessorRegistrationDelegate.invokeBeanFactoryPostProcessors(PostProcessorRegistrationDelegate.java:93)
	at org.springframework.context.support.AbstractApplicationContext.invokeBeanFactoryPostProcessors(AbstractApplicationContext.java:686)
	at org.springframework.context.support.AbstractApplicationContext.refresh(AbstractApplicationContext.java:524)
	at org.springframework.boot.context.embedded.EmbeddedWebApplicationContext.refresh(EmbeddedWebApplicationContext.java:122)
	at org.springframework.boot.SpringApplication.refresh(SpringApplication.java:762)
	at org.springframework.boot.SpringApplication.refreshContext(SpringApplication.java:372)
	at org.springframework.boot.SpringApplication.run(SpringApplication.java:316)
	at org.springframework.boot.SpringApplication.run(SpringApplication.java:1187)
	at org.springframework.boot.SpringApplication.run(SpringApplication.java:1176)
	at com.alpha.self.diagnosis.AlphaApplication.main(AlphaApplication.java:30)
	at sun.reflect.NativeMethodAccessorImpl.invoke0(Native Method)
	at sun.reflect.NativeMethodAccessorImpl.invoke(NativeMethodAccessorImpl.java:62)
	at sun.reflect.DelegatingMethodAccessorImpl.invoke(DelegatingMethodAccessorImpl.java:43)
	at java.lang.reflect.Method.invoke(Method.java:498)
	at org.springframework.boot.devtools.restart.RestartLauncher.run(RestartLauncher.java:49)
Caused by: org.springframework.context.annotation.ConflictingBeanDefinitionException: Annotation-specified bean name 'beanScannerConfigurer' for bean class [com.alpha.self.diagnosis.processor.spring.BeanScannerConfigurer] conflicts with existing, non-compatible bean definition of same name and class [com.alpha.self.diagnosis.processor.BeanScannerConfigurer]
	at org.springframework.context.annotation.ClassPathBeanDefinitionScanner.checkCandidate(ClassPathBeanDefinitionScanner.java:345)
	at org.springframework.context.annotation.ClassPathBeanDefinitionScanner.doScan(ClassPathBeanDefinitionScanner.java:283)
	at org.springframework.context.annotation.ComponentScanAnnotationParser.parse(ComponentScanAnnotationParser.java:135)
	at org.springframework.context.annotation.ConfigurationClassParser.doProcessConfigurationClass(ConfigurationClassParser.java:282)
	at org.springframework.context.annotation.ConfigurationClassParser.processConfigurationClass(ConfigurationClassParser.java:244)
	at org.springframework.context.annotation.ConfigurationClassParser.parse(ConfigurationClassParser.java:197)
	at org.springframework.context.annotation.ConfigurationClassParser.parse(ConfigurationClassParser.java:166)
	... 18 common frames omitted
2017-09-19 16:49:11,555 INFO [restartedMain] [org.springframework.boot.SpringApplication:666] The following profiles are active: core
2017-09-19 16:49:11,656 INFO [restartedMain] [org.springframework.context.support.AbstractApplicationContext:582] Refreshing org.springframework.boot.context.embedded.AnnotationConfigEmbeddedWebApplicationContext@1b10149d: startup date [Tue Sep 19 16:49:11 CST 2017]; parent: org.springframework.context.annotation.AnnotationConfigApplicationContext@19bb9ec4
2017-09-19 16:49:12,254 WARN [restartedMain] [org.springframework.context.support.AbstractApplicationContext:550] Exception encountered during context initialization - cancelling refresh attempt: org.springframework.beans.factory.BeanDefinitionStoreException: Failed to parse configuration class [com.alpha.self.diagnosis.AlphaApplication]; nested exception is org.springframework.context.annotation.ConflictingBeanDefinitionException: Annotation-specified bean name 'beanScannerConfigurer' for bean class [com.alpha.self.diagnosis.processor.spring.BeanScannerConfigurer] conflicts with existing, non-compatible bean definition of same name and class [com.alpha.self.diagnosis.processor.BeanScannerConfigurer]
2017-09-19 16:49:12,261 ERROR [restartedMain] [org.springframework.beans.factory.support.DefaultSingletonBeanRegistry:581] Destroy method on bean with name 'org.springframework.boot.autoconfigure.internalCachingMetadataReaderFactory' threw an exception
java.lang.IllegalStateException: ApplicationEventMulticaster not initialized - call 'refresh' before multicasting events via the context: org.springframework.boot.context.embedded.AnnotationConfigEmbeddedWebApplicationContext@1b10149d: startup date [Tue Sep 19 16:49:11 CST 2017]; parent: org.springframework.context.annotation.AnnotationConfigApplicationContext@19bb9ec4
	at org.springframework.context.support.AbstractApplicationContext.getApplicationEventMulticaster(AbstractApplicationContext.java:404)
	at org.springframework.context.support.ApplicationListenerDetector.postProcessBeforeDestruction(ApplicationListenerDetector.java:97)
	at org.springframework.beans.factory.support.DisposableBeanAdapter.destroy(DisposableBeanAdapter.java:253)
	at org.springframework.beans.factory.support.DefaultSingletonBeanRegistry.destroyBean(DefaultSingletonBeanRegistry.java:578)
	at org.springframework.beans.factory.support.DefaultSingletonBeanRegistry.destroySingleton(DefaultSingletonBeanRegistry.java:554)
	at org.springframework.beans.factory.support.DefaultListableBeanFactory.destroySingleton(DefaultListableBeanFactory.java:961)
	at org.springframework.beans.factory.support.DefaultSingletonBeanRegistry.destroySingletons(DefaultSingletonBeanRegistry.java:523)
	at org.springframework.beans.factory.support.DefaultListableBeanFactory.destroySingletons(DefaultListableBeanFactory.java:968)
	at org.springframework.context.support.AbstractApplicationContext.destroyBeans(AbstractApplicationContext.java:1033)
	at org.springframework.context.support.AbstractApplicationContext.refresh(AbstractApplicationContext.java:555)
	at org.springframework.boot.context.embedded.EmbeddedWebApplicationContext.refresh(EmbeddedWebApplicationContext.java:122)
	at org.springframework.boot.SpringApplication.refresh(SpringApplication.java:762)
	at org.springframework.boot.SpringApplication.refreshContext(SpringApplication.java:372)
	at org.springframework.boot.SpringApplication.run(SpringApplication.java:316)
	at org.springframework.boot.SpringApplication.run(SpringApplication.java:1187)
	at org.springframework.boot.SpringApplication.run(SpringApplication.java:1176)
	at com.alpha.self.diagnosis.AlphaApplication.main(AlphaApplication.java:30)
	at sun.reflect.NativeMethodAccessorImpl.invoke0(Native Method)
	at sun.reflect.NativeMethodAccessorImpl.invoke(NativeMethodAccessorImpl.java:62)
	at sun.reflect.DelegatingMethodAccessorImpl.invoke(DelegatingMethodAccessorImpl.java:43)
	at java.lang.reflect.Method.invoke(Method.java:498)
	at org.springframework.boot.devtools.restart.RestartLauncher.run(RestartLauncher.java:49)
2017-09-19 16:49:12,275 ERROR [restartedMain] [org.springframework.boot.SpringApplication:840] Application startup failed
org.springframework.beans.factory.BeanDefinitionStoreException: Failed to parse configuration class [com.alpha.self.diagnosis.AlphaApplication]; nested exception is org.springframework.context.annotation.ConflictingBeanDefinitionException: Annotation-specified bean name 'beanScannerConfigurer' for bean class [com.alpha.self.diagnosis.processor.spring.BeanScannerConfigurer] conflicts with existing, non-compatible bean definition of same name and class [com.alpha.self.diagnosis.processor.BeanScannerConfigurer]
	at org.springframework.context.annotation.ConfigurationClassParser.parse(ConfigurationClassParser.java:180)
	at org.springframework.context.annotation.ConfigurationClassPostProcessor.processConfigBeanDefinitions(ConfigurationClassPostProcessor.java:308)
	at org.springframework.context.annotation.ConfigurationClassPostProcessor.postProcessBeanDefinitionRegistry(ConfigurationClassPostProcessor.java:228)
	at org.springframework.context.support.PostProcessorRegistrationDelegate.invokeBeanDefinitionRegistryPostProcessors(PostProcessorRegistrationDelegate.java:270)
	at org.springframework.context.support.PostProcessorRegistrationDelegate.invokeBeanFactoryPostProcessors(PostProcessorRegistrationDelegate.java:93)
	at org.springframework.context.support.AbstractApplicationContext.invokeBeanFactoryPostProcessors(AbstractApplicationContext.java:686)
	at org.springframework.context.support.AbstractApplicationContext.refresh(AbstractApplicationContext.java:524)
	at org.springframework.boot.context.embedded.EmbeddedWebApplicationContext.refresh(EmbeddedWebApplicationContext.java:122)
	at org.springframework.boot.SpringApplication.refresh(SpringApplication.java:762)
	at org.springframework.boot.SpringApplication.refreshContext(SpringApplication.java:372)
	at org.springframework.boot.SpringApplication.run(SpringApplication.java:316)
	at org.springframework.boot.SpringApplication.run(SpringApplication.java:1187)
	at org.springframework.boot.SpringApplication.run(SpringApplication.java:1176)
	at com.alpha.self.diagnosis.AlphaApplication.main(AlphaApplication.java:30)
	at sun.reflect.NativeMethodAccessorImpl.invoke0(Native Method)
	at sun.reflect.NativeMethodAccessorImpl.invoke(NativeMethodAccessorImpl.java:62)
	at sun.reflect.DelegatingMethodAccessorImpl.invoke(DelegatingMethodAccessorImpl.java:43)
	at java.lang.reflect.Method.invoke(Method.java:498)
	at org.springframework.boot.devtools.restart.RestartLauncher.run(RestartLauncher.java:49)
Caused by: org.springframework.context.annotation.ConflictingBeanDefinitionException: Annotation-specified bean name 'beanScannerConfigurer' for bean class [com.alpha.self.diagnosis.processor.spring.BeanScannerConfigurer] conflicts with existing, non-compatible bean definition of same name and class [com.alpha.self.diagnosis.processor.BeanScannerConfigurer]
	at org.springframework.context.annotation.ClassPathBeanDefinitionScanner.checkCandidate(ClassPathBeanDefinitionScanner.java:345)
	at org.springframework.context.annotation.ClassPathBeanDefinitionScanner.doScan(ClassPathBeanDefinitionScanner.java:283)
	at org.springframework.context.annotation.ComponentScanAnnotationParser.parse(ComponentScanAnnotationParser.java:135)
	at org.springframework.context.annotation.ConfigurationClassParser.doProcessConfigurationClass(ConfigurationClassParser.java:282)
	at org.springframework.context.annotation.ConfigurationClassParser.processConfigurationClass(ConfigurationClassParser.java:244)
	at org.springframework.context.annotation.ConfigurationClassParser.parse(ConfigurationClassParser.java:197)
	at org.springframework.context.annotation.ConfigurationClassParser.parse(ConfigurationClassParser.java:166)
	... 18 common frames omitted
2017-09-19 16:50:36,494 INFO [restartedMain] [org.springframework.boot.SpringApplication:666] The following profiles are active: core
2017-09-19 16:50:36,599 INFO [restartedMain] [org.springframework.context.support.AbstractApplicationContext:582] Refreshing org.springframework.boot.context.embedded.AnnotationConfigEmbeddedWebApplicationContext@6945c591: startup date [Tue Sep 19 16:50:36 CST 2017]; parent: org.springframework.context.annotation.AnnotationConfigApplicationContext@726a5cf3
2017-09-19 16:50:43,812 INFO [restartedMain] [org.springframework.beans.factory.support.DefaultListableBeanFactory:828] Overriding bean definition for bean 'retryTemplate' with a different definition: replacing [Root bean: class [null]; scope=; abstract=false; lazyInit=false; autowireMode=3; dependencyCheck=0; autowireCandidate=true; primary=false; factoryBeanName=org.springframework.cloud.client.loadbalancer.LoadBalancerAutoConfiguration$RetryAutoConfiguration; factoryMethodName=retryTemplate; initMethodName=null; destroyMethodName=(inferred); defined in class path resource [org/springframework/cloud/client/loadbalancer/LoadBalancerAutoConfiguration$RetryAutoConfiguration.class]] with [Root bean: class [null]; scope=; abstract=false; lazyInit=false; autowireMode=3; dependencyCheck=0; autowireCandidate=true; primary=false; factoryBeanName=org.springframework.cloud.netflix.feign.ribbon.FeignRibbonClientAutoConfiguration; factoryMethodName=retryTemplate; initMethodName=null; destroyMethodName=(inferred); defined in class path resource [org/springframework/cloud/netflix/feign/ribbon/FeignRibbonClientAutoConfiguration.class]]
2017-09-19 16:50:43,943 WARN [restartedMain] [org.springframework.context.annotation.ConfigurationClassPostProcessor:373] Cannot enhance @Configuration bean definition 'refreshScope' since its singleton instance has been created too early. The typical cause is a non-static @Bean method with a BeanDefinitionRegistryPostProcessor return type: Consider declaring such methods as 'static'.
2017-09-19 16:50:44,341 INFO [restartedMain] [org.springframework.cloud.context.scope.GenericScope:263] BeanFactory id=f560016e-f431-3387-9ff2-42e8b924a310
2017-09-19 16:50:44,414 INFO [restartedMain] [com.alpha.self.diagnosis.processor.spring.BeanScannerConfigurer:26] 初始化OpenSerivce 服务配置
2017-09-19 16:51:04,477 INFO [restartedMain] [org.springframework.beans.factory.support.DefaultListableBeanFactory:828] Overriding bean definition for bean 'allergicHistoryAnswerProcessor' with a different definition: replacing [Generic bean: class [com.alpha.self.diagnosis.processor.AllergicHistoryAnswerProcessor]; scope=singleton; abstract=false; lazyInit=false; autowireMode=0; dependencyCheck=0; autowireCandidate=true; primary=false; factoryBeanName=null; factoryMethodName=null; initMethodName=null; destroyMethodName=null; defined in file [F:\iebm\workspace\alpha\alpha\alpha-self-diagnosis\target\classes\com\alpha\self\diagnosis\processor\AllergicHistoryAnswerProcessor.class]] with [Generic bean: class [com.alpha.self.diagnosis.processor.AllergicHistoryAnswerProcessor]; scope=singleton; abstract=false; lazyInit=false; autowireMode=0; dependencyCheck=0; autowireCandidate=true; primary=false; factoryBeanName=null; factoryMethodName=null; initMethodName=null; destroyMethodName=null; defined in file [F:\iebm\workspace\alpha\alpha\alpha-self-diagnosis\target\classes\com\alpha\self\diagnosis\processor\AllergicHistoryAnswerProcessor.class]]
2017-09-19 16:51:04,485 INFO [restartedMain] [org.springframework.beans.factory.support.DefaultListableBeanFactory:828] Overriding bean definition for bean 'birthProcessor' with a different definition: replacing [Generic bean: class [com.alpha.self.diagnosis.processor.BirthProcessor]; scope=singleton; abstract=false; lazyInit=false; autowireMode=0; dependencyCheck=0; autowireCandidate=true; primary=false; factoryBeanName=null; factoryMethodName=null; initMethodName=null; destroyMethodName=null; defined in file [F:\iebm\workspace\alpha\alpha\alpha-self-diagnosis\target\classes\com\alpha\self\diagnosis\processor\BirthProcessor.class]] with [Generic bean: class [com.alpha.self.diagnosis.processor.BirthProcessor]; scope=singleton; abstract=false; lazyInit=false; autowireMode=0; dependencyCheck=0; autowireCandidate=true; primary=false; factoryBeanName=null; factoryMethodName=null; initMethodName=null; destroyMethodName=null; defined in file [F:\iebm\workspace\alpha\alpha\alpha-self-diagnosis\target\classes\com\alpha\self\diagnosis\processor\BirthProcessor.class]]
2017-09-19 16:51:04,490 INFO [restartedMain] [org.springframework.beans.factory.support.DefaultListableBeanFactory:828] Overriding bean definition for bean 'liverRenalProcessor' with a different definition: replacing [Generic bean: class [com.alpha.self.diagnosis.processor.LiverRenalProcessor]; scope=singleton; abstract=false; lazyInit=false; autowireMode=0; dependencyCheck=0; autowireCandidate=true; primary=false; factoryBeanName=null; factoryMethodName=null; initMethodName=null; destroyMethodName=null; defined in file [F:\iebm\workspace\alpha\alpha\alpha-self-diagnosis\target\classes\com\alpha\self\diagnosis\processor\LiverRenalProcessor.class]] with [Generic bean: class [com.alpha.self.diagnosis.processor.LiverRenalProcessor]; scope=singleton; abstract=false; lazyInit=false; autowireMode=0; dependencyCheck=0; autowireCandidate=true; primary=false; factoryBeanName=null; factoryMethodName=null; initMethodName=null; destroyMethodName=null; defined in file [F:\iebm\workspace\alpha\alpha\alpha-self-diagnosis\target\classes\com\alpha\self\diagnosis\processor\LiverRenalProcessor.class]]
2017-09-19 16:51:04,493 INFO [restartedMain] [org.springframework.beans.factory.support.DefaultListableBeanFactory:828] Overriding bean definition for bean 'normalAnswerProcessor' with a different definition: replacing [Generic bean: class [com.alpha.self.diagnosis.processor.NormalAnswerProcessor]; scope=singleton; abstract=false; lazyInit=false; autowireMode=0; dependencyCheck=0; autowireCandidate=true; primary=false; factoryBeanName=null; factoryMethodName=null; initMethodName=null; destroyMethodName=null; defined in file [F:\iebm\workspace\alpha\alpha\alpha-self-diagnosis\target\classes\com\alpha\self\diagnosis\processor\NormalAnswerProcessor.class]] with [Generic bean: class [com.alpha.self.diagnosis.processor.NormalAnswerProcessor]; scope=singleton; abstract=false; lazyInit=false; autowireMode=0; dependencyCheck=0; autowireCandidate=true; primary=false; factoryBeanName=null; factoryMethodName=null; initMethodName=null; destroyMethodName=null; defined in file [F:\iebm\workspace\alpha\alpha\alpha-self-diagnosis\target\classes\com\alpha\self\diagnosis\processor\NormalAnswerProcessor.class]]
2017-09-19 16:51:04,498 INFO [restartedMain] [org.springframework.beans.factory.support.DefaultListableBeanFactory:828] Overriding bean definition for bean 'pastmedicalHistoryProcessor' with a different definition: replacing [Generic bean: class [com.alpha.self.diagnosis.processor.PastmedicalHistoryProcessor]; scope=singleton; abstract=false; lazyInit=false; autowireMode=0; dependencyCheck=0; autowireCandidate=true; primary=false; factoryBeanName=null; factoryMethodName=null; initMethodName=null; destroyMethodName=null; defined in file [F:\iebm\workspace\alpha\alpha\alpha-self-diagnosis\target\classes\com\alpha\self\diagnosis\processor\PastmedicalHistoryProcessor.class]] with [Generic bean: class [com.alpha.self.diagnosis.processor.PastmedicalHistoryProcessor]; scope=singleton; abstract=false; lazyInit=false; autowireMode=0; dependencyCheck=0; autowireCandidate=true; primary=false; factoryBeanName=null; factoryMethodName=null; initMethodName=null; destroyMethodName=null; defined in file [F:\iebm\workspace\alpha\alpha\alpha-self-diagnosis\target\classes\com\alpha\self\diagnosis\processor\PastmedicalHistoryProcessor.class]]
2017-09-19 16:51:04,502 INFO [restartedMain] [org.springframework.beans.factory.support.DefaultListableBeanFactory:828] Overriding bean definition for bean 'weightProcessor' with a different definition: replacing [Generic bean: class [com.alpha.self.diagnosis.processor.WeightProcessor]; scope=singleton; abstract=false; lazyInit=false; autowireMode=0; dependencyCheck=0; autowireCandidate=true; primary=false; factoryBeanName=null; factoryMethodName=null; initMethodName=null; destroyMethodName=null; defined in file [F:\iebm\workspace\alpha\alpha\alpha-self-diagnosis\target\classes\com\alpha\self\diagnosis\processor\WeightProcessor.class]] with [Generic bean: class [com.alpha.self.diagnosis.processor.WeightProcessor]; scope=singleton; abstract=false; lazyInit=false; autowireMode=0; dependencyCheck=0; autowireCandidate=true; primary=false; factoryBeanName=null; factoryMethodName=null; initMethodName=null; destroyMethodName=null; defined in file [F:\iebm\workspace\alpha\alpha\alpha-self-diagnosis\target\classes\com\alpha\self\diagnosis\processor\WeightProcessor.class]]
2017-09-19 16:55:00,041 INFO [restartedMain] [org.springframework.boot.SpringApplication:666] The following profiles are active: core
2017-09-19 16:55:00,122 INFO [restartedMain] [org.springframework.context.support.AbstractApplicationContext:582] Refreshing org.springframework.boot.context.embedded.AnnotationConfigEmbeddedWebApplicationContext@699ca883: startup date [Tue Sep 19 16:55:00 CST 2017]; parent: org.springframework.context.annotation.AnnotationConfigApplicationContext@589d8968
2017-09-19 16:55:06,320 INFO [restartedMain] [org.springframework.beans.factory.support.DefaultListableBeanFactory:828] Overriding bean definition for bean 'retryTemplate' with a different definition: replacing [Root bean: class [null]; scope=; abstract=false; lazyInit=false; autowireMode=3; dependencyCheck=0; autowireCandidate=true; primary=false; factoryBeanName=org.springframework.cloud.client.loadbalancer.LoadBalancerAutoConfiguration$RetryAutoConfiguration; factoryMethodName=retryTemplate; initMethodName=null; destroyMethodName=(inferred); defined in class path resource [org/springframework/cloud/client/loadbalancer/LoadBalancerAutoConfiguration$RetryAutoConfiguration.class]] with [Root bean: class [null]; scope=; abstract=false; lazyInit=false; autowireMode=3; dependencyCheck=0; autowireCandidate=true; primary=false; factoryBeanName=org.springframework.cloud.netflix.feign.ribbon.FeignRibbonClientAutoConfiguration; factoryMethodName=retryTemplate; initMethodName=null; destroyMethodName=(inferred); defined in class path resource [org/springframework/cloud/netflix/feign/ribbon/FeignRibbonClientAutoConfiguration.class]]
2017-09-19 16:55:06,424 WARN [restartedMain] [org.springframework.context.annotation.ConfigurationClassPostProcessor:373] Cannot enhance @Configuration bean definition 'refreshScope' since its singleton instance has been created too early. The typical cause is a non-static @Bean method with a BeanDefinitionRegistryPostProcessor return type: Consider declaring such methods as 'static'.
2017-09-19 16:55:06,754 INFO [restartedMain] [org.springframework.cloud.context.scope.GenericScope:263] BeanFactory id=f560016e-f431-3387-9ff2-42e8b924a310
2017-09-19 16:55:06,812 INFO [restartedMain] [com.alpha.self.diagnosis.processor.spring.BeanScannerConfigurer:26] 初始化OpenSerivce 服务配置
2017-09-19 16:55:14,567 INFO [restartedMain] [org.springframework.beans.factory.support.DefaultListableBeanFactory:828] Overriding bean definition for bean 'allergicHistoryAnswerProcessor' with a different definition: replacing [Generic bean: class [com.alpha.self.diagnosis.processor.AllergicHistoryAnswerProcessor]; scope=singleton; abstract=false; lazyInit=false; autowireMode=0; dependencyCheck=0; autowireCandidate=true; primary=false; factoryBeanName=null; factoryMethodName=null; initMethodName=null; destroyMethodName=null; defined in file [F:\iebm\workspace\alpha\alpha\alpha-self-diagnosis\target\classes\com\alpha\self\diagnosis\processor\AllergicHistoryAnswerProcessor.class]] with [Generic bean: class [com.alpha.self.diagnosis.processor.AllergicHistoryAnswerProcessor]; scope=singleton; abstract=false; lazyInit=false; autowireMode=0; dependencyCheck=0; autowireCandidate=true; primary=false; factoryBeanName=null; factoryMethodName=null; initMethodName=null; destroyMethodName=null; defined in file [F:\iebm\workspace\alpha\alpha\alpha-self-diagnosis\target\classes\com\alpha\self\diagnosis\processor\AllergicHistoryAnswerProcessor.class]]
2017-09-19 16:55:14,571 INFO [restartedMain] [org.springframework.beans.factory.support.DefaultListableBeanFactory:828] Overriding bean definition for bean 'birthProcessor' with a different definition: replacing [Generic bean: class [com.alpha.self.diagnosis.processor.BirthProcessor]; scope=singleton; abstract=false; lazyInit=false; autowireMode=0; dependencyCheck=0; autowireCandidate=true; primary=false; factoryBeanName=null; factoryMethodName=null; initMethodName=null; destroyMethodName=null; defined in file [F:\iebm\workspace\alpha\alpha\alpha-self-diagnosis\target\classes\com\alpha\self\diagnosis\processor\BirthProcessor.class]] with [Generic bean: class [com.alpha.self.diagnosis.processor.BirthProcessor]; scope=singleton; abstract=false; lazyInit=false; autowireMode=0; dependencyCheck=0; autowireCandidate=true; primary=false; factoryBeanName=null; factoryMethodName=null; initMethodName=null; destroyMethodName=null; defined in file [F:\iebm\workspace\alpha\alpha\alpha-self-diagnosis\target\classes\com\alpha\self\diagnosis\processor\BirthProcessor.class]]
2017-09-19 16:55:14,574 INFO [restartedMain] [org.springframework.beans.factory.support.DefaultListableBeanFactory:828] Overriding bean definition for bean 'liverRenalProcessor' with a different definition: replacing [Generic bean: class [com.alpha.self.diagnosis.processor.LiverRenalProcessor]; scope=singleton; abstract=false; lazyInit=false; autowireMode=0; dependencyCheck=0; autowireCandidate=true; primary=false; factoryBeanName=null; factoryMethodName=null; initMethodName=null; destroyMethodName=null; defined in file [F:\iebm\workspace\alpha\alpha\alpha-self-diagnosis\target\classes\com\alpha\self\diagnosis\processor\LiverRenalProcessor.class]] with [Generic bean: class [com.alpha.self.diagnosis.processor.LiverRenalProcessor]; scope=singleton; abstract=false; lazyInit=false; autowireMode=0; dependencyCheck=0; autowireCandidate=true; primary=false; factoryBeanName=null; factoryMethodName=null; initMethodName=null; destroyMethodName=null; defined in file [F:\iebm\workspace\alpha\alpha\alpha-self-diagnosis\target\classes\com\alpha\self\diagnosis\processor\LiverRenalProcessor.class]]
2017-09-19 16:55:14,578 INFO [restartedMain] [org.springframework.beans.factory.support.DefaultListableBeanFactory:828] Overriding bean definition for bean 'normalAnswerProcessor' with a different definition: replacing [Generic bean: class [com.alpha.self.diagnosis.processor.NormalAnswerProcessor]; scope=singleton; abstract=false; lazyInit=false; autowireMode=0; dependencyCheck=0; autowireCandidate=true; primary=false; factoryBeanName=null; factoryMethodName=null; initMethodName=null; destroyMethodName=null; defined in file [F:\iebm\workspace\alpha\alpha\alpha-self-diagnosis\target\classes\com\alpha\self\diagnosis\processor\NormalAnswerProcessor.class]] with [Generic bean: class [com.alpha.self.diagnosis.processor.NormalAnswerProcessor]; scope=singleton; abstract=false; lazyInit=false; autowireMode=0; dependencyCheck=0; autowireCandidate=true; primary=false; factoryBeanName=null; factoryMethodName=null; initMethodName=null; destroyMethodName=null; defined in file [F:\iebm\workspace\alpha\alpha\alpha-self-diagnosis\target\classes\com\alpha\self\diagnosis\processor\NormalAnswerProcessor.class]]
2017-09-19 16:55:14,582 INFO [restartedMain] [org.springframework.beans.factory.support.DefaultListableBeanFactory:828] Overriding bean definition for bean 'pastmedicalHistoryProcessor' with a different definition: replacing [Generic bean: class [com.alpha.self.diagnosis.processor.PastmedicalHistoryProcessor]; scope=singleton; abstract=false; lazyInit=false; autowireMode=0; dependencyCheck=0; autowireCandidate=true; primary=false; factoryBeanName=null; factoryMethodName=null; initMethodName=null; destroyMethodName=null; defined in file [F:\iebm\workspace\alpha\alpha\alpha-self-diagnosis\target\classes\com\alpha\self\diagnosis\processor\PastmedicalHistoryProcessor.class]] with [Generic bean: class [com.alpha.self.diagnosis.processor.PastmedicalHistoryProcessor]; scope=singleton; abstract=false; lazyInit=false; autowireMode=0; dependencyCheck=0; autowireCandidate=true; primary=false; factoryBeanName=null; factoryMethodName=null; initMethodName=null; destroyMethodName=null; defined in file [F:\iebm\workspace\alpha\alpha\alpha-self-diagnosis\target\classes\com\alpha\self\diagnosis\processor\PastmedicalHistoryProcessor.class]]
2017-09-19 16:55:14,585 INFO [restartedMain] [org.springframework.beans.factory.support.DefaultListableBeanFactory:828] Overriding bean definition for bean 'weightProcessor' with a different definition: replacing [Generic bean: class [com.alpha.self.diagnosis.processor.WeightProcessor]; scope=singleton; abstract=false; lazyInit=false; autowireMode=0; dependencyCheck=0; autowireCandidate=true; primary=false; factoryBeanName=null; factoryMethodName=null; initMethodName=null; destroyMethodName=null; defined in file [F:\iebm\workspace\alpha\alpha\alpha-self-diagnosis\target\classes\com\alpha\self\diagnosis\processor\WeightProcessor.class]] with [Generic bean: class [com.alpha.self.diagnosis.processor.WeightProcessor]; scope=singleton; abstract=false; lazyInit=false; autowireMode=0; dependencyCheck=0; autowireCandidate=true; primary=false; factoryBeanName=null; factoryMethodName=null; initMethodName=null; destroyMethodName=null; defined in file [F:\iebm\workspace\alpha\alpha\alpha-self-diagnosis\target\classes\com\alpha\self\diagnosis\processor\WeightProcessor.class]]
2017-09-19 16:58:25,509 INFO [restartedMain] [com.alpha.self.diagnosis.processor.spring.BeanScannerConfigurer:30] 初始化OpenSerivce完成
2017-09-19 16:58:26,019 INFO [restartedMain] [org.springframework.beans.factory.annotation.AutowiredAnnotationBeanPostProcessor:155] JSR-330 'javax.inject.Inject' annotation found and supported for autowiring
2017-09-19 16:58:26,350 INFO [restartedMain] [org.springframework.context.support.PostProcessorRegistrationDelegate$BeanPostProcessorChecker:325] Bean 'org.springframework.transaction.annotation.ProxyTransactionManagementConfiguration' of type [org.springframework.transaction.annotation.ProxyTransactionManagementConfiguration$$EnhancerBySpringCGLIB$$57def388] is not eligible for getting processed by all BeanPostProcessors (for example: not eligible for auto-proxying)
2017-09-19 16:58:27,065 INFO [restartedMain] [org.springframework.context.support.PostProcessorRegistrationDelegate$BeanPostProcessorChecker:325] Bean 'org.springframework.cloud.autoconfigure.ConfigurationPropertiesRebinderAutoConfiguration' of type [org.springframework.cloud.autoconfigure.ConfigurationPropertiesRebinderAutoConfiguration$$EnhancerBySpringCGLIB$$73f8f685] is not eligible for getting processed by all BeanPostProcessors (for example: not eligible for auto-proxying)
2017-09-19 16:58:29,026 INFO [restartedMain] [org.springframework.boot.context.embedded.tomcat.TomcatEmbeddedServletContainer:89] Tomcat initialized with port(s): 19092 (http)
2017-09-19 16:58:29,046 INFO [restartedMain] [org.apache.juli.logging.DirectJDKLog:179] Starting service Tomcat
2017-09-19 16:58:29,049 INFO [restartedMain] [org.apache.juli.logging.DirectJDKLog:179] Starting Servlet Engine: Apache Tomcat/8.5.11
2017-09-19 16:58:29,339 INFO [localhost-startStop-1] [org.apache.juli.logging.DirectJDKLog:179] Initializing Spring embedded WebApplicationContext
2017-09-19 16:58:29,341 INFO [localhost-startStop-1] [org.springframework.boot.context.embedded.EmbeddedWebApplicationContext:276] Root WebApplicationContext: initialization completed in 209219 ms
2017-09-19 16:58:30,897 INFO [localhost-startStop-1] [org.springframework.boot.web.servlet.ServletRegistrationBean:190] Mapping servlet: 'dispatcherServlet' to [/]
2017-09-19 16:58:30,901 INFO [localhost-startStop-1] [org.springframework.boot.web.servlet.ServletRegistrationBean:190] Mapping servlet: 'com.alpha.commons.config.servlet.DruidStatViewServlet' to [/druid/*]
2017-09-19 16:58:30,918 INFO [localhost-startStop-1] [org.springframework.boot.web.servlet.AbstractFilterRegistrationBean:258] Mapping filter: 'characterEncodingFilter' to: [/*]
2017-09-19 16:58:30,919 INFO [localhost-startStop-1] [org.springframework.boot.web.servlet.AbstractFilterRegistrationBean:258] Mapping filter: 'hiddenHttpMethodFilter' to: [/*]
2017-09-19 16:58:30,920 INFO [localhost-startStop-1] [org.springframework.boot.web.servlet.AbstractFilterRegistrationBean:258] Mapping filter: 'httpPutFormContentFilter' to: [/*]
2017-09-19 16:58:30,920 INFO [localhost-startStop-1] [org.springframework.boot.web.servlet.AbstractFilterRegistrationBean:258] Mapping filter: 'requestContextFilter' to: [/*]
2017-09-19 16:58:30,920 INFO [localhost-startStop-1] [org.springframework.boot.web.servlet.AbstractFilterRegistrationBean:271] Mapping filter: 'com.alpha.commons.config.filter.CorsFilter' to urls: [/*]
2017-09-19 16:58:30,921 INFO [localhost-startStop-1] [org.springframework.boot.web.servlet.AbstractFilterRegistrationBean:271] Mapping filter: 'druidWebStatFilter' to urls: [/*]
2017-09-19 16:58:30,990 INFO [localhost-startStop-1] [com.alpha.self.diagnosis.listener.DiagnosisContextListener:23] DiagnosisContextListener contextInitialized starting...
2017-09-19 16:58:47,874 INFO [localhost-startStop-1] [com.alpha.self.diagnosis.processor.BasicAnswerProcessorAdaptor:140] 6 processor will be register.
2017-09-19 16:58:48,308 INFO [localhost-startStop-1] [com.alpha.commons.config.DruidConfiguration$Druid:70] DruidConfiguration init completed................
