2017-12-18 09:15:14,480 INFO [com.alpha.self.diagnosis.AlphaApplication:39] SpringApplicationBuilder run .... 
2017-12-18 09:15:15,231 INFO [com.alpha.self.diagnosis.AlphaApplication:39] SpringApplicationBuilder run .... 
2017-12-18 09:15:16,671 INFO [org.springframework.context.support.AbstractApplicationContext:583] Refreshing org.springframework.context.annotation.AnnotationConfigApplicationContext@344c77ef: startup date [Mon Dec 18 09:15:16 CST 2017]; root of context hierarchy
2017-12-18 09:15:17,135 INFO [org.hibernate.validator.internal.util.Version:30] HV000001: Hibernate Validator 5.3.5.Final
2017-12-18 09:15:17,505 INFO [org.springframework.beans.factory.annotation.AutowiredAnnotationBeanPostProcessor:155] JSR-330 'javax.inject.Inject' annotation found and supported for autowiring
2017-12-18 09:15:17,718 INFO [org.springframework.context.support.PostProcessorRegistrationDelegate$BeanPostProcessorChecker:325] Bean 'configurationPropertiesRebinderAutoConfiguration' of type [org.springframework.cloud.autoconfigure.ConfigurationPropertiesRebinderAutoConfiguration$$EnhancerBySpringCGLIB$$f631ceb0] is not eligible for getting processed by all BeanPostProcessors (for example: not eligible for auto-proxying)
2017-12-18 09:15:18,833 INFO [org.springframework.boot.SpringApplication:597] The following profiles are active: core
2017-12-18 09:15:18,911 INFO [org.springframework.context.support.AbstractApplicationContext:583] Refreshing org.springframework.boot.context.embedded.AnnotationConfigEmbeddedWebApplicationContext@69dde35f: startup date [Mon Dec 18 09:15:18 CST 2017]; parent: org.springframework.context.annotation.AnnotationConfigApplicationContext@344c77ef
2017-12-18 09:15:29,524 INFO [org.springframework.cloud.context.scope.GenericScope:263] BeanFactory id=e1454411-bbdc-3bab-930f-56a69686bbf8
2017-12-18 09:15:29,601 INFO [com.alpha.self.diagnosis.processor.spring.BeanScannerConfigurer:28] 初始化 BasicAnswerProcessor  服务配置
2017-12-18 09:15:29,671 INFO [org.springframework.beans.factory.support.DefaultListableBeanFactory:828] Overriding bean definition for bean 'allergicHistoryAnswerProcessor' with a different definition: replacing [Generic bean: class [com.alpha.self.diagnosis.processor.AllergicHistoryAnswerProcessor]; scope=singleton; abstract=false; lazyInit=false; autowireMode=0; dependencyCheck=0; autowireCandidate=true; primary=false; factoryBeanName=null; factoryMethodName=null; initMethodName=null; destroyMethodName=null; defined in file [F:\iebm\workspace\alpha\branch\v1.0.3\alpha\alpha-self-diagnosis\target\classes\com\alpha\self\diagnosis\processor\AllergicHistoryAnswerProcessor.class]] with [Generic bean: class [com.alpha.self.diagnosis.processor.AllergicHistoryAnswerProcessor]; scope=singleton; abstract=false; lazyInit=false; autowireMode=0; dependencyCheck=0; autowireCandidate=true; primary=false; factoryBeanName=null; factoryMethodName=null; initMethodName=null; destroyMethodName=null; defined in file [F:\iebm\workspace\alpha\branch\v1.0.3\alpha\alpha-self-diagnosis\target\classes\com\alpha\self\diagnosis\processor\AllergicHistoryAnswerProcessor.class]]
2017-12-18 09:15:29,673 INFO [org.springframework.beans.factory.support.DefaultListableBeanFactory:828] Overriding bean definition for bean 'birthProcessor' with a different definition: replacing [Generic bean: class [com.alpha.self.diagnosis.processor.BirthProcessor]; scope=singleton; abstract=false; lazyInit=false; autowireMode=0; dependencyCheck=0; autowireCandidate=true; primary=false; factoryBeanName=null; factoryMethodName=null; initMethodName=null; destroyMethodName=null; defined in file [F:\iebm\workspace\alpha\branch\v1.0.3\alpha\alpha-self-diagnosis\target\classes\com\alpha\self\diagnosis\processor\BirthProcessor.class]] with [Generic bean: class [com.alpha.self.diagnosis.processor.BirthProcessor]; scope=singleton; abstract=false; lazyInit=false; autowireMode=0; dependencyCheck=0; autowireCandidate=true; primary=false; factoryBeanName=null; factoryMethodName=null; initMethodName=null; destroyMethodName=null; defined in file [F:\iebm\workspace\alpha\branch\v1.0.3\alpha\alpha-self-diagnosis\target\classes\com\alpha\self\diagnosis\processor\BirthProcessor.class]]
2017-12-18 09:15:29,674 INFO [org.springframework.beans.factory.support.DefaultListableBeanFactory:828] Overriding bean definition for bean 'liverRenalProcessor' with a different definition: replacing [Generic bean: class [com.alpha.self.diagnosis.processor.LiverRenalProcessor]; scope=singleton; abstract=false; lazyInit=false; autowireMode=0; dependencyCheck=0; autowireCandidate=true; primary=false; factoryBeanName=null; factoryMethodName=null; initMethodName=null; destroyMethodName=null; defined in file [F:\iebm\workspace\alpha\branch\v1.0.3\alpha\alpha-self-diagnosis\target\classes\com\alpha\self\diagnosis\processor\LiverRenalProcessor.class]] with [Generic bean: class [com.alpha.self.diagnosis.processor.LiverRenalProcessor]; scope=singleton; abstract=false; lazyInit=false; autowireMode=0; dependencyCheck=0; autowireCandidate=true; primary=false; factoryBeanName=null; factoryMethodName=null; initMethodName=null; destroyMethodName=null; defined in file [F:\iebm\workspace\alpha\branch\v1.0.3\alpha\alpha-self-diagnosis\target\classes\com\alpha\self\diagnosis\processor\LiverRenalProcessor.class]]
2017-12-18 09:15:29,675 INFO [org.springframework.beans.factory.support.DefaultListableBeanFactory:828] Overriding bean definition for bean 'normalAnswerProcessor' with a different definition: replacing [Generic bean: class [com.alpha.self.diagnosis.processor.NormalAnswerProcessor]; scope=singleton; abstract=false; lazyInit=false; autowireMode=0; dependencyCheck=0; autowireCandidate=true; primary=false; factoryBeanName=null; factoryMethodName=null; initMethodName=null; destroyMethodName=null; defined in file [F:\iebm\workspace\alpha\branch\v1.0.3\alpha\alpha-self-diagnosis\target\classes\com\alpha\self\diagnosis\processor\NormalAnswerProcessor.class]] with [Generic bean: class [com.alpha.self.diagnosis.processor.NormalAnswerProcessor]; scope=singleton; abstract=false; lazyInit=false; autowireMode=0; dependencyCheck=0; autowireCandidate=true; primary=false; factoryBeanName=null; factoryMethodName=null; initMethodName=null; destroyMethodName=null; defined in file [F:\iebm\workspace\alpha\branch\v1.0.3\alpha\alpha-self-diagnosis\target\classes\com\alpha\self\diagnosis\processor\NormalAnswerProcessor.class]]
2017-12-18 09:15:29,676 INFO [org.springframework.beans.factory.support.DefaultListableBeanFactory:828] Overriding bean definition for bean 'pastmedicalHistoryProcessor' with a different definition: replacing [Generic bean: class [com.alpha.self.diagnosis.processor.PastmedicalHistoryProcessor]; scope=singleton; abstract=false; lazyInit=false; autowireMode=0; dependencyCheck=0; autowireCandidate=true; primary=false; factoryBeanName=null; factoryMethodName=null; initMethodName=null; destroyMethodName=null; defined in file [F:\iebm\workspace\alpha\branch\v1.0.3\alpha\alpha-self-diagnosis\target\classes\com\alpha\self\diagnosis\processor\PastmedicalHistoryProcessor.class]] with [Generic bean: class [com.alpha.self.diagnosis.processor.PastmedicalHistoryProcessor]; scope=singleton; abstract=false; lazyInit=false; autowireMode=0; dependencyCheck=0; autowireCandidate=true; primary=false; factoryBeanName=null; factoryMethodName=null; initMethodName=null; destroyMethodName=null; defined in file [F:\iebm\workspace\alpha\branch\v1.0.3\alpha\alpha-self-diagnosis\target\classes\com\alpha\self\diagnosis\processor\PastmedicalHistoryProcessor.class]]
2017-12-18 09:15:29,676 INFO [org.springframework.beans.factory.support.DefaultListableBeanFactory:828] Overriding bean definition for bean 'weightProcessor' with a different definition: replacing [Generic bean: class [com.alpha.self.diagnosis.processor.WeightProcessor]; scope=singleton; abstract=false; lazyInit=false; autowireMode=0; dependencyCheck=0; autowireCandidate=true; primary=false; factoryBeanName=null; factoryMethodName=null; initMethodName=null; destroyMethodName=null; defined in file [F:\iebm\workspace\alpha\branch\v1.0.3\alpha\alpha-self-diagnosis\target\classes\com\alpha\self\diagnosis\processor\WeightProcessor.class]] with [Generic bean: class [com.alpha.self.diagnosis.processor.WeightProcessor]; scope=singleton; abstract=false; lazyInit=false; autowireMode=0; dependencyCheck=0; autowireCandidate=true; primary=false; factoryBeanName=null; factoryMethodName=null; initMethodName=null; destroyMethodName=null; defined in file [F:\iebm\workspace\alpha\branch\v1.0.3\alpha\alpha-self-diagnosis\target\classes\com\alpha\self\diagnosis\processor\WeightProcessor.class]]
2017-12-18 09:15:29,682 INFO [com.alpha.self.diagnosis.processor.spring.BeanScannerConfigurer:32] 初始化 BasicAnswerProcessor 完成
2017-12-18 09:15:30,467 INFO [org.springframework.beans.factory.annotation.AutowiredAnnotationBeanPostProcessor:155] JSR-330 'javax.inject.Inject' annotation found and supported for autowiring
2017-12-18 09:15:30,980 INFO [org.springframework.context.support.PostProcessorRegistrationDelegate$BeanPostProcessorChecker:325] Bean 'org.springframework.transaction.annotation.ProxyTransactionManagementConfiguration' of type [org.springframework.transaction.annotation.ProxyTransactionManagementConfiguration$$EnhancerBySpringCGLIB$$da17cbb3] is not eligible for getting processed by all BeanPostProcessors (for example: not eligible for auto-proxying)
2017-12-18 09:15:31,658 INFO [org.springframework.context.support.PostProcessorRegistrationDelegate$BeanPostProcessorChecker:325] Bean 'org.springframework.cloud.autoconfigure.ConfigurationPropertiesRebinderAutoConfiguration' of type [org.springframework.cloud.autoconfigure.ConfigurationPropertiesRebinderAutoConfiguration$$EnhancerBySpringCGLIB$$f631ceb0] is not eligible for getting processed by all BeanPostProcessors (for example: not eligible for auto-proxying)
2017-12-18 09:15:34,116 INFO [org.springframework.boot.context.embedded.tomcat.TomcatEmbeddedServletContainer:89] Tomcat initialized with port(s): 19092 (http)
2017-12-18 09:15:34,139 INFO [org.apache.juli.logging.DirectJDKLog:179] Starting service [Tomcat]
2017-12-18 09:15:34,142 INFO [org.apache.juli.logging.DirectJDKLog:179] Starting Servlet Engine: Apache Tomcat/8.5.20
2017-12-18 09:15:34,729 INFO [org.apache.juli.logging.DirectJDKLog:179] Initializing Spring embedded WebApplicationContext
2017-12-18 09:15:34,730 INFO [org.springframework.boot.context.embedded.EmbeddedWebApplicationContext:276] Root WebApplicationContext: initialization completed in 15819 ms
2017-12-18 09:15:36,616 INFO [org.springframework.boot.web.servlet.ServletRegistrationBean:190] Mapping servlet: 'dispatcherServlet' to [/]
2017-12-18 09:15:36,620 INFO [org.springframework.boot.web.servlet.ServletRegistrationBean:190] Mapping servlet: 'com.alpha.commons.config.servlet.DruidStatViewServlet' to [/druid/*]
2017-12-18 09:15:36,635 INFO [org.springframework.boot.web.servlet.AbstractFilterRegistrationBean:258] Mapping filter: 'characterEncodingFilter' to: [/*]
2017-12-18 09:15:36,637 INFO [org.springframework.boot.web.servlet.AbstractFilterRegistrationBean:258] Mapping filter: 'hiddenHttpMethodFilter' to: [/*]
2017-12-18 09:15:36,637 INFO [org.springframework.boot.web.servlet.AbstractFilterRegistrationBean:258] Mapping filter: 'httpPutFormContentFilter' to: [/*]
2017-12-18 09:15:36,638 INFO [org.springframework.boot.web.servlet.AbstractFilterRegistrationBean:258] Mapping filter: 'requestContextFilter' to: [/*]
2017-12-18 09:15:36,638 INFO [org.springframework.boot.web.servlet.AbstractFilterRegistrationBean:271] Mapping filter: 'com.alpha.self.diagnosis.converter.ParamDecryptServletRequestFilter' to urls: [/*]
2017-12-18 09:15:36,638 INFO [org.springframework.boot.web.servlet.AbstractFilterRegistrationBean:271] Mapping filter: 'com.alpha.commons.config.filter.CorsFilter' to urls: [/*]
2017-12-18 09:15:36,639 INFO [org.springframework.boot.web.servlet.AbstractFilterRegistrationBean:271] Mapping filter: 'druidWebStatFilter' to urls: [/*]
2017-12-18 09:15:36,706 INFO [com.alpha.self.diagnosis.listener.DiagnosisContextListener:27] DiagnosisContextListener contextInitialized starting...
2017-12-18 09:15:36,727 INFO [com.alpha.self.diagnosis.processor.BasicAnswerProcessorAdaptor:154] 6 processor will be register.
2017-12-18 09:15:37,391 INFO [com.alpha.commons.config.DruidConfiguration$Druid:66] DruidConfiguration init completed................
2017-12-18 09:15:43,749 INFO [com.alpha.self.diagnosis.listener.DiagnosisContextListener:34] DiagnosisContextListener contextInitialized completed
2017-12-18 09:15:43,769 INFO [com.alpha.self.diagnosis.converter.ParamDecryptServletRequestFilter:33] 需要解密的参数字段 --> null
2017-12-18 09:15:49,481 WARN [com.netflix.config.sources.URLConfigurationSource:121] No URLs will be polled as dynamic configuration sources.
2017-12-18 09:15:49,482 INFO [com.netflix.config.sources.URLConfigurationSource:122] To enable URLs as dynamic configuration sources, define System property archaius.configurationSource.additionalUrls or make config.properties available on classpath.
2017-12-18 09:15:49,500 WARN [com.netflix.config.sources.URLConfigurationSource:121] No URLs will be polled as dynamic configuration sources.
2017-12-18 09:15:49,501 INFO [com.netflix.config.sources.URLConfigurationSource:122] To enable URLs as dynamic configuration sources, define System property archaius.configurationSource.additionalUrls or make config.properties available on classpath.
2017-12-18 09:15:51,519 INFO [org.springframework.web.servlet.mvc.method.annotation.RequestMappingHandlerAdapter:534] Looking for @ControllerAdvice: org.springframework.boot.context.embedded.AnnotationConfigEmbeddedWebApplicationContext@69dde35f: startup date [Mon Dec 18 09:15:18 CST 2017]; parent: org.springframework.context.annotation.AnnotationConfigApplicationContext@344c77ef
2017-12-18 09:15:52,040 INFO [org.springframework.web.servlet.handler.AbstractHandlerMethodMapping$MappingRegistry:543] Mapped "{[/data/search/concsymp],methods=[POST]}" onto public com.alpha.commons.web.ResponseMessage com.alpha.self.diagnosis.controller.DataSearchController.diagnosisStart(com.alpha.self.diagnosis.pojo.vo.SearchRequestVo)
2017-12-18 09:15:52,043 INFO [org.springframework.web.servlet.handler.AbstractHandlerMethodMapping$MappingRegistry:543] Mapped "{[/data/search/weight],methods=[POST]}" onto public com.alpha.commons.web.ResponseMessage com.alpha.self.diagnosis.controller.DataSearchController.weightSearch(com.alpha.user.pojo.vo.HisUserInfoVo)
2017-12-18 09:15:52,045 INFO [org.springframework.web.servlet.handler.AbstractHandlerMethodMapping$MappingRegistry:543] Mapped "{[/data/search/pastmedicalHistory],methods=[POST]}" onto public com.alpha.commons.web.ResponseMessage com.alpha.self.diagnosis.controller.DataSearchController.pastmedicalHistorySearch(com.alpha.self.diagnosis.pojo.vo.SearchRequestVo)
2017-12-18 09:15:52,045 INFO [org.springframework.web.servlet.handler.AbstractHandlerMethodMapping$MappingRegistry:543] Mapped "{[/data/search/allergicHistory],methods=[POST]}" onto public com.alpha.commons.web.ResponseMessage com.alpha.self.diagnosis.controller.DataSearchController.allergicHistorySearch(com.alpha.self.diagnosis.pojo.vo.SearchRequestVo)
2017-12-18 09:15:52,047 INFO [org.springframework.web.servlet.handler.AbstractHandlerMethodMapping$MappingRegistry:543] Mapped "{[/data/search/mainSymptom],methods=[POST]}" onto public com.alpha.commons.web.ResponseMessage com.alpha.self.diagnosis.controller.DataSearchController.mainSymptomSearch(java.lang.Long,java.lang.Integer,java.lang.String)
2017-12-18 09:15:52,056 INFO [org.springframework.web.servlet.handler.AbstractHandlerMethodMapping$MappingRegistry:543] Mapped "{[/diagnosis/basic/next],methods=[POST]}" onto public com.alpha.commons.web.ResponseMessage com.alpha.self.diagnosis.controller.DiagnosisController.diagnosisNext(com.alpha.self.diagnosis.pojo.vo.QuestionRequestVo)
2017-12-18 09:15:52,058 INFO [org.springframework.web.servlet.handler.AbstractHandlerMethodMapping$MappingRegistry:543] Mapped "{[/diagnosis/outcome/confirm],methods=[POST]}" onto public com.alpha.commons.web.ResponseMessage com.alpha.self.diagnosis.controller.DiagnosisController.confirmOutcome(java.lang.Long,java.lang.String)
2017-12-18 09:15:52,059 INFO [org.springframework.web.servlet.handler.AbstractHandlerMethodMapping$MappingRegistry:543] Mapped "{[/diagnosis/diseaseHistory],methods=[POST]}" onto public com.alpha.commons.web.ResponseMessage com.alpha.self.diagnosis.controller.DiagnosisController.diseaseHistory(com.alpha.self.diagnosis.pojo.vo.DiseaseHistoryRequestVo)
2017-12-18 09:15:52,060 INFO [org.springframework.web.servlet.handler.AbstractHandlerMethodMapping$MappingRegistry:543] Mapped "{[/diagnosis/outcome/get],methods=[POST]}" onto public com.alpha.commons.web.ResponseMessage com.alpha.self.diagnosis.controller.DiagnosisController.getOutcome(java.lang.Long)
2017-12-18 09:15:52,061 INFO [org.springframework.web.servlet.handler.AbstractHandlerMethodMapping$MappingRegistry:543] Mapped "{[/diagnosis/start],methods=[POST],consumes=[application/json || application/x-www-form-urlencoded]}" onto public com.alpha.commons.web.ResponseMessage com.alpha.self.diagnosis.controller.DiagnosisController.diagnosisStart(com.alpha.self.diagnosis.pojo.vo.DiagnosisStartReqeustVo)
2017-12-18 09:15:52,062 INFO [org.springframework.web.servlet.handler.AbstractHandlerMethodMapping$MappingRegistry:543] Mapped "{[/diagnosis/queryMedicalRecord4His/{idcard}],methods=[POST]}" onto public com.alpha.commons.web.ResponseMessage com.alpha.self.diagnosis.controller.DiagnosisController.queryMedicalRecord4His(java.lang.String)
2017-12-18 09:15:52,063 INFO [org.springframework.web.servlet.handler.AbstractHandlerMethodMapping$MappingRegistry:543] Mapped "{[/diagnosis/queryBasicQuestion],methods=[POST]}" onto public com.alpha.commons.web.ResponseMessage com.alpha.self.diagnosis.controller.DiagnosisController.queryBasicQuestion(com.alpha.user.controller.req.vo.PatientInfo)
2017-12-18 09:15:52,064 INFO [org.springframework.web.servlet.handler.AbstractHandlerMethodMapping$MappingRegistry:543] Mapped "{[/diagnosis/medicine/next],methods=[POST]}" onto public com.alpha.commons.web.ResponseMessage com.alpha.self.diagnosis.controller.DiagnosisController.diagnosisMedicineNext(java.lang.String)
2017-12-18 09:15:52,065 INFO [org.springframework.web.servlet.handler.AbstractHandlerMethodMapping$MappingRegistry:543] Mapped "{[/diagnosis/showResult],methods=[POST]}" onto public com.alpha.commons.web.ResponseMessage com.alpha.self.diagnosis.controller.DiagnosisController.showDiagnosisResult(com.alpha.self.diagnosis.pojo.vo.BasicRequestVo)
2017-12-18 09:15:52,072 INFO [org.springframework.web.servlet.handler.AbstractHandlerMethodMapping$MappingRegistry:543] Mapped "{[/disease/dept/query/{diseaseCode}],methods=[POST]}" onto public com.alpha.commons.web.ResponseMessage com.alpha.self.diagnosis.controller.DiseaseController.queryDepartment(java.lang.String)
2017-12-18 09:15:52,073 INFO [org.springframework.web.servlet.handler.AbstractHandlerMethodMapping$MappingRegistry:543] Mapped "{[/disease/treatmentadvice/query/{diseaseCode}],methods=[POST]}" onto public com.alpha.commons.web.ResponseMessage com.alpha.self.diagnosis.controller.DiseaseController.queryTreatmentAdvice(java.lang.String)
2017-12-18 09:15:52,074 INFO [org.springframework.web.servlet.handler.AbstractHandlerMethodMapping$MappingRegistry:543] Mapped "{[/disease/check/query/{diseaseCode}],methods=[POST]}" onto public com.alpha.commons.web.ResponseMessage com.alpha.self.diagnosis.controller.DiseaseController.queryDiseaseCheck(java.lang.String)
2017-12-18 09:15:52,081 INFO [org.springframework.web.servlet.handler.AbstractHandlerMethodMapping$MappingRegistry:543] Mapped "{[/info],methods=[GET]}" onto public java.lang.String com.alpha.self.diagnosis.controller.MainController.test()
2017-12-18 09:15:52,082 INFO [org.springframework.web.servlet.handler.AbstractHandlerMethodMapping$MappingRegistry:543] Mapped "{[/getMedicalRecord],methods=[POST]}" onto public com.alpha.commons.web.ResponseMessage com.alpha.self.diagnosis.controller.MainController.getMedicalRecord()
2017-12-18 09:15:52,083 INFO [org.springframework.web.servlet.handler.AbstractHandlerMethodMapping$MappingRegistry:543] Mapped "{[/test/question],methods=[POST]}" onto public com.alpha.commons.web.ResponseMessage com.alpha.self.diagnosis.controller.MainController.medicineQuestion(java.lang.Integer)
2017-12-18 09:15:52,084 INFO [org.springframework.web.servlet.handler.AbstractHandlerMethodMapping$MappingRegistry:543] Mapped "{[/test/question2],methods=[POST],produces=[application/json;charset=UTF-8]}" onto public com.alpha.commons.web.ResponseMessage com.alpha.self.diagnosis.controller.MainController.medicineQuestion(java.lang.String,java.lang.String)
2017-12-18 09:15:52,086 INFO [org.springframework.web.servlet.handler.AbstractHandlerMethodMapping$MappingRegistry:543] Mapped "{[/treatscheme/get],methods=[POST]}" onto public com.alpha.commons.web.ResponseMessage com.alpha.self.diagnosis.controller.TreatSchemeController.treatScheme(com.alpha.self.diagnosis.pojo.vo.SearchRequestVo)
2017-12-18 09:15:52,087 INFO [org.springframework.web.servlet.handler.AbstractHandlerMethodMapping$MappingRegistry:543] Mapped "{[/treatscheme/diseaseList],methods=[POST]}" onto public com.alpha.commons.web.ResponseMessage com.alpha.self.diagnosis.controller.TreatSchemeController.diseaseList(com.alpha.self.diagnosis.pojo.vo.SearchRequestVo)
2017-12-18 09:15:52,091 INFO [org.springframework.web.servlet.handler.AbstractHandlerMethodMapping$MappingRegistry:543] Mapped "{[/feedback/put],methods=[POST]}" onto public com.alpha.commons.web.ResponseMessage com.alpha.user.controller.FeedBackController.authorization(com.alpha.server.rpc.user.pojo.UserFeedback)
2017-12-18 09:15:52,092 INFO [org.springframework.web.servlet.handler.AbstractHandlerMethodMapping$MappingRegistry:543] Mapped "{[/feedback/useful/query/{diagnosisId}],methods=[POST]}" onto public com.alpha.commons.web.ResponseMessage com.alpha.user.controller.FeedBackController.queryUseful(java.lang.Long)
2017-12-18 09:15:52,093 INFO [org.springframework.web.servlet.handler.AbstractHandlerMethodMapping$MappingRegistry:543] Mapped "{[/feedback/items/query],methods=[POST]}" onto public com.alpha.commons.web.ResponseMessage com.alpha.user.controller.FeedBackController.queryItems()
2017-12-18 09:15:52,096 INFO [org.springframework.web.servlet.handler.AbstractHandlerMethodMapping$MappingRegistry:543] Mapped "{[/user/query],methods=[POST]}" onto public com.alpha.commons.web.ResponseMessage com.alpha.user.controller.UserController.query(com.alpha.user.pojo.vo.HisUserInfoVo)
2017-12-18 09:15:52,097 INFO [org.springframework.web.servlet.handler.AbstractHandlerMethodMapping$MappingRegistry:543] Mapped "{[/user/auth],methods=[POST]}" onto public com.alpha.commons.web.ResponseMessage com.alpha.user.controller.UserController.authorization(java.lang.String,java.lang.Integer,java.lang.Integer)
2017-12-18 09:15:52,098 INFO [org.springframework.web.servlet.handler.AbstractHandlerMethodMapping$MappingRegistry:543] Mapped "{[/user/save],methods=[POST]}" onto public com.alpha.commons.web.ResponseMessage com.alpha.user.controller.UserController.saveUserInfo(java.lang.String)
2017-12-18 09:15:52,102 INFO [org.springframework.web.servlet.handler.AbstractHandlerMethodMapping$MappingRegistry:543] Mapped "{[/error]}" onto public org.springframework.http.ResponseEntity<java.util.Map<java.lang.String, java.lang.Object>> org.springframework.boot.autoconfigure.web.BasicErrorController.error(javax.servlet.http.HttpServletRequest)
2017-12-18 09:15:52,104 INFO [org.springframework.web.servlet.handler.AbstractHandlerMethodMapping$MappingRegistry:543] Mapped "{[/error],produces=[text/html]}" onto public org.springframework.web.servlet.ModelAndView org.springframework.boot.autoconfigure.web.BasicErrorController.errorHtml(javax.servlet.http.HttpServletRequest,javax.servlet.http.HttpServletResponse)
2017-12-18 09:15:52,805 INFO [org.springframework.web.servlet.handler.AbstractUrlHandlerMapping:362] Mapped URL path [/webjars/**] onto handler of type [class org.springframework.web.servlet.resource.ResourceHttpRequestHandler]
2017-12-18 09:15:52,806 INFO [org.springframework.web.servlet.handler.AbstractUrlHandlerMapping:362] Mapped URL path [/**] onto handler of type [class org.springframework.web.servlet.resource.ResourceHttpRequestHandler]
2017-12-18 09:15:52,938 INFO [org.springframework.web.servlet.mvc.method.annotation.ExceptionHandlerExceptionResolver:273] Detected @ExceptionHandler methods in controllerEnhancerment
2017-12-18 09:15:53,289 INFO [org.springframework.web.servlet.handler.AbstractUrlHandlerMapping:362] Mapped URL path [/**/favicon.ico] onto handler of type [class org.springframework.web.servlet.resource.ResourceHttpRequestHandler]
2017-12-18 09:15:59,473 INFO [org.springframework.boot.devtools.autoconfigure.OptionalLiveReloadServer:58] LiveReload server is running on port 35729
2017-12-18 09:16:02,169 INFO [org.springframework.jmx.export.MBeanExporter:431] Registering beans for JMX exposure on startup
2017-12-18 09:16:02,176 INFO [org.springframework.jmx.export.MBeanExporter:916] Bean with name 'dataSource' has been autodetected for JMX exposure
2017-12-18 09:16:02,218 INFO [org.springframework.jmx.export.MBeanExporter:916] Bean with name 'environmentManager' has been autodetected for JMX exposure
2017-12-18 09:16:02,220 INFO [org.springframework.jmx.export.MBeanExporter:916] Bean with name 'configurationPropertiesRebinder' has been autodetected for JMX exposure
2017-12-18 09:16:02,223 INFO [org.springframework.jmx.export.MBeanExporter:916] Bean with name 'refreshScope' has been autodetected for JMX exposure
2017-12-18 09:16:02,232 INFO [org.springframework.jmx.export.MBeanExporter:678] Located managed bean 'environmentManager': registering with JMX server as MBean [org.springframework.cloud.context.environment:name=environmentManager,type=EnvironmentManager]
2017-12-18 09:16:02,327 INFO [org.springframework.jmx.export.MBeanExporter:678] Located managed bean 'refreshScope': registering with JMX server as MBean [org.springframework.cloud.context.scope.refresh:name=refreshScope,type=RefreshScope]
2017-12-18 09:16:02,442 INFO [org.springframework.jmx.export.MBeanExporter:678] Located managed bean 'configurationPropertiesRebinder': registering with JMX server as MBean [org.springframework.cloud.context.properties:name=configurationPropertiesRebinder,context=69dde35f,type=ConfigurationPropertiesRebinder]
2017-12-18 09:16:02,477 INFO [org.springframework.jmx.export.MBeanExporter:671] Located MBean 'dataSource': registering with JMX server as MBean [com.alibaba.druid.pool:name=dataSource,type=DruidDataSource]
2017-12-18 09:16:02,904 INFO [org.springframework.context.support.DefaultLifecycleProcessor$LifecycleGroup:343] Starting beans in phase 0
2017-12-18 09:16:02,938 INFO [org.springframework.cloud.netflix.eureka.InstanceInfoFactory:70] Setting initial instance status as: STARTING
2017-12-18 09:16:03,141 INFO [com.netflix.discovery.DiscoveryClient:344] Initializing Eureka in region us-east-1
2017-12-18 09:16:03,867 INFO [com.netflix.discovery.provider.DiscoveryJerseyProvider:70] Using JSON encoding codec LegacyJacksonJson
2017-12-18 09:16:03,869 INFO [com.netflix.discovery.provider.DiscoveryJerseyProvider:71] Using JSON decoding codec LegacyJacksonJson
2017-12-18 09:16:04,261 INFO [com.netflix.discovery.provider.DiscoveryJerseyProvider:80] Using XML encoding codec XStreamXml
2017-12-18 09:16:04,262 INFO [com.netflix.discovery.provider.DiscoveryJerseyProvider:81] Using XML decoding codec XStreamXml
2017-12-18 09:16:05,920 INFO [com.netflix.discovery.shared.resolver.aws.ConfigClusterResolver:43] Resolving eureka endpoints via configuration
2017-12-18 09:16:06,316 INFO [com.netflix.discovery.DiscoveryClient:920] Disable delta property : false
2017-12-18 09:16:06,317 INFO [com.netflix.discovery.DiscoveryClient:921] Single vip registry refresh property : null
2017-12-18 09:16:06,318 INFO [com.netflix.discovery.DiscoveryClient:922] Force full registry fetch : false
2017-12-18 09:16:06,319 INFO [com.netflix.discovery.DiscoveryClient:923] Application is null : false
2017-12-18 09:16:06,319 INFO [com.netflix.discovery.DiscoveryClient:924] Registered Applications size is zero : true
2017-12-18 09:16:06,320 INFO [com.netflix.discovery.DiscoveryClient:926] Application version is -1: true
2017-12-18 09:16:06,321 INFO [com.netflix.discovery.DiscoveryClient:1009] Getting all instance registry info from the eureka server
2017-12-18 09:16:06,743 INFO [com.netflix.discovery.DiscoveryClient:1018] The response status is 200
2017-12-18 09:16:06,747 INFO [com.netflix.discovery.DiscoveryClient:1244] Starting heartbeat executor: renew interval is: 5
2017-12-18 09:16:06,752 INFO [com.netflix.discovery.InstanceInfoReplicator:59] InstanceInfoReplicator onDemand update allowed rate per min is 4
2017-12-18 09:16:06,759 INFO [com.netflix.discovery.DiscoveryClient:425] Discovery Client initialized at timestamp 1513559766759 with initial instances count: 1
2017-12-18 09:16:07,075 INFO [org.springframework.cloud.netflix.eureka.serviceregistry.EurekaServiceRegistry:40] Registering application alpha-self-diagnosis with eureka with status UP
2017-12-18 09:16:07,076 INFO [com.netflix.discovery.DiscoveryClient$3:1279] Saw local status change event StatusChangeEvent [timestamp=1513559767076, current=UP, previous=STARTING]
2017-12-18 09:16:07,086 INFO [com.netflix.discovery.DiscoveryClient:795] DiscoveryClient_ALPHA-SELF-DIAGNOSIS/PC-20160606PUVI:alpha-self-diagnosis:19092: registering service...
2017-12-18 09:16:07,201 INFO [org.apache.juli.logging.DirectJDKLog:179] Initializing ProtocolHandler ["http-nio-19092"]
2017-12-18 09:16:07,219 INFO [com.netflix.discovery.DiscoveryClient:804] DiscoveryClient_ALPHA-SELF-DIAGNOSIS/PC-20160606PUVI:alpha-self-diagnosis:19092 - registration status: 204
2017-12-18 09:16:07,261 INFO [org.apache.juli.logging.DirectJDKLog:179] Starting ProtocolHandler ["http-nio-19092"]
2017-12-18 09:16:07,281 ERROR [org.apache.juli.logging.DirectJDKLog:181] Failed to start end point associated with ProtocolHandler ["http-nio-19092"]
java.net.BindException: Address already in use: bind
	at sun.nio.ch.Net.bind0(Native Method)
	at sun.nio.ch.Net.bind(Net.java:433)
	at sun.nio.ch.Net.bind(Net.java:425)
	at sun.nio.ch.ServerSocketChannelImpl.bind(ServerSocketChannelImpl.java:223)
	at sun.nio.ch.ServerSocketAdaptor.bind(ServerSocketAdaptor.java:74)
	at org.apache.tomcat.util.net.NioEndpoint.bind(NioEndpoint.java:210)
	at org.apache.tomcat.util.net.AbstractEndpoint.start(AbstractEndpoint.java:990)
	at org.apache.coyote.AbstractProtocol.start(AbstractProtocol.java:635)
	at org.apache.catalina.connector.Connector.startInternal(Connector.java:1022)
	at org.apache.catalina.util.LifecycleBase.start(LifecycleBase.java:150)
	at org.apache.catalina.core.StandardService.addConnector(StandardService.java:225)
	at org.springframework.boot.context.embedded.tomcat.TomcatEmbeddedServletContainer.addPreviouslyRemovedConnectors(TomcatEmbeddedServletContainer.java:250)
	at org.springframework.boot.context.embedded.tomcat.TomcatEmbeddedServletContainer.start(TomcatEmbeddedServletContainer.java:193)
	at org.springframework.boot.context.embedded.EmbeddedWebApplicationContext.startEmbeddedServletContainer(EmbeddedWebApplicationContext.java:297)
	at org.springframework.boot.context.embedded.EmbeddedWebApplicationContext.finishRefresh(EmbeddedWebApplicationContext.java:145)
	at org.springframework.context.support.AbstractApplicationContext.refresh(AbstractApplicationContext.java:546)
	at org.springframework.boot.context.embedded.EmbeddedWebApplicationContext.refresh(EmbeddedWebApplicationContext.java:122)
	at org.springframework.boot.SpringApplication.refresh(SpringApplication.java:693)
	at org.springframework.boot.SpringApplication.refreshContext(SpringApplication.java:360)
	at org.springframework.boot.SpringApplication.run(SpringApplication.java:303)
	at org.springframework.boot.SpringApplication.run(SpringApplication.java:1118)
	at org.springframework.boot.SpringApplication.run(SpringApplication.java:1107)
	at com.alpha.self.diagnosis.AlphaApplication.main(AlphaApplication.java:40)
	at sun.reflect.NativeMethodAccessorImpl.invoke0(Native Method)
	at sun.reflect.NativeMethodAccessorImpl.invoke(NativeMethodAccessorImpl.java:62)
	at sun.reflect.DelegatingMethodAccessorImpl.invoke(DelegatingMethodAccessorImpl.java:43)
	at java.lang.reflect.Method.invoke(Method.java:498)
	at org.springframework.boot.devtools.restart.RestartLauncher.run(RestartLauncher.java:49)
2017-12-18 09:16:07,284 ERROR [org.apache.juli.logging.DirectJDKLog:181] Failed to start connector [Connector[HTTP/1.1-19092]]
org.apache.catalina.LifecycleException: Failed to start component [Connector[HTTP/1.1-19092]]
	at org.apache.catalina.util.LifecycleBase.start(LifecycleBase.java:167)
	at org.apache.catalina.core.StandardService.addConnector(StandardService.java:225)
	at org.springframework.boot.context.embedded.tomcat.TomcatEmbeddedServletContainer.addPreviouslyRemovedConnectors(TomcatEmbeddedServletContainer.java:250)
	at org.springframework.boot.context.embedded.tomcat.TomcatEmbeddedServletContainer.start(TomcatEmbeddedServletContainer.java:193)
	at org.springframework.boot.context.embedded.EmbeddedWebApplicationContext.startEmbeddedServletContainer(EmbeddedWebApplicationContext.java:297)
	at org.springframework.boot.context.embedded.EmbeddedWebApplicationContext.finishRefresh(EmbeddedWebApplicationContext.java:145)
	at org.springframework.context.support.AbstractApplicationContext.refresh(AbstractApplicationContext.java:546)
	at org.springframework.boot.context.embedded.EmbeddedWebApplicationContext.refresh(EmbeddedWebApplicationContext.java:122)
	at org.springframework.boot.SpringApplication.refresh(SpringApplication.java:693)
	at org.springframework.boot.SpringApplication.refreshContext(SpringApplication.java:360)
	at org.springframework.boot.SpringApplication.run(SpringApplication.java:303)
	at org.springframework.boot.SpringApplication.run(SpringApplication.java:1118)
	at org.springframework.boot.SpringApplication.run(SpringApplication.java:1107)
	at com.alpha.self.diagnosis.AlphaApplication.main(AlphaApplication.java:40)
	at sun.reflect.NativeMethodAccessorImpl.invoke0(Native Method)
	at sun.reflect.NativeMethodAccessorImpl.invoke(NativeMethodAccessorImpl.java:62)
	at sun.reflect.DelegatingMethodAccessorImpl.invoke(DelegatingMethodAccessorImpl.java:43)
	at java.lang.reflect.Method.invoke(Method.java:498)
	at org.springframework.boot.devtools.restart.RestartLauncher.run(RestartLauncher.java:49)
Caused by: org.apache.catalina.LifecycleException: service.getName(): "Tomcat";  Protocol handler start failed
	at org.apache.catalina.connector.Connector.startInternal(Connector.java:1029)
	at org.apache.catalina.util.LifecycleBase.start(LifecycleBase.java:150)
	... 18 common frames omitted
Caused by: java.net.BindException: Address already in use: bind
	at sun.nio.ch.Net.bind0(Native Method)
	at sun.nio.ch.Net.bind(Net.java:433)
	at sun.nio.ch.Net.bind(Net.java:425)
	at sun.nio.ch.ServerSocketChannelImpl.bind(ServerSocketChannelImpl.java:223)
	at sun.nio.ch.ServerSocketAdaptor.bind(ServerSocketAdaptor.java:74)
	at org.apache.tomcat.util.net.NioEndpoint.bind(NioEndpoint.java:210)
	at org.apache.tomcat.util.net.AbstractEndpoint.start(AbstractEndpoint.java:990)
	at org.apache.coyote.AbstractProtocol.start(AbstractProtocol.java:635)
	at org.apache.catalina.connector.Connector.startInternal(Connector.java:1022)
	... 19 common frames omitted
2017-12-18 09:16:07,873 INFO [org.apache.juli.logging.DirectJDKLog:179] Pausing ProtocolHandler ["http-nio-19092"]
2017-12-18 09:16:07,874 INFO [org.apache.juli.logging.DirectJDKLog:179] Stopping service [Tomcat]
2017-12-18 09:16:08,408 INFO [org.apache.juli.logging.DirectJDKLog:179] The stop() method was called on component [StandardServer[-1]] after stop() had already been called. The second call will be ignored.
2017-12-18 09:16:08,409 INFO [org.apache.juli.logging.DirectJDKLog:179] Stopping ProtocolHandler ["http-nio-19092"]
2017-12-18 09:16:08,410 INFO [org.apache.juli.logging.DirectJDKLog:179] Destroying ProtocolHandler ["http-nio-19092"]
2017-12-18 09:16:08,423 INFO [org.springframework.boot.autoconfigure.logging.AutoConfigurationReportLoggingInitializer:101] 

Error starting ApplicationContext. To display the auto-configuration report re-run your application with 'debug' enabled.
2017-12-18 09:16:08,451 ERROR [org.springframework.boot.diagnostics.LoggingFailureAnalysisReporter:42] 

***************************
APPLICATION FAILED TO START
***************************

Description:

The Tomcat connector configured to listen on port 19092 failed to start. The port may already be in use or the connector may be misconfigured.

Action:

Verify the connector's configuration, identify and stop any process that's listening on port 19092, or configure this application to listen on another port.

2017-12-18 09:16:08,467 INFO [org.springframework.context.support.AbstractApplicationContext:984] Closing org.springframework.boot.context.embedded.AnnotationConfigEmbeddedWebApplicationContext@69dde35f: startup date [Mon Dec 18 09:15:18 CST 2017]; parent: org.springframework.context.annotation.AnnotationConfigApplicationContext@344c77ef
2017-12-18 09:16:08,468 INFO [org.springframework.cloud.netflix.eureka.serviceregistry.EurekaServiceRegistry:64] Unregistering application alpha-self-diagnosis with eureka with status DOWN
2017-12-18 09:16:08,469 WARN [com.netflix.discovery.DiscoveryClient$3:1277] Saw local status change event StatusChangeEvent [timestamp=1513559768469, current=DOWN, previous=UP]
2017-12-18 09:16:08,470 INFO [com.netflix.discovery.DiscoveryClient:852] Shutting down DiscoveryClient ...
2017-12-18 09:16:08,472 INFO [com.netflix.discovery.DiscoveryClient:884] Unregistering ...
2017-12-18 09:16:08,653 INFO [com.netflix.discovery.DiscoveryClient:886] DiscoveryClient_ALPHA-SELF-DIAGNOSIS/PC-20160606PUVI:alpha-self-diagnosis:19092 - deregister  status: 200
2017-12-18 09:16:08,675 INFO [com.netflix.discovery.DiscoveryClient:873] Completed shut down of DiscoveryClient
2017-12-18 09:16:08,678 INFO [org.springframework.context.support.DefaultLifecycleProcessor$LifecycleGroup:358] Stopping beans in phase 0
2017-12-18 09:16:08,853 INFO [org.springframework.jmx.export.MBeanExporter:449] Unregistering JMX-exposed beans on shutdown
2017-12-18 09:16:08,854 INFO [org.springframework.jmx.support.MBeanRegistrationSupport:241] Unregistering JMX-exposed beans
2017-12-18 09:16:08,948 WARN [com.netflix.config.sources.URLConfigurationSource:121] No URLs will be polled as dynamic configuration sources.
2017-12-18 09:16:08,949 INFO [com.netflix.config.sources.URLConfigurationSource:122] To enable URLs as dynamic configuration sources, define System property archaius.configurationSource.additionalUrls or make config.properties available on classpath.
2017-12-18 09:16:31,546 INFO [com.alpha.self.diagnosis.AlphaApplication:39] SpringApplicationBuilder run .... 
2017-12-18 09:16:32,343 INFO [com.alpha.self.diagnosis.AlphaApplication:39] SpringApplicationBuilder run .... 
2017-12-18 09:16:34,282 INFO [org.springframework.context.support.AbstractApplicationContext:583] Refreshing org.springframework.context.annotation.AnnotationConfigApplicationContext@46ff081a: startup date [Mon Dec 18 09:16:34 CST 2017]; root of context hierarchy
2017-12-18 09:16:34,785 INFO [org.hibernate.validator.internal.util.Version:30] HV000001: Hibernate Validator 5.3.5.Final
2017-12-18 09:16:35,708 INFO [org.springframework.beans.factory.annotation.AutowiredAnnotationBeanPostProcessor:155] JSR-330 'javax.inject.Inject' annotation found and supported for autowiring
2017-12-18 09:16:36,012 INFO [org.springframework.context.support.PostProcessorRegistrationDelegate$BeanPostProcessorChecker:325] Bean 'configurationPropertiesRebinderAutoConfiguration' of type [org.springframework.cloud.autoconfigure.ConfigurationPropertiesRebinderAutoConfiguration$$EnhancerBySpringCGLIB$$f37834e8] is not eligible for getting processed by all BeanPostProcessors (for example: not eligible for auto-proxying)
2017-12-18 09:16:37,784 INFO [org.springframework.boot.SpringApplication:597] The following profiles are active: core
2017-12-18 09:16:37,903 INFO [org.springframework.context.support.AbstractApplicationContext:583] Refreshing org.springframework.boot.context.embedded.AnnotationConfigEmbeddedWebApplicationContext@33444b7d: startup date [Mon Dec 18 09:16:37 CST 2017]; parent: org.springframework.context.annotation.AnnotationConfigApplicationContext@46ff081a
2017-12-18 09:16:48,316 INFO [org.springframework.cloud.context.scope.GenericScope:263] BeanFactory id=e1454411-bbdc-3bab-930f-56a69686bbf8
2017-12-18 09:16:48,407 INFO [com.alpha.self.diagnosis.processor.spring.BeanScannerConfigurer:28] 初始化 BasicAnswerProcessor  服务配置
2017-12-18 09:16:48,493 INFO [org.springframework.beans.factory.support.DefaultListableBeanFactory:828] Overriding bean definition for bean 'allergicHistoryAnswerProcessor' with a different definition: replacing [Generic bean: class [com.alpha.self.diagnosis.processor.AllergicHistoryAnswerProcessor]; scope=singleton; abstract=false; lazyInit=false; autowireMode=0; dependencyCheck=0; autowireCandidate=true; primary=false; factoryBeanName=null; factoryMethodName=null; initMethodName=null; destroyMethodName=null; defined in file [F:\iebm\workspace\alpha\branch\v1.0.3\alpha\alpha-self-diagnosis\target\classes\com\alpha\self\diagnosis\processor\AllergicHistoryAnswerProcessor.class]] with [Generic bean: class [com.alpha.self.diagnosis.processor.AllergicHistoryAnswerProcessor]; scope=singleton; abstract=false; lazyInit=false; autowireMode=0; dependencyCheck=0; autowireCandidate=true; primary=false; factoryBeanName=null; factoryMethodName=null; initMethodName=null; destroyMethodName=null; defined in file [F:\iebm\workspace\alpha\branch\v1.0.3\alpha\alpha-self-diagnosis\target\classes\com\alpha\self\diagnosis\processor\AllergicHistoryAnswerProcessor.class]]
2017-12-18 09:16:48,495 INFO [org.springframework.beans.factory.support.DefaultListableBeanFactory:828] Overriding bean definition for bean 'birthProcessor' with a different definition: replacing [Generic bean: class [com.alpha.self.diagnosis.processor.BirthProcessor]; scope=singleton; abstract=false; lazyInit=false; autowireMode=0; dependencyCheck=0; autowireCandidate=true; primary=false; factoryBeanName=null; factoryMethodName=null; initMethodName=null; destroyMethodName=null; defined in file [F:\iebm\workspace\alpha\branch\v1.0.3\alpha\alpha-self-diagnosis\target\classes\com\alpha\self\diagnosis\processor\BirthProcessor.class]] with [Generic bean: class [com.alpha.self.diagnosis.processor.BirthProcessor]; scope=singleton; abstract=false; lazyInit=false; autowireMode=0; dependencyCheck=0; autowireCandidate=true; primary=false; factoryBeanName=null; factoryMethodName=null; initMethodName=null; destroyMethodName=null; defined in file [F:\iebm\workspace\alpha\branch\v1.0.3\alpha\alpha-self-diagnosis\target\classes\com\alpha\self\diagnosis\processor\BirthProcessor.class]]
2017-12-18 09:16:48,507 INFO [org.springframework.beans.factory.support.DefaultListableBeanFactory:828] Overriding bean definition for bean 'liverRenalProcessor' with a different definition: replacing [Generic bean: class [com.alpha.self.diagnosis.processor.LiverRenalProcessor]; scope=singleton; abstract=false; lazyInit=false; autowireMode=0; dependencyCheck=0; autowireCandidate=true; primary=false; factoryBeanName=null; factoryMethodName=null; initMethodName=null; destroyMethodName=null; defined in file [F:\iebm\workspace\alpha\branch\v1.0.3\alpha\alpha-self-diagnosis\target\classes\com\alpha\self\diagnosis\processor\LiverRenalProcessor.class]] with [Generic bean: class [com.alpha.self.diagnosis.processor.LiverRenalProcessor]; scope=singleton; abstract=false; lazyInit=false; autowireMode=0; dependencyCheck=0; autowireCandidate=true; primary=false; factoryBeanName=null; factoryMethodName=null; initMethodName=null; destroyMethodName=null; defined in file [F:\iebm\workspace\alpha\branch\v1.0.3\alpha\alpha-self-diagnosis\target\classes\com\alpha\self\diagnosis\processor\LiverRenalProcessor.class]]
2017-12-18 09:16:48,508 INFO [org.springframework.beans.factory.support.DefaultListableBeanFactory:828] Overriding bean definition for bean 'normalAnswerProcessor' with a different definition: replacing [Generic bean: class [com.alpha.self.diagnosis.processor.NormalAnswerProcessor]; scope=singleton; abstract=false; lazyInit=false; autowireMode=0; dependencyCheck=0; autowireCandidate=true; primary=false; factoryBeanName=null; factoryMethodName=null; initMethodName=null; destroyMethodName=null; defined in file [F:\iebm\workspace\alpha\branch\v1.0.3\alpha\alpha-self-diagnosis\target\classes\com\alpha\self\diagnosis\processor\NormalAnswerProcessor.class]] with [Generic bean: class [com.alpha.self.diagnosis.processor.NormalAnswerProcessor]; scope=singleton; abstract=false; lazyInit=false; autowireMode=0; dependencyCheck=0; autowireCandidate=true; primary=false; factoryBeanName=null; factoryMethodName=null; initMethodName=null; destroyMethodName=null; defined in file [F:\iebm\workspace\alpha\branch\v1.0.3\alpha\alpha-self-diagnosis\target\classes\com\alpha\self\diagnosis\processor\NormalAnswerProcessor.class]]
2017-12-18 09:16:48,510 INFO [org.springframework.beans.factory.support.DefaultListableBeanFactory:828] Overriding bean definition for bean 'pastmedicalHistoryProcessor' with a different definition: replacing [Generic bean: class [com.alpha.self.diagnosis.processor.PastmedicalHistoryProcessor]; scope=singleton; abstract=false; lazyInit=false; autowireMode=0; dependencyCheck=0; autowireCandidate=true; primary=false; factoryBeanName=null; factoryMethodName=null; initMethodName=null; destroyMethodName=null; defined in file [F:\iebm\workspace\alpha\branch\v1.0.3\alpha\alpha-self-diagnosis\target\classes\com\alpha\self\diagnosis\processor\PastmedicalHistoryProcessor.class]] with [Generic bean: class [com.alpha.self.diagnosis.processor.PastmedicalHistoryProcessor]; scope=singleton; abstract=false; lazyInit=false; autowireMode=0; dependencyCheck=0; autowireCandidate=true; primary=false; factoryBeanName=null; factoryMethodName=null; initMethodName=null; destroyMethodName=null; defined in file [F:\iebm\workspace\alpha\branch\v1.0.3\alpha\alpha-self-diagnosis\target\classes\com\alpha\self\diagnosis\processor\PastmedicalHistoryProcessor.class]]
2017-12-18 09:16:48,511 INFO [org.springframework.beans.factory.support.DefaultListableBeanFactory:828] Overriding bean definition for bean 'weightProcessor' with a different definition: replacing [Generic bean: class [com.alpha.self.diagnosis.processor.WeightProcessor]; scope=singleton; abstract=false; lazyInit=false; autowireMode=0; dependencyCheck=0; autowireCandidate=true; primary=false; factoryBeanName=null; factoryMethodName=null; initMethodName=null; destroyMethodName=null; defined in file [F:\iebm\workspace\alpha\branch\v1.0.3\alpha\alpha-self-diagnosis\target\classes\com\alpha\self\diagnosis\processor\WeightProcessor.class]] with [Generic bean: class [com.alpha.self.diagnosis.processor.WeightProcessor]; scope=singleton; abstract=false; lazyInit=false; autowireMode=0; dependencyCheck=0; autowireCandidate=true; primary=false; factoryBeanName=null; factoryMethodName=null; initMethodName=null; destroyMethodName=null; defined in file [F:\iebm\workspace\alpha\branch\v1.0.3\alpha\alpha-self-diagnosis\target\classes\com\alpha\self\diagnosis\processor\WeightProcessor.class]]
2017-12-18 09:16:48,518 INFO [com.alpha.self.diagnosis.processor.spring.BeanScannerConfigurer:32] 初始化 BasicAnswerProcessor 完成
2017-12-18 09:16:49,506 INFO [org.springframework.beans.factory.annotation.AutowiredAnnotationBeanPostProcessor:155] JSR-330 'javax.inject.Inject' annotation found and supported for autowiring
2017-12-18 09:16:50,335 INFO [org.springframework.context.support.PostProcessorRegistrationDelegate$BeanPostProcessorChecker:325] Bean 'org.springframework.transaction.annotation.ProxyTransactionManagementConfiguration' of type [org.springframework.transaction.annotation.ProxyTransactionManagementConfiguration$$EnhancerBySpringCGLIB$$d75e31eb] is not eligible for getting processed by all BeanPostProcessors (for example: not eligible for auto-proxying)
2017-12-18 09:16:51,315 INFO [org.springframework.context.support.PostProcessorRegistrationDelegate$BeanPostProcessorChecker:325] Bean 'org.springframework.cloud.autoconfigure.ConfigurationPropertiesRebinderAutoConfiguration' of type [org.springframework.cloud.autoconfigure.ConfigurationPropertiesRebinderAutoConfiguration$$EnhancerBySpringCGLIB$$f37834e8] is not eligible for getting processed by all BeanPostProcessors (for example: not eligible for auto-proxying)
2017-12-18 09:16:54,423 INFO [org.springframework.boot.context.embedded.tomcat.TomcatEmbeddedServletContainer:89] Tomcat initialized with port(s): 19092 (http)
2017-12-18 09:16:54,459 INFO [org.apache.juli.logging.DirectJDKLog:179] Starting service [Tomcat]
2017-12-18 09:16:54,462 INFO [org.apache.juli.logging.DirectJDKLog:179] Starting Servlet Engine: Apache Tomcat/8.5.20
2017-12-18 09:16:55,173 INFO [org.apache.juli.logging.DirectJDKLog:179] Initializing Spring embedded WebApplicationContext
2017-12-18 09:16:55,174 INFO [org.springframework.boot.context.embedded.EmbeddedWebApplicationContext:276] Root WebApplicationContext: initialization completed in 17271 ms
2017-12-18 09:16:57,574 INFO [org.springframework.boot.web.servlet.ServletRegistrationBean:190] Mapping servlet: 'dispatcherServlet' to [/]
2017-12-18 09:16:57,579 INFO [org.springframework.boot.web.servlet.ServletRegistrationBean:190] Mapping servlet: 'com.alpha.commons.config.servlet.DruidStatViewServlet' to [/druid/*]
2017-12-18 09:16:57,598 INFO [org.springframework.boot.web.servlet.AbstractFilterRegistrationBean:258] Mapping filter: 'characterEncodingFilter' to: [/*]
2017-12-18 09:16:57,599 INFO [org.springframework.boot.web.servlet.AbstractFilterRegistrationBean:258] Mapping filter: 'hiddenHttpMethodFilter' to: [/*]
2017-12-18 09:16:57,600 INFO [org.springframework.boot.web.servlet.AbstractFilterRegistrationBean:258] Mapping filter: 'httpPutFormContentFilter' to: [/*]
2017-12-18 09:16:57,601 INFO [org.springframework.boot.web.servlet.AbstractFilterRegistrationBean:258] Mapping filter: 'requestContextFilter' to: [/*]
2017-12-18 09:16:57,602 INFO [org.springframework.boot.web.servlet.AbstractFilterRegistrationBean:271] Mapping filter: 'com.alpha.self.diagnosis.converter.ParamDecryptServletRequestFilter' to urls: [/*]
2017-12-18 09:16:57,603 INFO [org.springframework.boot.web.servlet.AbstractFilterRegistrationBean:271] Mapping filter: 'com.alpha.commons.config.filter.CorsFilter' to urls: [/*]
2017-12-18 09:16:57,604 INFO [org.springframework.boot.web.servlet.AbstractFilterRegistrationBean:271] Mapping filter: 'druidWebStatFilter' to urls: [/*]
2017-12-18 09:16:57,685 INFO [com.alpha.self.diagnosis.listener.DiagnosisContextListener:27] DiagnosisContextListener contextInitialized starting...
2017-12-18 09:16:57,705 INFO [com.alpha.self.diagnosis.processor.BasicAnswerProcessorAdaptor:154] 6 processor will be register.
2017-12-18 09:16:58,682 INFO [com.alpha.commons.config.DruidConfiguration$Druid:66] DruidConfiguration init completed................
2017-12-18 09:17:05,790 INFO [com.alpha.self.diagnosis.listener.DiagnosisContextListener:34] DiagnosisContextListener contextInitialized completed
2017-12-18 09:17:05,819 INFO [com.alpha.self.diagnosis.converter.ParamDecryptServletRequestFilter:33] 需要解密的参数字段 --> null
2017-12-18 09:17:11,943 WARN [com.netflix.config.sources.URLConfigurationSource:121] No URLs will be polled as dynamic configuration sources.
2017-12-18 09:17:11,944 INFO [com.netflix.config.sources.URLConfigurationSource:122] To enable URLs as dynamic configuration sources, define System property archaius.configurationSource.additionalUrls or make config.properties available on classpath.
2017-12-18 09:17:11,960 WARN [com.netflix.config.sources.URLConfigurationSource:121] No URLs will be polled as dynamic configuration sources.
2017-12-18 09:17:11,961 INFO [com.netflix.config.sources.URLConfigurationSource:122] To enable URLs as dynamic configuration sources, define System property archaius.configurationSource.additionalUrls or make config.properties available on classpath.
2017-12-18 09:17:14,024 INFO [org.springframework.web.servlet.mvc.method.annotation.RequestMappingHandlerAdapter:534] Looking for @ControllerAdvice: org.springframework.boot.context.embedded.AnnotationConfigEmbeddedWebApplicationContext@33444b7d: startup date [Mon Dec 18 09:16:37 CST 2017]; parent: org.springframework.context.annotation.AnnotationConfigApplicationContext@46ff081a
2017-12-18 09:17:14,634 INFO [org.springframework.web.servlet.handler.AbstractHandlerMethodMapping$MappingRegistry:543] Mapped "{[/data/search/concsymp],methods=[POST]}" onto public com.alpha.commons.web.ResponseMessage com.alpha.self.diagnosis.controller.DataSearchController.diagnosisStart(com.alpha.self.diagnosis.pojo.vo.SearchRequestVo)
2017-12-18 09:17:14,638 INFO [org.springframework.web.servlet.handler.AbstractHandlerMethodMapping$MappingRegistry:543] Mapped "{[/data/search/weight],methods=[POST]}" onto public com.alpha.commons.web.ResponseMessage com.alpha.self.diagnosis.controller.DataSearchController.weightSearch(com.alpha.user.pojo.vo.HisUserInfoVo)
2017-12-18 09:17:14,639 INFO [org.springframework.web.servlet.handler.AbstractHandlerMethodMapping$MappingRegistry:543] Mapped "{[/data/search/pastmedicalHistory],methods=[POST]}" onto public com.alpha.commons.web.ResponseMessage com.alpha.self.diagnosis.controller.DataSearchController.pastmedicalHistorySearch(com.alpha.self.diagnosis.pojo.vo.SearchRequestVo)
2017-12-18 09:17:14,640 INFO [org.springframework.web.servlet.handler.AbstractHandlerMethodMapping$MappingRegistry:543] Mapped "{[/data/search/allergicHistory],methods=[POST]}" onto public com.alpha.commons.web.ResponseMessage com.alpha.self.diagnosis.controller.DataSearchController.allergicHistorySearch(com.alpha.self.diagnosis.pojo.vo.SearchRequestVo)
2017-12-18 09:17:14,642 INFO [org.springframework.web.servlet.handler.AbstractHandlerMethodMapping$MappingRegistry:543] Mapped "{[/data/search/mainSymptom],methods=[POST]}" onto public com.alpha.commons.web.ResponseMessage com.alpha.self.diagnosis.controller.DataSearchController.mainSymptomSearch(java.lang.Long,java.lang.Integer,java.lang.String)
2017-12-18 09:17:14,652 INFO [org.springframework.web.servlet.handler.AbstractHandlerMethodMapping$MappingRegistry:543] Mapped "{[/diagnosis/outcome/get],methods=[POST]}" onto public com.alpha.commons.web.ResponseMessage com.alpha.self.diagnosis.controller.DiagnosisController.getOutcome(java.lang.Long)
2017-12-18 09:17:14,654 INFO [org.springframework.web.servlet.handler.AbstractHandlerMethodMapping$MappingRegistry:543] Mapped "{[/diagnosis/start],methods=[POST],consumes=[application/json || application/x-www-form-urlencoded]}" onto public com.alpha.commons.web.ResponseMessage com.alpha.self.diagnosis.controller.DiagnosisController.diagnosisStart(com.alpha.self.diagnosis.pojo.vo.DiagnosisStartReqeustVo)
2017-12-18 09:17:14,655 INFO [org.springframework.web.servlet.handler.AbstractHandlerMethodMapping$MappingRegistry:543] Mapped "{[/diagnosis/basic/next],methods=[POST]}" onto public com.alpha.commons.web.ResponseMessage com.alpha.self.diagnosis.controller.DiagnosisController.diagnosisNext(com.alpha.self.diagnosis.pojo.vo.QuestionRequestVo)
2017-12-18 09:17:14,656 INFO [org.springframework.web.servlet.handler.AbstractHandlerMethodMapping$MappingRegistry:543] Mapped "{[/diagnosis/outcome/confirm],methods=[POST]}" onto public com.alpha.commons.web.ResponseMessage com.alpha.self.diagnosis.controller.DiagnosisController.confirmOutcome(java.lang.Long,java.lang.String)
2017-12-18 09:17:14,657 INFO [org.springframework.web.servlet.handler.AbstractHandlerMethodMapping$MappingRegistry:543] Mapped "{[/diagnosis/diseaseHistory],methods=[POST]}" onto public com.alpha.commons.web.ResponseMessage com.alpha.self.diagnosis.controller.DiagnosisController.diseaseHistory(com.alpha.self.diagnosis.pojo.vo.DiseaseHistoryRequestVo)
2017-12-18 09:17:14,658 INFO [org.springframework.web.servlet.handler.AbstractHandlerMethodMapping$MappingRegistry:543] Mapped "{[/diagnosis/medicine/next],methods=[POST]}" onto public com.alpha.commons.web.ResponseMessage com.alpha.self.diagnosis.controller.DiagnosisController.diagnosisMedicineNext(java.lang.String)
2017-12-18 09:17:14,659 INFO [org.springframework.web.servlet.handler.AbstractHandlerMethodMapping$MappingRegistry:543] Mapped "{[/diagnosis/showResult],methods=[POST]}" onto public com.alpha.commons.web.ResponseMessage com.alpha.self.diagnosis.controller.DiagnosisController.showDiagnosisResult(com.alpha.self.diagnosis.pojo.vo.BasicRequestVo)
2017-12-18 09:17:14,660 INFO [org.springframework.web.servlet.handler.AbstractHandlerMethodMapping$MappingRegistry:543] Mapped "{[/diagnosis/queryMedicalRecord4His/{idcard}],methods=[POST]}" onto public com.alpha.commons.web.ResponseMessage com.alpha.self.diagnosis.controller.DiagnosisController.queryMedicalRecord4His(java.lang.String)
2017-12-18 09:17:14,662 INFO [org.springframework.web.servlet.handler.AbstractHandlerMethodMapping$MappingRegistry:543] Mapped "{[/diagnosis/queryBasicQuestion],methods=[POST]}" onto public com.alpha.commons.web.ResponseMessage com.alpha.self.diagnosis.controller.DiagnosisController.queryBasicQuestion(com.alpha.user.controller.req.vo.PatientInfo)
2017-12-18 09:17:14,671 INFO [org.springframework.web.servlet.handler.AbstractHandlerMethodMapping$MappingRegistry:543] Mapped "{[/disease/dept/query/{diseaseCode}],methods=[POST]}" onto public com.alpha.commons.web.ResponseMessage com.alpha.self.diagnosis.controller.DiseaseController.queryDepartment(java.lang.String)
2017-12-18 09:17:14,672 INFO [org.springframework.web.servlet.handler.AbstractHandlerMethodMapping$MappingRegistry:543] Mapped "{[/disease/treatmentadvice/query/{diseaseCode}],methods=[POST]}" onto public com.alpha.commons.web.ResponseMessage com.alpha.self.diagnosis.controller.DiseaseController.queryTreatmentAdvice(java.lang.String)
2017-12-18 09:17:14,673 INFO [org.springframework.web.servlet.handler.AbstractHandlerMethodMapping$MappingRegistry:543] Mapped "{[/disease/check/query/{diseaseCode}],methods=[POST]}" onto public com.alpha.commons.web.ResponseMessage com.alpha.self.diagnosis.controller.DiseaseController.queryDiseaseCheck(java.lang.String)
2017-12-18 09:17:14,681 INFO [org.springframework.web.servlet.handler.AbstractHandlerMethodMapping$MappingRegistry:543] Mapped "{[/info],methods=[GET]}" onto public java.lang.String com.alpha.self.diagnosis.controller.MainController.test()
2017-12-18 09:17:14,681 INFO [org.springframework.web.servlet.handler.AbstractHandlerMethodMapping$MappingRegistry:543] Mapped "{[/getMedicalRecord],methods=[POST]}" onto public com.alpha.commons.web.ResponseMessage com.alpha.self.diagnosis.controller.MainController.getMedicalRecord()
2017-12-18 09:17:14,682 INFO [org.springframework.web.servlet.handler.AbstractHandlerMethodMapping$MappingRegistry:543] Mapped "{[/test/question],methods=[POST]}" onto public com.alpha.commons.web.ResponseMessage com.alpha.self.diagnosis.controller.MainController.medicineQuestion(java.lang.Integer)
2017-12-18 09:17:14,683 INFO [org.springframework.web.servlet.handler.AbstractHandlerMethodMapping$MappingRegistry:543] Mapped "{[/test/question2],methods=[POST],produces=[application/json;charset=UTF-8]}" onto public com.alpha.commons.web.ResponseMessage com.alpha.self.diagnosis.controller.MainController.medicineQuestion(java.lang.String,java.lang.String)
2017-12-18 09:17:14,686 INFO [org.springframework.web.servlet.handler.AbstractHandlerMethodMapping$MappingRegistry:543] Mapped "{[/treatscheme/get],methods=[POST]}" onto public com.alpha.commons.web.ResponseMessage com.alpha.self.diagnosis.controller.TreatSchemeController.treatScheme(com.alpha.self.diagnosis.pojo.vo.SearchRequestVo)
2017-12-18 09:17:14,687 INFO [org.springframework.web.servlet.handler.AbstractHandlerMethodMapping$MappingRegistry:543] Mapped "{[/treatscheme/diseaseList],methods=[POST]}" onto public com.alpha.commons.web.ResponseMessage com.alpha.self.diagnosis.controller.TreatSchemeController.diseaseList(com.alpha.self.diagnosis.pojo.vo.SearchRequestVo)
2017-12-18 09:17:14,696 INFO [org.springframework.web.servlet.handler.AbstractHandlerMethodMapping$MappingRegistry:543] Mapped "{[/feedback/put],methods=[POST]}" onto public com.alpha.commons.web.ResponseMessage com.alpha.user.controller.FeedBackController.authorization(com.alpha.server.rpc.user.pojo.UserFeedback)
2017-12-18 09:17:14,697 INFO [org.springframework.web.servlet.handler.AbstractHandlerMethodMapping$MappingRegistry:543] Mapped "{[/feedback/useful/query/{diagnosisId}],methods=[POST]}" onto public com.alpha.commons.web.ResponseMessage com.alpha.user.controller.FeedBackController.queryUseful(java.lang.Long)
2017-12-18 09:17:14,699 INFO [org.springframework.web.servlet.handler.AbstractHandlerMethodMapping$MappingRegistry:543] Mapped "{[/feedback/items/query],methods=[POST]}" onto public com.alpha.commons.web.ResponseMessage com.alpha.user.controller.FeedBackController.queryItems()
2017-12-18 09:17:14,704 INFO [org.springframework.web.servlet.handler.AbstractHandlerMethodMapping$MappingRegistry:543] Mapped "{[/user/query],methods=[POST]}" onto public com.alpha.commons.web.ResponseMessage com.alpha.user.controller.UserController.query(com.alpha.user.pojo.vo.HisUserInfoVo)
2017-12-18 09:17:14,705 INFO [org.springframework.web.servlet.handler.AbstractHandlerMethodMapping$MappingRegistry:543] Mapped "{[/user/auth],methods=[POST]}" onto public com.alpha.commons.web.ResponseMessage com.alpha.user.controller.UserController.authorization(java.lang.String,java.lang.Integer,java.lang.Integer)
2017-12-18 09:17:14,705 INFO [org.springframework.web.servlet.handler.AbstractHandlerMethodMapping$MappingRegistry:543] Mapped "{[/user/save],methods=[POST]}" onto public com.alpha.commons.web.ResponseMessage com.alpha.user.controller.UserController.saveUserInfo(java.lang.String)
2017-12-18 09:17:14,713 INFO [org.springframework.web.servlet.handler.AbstractHandlerMethodMapping$MappingRegistry:543] Mapped "{[/error]}" onto public org.springframework.http.ResponseEntity<java.util.Map<java.lang.String, java.lang.Object>> org.springframework.boot.autoconfigure.web.BasicErrorController.error(javax.servlet.http.HttpServletRequest)
2017-12-18 09:17:14,714 INFO [org.springframework.web.servlet.handler.AbstractHandlerMethodMapping$MappingRegistry:543] Mapped "{[/error],produces=[text/html]}" onto public org.springframework.web.servlet.ModelAndView org.springframework.boot.autoconfigure.web.BasicErrorController.errorHtml(javax.servlet.http.HttpServletRequest,javax.servlet.http.HttpServletResponse)
2017-12-18 09:17:15,484 INFO [org.springframework.web.servlet.handler.AbstractUrlHandlerMapping:362] Mapped URL path [/webjars/**] onto handler of type [class org.springframework.web.servlet.resource.ResourceHttpRequestHandler]
2017-12-18 09:17:15,485 INFO [org.springframework.web.servlet.handler.AbstractUrlHandlerMapping:362] Mapped URL path [/**] onto handler of type [class org.springframework.web.servlet.resource.ResourceHttpRequestHandler]
2017-12-18 09:17:15,650 INFO [org.springframework.web.servlet.mvc.method.annotation.ExceptionHandlerExceptionResolver:273] Detected @ExceptionHandler methods in controllerEnhancerment
2017-12-18 09:17:16,121 INFO [org.springframework.web.servlet.handler.AbstractUrlHandlerMapping:362] Mapped URL path [/**/favicon.ico] onto handler of type [class org.springframework.web.servlet.resource.ResourceHttpRequestHandler]
2017-12-18 09:17:23,563 INFO [org.springframework.boot.devtools.autoconfigure.OptionalLiveReloadServer:58] LiveReload server is running on port 35729
2017-12-18 09:17:26,522 INFO [org.springframework.jmx.export.MBeanExporter:431] Registering beans for JMX exposure on startup
2017-12-18 09:17:26,529 INFO [org.springframework.jmx.export.MBeanExporter:916] Bean with name 'dataSource' has been autodetected for JMX exposure
2017-12-18 09:17:26,578 INFO [org.springframework.jmx.export.MBeanExporter:916] Bean with name 'environmentManager' has been autodetected for JMX exposure
2017-12-18 09:17:26,582 INFO [org.springframework.jmx.export.MBeanExporter:916] Bean with name 'configurationPropertiesRebinder' has been autodetected for JMX exposure
2017-12-18 09:17:26,585 INFO [org.springframework.jmx.export.MBeanExporter:916] Bean with name 'refreshScope' has been autodetected for JMX exposure
2017-12-18 09:17:26,596 INFO [org.springframework.jmx.export.MBeanExporter:678] Located managed bean 'environmentManager': registering with JMX server as MBean [org.springframework.cloud.context.environment:name=environmentManager,type=EnvironmentManager]
2017-12-18 09:17:26,669 INFO [org.springframework.jmx.export.MBeanExporter:678] Located managed bean 'refreshScope': registering with JMX server as MBean [org.springframework.cloud.context.scope.refresh:name=refreshScope,type=RefreshScope]
2017-12-18 09:17:26,802 INFO [org.springframework.jmx.export.MBeanExporter:678] Located managed bean 'configurationPropertiesRebinder': registering with JMX server as MBean [org.springframework.cloud.context.properties:name=configurationPropertiesRebinder,context=33444b7d,type=ConfigurationPropertiesRebinder]
2017-12-18 09:17:26,846 INFO [org.springframework.jmx.export.MBeanExporter:671] Located MBean 'dataSource': registering with JMX server as MBean [com.alibaba.druid.pool:name=dataSource,type=DruidDataSource]
2017-12-18 09:17:27,265 INFO [org.springframework.context.support.DefaultLifecycleProcessor$LifecycleGroup:343] Starting beans in phase 0
2017-12-18 09:17:27,291 INFO [org.springframework.cloud.netflix.eureka.InstanceInfoFactory:70] Setting initial instance status as: STARTING
2017-12-18 09:17:27,511 INFO [com.netflix.discovery.DiscoveryClient:344] Initializing Eureka in region us-east-1
2017-12-18 09:17:28,468 INFO [com.netflix.discovery.provider.DiscoveryJerseyProvider:70] Using JSON encoding codec LegacyJacksonJson
2017-12-18 09:17:28,470 INFO [com.netflix.discovery.provider.DiscoveryJerseyProvider:71] Using JSON decoding codec LegacyJacksonJson
2017-12-18 09:17:28,933 INFO [com.netflix.discovery.provider.DiscoveryJerseyProvider:80] Using XML encoding codec XStreamXml
2017-12-18 09:17:28,934 INFO [com.netflix.discovery.provider.DiscoveryJerseyProvider:81] Using XML decoding codec XStreamXml
2017-12-18 09:17:30,368 INFO [com.netflix.discovery.shared.resolver.aws.ConfigClusterResolver:43] Resolving eureka endpoints via configuration
2017-12-18 09:17:30,769 INFO [com.netflix.discovery.DiscoveryClient:920] Disable delta property : false
2017-12-18 09:17:30,771 INFO [com.netflix.discovery.DiscoveryClient:921] Single vip registry refresh property : null
2017-12-18 09:17:30,772 INFO [com.netflix.discovery.DiscoveryClient:922] Force full registry fetch : false
2017-12-18 09:17:30,773 INFO [com.netflix.discovery.DiscoveryClient:923] Application is null : false
2017-12-18 09:17:30,774 INFO [com.netflix.discovery.DiscoveryClient:924] Registered Applications size is zero : true
2017-12-18 09:17:30,775 INFO [com.netflix.discovery.DiscoveryClient:926] Application version is -1: true
2017-12-18 09:17:30,775 INFO [com.netflix.discovery.DiscoveryClient:1009] Getting all instance registry info from the eureka server
2017-12-18 09:17:31,149 INFO [com.netflix.discovery.DiscoveryClient:1018] The response status is 200
2017-12-18 09:17:31,152 INFO [com.netflix.discovery.DiscoveryClient:1244] Starting heartbeat executor: renew interval is: 5
2017-12-18 09:17:31,159 INFO [com.netflix.discovery.InstanceInfoReplicator:59] InstanceInfoReplicator onDemand update allowed rate per min is 4
2017-12-18 09:17:31,169 INFO [com.netflix.discovery.DiscoveryClient:425] Discovery Client initialized at timestamp 1513559851169 with initial instances count: 0
2017-12-18 09:17:31,518 INFO [org.springframework.cloud.netflix.eureka.serviceregistry.EurekaServiceRegistry:40] Registering application alpha-self-diagnosis with eureka with status UP
2017-12-18 09:17:31,522 INFO [com.netflix.discovery.DiscoveryClient$3:1279] Saw local status change event StatusChangeEvent [timestamp=1513559851521, current=UP, previous=STARTING]
2017-12-18 09:17:31,536 INFO [com.netflix.discovery.DiscoveryClient:795] DiscoveryClient_ALPHA-SELF-DIAGNOSIS/PC-20160606PUVI:alpha-self-diagnosis:19092: registering service...
2017-12-18 09:17:31,597 INFO [org.apache.juli.logging.DirectJDKLog:179] Initializing ProtocolHandler ["http-nio-19092"]
2017-12-18 09:17:31,710 INFO [org.apache.juli.logging.DirectJDKLog:179] Starting ProtocolHandler ["http-nio-19092"]
2017-12-18 09:17:31,770 INFO [com.netflix.discovery.DiscoveryClient:804] DiscoveryClient_ALPHA-SELF-DIAGNOSIS/PC-20160606PUVI:alpha-self-diagnosis:19092 - registration status: 204
2017-12-18 09:17:31,771 INFO [org.apache.juli.logging.DirectJDKLog:179] Using a shared selector for servlet write/read
2017-12-18 09:17:31,889 INFO [org.springframework.boot.context.embedded.tomcat.TomcatEmbeddedServletContainer:201] Tomcat started on port(s): 19092 (http)
2017-12-18 09:17:31,891 INFO [org.springframework.cloud.netflix.eureka.serviceregistry.EurekaAutoServiceRegistration:117] Updating port to 19092
2017-12-18 09:17:31,906 INFO [org.springframework.boot.StartupInfoLogger:57] Started AlphaApplication in 59.504 seconds (JVM running for 61.331)
2017-12-18 09:17:36,856 INFO [com.netflix.discovery.DiscoveryClient:920] Disable delta property : false
2017-12-18 09:17:36,857 INFO [com.netflix.discovery.DiscoveryClient:921] Single vip registry refresh property : null
2017-12-18 09:17:36,858 INFO [com.netflix.discovery.DiscoveryClient:922] Force full registry fetch : false
2017-12-18 09:17:36,858 INFO [com.netflix.discovery.DiscoveryClient:923] Application is null : false
2017-12-18 09:17:36,859 INFO [com.netflix.discovery.DiscoveryClient:924] Registered Applications size is zero : true
2017-12-18 09:17:36,860 INFO [com.netflix.discovery.DiscoveryClient:926] Application version is -1: false
2017-12-18 09:17:36,860 INFO [com.netflix.discovery.DiscoveryClient:1009] Getting all instance registry info from the eureka server
2017-12-18 09:17:36,885 INFO [com.netflix.discovery.DiscoveryClient:1018] The response status is 200
2017-12-18 09:17:41,927 INFO [com.netflix.discovery.DiscoveryClient:920] Disable delta property : false
2017-12-18 09:17:41,930 INFO [com.netflix.discovery.DiscoveryClient:921] Single vip registry refresh property : null
2017-12-18 09:17:41,932 INFO [com.netflix.discovery.DiscoveryClient:922] Force full registry fetch : false
2017-12-18 09:17:41,932 INFO [com.netflix.discovery.DiscoveryClient:923] Application is null : false
2017-12-18 09:17:41,933 INFO [com.netflix.discovery.DiscoveryClient:924] Registered Applications size is zero : true
2017-12-18 09:17:41,933 INFO [com.netflix.discovery.DiscoveryClient:926] Application version is -1: false
2017-12-18 09:17:41,934 INFO [com.netflix.discovery.DiscoveryClient:1009] Getting all instance registry info from the eureka server
2017-12-18 09:17:41,943 INFO [com.netflix.discovery.DiscoveryClient:1018] The response status is 200
2017-12-18 09:17:46,946 INFO [com.netflix.discovery.DiscoveryClient:920] Disable delta property : false
2017-12-18 09:17:46,947 INFO [com.netflix.discovery.DiscoveryClient:921] Single vip registry refresh property : null
2017-12-18 09:17:46,947 INFO [com.netflix.discovery.DiscoveryClient:922] Force full registry fetch : false
2017-12-18 09:17:46,947 INFO [com.netflix.discovery.DiscoveryClient:923] Application is null : false
2017-12-18 09:17:46,948 INFO [com.netflix.discovery.DiscoveryClient:924] Registered Applications size is zero : true
2017-12-18 09:17:46,948 INFO [com.netflix.discovery.DiscoveryClient:926] Application version is -1: false
2017-12-18 09:17:46,948 INFO [com.netflix.discovery.DiscoveryClient:1009] Getting all instance registry info from the eureka server
2017-12-18 09:17:46,953 INFO [com.netflix.discovery.DiscoveryClient:1018] The response status is 200
2017-12-18 09:17:51,955 INFO [com.netflix.discovery.DiscoveryClient:920] Disable delta property : false
2017-12-18 09:17:51,955 INFO [com.netflix.discovery.DiscoveryClient:921] Single vip registry refresh property : null
2017-12-18 09:17:51,955 INFO [com.netflix.discovery.DiscoveryClient:922] Force full registry fetch : false
2017-12-18 09:17:51,955 INFO [com.netflix.discovery.DiscoveryClient:923] Application is null : false
2017-12-18 09:17:51,956 INFO [com.netflix.discovery.DiscoveryClient:924] Registered Applications size is zero : true
2017-12-18 09:17:51,956 INFO [com.netflix.discovery.DiscoveryClient:926] Application version is -1: false
2017-12-18 09:17:51,956 INFO [com.netflix.discovery.DiscoveryClient:1009] Getting all instance registry info from the eureka server
2017-12-18 09:17:51,959 INFO [com.netflix.discovery.DiscoveryClient:1018] The response status is 200
2017-12-18 09:17:56,962 INFO [com.netflix.discovery.DiscoveryClient:920] Disable delta property : false
2017-12-18 09:17:56,963 INFO [com.netflix.discovery.DiscoveryClient:921] Single vip registry refresh property : null
2017-12-18 09:17:56,963 INFO [com.netflix.discovery.DiscoveryClient:922] Force full registry fetch : false
2017-12-18 09:17:56,963 INFO [com.netflix.discovery.DiscoveryClient:923] Application is null : false
2017-12-18 09:17:56,964 INFO [com.netflix.discovery.DiscoveryClient:924] Registered Applications size is zero : true
2017-12-18 09:17:56,964 INFO [com.netflix.discovery.DiscoveryClient:926] Application version is -1: false
2017-12-18 09:17:56,964 INFO [com.netflix.discovery.DiscoveryClient:1009] Getting all instance registry info from the eureka server
2017-12-18 09:17:56,968 INFO [com.netflix.discovery.DiscoveryClient:1018] The response status is 200
2017-12-18 09:18:01,970 INFO [com.netflix.discovery.DiscoveryClient:920] Disable delta property : false
2017-12-18 09:18:01,970 INFO [com.netflix.discovery.DiscoveryClient:921] Single vip registry refresh property : null
2017-12-18 09:18:01,970 INFO [com.netflix.discovery.DiscoveryClient:922] Force full registry fetch : false
2017-12-18 09:18:01,970 INFO [com.netflix.discovery.DiscoveryClient:923] Application is null : false
2017-12-18 09:18:01,970 INFO [com.netflix.discovery.DiscoveryClient:924] Registered Applications size is zero : true
2017-12-18 09:18:01,971 INFO [com.netflix.discovery.DiscoveryClient:926] Application version is -1: false
2017-12-18 09:18:01,971 INFO [com.netflix.discovery.DiscoveryClient:1009] Getting all instance registry info from the eureka server
2017-12-18 09:18:02,012 INFO [com.netflix.discovery.DiscoveryClient:1018] The response status is 200
2017-12-18 09:20:27,934 INFO [org.springframework.context.support.AbstractApplicationContext:984] Closing org.springframework.context.annotation.AnnotationConfigApplicationContext@46ff081a: startup date [Mon Dec 18 09:16:34 CST 2017]; root of context hierarchy
2017-12-18 09:20:27,941 INFO [org.springframework.context.support.AbstractApplicationContext:984] Closing org.springframework.boot.context.embedded.AnnotationConfigEmbeddedWebApplicationContext@33444b7d: startup date [Mon Dec 18 09:16:37 CST 2017]; parent: org.springframework.context.annotation.AnnotationConfigApplicationContext@46ff081a
2017-12-18 09:20:27,942 INFO [org.springframework.cloud.netflix.eureka.serviceregistry.EurekaServiceRegistry:64] Unregistering application alpha-self-diagnosis with eureka with status DOWN
2017-12-18 09:20:27,942 WARN [com.netflix.discovery.DiscoveryClient$3:1277] Saw local status change event StatusChangeEvent [timestamp=1513560027942, current=DOWN, previous=UP]
2017-12-18 09:20:27,943 INFO [com.netflix.discovery.DiscoveryClient:852] Shutting down DiscoveryClient ...
2017-12-18 09:20:27,944 INFO [com.netflix.discovery.DiscoveryClient:884] Unregistering ...
2017-12-18 09:20:27,948 INFO [com.netflix.discovery.DiscoveryClient:886] DiscoveryClient_ALPHA-SELF-DIAGNOSIS/PC-20160606PUVI:alpha-self-diagnosis:19092 - deregister  status: 200
2017-12-18 09:20:27,962 INFO [com.netflix.discovery.DiscoveryClient:873] Completed shut down of DiscoveryClient
2017-12-18 09:20:27,968 INFO [org.springframework.context.support.DefaultLifecycleProcessor$LifecycleGroup:358] Stopping beans in phase 0
2017-12-18 09:20:27,971 INFO [org.springframework.jmx.export.MBeanExporter:449] Unregistering JMX-exposed beans on shutdown
2017-12-18 09:20:27,973 INFO [org.springframework.jmx.support.MBeanRegistrationSupport:241] Unregistering JMX-exposed beans
2017-12-18 09:20:28,014 WARN [com.netflix.config.sources.URLConfigurationSource:121] No URLs will be polled as dynamic configuration sources.
2017-12-18 09:20:28,015 INFO [com.netflix.config.sources.URLConfigurationSource:122] To enable URLs as dynamic configuration sources, define System property archaius.configurationSource.additionalUrls or make config.properties available on classpath.
2017-12-18 09:20:28,593 INFO [com.alpha.self.diagnosis.AlphaApplication:39] SpringApplicationBuilder run .... 
