2017-10-18 13:00:22,701 INFO [com.netflix.discovery.shared.resolver.aws.ConfigClusterResolver:43] Resolving eureka endpoints via configuration
2017-10-18 13:05:22,709 INFO [com.netflix.discovery.shared.resolver.aws.ConfigClusterResolver:43] Resolving eureka endpoints via configuration
2017-10-18 13:10:22,717 INFO [com.netflix.discovery.shared.resolver.aws.ConfigClusterResolver:43] Resolving eureka endpoints via configuration
2017-10-18 13:15:22,725 INFO [com.netflix.discovery.shared.resolver.aws.ConfigClusterResolver:43] Resolving eureka endpoints via configuration
2017-10-18 13:20:22,732 INFO [com.netflix.discovery.shared.resolver.aws.ConfigClusterResolver:43] Resolving eureka endpoints via configuration
2017-10-18 13:25:22,739 INFO [com.netflix.discovery.shared.resolver.aws.ConfigClusterResolver:43] Resolving eureka endpoints via configuration
2017-10-18 13:30:22,745 INFO [com.netflix.discovery.shared.resolver.aws.ConfigClusterResolver:43] Resolving eureka endpoints via configuration
2017-10-18 13:35:22,751 INFO [com.netflix.discovery.shared.resolver.aws.ConfigClusterResolver:43] Resolving eureka endpoints via configuration
2017-10-18 13:35:55,302 INFO [com.alpha.user.controller.UserController:43] 为用户授权，获取用户信息，渠道编号: 1 ,{"userId":1012,"externalUserId":"1012","userName":"刘萨比","birth":"2009-10-02","gender":1,"department":"小儿消化内科","cureTime":"2017-10-12","idcard":"440921187903124785","phoneNumber":"13432584132","inType":0,"age":"8岁","specialPeriod":"2","pastmedicalHistory":[{"answerValue":"null","answerTitle":"null"},{"answerValue":"null","answerTitle":"null"}],"allergicHistory":[{"answerValue":"null","answerTitle":"null"},{"answerValue":"null","answerTitle":"null"}],"fertilityType":"1","gestationalAge":"1","feedType":"1","weight":"26","otherHospital":null,"otherHospitalCureTime":null,"otherHospitalUseDrug":null,"otherHospitalEffect":null,"otherHospitalDiagnosis":null,"isFirst":"1"}
2017-10-18 13:35:55,365 INFO [com.alpha.self.diagnosis.controller.DiagnosisController:59] 生成问诊编号,为导诊做准备: null null
2017-10-18 13:35:55,384 INFO [com.alpha.self.diagnosis.service.impl.BasicAnswerServiceImpl:23] findByQuestionCode.questionCode is 1000
2017-10-18 13:36:10,922 INFO [com.alpha.self.diagnosis.controller.DiagnosisController:108] 循环获取下一个问题: {"diagnosisId":3342,"inType":1,"userId":"1012"}
2017-10-18 13:39:42,017 INFO [com.alpha.self.diagnosis.controller.DiagnosisController:59] 生成问诊编号,为导诊做准备: null null
2017-10-18 13:39:42,039 INFO [com.alpha.self.diagnosis.service.impl.BasicAnswerServiceImpl:23] findByQuestionCode.questionCode is 1000
2017-10-18 13:40:22,757 INFO [com.netflix.discovery.shared.resolver.aws.ConfigClusterResolver:43] Resolving eureka endpoints via configuration
2017-10-18 13:40:30,470 INFO [com.alpha.self.diagnosis.controller.DiagnosisController:59] 生成问诊编号,为导诊做准备: null null
2017-10-18 13:40:30,477 INFO [com.alpha.self.diagnosis.service.impl.BasicAnswerServiceImpl:23] findByQuestionCode.questionCode is 1000
2017-10-18 13:41:02,910 INFO [com.alpha.user.controller.UserController:43] 为用户授权，获取用户信息，渠道编号: 1 ,{"userId":1012,"externalUserId":"1012","userName":"刘萨比","birth":"2009-10-02","gender":1,"department":"小儿消化内科","cureTime":"2017-10-12","idcard":"440921187903124785","phoneNumber":"13432584132","inType":0,"age":"8岁","specialPeriod":"2","pastmedicalHistory":[{"answerValue":"1002","answerTitle":"心律失常病史"},{"answerValue":"1003","answerTitle":"高血压病史"}],"allergicHistory":[{"answerValue":"1002","answerTitle":"心律失常病史"},{"answerValue":"1003","answerTitle":"高血压病史"}],"fertilityType":"1","gestationalAge":"1","feedType":"1","weight":"26","otherHospital":null,"otherHospitalCureTime":null,"otherHospitalUseDrug":null,"otherHospitalEffect":null,"otherHospitalDiagnosis":null,"isFirst":"1"}
2017-10-18 13:41:02,943 INFO [com.alpha.self.diagnosis.controller.DiagnosisController:59] 生成问诊编号,为导诊做准备: null null
2017-10-18 13:41:02,954 INFO [com.alpha.self.diagnosis.service.impl.BasicAnswerServiceImpl:23] findByQuestionCode.questionCode is 1000
2017-10-18 13:41:38,650 INFO [com.alpha.self.diagnosis.controller.DiagnosisController:108] 循环获取下一个问题: {"diagnosisId":3345,"inType":1,"userId":"1012"}
2017-10-18 13:42:22,886 INFO [org.springframework.boot.SpringApplication:597] The following profiles are active: core
2017-10-18 13:42:22,934 INFO [org.springframework.context.support.AbstractApplicationContext:583] Refreshing org.springframework.boot.context.embedded.AnnotationConfigEmbeddedWebApplicationContext@6f6962ba: startup date [Wed Oct 18 13:42:22 CST 2017]; parent: org.springframework.context.annotation.AnnotationConfigApplicationContext@34129c78
2017-10-18 13:42:24,738 INFO [org.springframework.cloud.context.scope.GenericScope:263] BeanFactory id=93ea8e31-797c-3bde-a984-b3bfc135cce8
2017-10-18 13:42:24,786 INFO [com.alpha.self.diagnosis.processor.spring.BeanScannerConfigurer:28] 初始化 BasicAnswerProcessor  服务配置
2017-10-18 13:42:24,797 INFO [org.springframework.beans.factory.support.DefaultListableBeanFactory:828] Overriding bean definition for bean 'allergicHistoryAnswerProcessor' with a different definition: replacing [Generic bean: class [com.alpha.self.diagnosis.processor.AllergicHistoryAnswerProcessor]; scope=singleton; abstract=false; lazyInit=false; autowireMode=0; dependencyCheck=0; autowireCandidate=true; primary=false; factoryBeanName=null; factoryMethodName=null; initMethodName=null; destroyMethodName=null; defined in file [F:\iebm\workspace\alpha\alpha\alpha-self-diagnosis\target\classes\com\alpha\self\diagnosis\processor\AllergicHistoryAnswerProcessor.class]] with [Generic bean: class [com.alpha.self.diagnosis.processor.AllergicHistoryAnswerProcessor]; scope=singleton; abstract=false; lazyInit=false; autowireMode=0; dependencyCheck=0; autowireCandidate=true; primary=false; factoryBeanName=null; factoryMethodName=null; initMethodName=null; destroyMethodName=null; defined in file [F:\iebm\workspace\alpha\alpha\alpha-self-diagnosis\target\classes\com\alpha\self\diagnosis\processor\AllergicHistoryAnswerProcessor.class]]
2017-10-18 13:42:24,798 INFO [org.springframework.beans.factory.support.DefaultListableBeanFactory:828] Overriding bean definition for bean 'birthProcessor' with a different definition: replacing [Generic bean: class [com.alpha.self.diagnosis.processor.BirthProcessor]; scope=singleton; abstract=false; lazyInit=false; autowireMode=0; dependencyCheck=0; autowireCandidate=true; primary=false; factoryBeanName=null; factoryMethodName=null; initMethodName=null; destroyMethodName=null; defined in file [F:\iebm\workspace\alpha\alpha\alpha-self-diagnosis\target\classes\com\alpha\self\diagnosis\processor\BirthProcessor.class]] with [Generic bean: class [com.alpha.self.diagnosis.processor.BirthProcessor]; scope=singleton; abstract=false; lazyInit=false; autowireMode=0; dependencyCheck=0; autowireCandidate=true; primary=false; factoryBeanName=null; factoryMethodName=null; initMethodName=null; destroyMethodName=null; defined in file [F:\iebm\workspace\alpha\alpha\alpha-self-diagnosis\target\classes\com\alpha\self\diagnosis\processor\BirthProcessor.class]]
2017-10-18 13:42:24,799 INFO [org.springframework.beans.factory.support.DefaultListableBeanFactory:828] Overriding bean definition for bean 'liverRenalProcessor' with a different definition: replacing [Generic bean: class [com.alpha.self.diagnosis.processor.LiverRenalProcessor]; scope=singleton; abstract=false; lazyInit=false; autowireMode=0; dependencyCheck=0; autowireCandidate=true; primary=false; factoryBeanName=null; factoryMethodName=null; initMethodName=null; destroyMethodName=null; defined in file [F:\iebm\workspace\alpha\alpha\alpha-self-diagnosis\target\classes\com\alpha\self\diagnosis\processor\LiverRenalProcessor.class]] with [Generic bean: class [com.alpha.self.diagnosis.processor.LiverRenalProcessor]; scope=singleton; abstract=false; lazyInit=false; autowireMode=0; dependencyCheck=0; autowireCandidate=true; primary=false; factoryBeanName=null; factoryMethodName=null; initMethodName=null; destroyMethodName=null; defined in file [F:\iebm\workspace\alpha\alpha\alpha-self-diagnosis\target\classes\com\alpha\self\diagnosis\processor\LiverRenalProcessor.class]]
2017-10-18 13:42:24,799 INFO [org.springframework.beans.factory.support.DefaultListableBeanFactory:828] Overriding bean definition for bean 'normalAnswerProcessor' with a different definition: replacing [Generic bean: class [com.alpha.self.diagnosis.processor.NormalAnswerProcessor]; scope=singleton; abstract=false; lazyInit=false; autowireMode=0; dependencyCheck=0; autowireCandidate=true; primary=false; factoryBeanName=null; factoryMethodName=null; initMethodName=null; destroyMethodName=null; defined in file [F:\iebm\workspace\alpha\alpha\alpha-self-diagnosis\target\classes\com\alpha\self\diagnosis\processor\NormalAnswerProcessor.class]] with [Generic bean: class [com.alpha.self.diagnosis.processor.NormalAnswerProcessor]; scope=singleton; abstract=false; lazyInit=false; autowireMode=0; dependencyCheck=0; autowireCandidate=true; primary=false; factoryBeanName=null; factoryMethodName=null; initMethodName=null; destroyMethodName=null; defined in file [F:\iebm\workspace\alpha\alpha\alpha-self-diagnosis\target\classes\com\alpha\self\diagnosis\processor\NormalAnswerProcessor.class]]
2017-10-18 13:42:24,800 INFO [org.springframework.beans.factory.support.DefaultListableBeanFactory:828] Overriding bean definition for bean 'pastmedicalHistoryProcessor' with a different definition: replacing [Generic bean: class [com.alpha.self.diagnosis.processor.PastmedicalHistoryProcessor]; scope=singleton; abstract=false; lazyInit=false; autowireMode=0; dependencyCheck=0; autowireCandidate=true; primary=false; factoryBeanName=null; factoryMethodName=null; initMethodName=null; destroyMethodName=null; defined in file [F:\iebm\workspace\alpha\alpha\alpha-self-diagnosis\target\classes\com\alpha\self\diagnosis\processor\PastmedicalHistoryProcessor.class]] with [Generic bean: class [com.alpha.self.diagnosis.processor.PastmedicalHistoryProcessor]; scope=singleton; abstract=false; lazyInit=false; autowireMode=0; dependencyCheck=0; autowireCandidate=true; primary=false; factoryBeanName=null; factoryMethodName=null; initMethodName=null; destroyMethodName=null; defined in file [F:\iebm\workspace\alpha\alpha\alpha-self-diagnosis\target\classes\com\alpha\self\diagnosis\processor\PastmedicalHistoryProcessor.class]]
2017-10-18 13:42:24,801 INFO [org.springframework.beans.factory.support.DefaultListableBeanFactory:828] Overriding bean definition for bean 'weightProcessor' with a different definition: replacing [Generic bean: class [com.alpha.self.diagnosis.processor.WeightProcessor]; scope=singleton; abstract=false; lazyInit=false; autowireMode=0; dependencyCheck=0; autowireCandidate=true; primary=false; factoryBeanName=null; factoryMethodName=null; initMethodName=null; destroyMethodName=null; defined in file [F:\iebm\workspace\alpha\alpha\alpha-self-diagnosis\target\classes\com\alpha\self\diagnosis\processor\WeightProcessor.class]] with [Generic bean: class [com.alpha.self.diagnosis.processor.WeightProcessor]; scope=singleton; abstract=false; lazyInit=false; autowireMode=0; dependencyCheck=0; autowireCandidate=true; primary=false; factoryBeanName=null; factoryMethodName=null; initMethodName=null; destroyMethodName=null; defined in file [F:\iebm\workspace\alpha\alpha\alpha-self-diagnosis\target\classes\com\alpha\self\diagnosis\processor\WeightProcessor.class]]
2017-10-18 13:42:24,804 INFO [com.alpha.self.diagnosis.processor.spring.BeanScannerConfigurer:32] 初始化 BasicAnswerProcessor 完成
2017-10-18 13:42:24,940 INFO [org.springframework.beans.factory.annotation.AutowiredAnnotationBeanPostProcessor:155] JSR-330 'javax.inject.Inject' annotation found and supported for autowiring
2017-10-18 13:42:25,045 INFO [org.springframework.context.support.PostProcessorRegistrationDelegate$BeanPostProcessorChecker:325] Bean 'com.alpha.server.rpc.user.SelfDiagnosisFeign' of type [org.springframework.cloud.netflix.feign.FeignClientFactoryBean] is not eligible for getting processed by all BeanPostProcessors (for example: not eligible for auto-proxying)
2017-10-18 13:42:25,351 INFO [org.springframework.context.support.PostProcessorRegistrationDelegate$BeanPostProcessorChecker:325] Bean 'org.springframework.transaction.annotation.ProxyTransactionManagementConfiguration' of type [org.springframework.transaction.annotation.ProxyTransactionManagementConfiguration$$EnhancerBySpringCGLIB$$54eea338] is not eligible for getting processed by all BeanPostProcessors (for example: not eligible for auto-proxying)
2017-10-18 13:42:25,756 INFO [org.springframework.context.support.PostProcessorRegistrationDelegate$BeanPostProcessorChecker:325] Bean 'org.springframework.cloud.autoconfigure.ConfigurationPropertiesRebinderAutoConfiguration' of type [org.springframework.cloud.autoconfigure.ConfigurationPropertiesRebinderAutoConfiguration$$EnhancerBySpringCGLIB$$7108a635] is not eligible for getting processed by all BeanPostProcessors (for example: not eligible for auto-proxying)
2017-10-18 13:42:26,745 INFO [org.springframework.boot.context.embedded.tomcat.TomcatEmbeddedServletContainer:89] Tomcat initialized with port(s): 19092 (http)
2017-10-18 13:42:26,769 INFO [org.apache.juli.logging.DirectJDKLog:179] Starting service [Tomcat]
2017-10-18 13:42:26,771 INFO [org.apache.juli.logging.DirectJDKLog:179] Starting Servlet Engine: Apache Tomcat/8.5.20
2017-10-18 13:42:27,018 INFO [org.apache.juli.logging.DirectJDKLog:179] Initializing Spring embedded WebApplicationContext
2017-10-18 13:42:27,018 INFO [org.springframework.boot.context.embedded.EmbeddedWebApplicationContext:276] Root WebApplicationContext: initialization completed in 4084 ms
2017-10-18 13:42:27,688 INFO [org.springframework.boot.web.servlet.ServletRegistrationBean:190] Mapping servlet: 'dispatcherServlet' to [/]
2017-10-18 13:42:27,691 INFO [org.springframework.boot.web.servlet.ServletRegistrationBean:190] Mapping servlet: 'com.alpha.commons.config.servlet.DruidStatViewServlet' to [/druid/*]
2017-10-18 13:42:27,701 INFO [org.springframework.boot.web.servlet.AbstractFilterRegistrationBean:258] Mapping filter: 'characterEncodingFilter' to: [/*]
2017-10-18 13:42:27,702 INFO [org.springframework.boot.web.servlet.AbstractFilterRegistrationBean:258] Mapping filter: 'hiddenHttpMethodFilter' to: [/*]
2017-10-18 13:42:27,703 INFO [org.springframework.boot.web.servlet.AbstractFilterRegistrationBean:258] Mapping filter: 'httpPutFormContentFilter' to: [/*]
2017-10-18 13:42:27,703 INFO [org.springframework.boot.web.servlet.AbstractFilterRegistrationBean:258] Mapping filter: 'requestContextFilter' to: [/*]
2017-10-18 13:42:27,703 INFO [org.springframework.boot.web.servlet.AbstractFilterRegistrationBean:271] Mapping filter: 'com.alpha.commons.config.filter.CorsFilter' to urls: [/*]
2017-10-18 13:42:27,704 INFO [org.springframework.boot.web.servlet.AbstractFilterRegistrationBean:271] Mapping filter: 'druidWebStatFilter' to urls: [/*]
2017-10-18 13:42:27,746 INFO [com.alpha.self.diagnosis.listener.DiagnosisContextListener:27] DiagnosisContextListener contextInitialized starting...
2017-10-18 13:42:27,753 INFO [com.alpha.self.diagnosis.processor.BasicAnswerProcessorAdaptor:154] 6 processor will be register.
2017-10-18 13:42:28,243 INFO [com.alpha.commons.config.DruidConfiguration$Druid:66] DruidConfiguration init completed................
2017-10-18 13:42:30,917 INFO [com.alpha.self.diagnosis.listener.DiagnosisContextListener:34] DiagnosisContextListener contextInitialized completed
2017-10-18 13:42:33,028 WARN [com.netflix.config.sources.URLConfigurationSource:121] No URLs will be polled as dynamic configuration sources.
2017-10-18 13:42:33,029 INFO [com.netflix.config.sources.URLConfigurationSource:122] To enable URLs as dynamic configuration sources, define System property archaius.configurationSource.additionalUrls or make config.properties available on classpath.
2017-10-18 13:42:33,042 WARN [com.netflix.config.sources.URLConfigurationSource:121] No URLs will be polled as dynamic configuration sources.
2017-10-18 13:42:33,043 INFO [com.netflix.config.sources.URLConfigurationSource:122] To enable URLs as dynamic configuration sources, define System property archaius.configurationSource.additionalUrls or make config.properties available on classpath.
2017-10-18 13:42:33,726 INFO [org.springframework.web.servlet.mvc.method.annotation.RequestMappingHandlerAdapter:534] Looking for @ControllerAdvice: org.springframework.boot.context.embedded.AnnotationConfigEmbeddedWebApplicationContext@6f6962ba: startup date [Wed Oct 18 13:42:22 CST 2017]; parent: org.springframework.context.annotation.AnnotationConfigApplicationContext@34129c78
2017-10-18 13:42:33,937 INFO [org.springframework.web.servlet.handler.AbstractHandlerMethodMapping$MappingRegistry:543] Mapped "{[/data/search/pastmedicalHistory],methods=[POST]}" onto public com.alpha.commons.web.ResponseMessage com.alpha.self.diagnosis.controller.DataSearchController.pastmedicalHistorySearch(com.alpha.self.diagnosis.pojo.vo.SearchRequestVo)
2017-10-18 13:42:33,939 INFO [org.springframework.web.servlet.handler.AbstractHandlerMethodMapping$MappingRegistry:543] Mapped "{[/data/search/allergicHistory],methods=[POST]}" onto public com.alpha.commons.web.ResponseMessage com.alpha.self.diagnosis.controller.DataSearchController.allergicHistorySearch(com.alpha.self.diagnosis.pojo.vo.SearchRequestVo)
2017-10-18 13:42:33,940 INFO [org.springframework.web.servlet.handler.AbstractHandlerMethodMapping$MappingRegistry:543] Mapped "{[/data/search/concsymp],methods=[POST]}" onto public com.alpha.commons.web.ResponseMessage com.alpha.self.diagnosis.controller.DataSearchController.diagnosisStart(com.alpha.self.diagnosis.pojo.vo.SearchRequestVo)
2017-10-18 13:42:33,940 INFO [org.springframework.web.servlet.handler.AbstractHandlerMethodMapping$MappingRegistry:543] Mapped "{[/data/search/weight/{userId}],methods=[POST]}" onto public com.alpha.commons.web.ResponseMessage com.alpha.self.diagnosis.controller.DataSearchController.weightSearch(java.lang.Long)
2017-10-18 13:42:33,948 INFO [org.springframework.web.servlet.handler.AbstractHandlerMethodMapping$MappingRegistry:543] Mapped "{[/diagnosis/outcome/get],methods=[POST]}" onto public com.alpha.commons.web.ResponseMessage com.alpha.self.diagnosis.controller.DiagnosisController.getOutcome(java.lang.Long)
2017-10-18 13:42:33,949 INFO [org.springframework.web.servlet.handler.AbstractHandlerMethodMapping$MappingRegistry:543] Mapped "{[/diagnosis/medicine/next],methods=[POST]}" onto public com.alpha.commons.web.ResponseMessage com.alpha.self.diagnosis.controller.DiagnosisController.diagnosisMedicineNext(com.alpha.self.diagnosis.pojo.vo.QuestionRequestVo)
2017-10-18 13:42:33,950 INFO [org.springframework.web.servlet.handler.AbstractHandlerMethodMapping$MappingRegistry:543] Mapped "{[/diagnosis/showResult],methods=[POST]}" onto public com.alpha.commons.web.ResponseMessage com.alpha.self.diagnosis.controller.DiagnosisController.showDiagnosisResult(com.alpha.self.diagnosis.pojo.vo.BasicRequestVo)
2017-10-18 13:42:33,951 INFO [org.springframework.web.servlet.handler.AbstractHandlerMethodMapping$MappingRegistry:543] Mapped "{[/diagnosis/queryBasicQuestion],methods=[POST]}" onto public com.alpha.commons.web.ResponseMessage com.alpha.self.diagnosis.controller.DiagnosisController.queryBasicQuestion(com.alpha.user.controller.req.vo.PatientInfo)
2017-10-18 13:42:33,952 INFO [org.springframework.web.servlet.handler.AbstractHandlerMethodMapping$MappingRegistry:543] Mapped "{[/diagnosis/start],methods=[POST],consumes=[application/json || application/x-www-form-urlencoded]}" onto public com.alpha.commons.web.ResponseMessage com.alpha.self.diagnosis.controller.DiagnosisController.diagnosisStart(com.alpha.self.diagnosis.pojo.vo.DiagnosisStartReqeustVo)
2017-10-18 13:42:33,953 INFO [org.springframework.web.servlet.handler.AbstractHandlerMethodMapping$MappingRegistry:543] Mapped "{[/diagnosis/basic/next],methods=[POST]}" onto public com.alpha.commons.web.ResponseMessage com.alpha.self.diagnosis.controller.DiagnosisController.diagnosisNext(com.alpha.self.diagnosis.pojo.vo.QuestionRequestVo)
2017-10-18 13:42:33,953 INFO [org.springframework.web.servlet.handler.AbstractHandlerMethodMapping$MappingRegistry:543] Mapped "{[/diagnosis/outcome/confirm],methods=[POST]}" onto public com.alpha.commons.web.ResponseMessage com.alpha.self.diagnosis.controller.DiagnosisController.confirmOutcome(java.lang.Long,java.lang.String)
2017-10-18 13:42:33,954 INFO [org.springframework.web.servlet.handler.AbstractHandlerMethodMapping$MappingRegistry:543] Mapped "{[/diagnosis/diseaseHistory],methods=[POST]}" onto public com.alpha.commons.web.ResponseMessage com.alpha.self.diagnosis.controller.DiagnosisController.diseaseHistory(com.alpha.self.diagnosis.pojo.vo.DiseaseHistoryRequestVo)
2017-10-18 13:42:33,959 INFO [org.springframework.web.servlet.handler.AbstractHandlerMethodMapping$MappingRegistry:543] Mapped "{[/info],methods=[GET]}" onto public java.lang.String com.alpha.self.diagnosis.controller.MainController.test()
2017-10-18 13:42:33,960 INFO [org.springframework.web.servlet.handler.AbstractHandlerMethodMapping$MappingRegistry:543] Mapped "{[/test/question],methods=[POST]}" onto public com.alpha.commons.web.ResponseMessage com.alpha.self.diagnosis.controller.MainController.medicineQuestion(java.lang.Integer)
2017-10-18 13:42:33,961 INFO [org.springframework.web.servlet.handler.AbstractHandlerMethodMapping$MappingRegistry:543] Mapped "{[/test/question2],methods=[POST]}" onto public com.alpha.commons.web.ResponseMessage com.alpha.self.diagnosis.controller.MainController.medicineQuestion(com.alpha.self.diagnosis.pojo.vo.QuestionRequestVo,java.lang.String)
2017-10-18 13:42:33,961 INFO [org.springframework.web.servlet.handler.AbstractHandlerMethodMapping$MappingRegistry:543] Mapped "{[/getMedicalRecord],methods=[POST]}" onto public com.alpha.commons.web.ResponseMessage com.alpha.self.diagnosis.controller.MainController.getMedicalRecord()
2017-10-18 13:42:33,966 INFO [org.springframework.web.servlet.handler.AbstractHandlerMethodMapping$MappingRegistry:543] Mapped "{[/treatscheme/diseaseList],methods=[POST]}" onto public com.alpha.commons.web.ResponseMessage com.alpha.self.diagnosis.controller.TreatSchemeController.diseaseList(com.alpha.self.diagnosis.pojo.vo.SearchRequestVo)
2017-10-18 13:42:33,967 INFO [org.springframework.web.servlet.handler.AbstractHandlerMethodMapping$MappingRegistry:543] Mapped "{[/treatscheme/get],methods=[POST]}" onto public com.alpha.commons.web.ResponseMessage com.alpha.self.diagnosis.controller.TreatSchemeController.treatScheme(java.lang.String,java.lang.String)
2017-10-18 13:42:33,970 INFO [org.springframework.web.servlet.handler.AbstractHandlerMethodMapping$MappingRegistry:543] Mapped "{[/feedback/put],methods=[POST]}" onto public com.alpha.commons.web.ResponseMessage com.alpha.user.controller.FeedBackController.authorization(com.alpha.server.rpc.user.pojo.UserFeedback)
2017-10-18 13:42:33,972 INFO [org.springframework.web.servlet.handler.AbstractHandlerMethodMapping$MappingRegistry:543] Mapped "{[/user/query/{cardNo}],methods=[POST]}" onto public com.alpha.commons.web.ResponseMessage com.alpha.user.controller.UserController.query(java.lang.String)
2017-10-18 13:42:33,973 INFO [org.springframework.web.servlet.handler.AbstractHandlerMethodMapping$MappingRegistry:543] Mapped "{[/user/auth],methods=[POST]}" onto public com.alpha.commons.web.ResponseMessage com.alpha.user.controller.UserController.authorization(java.lang.String,java.lang.Integer,java.lang.Integer)
2017-10-18 13:42:33,975 INFO [org.springframework.web.servlet.handler.AbstractHandlerMethodMapping$MappingRegistry:543] Mapped "{[/user/save],methods=[POST]}" onto public com.alpha.commons.web.ResponseMessage com.alpha.user.controller.UserController.saveUserInfo(com.alpha.user.pojo.vo.UserInfoRequestVo)
2017-10-18 13:42:33,979 INFO [org.springframework.web.servlet.handler.AbstractHandlerMethodMapping$MappingRegistry:543] Mapped "{[/error]}" onto public org.springframework.http.ResponseEntity<java.util.Map<java.lang.String, java.lang.Object>> org.springframework.boot.autoconfigure.web.BasicErrorController.error(javax.servlet.http.HttpServletRequest)
2017-10-18 13:42:33,980 INFO [org.springframework.web.servlet.handler.AbstractHandlerMethodMapping$MappingRegistry:543] Mapped "{[/error],produces=[text/html]}" onto public org.springframework.web.servlet.ModelAndView org.springframework.boot.autoconfigure.web.BasicErrorController.errorHtml(javax.servlet.http.HttpServletRequest,javax.servlet.http.HttpServletResponse)
2017-10-18 13:42:34,162 INFO [org.springframework.web.servlet.handler.AbstractUrlHandlerMapping:362] Mapped URL path [/webjars/**] onto handler of type [class org.springframework.web.servlet.resource.ResourceHttpRequestHandler]
2017-10-18 13:42:34,163 INFO [org.springframework.web.servlet.handler.AbstractUrlHandlerMapping:362] Mapped URL path [/**] onto handler of type [class org.springframework.web.servlet.resource.ResourceHttpRequestHandler]
2017-10-18 13:42:34,214 INFO [org.springframework.web.servlet.mvc.method.annotation.ExceptionHandlerExceptionResolver:273] Detected @ExceptionHandler methods in controllerEnhancerment
2017-10-18 13:42:34,305 INFO [org.springframework.web.servlet.handler.AbstractUrlHandlerMapping:362] Mapped URL path [/**/favicon.ico] onto handler of type [class org.springframework.web.servlet.resource.ResourceHttpRequestHandler]
2017-10-18 13:42:36,875 INFO [org.springframework.jmx.export.MBeanExporter:431] Registering beans for JMX exposure on startup
2017-10-18 13:42:36,878 INFO [org.springframework.jmx.export.MBeanExporter:916] Bean with name 'dataSource' has been autodetected for JMX exposure
2017-10-18 13:42:36,900 INFO [org.springframework.jmx.export.MBeanExporter:916] Bean with name 'environmentManager' has been autodetected for JMX exposure
2017-10-18 13:42:36,903 INFO [org.springframework.jmx.export.MBeanExporter:916] Bean with name 'configurationPropertiesRebinder' has been autodetected for JMX exposure
2017-10-18 13:42:36,905 INFO [org.springframework.jmx.export.MBeanExporter:916] Bean with name 'refreshScope' has been autodetected for JMX exposure
2017-10-18 13:42:36,911 INFO [org.springframework.jmx.export.MBeanExporter:678] Located managed bean 'environmentManager': registering with JMX server as MBean [org.springframework.cloud.context.environment:name=environmentManager,type=EnvironmentManager]
2017-10-18 13:42:36,937 INFO [org.springframework.jmx.export.MBeanExporter:678] Located managed bean 'refreshScope': registering with JMX server as MBean [org.springframework.cloud.context.scope.refresh:name=refreshScope,type=RefreshScope]
2017-10-18 13:42:36,978 INFO [org.springframework.jmx.export.MBeanExporter:678] Located managed bean 'configurationPropertiesRebinder': registering with JMX server as MBean [org.springframework.cloud.context.properties:name=configurationPropertiesRebinder,context=6f6962ba,type=ConfigurationPropertiesRebinder]
2017-10-18 13:42:36,993 INFO [org.springframework.jmx.export.MBeanExporter:671] Located MBean 'dataSource': registering with JMX server as MBean [com.alibaba.druid.pool:name=dataSource,type=DruidDataSource]
2017-10-18 13:42:37,259 INFO [org.springframework.context.support.DefaultLifecycleProcessor$LifecycleGroup:343] Starting beans in phase 0
2017-10-18 13:42:37,281 INFO [org.springframework.cloud.netflix.eureka.InstanceInfoFactory:70] Setting initial instance status as: STARTING
2017-10-18 13:42:37,397 INFO [com.netflix.discovery.DiscoveryClient:344] Initializing Eureka in region us-east-1
2017-10-18 13:42:38,020 INFO [com.netflix.discovery.provider.DiscoveryJerseyProvider:70] Using JSON encoding codec LegacyJacksonJson
2017-10-18 13:42:38,021 INFO [com.netflix.discovery.provider.DiscoveryJerseyProvider:71] Using JSON decoding codec LegacyJacksonJson
2017-10-18 13:42:38,271 INFO [com.netflix.discovery.provider.DiscoveryJerseyProvider:80] Using XML encoding codec XStreamXml
2017-10-18 13:42:38,272 INFO [com.netflix.discovery.provider.DiscoveryJerseyProvider:81] Using XML decoding codec XStreamXml
2017-10-18 13:42:39,312 INFO [com.netflix.discovery.shared.resolver.aws.ConfigClusterResolver:43] Resolving eureka endpoints via configuration
2017-10-18 13:42:39,501 INFO [com.netflix.discovery.DiscoveryClient:920] Disable delta property : false
2017-10-18 13:42:39,501 INFO [com.netflix.discovery.DiscoveryClient:921] Single vip registry refresh property : null
2017-10-18 13:42:39,502 INFO [com.netflix.discovery.DiscoveryClient:922] Force full registry fetch : false
2017-10-18 13:42:39,502 INFO [com.netflix.discovery.DiscoveryClient:923] Application is null : false
2017-10-18 13:42:39,503 INFO [com.netflix.discovery.DiscoveryClient:924] Registered Applications size is zero : true
2017-10-18 13:42:39,503 INFO [com.netflix.discovery.DiscoveryClient:926] Application version is -1: true
2017-10-18 13:42:39,504 INFO [com.netflix.discovery.DiscoveryClient:1009] Getting all instance registry info from the eureka server
2017-10-18 13:42:39,767 INFO [com.netflix.discovery.DiscoveryClient:1018] The response status is 200
2017-10-18 13:42:39,769 INFO [com.netflix.discovery.DiscoveryClient:1244] Starting heartbeat executor: renew interval is: 5
2017-10-18 13:42:39,777 INFO [com.netflix.discovery.InstanceInfoReplicator:59] InstanceInfoReplicator onDemand update allowed rate per min is 4
2017-10-18 13:42:39,785 INFO [com.netflix.discovery.DiscoveryClient:425] Discovery Client initialized at timestamp 1508305359784 with initial instances count: 0
2017-10-18 13:42:39,912 INFO [org.springframework.cloud.netflix.eureka.serviceregistry.EurekaServiceRegistry:40] Registering application alpha-self-diagnosis with eureka with status UP
2017-10-18 13:42:39,915 INFO [com.netflix.discovery.DiscoveryClient$3:1279] Saw local status change event StatusChangeEvent [timestamp=1508305359915, current=UP, previous=STARTING]
2017-10-18 13:42:39,919 INFO [com.netflix.discovery.DiscoveryClient:795] DiscoveryClient_ALPHA-SELF-DIAGNOSIS/PC-20160606PUVI:alpha-self-diagnosis:19092: registering service...
2017-10-18 13:42:40,074 INFO [com.netflix.discovery.DiscoveryClient:804] DiscoveryClient_ALPHA-SELF-DIAGNOSIS/PC-20160606PUVI:alpha-self-diagnosis:19092 - registration status: 204
2017-10-18 13:42:40,146 INFO [org.springframework.boot.context.embedded.tomcat.TomcatEmbeddedServletContainer:201] Tomcat started on port(s): 19092 (http)
2017-10-18 13:42:40,149 INFO [org.springframework.cloud.netflix.eureka.serviceregistry.EurekaAutoServiceRegistration:117] Updating port to 19092
2017-10-18 13:42:40,160 INFO [org.springframework.boot.StartupInfoLogger:57] Started AlphaApplication in 19.716 seconds (JVM running for 20.416)
2017-10-18 13:42:44,800 INFO [com.netflix.discovery.DiscoveryClient:920] Disable delta property : false
2017-10-18 13:42:44,801 INFO [com.netflix.discovery.DiscoveryClient:921] Single vip registry refresh property : null
2017-10-18 13:42:44,801 INFO [com.netflix.discovery.DiscoveryClient:922] Force full registry fetch : false
2017-10-18 13:42:44,801 INFO [com.netflix.discovery.DiscoveryClient:923] Application is null : false
2017-10-18 13:42:44,801 INFO [com.netflix.discovery.DiscoveryClient:924] Registered Applications size is zero : true
2017-10-18 13:42:44,801 INFO [com.netflix.discovery.DiscoveryClient:926] Application version is -1: false
2017-10-18 13:42:44,801 INFO [com.netflix.discovery.DiscoveryClient:1009] Getting all instance registry info from the eureka server
2017-10-18 13:42:44,805 INFO [com.netflix.discovery.DiscoveryClient:1018] The response status is 200
2017-10-18 13:42:49,818 INFO [com.netflix.discovery.DiscoveryClient:920] Disable delta property : false
2017-10-18 13:42:49,820 INFO [com.netflix.discovery.DiscoveryClient:921] Single vip registry refresh property : null
2017-10-18 13:42:49,821 INFO [com.netflix.discovery.DiscoveryClient:922] Force full registry fetch : false
2017-10-18 13:42:49,821 INFO [com.netflix.discovery.DiscoveryClient:923] Application is null : false
2017-10-18 13:42:49,821 INFO [com.netflix.discovery.DiscoveryClient:924] Registered Applications size is zero : true
2017-10-18 13:42:49,823 INFO [com.netflix.discovery.DiscoveryClient:926] Application version is -1: false
2017-10-18 13:42:49,823 INFO [com.netflix.discovery.DiscoveryClient:1009] Getting all instance registry info from the eureka server
2017-10-18 13:42:49,830 INFO [com.netflix.discovery.DiscoveryClient:1018] The response status is 200
2017-10-18 13:42:54,831 INFO [com.netflix.discovery.DiscoveryClient:920] Disable delta property : false
2017-10-18 13:42:54,831 INFO [com.netflix.discovery.DiscoveryClient:921] Single vip registry refresh property : null
2017-10-18 13:42:54,831 INFO [com.netflix.discovery.DiscoveryClient:922] Force full registry fetch : false
2017-10-18 13:42:54,832 INFO [com.netflix.discovery.DiscoveryClient:923] Application is null : false
2017-10-18 13:42:54,833 INFO [com.netflix.discovery.DiscoveryClient:924] Registered Applications size is zero : true
2017-10-18 13:42:54,834 INFO [com.netflix.discovery.DiscoveryClient:926] Application version is -1: false
2017-10-18 13:42:54,834 INFO [com.netflix.discovery.DiscoveryClient:1009] Getting all instance registry info from the eureka server
2017-10-18 13:42:54,841 INFO [com.netflix.discovery.DiscoveryClient:1018] The response status is 200
2017-10-18 13:42:59,509 INFO [org.apache.juli.logging.DirectJDKLog:179] Initializing Spring FrameworkServlet 'dispatcherServlet'
2017-10-18 13:42:59,509 INFO [org.springframework.web.servlet.FrameworkServlet:489] FrameworkServlet 'dispatcherServlet': initialization started
2017-10-18 13:42:59,560 INFO [org.springframework.web.servlet.FrameworkServlet:508] FrameworkServlet 'dispatcherServlet': initialization completed in 50 ms
2017-10-18 13:42:59,820 INFO [com.alpha.self.diagnosis.controller.DiagnosisController:59] 生成问诊编号,为导诊做准备: 1012 1
2017-10-18 13:42:59,844 INFO [com.netflix.discovery.DiscoveryClient:920] Disable delta property : false
2017-10-18 13:42:59,844 INFO [com.netflix.discovery.DiscoveryClient:921] Single vip registry refresh property : null
2017-10-18 13:42:59,844 INFO [com.netflix.discovery.DiscoveryClient:922] Force full registry fetch : false
2017-10-18 13:42:59,845 INFO [com.netflix.discovery.DiscoveryClient:923] Application is null : false
2017-10-18 13:42:59,845 INFO [com.netflix.discovery.DiscoveryClient:924] Registered Applications size is zero : true
2017-10-18 13:42:59,845 INFO [com.netflix.discovery.DiscoveryClient:926] Application version is -1: false
2017-10-18 13:42:59,845 INFO [com.netflix.discovery.DiscoveryClient:1009] Getting all instance registry info from the eureka server
2017-10-18 13:42:59,860 INFO [com.netflix.discovery.DiscoveryClient:1018] The response status is 200
2017-10-18 13:43:00,066 INFO [com.alibaba.druid.pool.DruidDataSource:715] {dataSource-1} inited
2017-10-18 13:43:00,534 INFO [com.alpha.self.diagnosis.service.impl.BasicAnswerServiceImpl:23] findByQuestionCode.questionCode is 1000
2017-10-18 13:43:02,828 INFO [com.alpha.self.diagnosis.controller.DiagnosisController:111] 循环获取下一个问题: {"diagnosisId":3346,"inType":1,"userId":"1012"}
2017-10-18 13:43:04,861 INFO [com.netflix.discovery.DiscoveryClient:920] Disable delta property : false
2017-10-18 13:43:04,861 INFO [com.netflix.discovery.DiscoveryClient:921] Single vip registry refresh property : null
2017-10-18 13:43:04,862 INFO [com.netflix.discovery.DiscoveryClient:922] Force full registry fetch : false
2017-10-18 13:43:04,862 INFO [com.netflix.discovery.DiscoveryClient:923] Application is null : false
2017-10-18 13:43:04,862 INFO [com.netflix.discovery.DiscoveryClient:924] Registered Applications size is zero : true
2017-10-18 13:43:04,863 INFO [com.netflix.discovery.DiscoveryClient:926] Application version is -1: false
2017-10-18 13:43:04,863 INFO [com.netflix.discovery.DiscoveryClient:1009] Getting all instance registry info from the eureka server
2017-10-18 13:43:04,892 INFO [com.netflix.discovery.DiscoveryClient:1018] The response status is 200
2017-10-18 13:43:07,330 INFO [com.alpha.self.diagnosis.controller.DiagnosisController:111] 循环获取下一个问题: {"answers":[{"answerTitle":"fff","content":"fff"}],"diagnosisId":3346,"inType":1,"questionCode":"9990","sympCode":"","type":99,"userId":"1012"}
2017-10-18 13:43:08,097 INFO [com.alpha.self.diagnosis.service.impl.SymptomMainServiceImpl:44] getMainSymptomsQuestion start with 3346
2017-10-18 13:43:08,977 INFO [com.alpha.self.diagnosis.controller.DiagnosisController:111] 循环获取下一个问题: {"answers":[{"answerTitle":"腹泻","content":"54"}],"diagnosisId":3346,"inType":1,"questionCode":"9992","sympCode":"","type":100,"userId":"1012"}
2017-10-18 13:43:12,838 INFO [com.alpha.self.diagnosis.controller.DiagnosisController:111] 循环获取下一个问题: {"answers":[{"answerTitle":"豆腐渣样便","content":"14487"}],"diagnosisId":3346,"inType":1,"questionCode":"3316","sympCode":"54","type":101,"userId":"1012"}
2017-10-18 13:43:13,173 INFO [com.alpha.self.diagnosis.utils.MedicineSortUtil:31] 首选疾病：白念珠菌肠炎
2017-10-18 13:43:13,868 INFO [com.alpha.self.diagnosis.controller.DiagnosisController:111] 循环获取下一个问题: {"answers":[{"answerTitle":"15~60","content":"14512"}],"diagnosisId":3346,"inType":1,"questionCode":"3319","sympCode":"54","type":101,"userId":"1012"}
2017-10-18 13:43:14,110 INFO [com.alpha.self.diagnosis.utils.MedicineSortUtil:31] 首选疾病：白念珠菌肠炎
2017-10-18 13:43:14,789 INFO [com.alpha.self.diagnosis.controller.DiagnosisController:111] 循环获取下一个问题: {"answers":[{"answerTitle":"＜10","content":"14515"}],"diagnosisId":3346,"inType":1,"questionCode":"3320","sympCode":"54","type":101,"userId":"1012"}
2017-10-18 13:43:14,978 INFO [com.alpha.self.diagnosis.utils.MedicineSortUtil:31] 首选疾病：白念珠菌肠炎
2017-10-18 13:43:15,716 INFO [com.alpha.self.diagnosis.controller.DiagnosisController:111] 循环获取下一个问题: {"answers":[{"answerTitle":"急","content":"14516"}],"diagnosisId":3346,"inType":1,"questionCode":"3321","sympCode":"54","type":101,"userId":"1012"}
2017-10-18 13:43:15,974 INFO [com.alpha.self.diagnosis.utils.MedicineSortUtil:31] 首选疾病：白念珠菌肠炎
2017-10-18 13:43:20,430 INFO [com.alpha.self.diagnosis.controller.DiagnosisController:111] 循环获取下一个问题: {"answers":[{"answerTitle":"个人","content":"14645"}],"diagnosisId":3346,"inType":1,"questionCode":"3322","sympCode":"54","type":101,"userId":"1012"}
2017-10-18 13:43:20,580 INFO [com.alpha.self.diagnosis.utils.MedicineSortUtil:31] 首选疾病：白念珠菌肠炎
2017-10-18 13:43:21,357 INFO [com.alpha.self.diagnosis.controller.DiagnosisController:111] 循环获取下一个问题: {"answers":[{"answerTitle":"发酵味","content":"14522"}],"diagnosisId":3346,"inType":1,"questionCode":"3323","sympCode":"54","type":101,"userId":"1012"}
2017-10-18 13:43:21,483 INFO [com.alpha.self.diagnosis.utils.MedicineSortUtil:31] 首选疾病：白念珠菌肠炎
2017-10-18 13:43:22,315 INFO [com.alpha.self.diagnosis.controller.DiagnosisController:111] 循环获取下一个问题: {"answers":[{"answerTitle":"黄绿色","content":"12274"}],"diagnosisId":3346,"inType":1,"questionCode":"3324","sympCode":"54","type":101,"userId":"1012"}
2017-10-18 13:43:22,486 INFO [com.alpha.self.diagnosis.utils.MedicineSortUtil:31] 首选疾病：白念珠菌肠炎
2017-10-18 13:43:23,605 INFO [com.alpha.self.diagnosis.controller.DiagnosisController:111] 循环获取下一个问题: {"answers":[{"answerTitle":"接触疫水","content":"14661"}],"diagnosisId":3346,"inType":1,"questionCode":"3325","sympCode":"54","type":101,"userId":"1012"}
2017-10-18 13:43:23,814 INFO [com.alpha.self.diagnosis.service.impl.SymptomAccompanyServiceImpl:147] 首选疾病：白念珠菌肠炎
2017-10-18 13:47:39,513 INFO [com.netflix.discovery.shared.resolver.aws.ConfigClusterResolver:43] Resolving eureka endpoints via configuration
