2018-01-06 17:00:00,005 INFO [com.atomikos.logging.Slf4jLogger:16] createCompositeTransaction ( 10000 ): created new ROOT transaction with id 192.168.29.54.tm0005400021
2018-01-06 17:00:00,023 INFO [com.atomikos.logging.Slf4jLogger:16] commit() done (by application) of transaction 192.168.29.54.tm0005400021
2018-01-06 17:00:06,400 INFO [com.atomikos.logging.Slf4jLogger:16] createCompositeTransaction ( 10000 ): created new ROOT transaction with id 192.168.29.54.tm0005500021
2018-01-06 17:00:06,409 INFO [com.atomikos.logging.Slf4jLogger:16] commit() done (by application) of transaction 192.168.29.54.tm0005500021
2018-01-06 17:00:23,168 INFO [com.atomikos.logging.Slf4jLogger:16] createCompositeTransaction ( 10000 ): created new ROOT transaction with id 192.168.29.54.tm0005600021
2018-01-06 17:00:23,173 INFO [com.atomikos.logging.Slf4jLogger:16] commit() done (by application) of transaction 192.168.29.54.tm0005600021
2018-01-06 17:02:57,009 INFO [com.alpha.self.diagnosis.controller.DiagnosisController:142] 循环获取下一个问题: {"diagnosisId":3861,"inType":1,"userId":"2094"}
2018-01-06 17:02:57,019 INFO [com.atomikos.logging.Slf4jLogger:16] createCompositeTransaction ( 10000 ): created new ROOT transaction with id 192.168.29.54.tm0005700021
2018-01-06 17:02:57,025 INFO [com.atomikos.logging.Slf4jLogger:16] commit() done (by application) of transaction 192.168.29.54.tm0005700021
2018-01-06 17:02:57,028 INFO [com.atomikos.logging.Slf4jLogger:16] createCompositeTransaction ( 10000 ): created new ROOT transaction with id 192.168.29.54.tm0005800021
2018-01-06 17:02:57,082 INFO [com.atomikos.logging.Slf4jLogger:16] commit() done (by application) of transaction 192.168.29.54.tm0005800021
2018-01-06 17:02:57,187 INFO [com.atomikos.logging.Slf4jLogger:16] createCompositeTransaction ( 10000 ): created new ROOT transaction with id 192.168.29.54.tm0005900021
2018-01-06 17:02:57,194 INFO [com.atomikos.logging.Slf4jLogger:16] commit() done (by application) of transaction 192.168.29.54.tm0005900021
2018-01-06 17:02:57,231 INFO [com.alpha.self.diagnosis.controller.DiagnosisController:142] 循环获取下一个问题: {"answers":[{"answerTitle":"腹泻","content":"54"}],"diagnosisId":3861,"inType":1,"questionCode":"9992","sympCode":"54","type":100,"userId":"2094"}
2018-01-06 17:02:57,232 INFO [com.atomikos.logging.Slf4jLogger:16] createCompositeTransaction ( 10000 ): created new ROOT transaction with id 192.168.29.54.tm0006000021
2018-01-06 17:02:57,237 INFO [com.atomikos.logging.Slf4jLogger:16] commit() done (by application) of transaction 192.168.29.54.tm0006000021
2018-01-06 17:02:57,348 INFO [com.alpha.self.diagnosis.service.impl.MedicineAnswerServiceImpl:256] 脓血便所属大类为血样便
2018-01-06 17:02:57,350 INFO [com.alpha.self.diagnosis.service.impl.MedicineAnswerServiceImpl:256] 脓血便所属大类为血样便
2018-01-06 17:02:57,350 INFO [com.alpha.self.diagnosis.service.impl.MedicineAnswerServiceImpl:256] 脓血便所属大类为血样便
2018-01-06 17:02:57,351 INFO [com.alpha.self.diagnosis.service.impl.MedicineAnswerServiceImpl:256] 血水样便所属大类为血样便
2018-01-06 17:02:57,352 INFO [com.alpha.self.diagnosis.service.impl.MedicineAnswerServiceImpl:256] 脓血便所属大类为血样便
2018-01-06 17:02:57,353 INFO [com.alpha.self.diagnosis.service.impl.MedicineAnswerServiceImpl:256] 血水样便所属大类为血样便
2018-01-06 17:02:57,353 INFO [com.alpha.self.diagnosis.service.impl.MedicineAnswerServiceImpl:256] 脓血便所属大类为血样便
2018-01-06 17:02:57,354 INFO [com.alpha.self.diagnosis.service.impl.MedicineAnswerServiceImpl:256] 脓血便所属大类为血样便
2018-01-06 17:02:57,355 INFO [com.alpha.self.diagnosis.service.impl.MedicineAnswerServiceImpl:256] 脓血便所属大类为血样便
2018-01-06 17:02:57,355 INFO [com.alpha.self.diagnosis.service.impl.MedicineAnswerServiceImpl:256] 脓血便所属大类为血样便
2018-01-06 17:02:57,356 INFO [com.alpha.self.diagnosis.service.impl.MedicineAnswerServiceImpl:256] 血丝便所属大类为血样便
2018-01-06 17:02:57,357 INFO [com.alpha.self.diagnosis.service.impl.MedicineAnswerServiceImpl:256] 脓血便所属大类为血样便
2018-01-06 17:02:57,358 INFO [com.alpha.self.diagnosis.service.impl.MedicineAnswerServiceImpl:256] 脓血便所属大类为血样便
2018-01-06 17:02:57,359 INFO [com.alpha.self.diagnosis.service.impl.MedicineAnswerServiceImpl:256] 脓血便所属大类为血样便
2018-01-06 17:02:57,359 INFO [com.alpha.self.diagnosis.service.impl.MedicineAnswerServiceImpl:256] 脓血便所属大类为血样便
2018-01-06 17:02:57,360 INFO [com.alpha.self.diagnosis.service.impl.MedicineAnswerServiceImpl:256] 脓血便所属大类为血样便
2018-01-06 17:02:57,361 INFO [com.alpha.self.diagnosis.service.impl.MedicineAnswerServiceImpl:256] 脓血便所属大类为血样便
2018-01-06 17:02:57,361 INFO [com.alpha.self.diagnosis.service.impl.MedicineAnswerServiceImpl:256] 血水样便所属大类为血样便
2018-01-06 17:02:57,362 INFO [com.alpha.self.diagnosis.service.impl.MedicineAnswerServiceImpl:256] 脓血便所属大类为血样便
2018-01-06 17:02:57,362 INFO [com.alpha.self.diagnosis.service.impl.MedicineAnswerServiceImpl:256] 血水样便所属大类为血样便
2018-01-06 17:02:57,363 INFO [com.alpha.self.diagnosis.service.impl.MedicineAnswerServiceImpl:256] 脓血便所属大类为血样便
2018-01-06 17:02:57,364 INFO [com.alpha.self.diagnosis.service.impl.MedicineAnswerServiceImpl:256] 脓血便所属大类为血样便
2018-01-06 17:02:57,365 INFO [com.alpha.self.diagnosis.service.impl.MedicineAnswerServiceImpl:256] 血水样便所属大类为血样便
2018-01-06 17:02:57,365 INFO [com.alpha.self.diagnosis.service.impl.MedicineAnswerServiceImpl:256] 脓血便所属大类为血样便
2018-01-06 17:02:57,366 INFO [com.alpha.self.diagnosis.service.impl.MedicineAnswerServiceImpl:256] 血水样便所属大类为血样便
2018-01-06 17:02:57,367 INFO [com.alpha.self.diagnosis.service.impl.MedicineAnswerServiceImpl:256] 脓血便所属大类为血样便
2018-01-06 17:02:58,037 INFO [com.alpha.self.diagnosis.controller.DiagnosisController:142] 循环获取下一个问题: {"answers":[{"answerTitle":"稀水样便","content":"14554"}],"diagnosisId":3861,"inType":1,"questionCode":"3316","sympCode":"54","type":101,"userId":"2094"}
2018-01-06 17:02:58,038 INFO [com.atomikos.logging.Slf4jLogger:16] createCompositeTransaction ( 10000 ): created new ROOT transaction with id 192.168.29.54.tm0006100021
2018-01-06 17:02:58,042 INFO [com.atomikos.logging.Slf4jLogger:16] commit() done (by application) of transaction 192.168.29.54.tm0006100021
2018-01-06 17:02:58,061 INFO [com.alpha.self.diagnosis.service.impl.MedicineAnswerServiceImpl:122] 开始处理问题3316的隐藏答案
2018-01-06 17:02:58,063 INFO [com.alpha.self.diagnosis.service.impl.MedicineAnswerServiceImpl:140] 问题3316的隐藏答案为[14484, 14482]
2018-01-06 17:02:58,602 INFO [com.alpha.self.diagnosis.utils.MedicineSortUtil:33] 首选疾病：致病性大肠埃希菌肠炎
2018-01-06 17:02:58,650 INFO [com.alpha.self.diagnosis.controller.DiagnosisController:142] 循环获取下一个问题: {"answers":[{"answerTitle":"","content":"1天"}],"diagnosisId":3861,"inType":1,"questionCode":"3319","sympCode":"54","type":101,"userId":"2094"}
2018-01-06 17:02:58,650 INFO [com.atomikos.logging.Slf4jLogger:16] createCompositeTransaction ( 10000 ): created new ROOT transaction with id 192.168.29.54.tm0006200021
2018-01-06 17:02:58,653 INFO [com.atomikos.logging.Slf4jLogger:16] commit() done (by application) of transaction 192.168.29.54.tm0006200021
2018-01-06 17:02:58,684 ERROR [com.alpha.self.diagnosis.service.impl.MedicineAnswerServiceImpl:95] 页面的答案没能与知识库的答案匹配
2018-01-06 17:02:59,013 INFO [com.alpha.self.diagnosis.utils.MedicineSortUtil:33] 首选疾病：致病性大肠埃希菌肠炎
2018-01-06 17:02:59,060 INFO [com.alpha.self.diagnosis.controller.DiagnosisController:142] 循环获取下一个问题: {"answers":[{"answerTitle":"14515","content":"<10次"}],"diagnosisId":3861,"inType":1,"questionCode":"3320","sympCode":"54","type":101,"userId":"2094"}
2018-01-06 17:02:59,061 INFO [com.atomikos.logging.Slf4jLogger:16] createCompositeTransaction ( 10000 ): created new ROOT transaction with id 192.168.29.54.tm0006300021
2018-01-06 17:02:59,066 INFO [com.atomikos.logging.Slf4jLogger:16] commit() done (by application) of transaction 192.168.29.54.tm0006300021
2018-01-06 17:02:59,922 INFO [com.alpha.self.diagnosis.utils.MedicineSortUtil:33] 首选疾病：致病性大肠埃希菌肠炎
2018-01-06 17:03:00,015 INFO [com.alpha.self.diagnosis.controller.DiagnosisController:142] 循环获取下一个问题: {"answers":[{"answerTitle":"急","content":"14516"}],"diagnosisId":3861,"inType":1,"questionCode":"3321","sympCode":"54","type":101,"userId":"2094"}
2018-01-06 17:03:00,017 INFO [com.atomikos.logging.Slf4jLogger:16] createCompositeTransaction ( 10000 ): created new ROOT transaction with id 192.168.29.54.tm0006400021
2018-01-06 17:03:00,040 INFO [com.atomikos.logging.Slf4jLogger:16] commit() done (by application) of transaction 192.168.29.54.tm0006400021
2018-01-06 17:03:00,937 INFO [com.alpha.self.diagnosis.utils.MedicineSortUtil:33] 首选疾病：轮状病毒肠炎
2018-01-06 17:03:01,034 INFO [com.alpha.self.diagnosis.controller.DiagnosisController:142] 循环获取下一个问题: {"answers":[{"answerTitle":"不清楚","content":"94646"}],"diagnosisId":3861,"inType":1,"questionCode":"3322","sympCode":"54","type":101,"userId":"2094"}
2018-01-06 17:03:01,035 INFO [com.atomikos.logging.Slf4jLogger:16] createCompositeTransaction ( 10000 ): created new ROOT transaction with id 192.168.29.54.tm0006500021
2018-01-06 17:03:01,040 INFO [com.atomikos.logging.Slf4jLogger:16] commit() done (by application) of transaction 192.168.29.54.tm0006500021
2018-01-06 17:03:01,637 INFO [com.alpha.self.diagnosis.utils.MedicineSortUtil:33] 首选疾病：轮状病毒肠炎
2018-01-06 17:03:01,691 INFO [com.alpha.self.diagnosis.controller.DiagnosisController:142] 循环获取下一个问题: {"answers":[{"answerTitle":"不清楚","content":"94646"}],"diagnosisId":3861,"inType":1,"questionCode":"3323","sympCode":"54","type":101,"userId":"2094"}
2018-01-06 17:03:01,693 INFO [com.atomikos.logging.Slf4jLogger:16] createCompositeTransaction ( 10000 ): created new ROOT transaction with id 192.168.29.54.tm0006600021
2018-01-06 17:03:01,696 INFO [com.atomikos.logging.Slf4jLogger:16] commit() done (by application) of transaction 192.168.29.54.tm0006600021
2018-01-06 17:03:02,158 INFO [com.alpha.self.diagnosis.utils.MedicineSortUtil:33] 首选疾病：轮状病毒肠炎
2018-01-06 17:03:02,227 INFO [com.alpha.self.diagnosis.controller.DiagnosisController:142] 循环获取下一个问题: {"answers":[{"answerTitle":"淡绿色","content":"14523"}],"diagnosisId":3861,"inType":1,"questionCode":"3324","sympCode":"54","type":101,"userId":"2094"}
2018-01-06 17:03:02,228 INFO [com.atomikos.logging.Slf4jLogger:16] createCompositeTransaction ( 10000 ): created new ROOT transaction with id 192.168.29.54.tm0006700021
2018-01-06 17:03:02,233 INFO [com.atomikos.logging.Slf4jLogger:16] commit() done (by application) of transaction 192.168.29.54.tm0006700021
2018-01-06 17:03:02,811 INFO [com.alpha.self.diagnosis.utils.MedicineSortUtil:33] 首选疾病：致病性大肠埃希菌肠炎
2018-01-06 17:03:02,859 INFO [com.alpha.self.diagnosis.controller.DiagnosisController:142] 循环获取下一个问题: {"answers":[{"answerTitle":"不洁的食物","content":"14529"}],"diagnosisId":3861,"inType":1,"questionCode":"3325","sympCode":"54","type":101,"userId":"2094"}
2018-01-06 17:03:02,860 INFO [com.atomikos.logging.Slf4jLogger:16] createCompositeTransaction ( 10000 ): created new ROOT transaction with id 192.168.29.54.tm0006800021
2018-01-06 17:03:02,864 INFO [com.atomikos.logging.Slf4jLogger:16] commit() done (by application) of transaction 192.168.29.54.tm0006800021
2018-01-06 17:03:03,503 INFO [com.alpha.self.diagnosis.service.impl.SymptomAccompanyServiceImpl:149] 首选疾病：乳糖不耐受
2018-01-06 17:03:03,572 INFO [com.alpha.self.diagnosis.controller.DiagnosisController:142] 循环获取下一个问题: {"answers":[{"answerTitle":"腹胀,咳嗽,低热（37.5-38℃）,非喷射性呕吐","content":"1006,1008,604614,604605"}],"diagnosisId":3861,"inType":1,"questionCode":"3338","sympCode":"54","type":102,"userId":"2094"}
2018-01-06 17:03:03,573 INFO [com.atomikos.logging.Slf4jLogger:16] createCompositeTransaction ( 10000 ): created new ROOT transaction with id 192.168.29.54.tm0006900021
2018-01-06 17:03:03,579 INFO [com.atomikos.logging.Slf4jLogger:16] commit() done (by application) of transaction 192.168.29.54.tm0006900021
2018-01-06 17:03:03,619 INFO [com.atomikos.logging.Slf4jLogger:16] createCompositeTransaction ( 10000 ): created new ROOT transaction with id 192.168.29.54.tm0007000021
2018-01-06 17:03:03,768 INFO [com.atomikos.logging.Slf4jLogger:16] commit() done (by application) of transaction 192.168.29.54.tm0007000021
2018-01-06 17:03:04,718 INFO [com.alpha.self.diagnosis.service.impl.MedicineQuestionServiceImpl:412] 生成诊断结果3861
2018-01-06 17:04:10,304 INFO [com.netflix.discovery.shared.resolver.aws.ConfigClusterResolver:43] Resolving eureka endpoints via configuration
2018-01-06 17:04:34,990 INFO [com.atomikos.logging.Slf4jLogger:16] createCompositeTransaction ( 10000 ): created new ROOT transaction with id 192.168.29.54.tm0007100021
2018-01-06 17:04:35,193 INFO [com.atomikos.logging.Slf4jLogger:16] commit() done (by application) of transaction 192.168.29.54.tm0007100021
2018-01-06 17:05:00,006 INFO [com.atomikos.logging.Slf4jLogger:16] createCompositeTransaction ( 10000 ): created new ROOT transaction with id 192.168.29.54.tm0007200021
2018-01-06 17:05:00,017 INFO [com.atomikos.logging.Slf4jLogger:16] commit() done (by application) of transaction 192.168.29.54.tm0007200021
2018-01-06 17:06:37,941 INFO [com.atomikos.logging.Slf4jLogger:16] createCompositeTransaction ( 10000 ): created new ROOT transaction with id 192.168.29.54.tm0007300021
2018-01-06 17:06:37,961 INFO [com.atomikos.logging.Slf4jLogger:16] commit() done (by application) of transaction 192.168.29.54.tm0007300021
2018-01-06 17:06:37,963 INFO [com.atomikos.logging.Slf4jLogger:16] createCompositeTransaction ( 10000 ): created new ROOT transaction with id 192.168.29.54.tm0007400021
2018-01-06 17:06:37,985 INFO [com.atomikos.logging.Slf4jLogger:16] commit() done (by application) of transaction 192.168.29.54.tm0007400021
2018-01-06 17:07:48,924 INFO [com.atomikos.logging.Slf4jLogger:16] createCompositeTransaction ( 10000 ): created new ROOT transaction with id 192.168.29.54.tm0007500021
2018-01-06 17:07:48,932 INFO [com.atomikos.logging.Slf4jLogger:16] commit() done (by application) of transaction 192.168.29.54.tm0007500021
2018-01-06 17:07:48,952 INFO [com.atomikos.logging.Slf4jLogger:16] createCompositeTransaction ( 10000 ): created new ROOT transaction with id 192.168.29.54.tm0007600021
2018-01-06 17:07:48,972 INFO [com.atomikos.logging.Slf4jLogger:16] commit() done (by application) of transaction 192.168.29.54.tm0007600021
2018-01-06 17:08:55,749 INFO [com.atomikos.logging.Slf4jLogger:16] createCompositeTransaction ( 10000 ): created new ROOT transaction with id 192.168.29.54.tm0007700021
2018-01-06 17:08:55,755 INFO [com.atomikos.logging.Slf4jLogger:16] commit() done (by application) of transaction 192.168.29.54.tm0007700021
2018-01-06 17:08:55,756 INFO [com.atomikos.logging.Slf4jLogger:16] createCompositeTransaction ( 10000 ): created new ROOT transaction with id 192.168.29.54.tm0007800021
2018-01-06 17:08:55,768 INFO [com.atomikos.logging.Slf4jLogger:16] commit() done (by application) of transaction 192.168.29.54.tm0007800021
2018-01-06 17:09:10,310 INFO [com.netflix.discovery.shared.resolver.aws.ConfigClusterResolver:43] Resolving eureka endpoints via configuration
2018-01-06 17:10:00,007 INFO [com.atomikos.logging.Slf4jLogger:16] createCompositeTransaction ( 10000 ): created new ROOT transaction with id 192.168.29.54.tm0007900021
2018-01-06 17:10:00,023 INFO [com.atomikos.logging.Slf4jLogger:16] commit() done (by application) of transaction 192.168.29.54.tm0007900021
2018-01-06 17:11:39,730 INFO [com.alpha.self.diagnosis.AlphaApplication:41] SpringApplicationBuilder run .... 
2018-01-06 17:11:41,168 INFO [com.alpha.self.diagnosis.AlphaApplication:41] SpringApplicationBuilder run .... 
2018-01-06 17:11:44,961 INFO [org.springframework.context.support.AbstractApplicationContext:583] Refreshing org.springframework.context.annotation.AnnotationConfigApplicationContext@5f97bbbe: startup date [Sat Jan 06 17:11:44 CST 2018]; root of context hierarchy
2018-01-06 17:11:45,558 INFO [org.hibernate.validator.internal.util.Version:30] HV000001: Hibernate Validator 5.3.5.Final
2018-01-06 17:11:47,403 INFO [org.springframework.beans.factory.annotation.AutowiredAnnotationBeanPostProcessor:155] JSR-330 'javax.inject.Inject' annotation found and supported for autowiring
2018-01-06 17:11:47,784 INFO [org.springframework.context.support.PostProcessorRegistrationDelegate$BeanPostProcessorChecker:325] Bean 'configurationPropertiesRebinderAutoConfiguration' of type [org.springframework.cloud.autoconfigure.ConfigurationPropertiesRebinderAutoConfiguration$$EnhancerBySpringCGLIB$$552c8867] is not eligible for getting processed by all BeanPostProcessors (for example: not eligible for auto-proxying)
2018-01-06 17:11:51,506 INFO [org.springframework.boot.SpringApplication:597] The following profiles are active: core
2018-01-06 17:11:51,754 INFO [org.springframework.context.support.AbstractApplicationContext:583] Refreshing org.springframework.boot.context.embedded.AnnotationConfigEmbeddedWebApplicationContext@3a2f0a1b: startup date [Sat Jan 06 17:11:51 CST 2018]; parent: org.springframework.context.annotation.AnnotationConfigApplicationContext@5f97bbbe
2018-01-06 17:12:14,170 INFO [org.springframework.cloud.context.scope.GenericScope:263] BeanFactory id=b3037b14-906a-3e8e-8e4f-9907af7078b1
2018-01-06 17:12:14,542 INFO [com.alpha.self.diagnosis.processor.spring.BeanScannerConfigurer:28] 初始化 BasicAnswerProcessor  服务配置
2018-01-06 17:12:14,690 INFO [org.springframework.beans.factory.support.DefaultListableBeanFactory:828] Overriding bean definition for bean 'allergicHistoryAnswerProcessor' with a different definition: replacing [Generic bean: class [com.alpha.self.diagnosis.processor.AllergicHistoryAnswerProcessor]; scope=singleton; abstract=false; lazyInit=false; autowireMode=0; dependencyCheck=0; autowireCandidate=true; primary=false; factoryBeanName=null; factoryMethodName=null; initMethodName=null; destroyMethodName=null; defined in file [F:\iebm\workspace\alpha\branch\v1.0.3\alpha\alpha-self-diagnosis\target\classes\com\alpha\self\diagnosis\processor\AllergicHistoryAnswerProcessor.class]] with [Generic bean: class [com.alpha.self.diagnosis.processor.AllergicHistoryAnswerProcessor]; scope=singleton; abstract=false; lazyInit=false; autowireMode=0; dependencyCheck=0; autowireCandidate=true; primary=false; factoryBeanName=null; factoryMethodName=null; initMethodName=null; destroyMethodName=null; defined in file [F:\iebm\workspace\alpha\branch\v1.0.3\alpha\alpha-self-diagnosis\target\classes\com\alpha\self\diagnosis\processor\AllergicHistoryAnswerProcessor.class]]
2018-01-06 17:12:14,693 INFO [org.springframework.beans.factory.support.DefaultListableBeanFactory:828] Overriding bean definition for bean 'birthProcessor' with a different definition: replacing [Generic bean: class [com.alpha.self.diagnosis.processor.BirthProcessor]; scope=singleton; abstract=false; lazyInit=false; autowireMode=0; dependencyCheck=0; autowireCandidate=true; primary=false; factoryBeanName=null; factoryMethodName=null; initMethodName=null; destroyMethodName=null; defined in file [F:\iebm\workspace\alpha\branch\v1.0.3\alpha\alpha-self-diagnosis\target\classes\com\alpha\self\diagnosis\processor\BirthProcessor.class]] with [Generic bean: class [com.alpha.self.diagnosis.processor.BirthProcessor]; scope=singleton; abstract=false; lazyInit=false; autowireMode=0; dependencyCheck=0; autowireCandidate=true; primary=false; factoryBeanName=null; factoryMethodName=null; initMethodName=null; destroyMethodName=null; defined in file [F:\iebm\workspace\alpha\branch\v1.0.3\alpha\alpha-self-diagnosis\target\classes\com\alpha\self\diagnosis\processor\BirthProcessor.class]]
2018-01-06 17:12:14,695 INFO [org.springframework.beans.factory.support.DefaultListableBeanFactory:828] Overriding bean definition for bean 'liverRenalProcessor' with a different definition: replacing [Generic bean: class [com.alpha.self.diagnosis.processor.LiverRenalProcessor]; scope=singleton; abstract=false; lazyInit=false; autowireMode=0; dependencyCheck=0; autowireCandidate=true; primary=false; factoryBeanName=null; factoryMethodName=null; initMethodName=null; destroyMethodName=null; defined in file [F:\iebm\workspace\alpha\branch\v1.0.3\alpha\alpha-self-diagnosis\target\classes\com\alpha\self\diagnosis\processor\LiverRenalProcessor.class]] with [Generic bean: class [com.alpha.self.diagnosis.processor.LiverRenalProcessor]; scope=singleton; abstract=false; lazyInit=false; autowireMode=0; dependencyCheck=0; autowireCandidate=true; primary=false; factoryBeanName=null; factoryMethodName=null; initMethodName=null; destroyMethodName=null; defined in file [F:\iebm\workspace\alpha\branch\v1.0.3\alpha\alpha-self-diagnosis\target\classes\com\alpha\self\diagnosis\processor\LiverRenalProcessor.class]]
2018-01-06 17:12:14,697 INFO [org.springframework.beans.factory.support.DefaultListableBeanFactory:828] Overriding bean definition for bean 'normalAnswerProcessor' with a different definition: replacing [Generic bean: class [com.alpha.self.diagnosis.processor.NormalAnswerProcessor]; scope=singleton; abstract=false; lazyInit=false; autowireMode=0; dependencyCheck=0; autowireCandidate=true; primary=false; factoryBeanName=null; factoryMethodName=null; initMethodName=null; destroyMethodName=null; defined in file [F:\iebm\workspace\alpha\branch\v1.0.3\alpha\alpha-self-diagnosis\target\classes\com\alpha\self\diagnosis\processor\NormalAnswerProcessor.class]] with [Generic bean: class [com.alpha.self.diagnosis.processor.NormalAnswerProcessor]; scope=singleton; abstract=false; lazyInit=false; autowireMode=0; dependencyCheck=0; autowireCandidate=true; primary=false; factoryBeanName=null; factoryMethodName=null; initMethodName=null; destroyMethodName=null; defined in file [F:\iebm\workspace\alpha\branch\v1.0.3\alpha\alpha-self-diagnosis\target\classes\com\alpha\self\diagnosis\processor\NormalAnswerProcessor.class]]
2018-01-06 17:12:14,699 INFO [org.springframework.beans.factory.support.DefaultListableBeanFactory:828] Overriding bean definition for bean 'pastmedicalHistoryProcessor' with a different definition: replacing [Generic bean: class [com.alpha.self.diagnosis.processor.PastmedicalHistoryProcessor]; scope=singleton; abstract=false; lazyInit=false; autowireMode=0; dependencyCheck=0; autowireCandidate=true; primary=false; factoryBeanName=null; factoryMethodName=null; initMethodName=null; destroyMethodName=null; defined in file [F:\iebm\workspace\alpha\branch\v1.0.3\alpha\alpha-self-diagnosis\target\classes\com\alpha\self\diagnosis\processor\PastmedicalHistoryProcessor.class]] with [Generic bean: class [com.alpha.self.diagnosis.processor.PastmedicalHistoryProcessor]; scope=singleton; abstract=false; lazyInit=false; autowireMode=0; dependencyCheck=0; autowireCandidate=true; primary=false; factoryBeanName=null; factoryMethodName=null; initMethodName=null; destroyMethodName=null; defined in file [F:\iebm\workspace\alpha\branch\v1.0.3\alpha\alpha-self-diagnosis\target\classes\com\alpha\self\diagnosis\processor\PastmedicalHistoryProcessor.class]]
2018-01-06 17:12:14,701 INFO [org.springframework.beans.factory.support.DefaultListableBeanFactory:828] Overriding bean definition for bean 'weightProcessor' with a different definition: replacing [Generic bean: class [com.alpha.self.diagnosis.processor.WeightProcessor]; scope=singleton; abstract=false; lazyInit=false; autowireMode=0; dependencyCheck=0; autowireCandidate=true; primary=false; factoryBeanName=null; factoryMethodName=null; initMethodName=null; destroyMethodName=null; defined in file [F:\iebm\workspace\alpha\branch\v1.0.3\alpha\alpha-self-diagnosis\target\classes\com\alpha\self\diagnosis\processor\WeightProcessor.class]] with [Generic bean: class [com.alpha.self.diagnosis.processor.WeightProcessor]; scope=singleton; abstract=false; lazyInit=false; autowireMode=0; dependencyCheck=0; autowireCandidate=true; primary=false; factoryBeanName=null; factoryMethodName=null; initMethodName=null; destroyMethodName=null; defined in file [F:\iebm\workspace\alpha\branch\v1.0.3\alpha\alpha-self-diagnosis\target\classes\com\alpha\self\diagnosis\processor\WeightProcessor.class]]
2018-01-06 17:12:14,709 INFO [com.alpha.self.diagnosis.processor.spring.BeanScannerConfigurer:32] 初始化 BasicAnswerProcessor 完成
2018-01-06 17:12:17,187 INFO [org.springframework.beans.factory.annotation.AutowiredAnnotationBeanPostProcessor:155] JSR-330 'javax.inject.Inject' annotation found and supported for autowiring
2018-01-06 17:12:19,244 INFO [org.springframework.context.support.PostProcessorRegistrationDelegate$BeanPostProcessorChecker:325] Bean 'org.springframework.transaction.annotation.ProxyTransactionManagementConfiguration' of type [org.springframework.transaction.annotation.ProxyTransactionManagementConfiguration$$EnhancerBySpringCGLIB$$3912856a] is not eligible for getting processed by all BeanPostProcessors (for example: not eligible for auto-proxying)
2018-01-06 17:12:20,628 INFO [org.springframework.context.support.PostProcessorRegistrationDelegate$BeanPostProcessorChecker:325] Bean 'org.springframework.cloud.autoconfigure.ConfigurationPropertiesRebinderAutoConfiguration' of type [org.springframework.cloud.autoconfigure.ConfigurationPropertiesRebinderAutoConfiguration$$EnhancerBySpringCGLIB$$552c8867] is not eligible for getting processed by all BeanPostProcessors (for example: not eligible for auto-proxying)
2018-01-06 17:12:26,981 INFO [org.springframework.boot.context.embedded.tomcat.TomcatEmbeddedServletContainer:89] Tomcat initialized with port(s): 19092 (http)
2018-01-06 17:12:27,022 INFO [org.apache.juli.logging.DirectJDKLog:179] Starting service [Tomcat]
2018-01-06 17:12:27,025 INFO [org.apache.juli.logging.DirectJDKLog:179] Starting Servlet Engine: Apache Tomcat/8.5.20
2018-01-06 17:12:27,775 INFO [org.apache.juli.logging.DirectJDKLog:179] Initializing Spring embedded WebApplicationContext
2018-01-06 17:12:27,778 INFO [org.springframework.boot.context.embedded.EmbeddedWebApplicationContext:276] Root WebApplicationContext: initialization completed in 36024 ms
2018-01-06 17:12:33,682 INFO [org.springframework.boot.web.servlet.ServletRegistrationBean:190] Mapping servlet: 'dispatcherServlet' to [/]
2018-01-06 17:12:33,687 INFO [org.springframework.boot.web.servlet.ServletRegistrationBean:190] Mapping servlet: 'com.alpha.commons.config.servlet.DruidStatViewServlet' to [/druid/*]
2018-01-06 17:12:33,735 INFO [org.springframework.boot.web.servlet.AbstractFilterRegistrationBean:258] Mapping filter: 'characterEncodingFilter' to: [/*]
2018-01-06 17:12:33,737 INFO [org.springframework.boot.web.servlet.AbstractFilterRegistrationBean:258] Mapping filter: 'hiddenHttpMethodFilter' to: [/*]
2018-01-06 17:12:33,738 INFO [org.springframework.boot.web.servlet.AbstractFilterRegistrationBean:258] Mapping filter: 'httpPutFormContentFilter' to: [/*]
2018-01-06 17:12:33,739 INFO [org.springframework.boot.web.servlet.AbstractFilterRegistrationBean:258] Mapping filter: 'requestContextFilter' to: [/*]
2018-01-06 17:12:33,740 INFO [org.springframework.boot.web.servlet.AbstractFilterRegistrationBean:271] Mapping filter: 'com.alpha.self.diagnosis.converter.ParamDecryptServletRequestFilter' to urls: [/*]
2018-01-06 17:12:33,741 INFO [org.springframework.boot.web.servlet.AbstractFilterRegistrationBean:271] Mapping filter: 'com.alpha.commons.config.filter.CorsFilter' to urls: [/*]
2018-01-06 17:12:33,742 INFO [org.springframework.boot.web.servlet.AbstractFilterRegistrationBean:271] Mapping filter: 'druidWebStatFilter' to urls: [/*]
2018-01-06 17:12:33,844 INFO [com.alpha.self.diagnosis.listener.DiagnosisContextListener:27] DiagnosisContextListener contextInitialized starting...
2018-01-06 17:12:33,878 INFO [com.alpha.self.diagnosis.processor.BasicAnswerProcessorAdaptor:154] 6 processor will be register.
2018-01-06 17:12:35,717 INFO [com.alpha.commons.config.DruidConfiguration$Druid:66] DruidConfiguration init completed................
2018-01-06 17:12:49,149 INFO [com.alpha.self.diagnosis.listener.DiagnosisContextListener:34] DiagnosisContextListener contextInitialized completed
2018-01-06 17:12:49,205 INFO [com.alpha.self.diagnosis.converter.ParamDecryptServletRequestFilter:33] 需要解密的参数字段 --> null
2018-01-06 17:12:59,947 WARN [com.netflix.config.sources.URLConfigurationSource:121] No URLs will be polled as dynamic configuration sources.
2018-01-06 17:12:59,949 INFO [com.netflix.config.sources.URLConfigurationSource:122] To enable URLs as dynamic configuration sources, define System property archaius.configurationSource.additionalUrls or make config.properties available on classpath.
2018-01-06 17:12:59,976 WARN [com.netflix.config.sources.URLConfigurationSource:121] No URLs will be polled as dynamic configuration sources.
2018-01-06 17:12:59,978 INFO [com.netflix.config.sources.URLConfigurationSource:122] To enable URLs as dynamic configuration sources, define System property archaius.configurationSource.additionalUrls or make config.properties available on classpath.
2018-01-06 17:13:03,729 INFO [org.springframework.web.servlet.mvc.method.annotation.RequestMappingHandlerAdapter:534] Looking for @ControllerAdvice: org.springframework.boot.context.embedded.AnnotationConfigEmbeddedWebApplicationContext@3a2f0a1b: startup date [Sat Jan 06 17:11:51 CST 2018]; parent: org.springframework.context.annotation.AnnotationConfigApplicationContext@5f97bbbe
2018-01-06 17:13:04,918 INFO [org.springframework.web.servlet.handler.AbstractHandlerMethodMapping$MappingRegistry:543] Mapped "{[/data/search/concsymp],methods=[POST]}" onto public com.alpha.commons.web.ResponseMessage com.alpha.self.diagnosis.controller.DataSearchController.diagnosisStart(com.alpha.self.diagnosis.pojo.vo.SearchRequestVo)
2018-01-06 17:13:04,922 INFO [org.springframework.web.servlet.handler.AbstractHandlerMethodMapping$MappingRegistry:543] Mapped "{[/data/search/weight],methods=[POST]}" onto public com.alpha.commons.web.ResponseMessage com.alpha.self.diagnosis.controller.DataSearchController.weightSearch(com.alpha.user.pojo.vo.HisUserInfoVo)
2018-01-06 17:13:04,934 INFO [org.springframework.web.servlet.handler.AbstractHandlerMethodMapping$MappingRegistry:543] Mapped "{[/data/search/pastmedicalHistory],methods=[POST]}" onto public com.alpha.commons.web.ResponseMessage com.alpha.self.diagnosis.controller.DataSearchController.pastmedicalHistorySearch(com.alpha.self.diagnosis.pojo.vo.SearchRequestVo)
2018-01-06 17:13:04,938 INFO [org.springframework.web.servlet.handler.AbstractHandlerMethodMapping$MappingRegistry:543] Mapped "{[/data/search/allergicHistory],methods=[POST]}" onto public com.alpha.commons.web.ResponseMessage com.alpha.self.diagnosis.controller.DataSearchController.allergicHistorySearch(com.alpha.self.diagnosis.pojo.vo.SearchRequestVo)
2018-01-06 17:13:04,941 INFO [org.springframework.web.servlet.handler.AbstractHandlerMethodMapping$MappingRegistry:543] Mapped "{[/data/search/mainSymptom],methods=[POST]}" onto public com.alpha.commons.web.ResponseMessage com.alpha.self.diagnosis.controller.DataSearchController.mainSymptomSearch(java.lang.Long,java.lang.Integer,java.lang.String)
2018-01-06 17:13:04,958 INFO [org.springframework.web.servlet.handler.AbstractHandlerMethodMapping$MappingRegistry:543] Mapped "{[/diagnosis/outcome/get],methods=[POST]}" onto public com.alpha.commons.web.ResponseMessage com.alpha.self.diagnosis.controller.DiagnosisController.getOutcome(java.lang.Long)
2018-01-06 17:13:04,960 INFO [org.springframework.web.servlet.handler.AbstractHandlerMethodMapping$MappingRegistry:543] Mapped "{[/diagnosis/start],methods=[POST],consumes=[application/json || application/x-www-form-urlencoded]}" onto public com.alpha.commons.web.ResponseMessage com.alpha.self.diagnosis.controller.DiagnosisController.diagnosisStart(com.alpha.self.diagnosis.pojo.vo.DiagnosisStartReqeustVo)
2018-01-06 17:13:04,962 INFO [org.springframework.web.servlet.handler.AbstractHandlerMethodMapping$MappingRegistry:543] Mapped "{[/diagnosis/basic/next],methods=[POST]}" onto public com.alpha.commons.web.ResponseMessage com.alpha.self.diagnosis.controller.DiagnosisController.diagnosisNext(com.alpha.self.diagnosis.pojo.vo.QuestionRequestVo)
2018-01-06 17:13:04,964 INFO [org.springframework.web.servlet.handler.AbstractHandlerMethodMapping$MappingRegistry:543] Mapped "{[/diagnosis/outcome/confirm],methods=[POST]}" onto public com.alpha.commons.web.ResponseMessage com.alpha.self.diagnosis.controller.DiagnosisController.confirmOutcome(java.lang.Long,java.lang.String)
2018-01-06 17:13:04,966 INFO [org.springframework.web.servlet.handler.AbstractHandlerMethodMapping$MappingRegistry:543] Mapped "{[/diagnosis/diseaseHistory],methods=[POST]}" onto public com.alpha.commons.web.ResponseMessage com.alpha.self.diagnosis.controller.DiagnosisController.diseaseHistory(com.alpha.self.diagnosis.pojo.vo.DiseaseHistoryRequestVo)
2018-01-06 17:13:04,969 INFO [org.springframework.web.servlet.handler.AbstractHandlerMethodMapping$MappingRegistry:543] Mapped "{[/diagnosis/medicine/next],methods=[POST]}" onto public com.alpha.commons.web.ResponseMessage com.alpha.self.diagnosis.controller.DiagnosisController.diagnosisMedicineNext(java.lang.String)
2018-01-06 17:13:04,970 INFO [org.springframework.web.servlet.handler.AbstractHandlerMethodMapping$MappingRegistry:543] Mapped "{[/diagnosis/drug/query],methods=[POST]}" onto public com.alpha.commons.web.ResponseMessage com.alpha.self.diagnosis.controller.DiagnosisController.diagnosisDrugQuery(java.lang.String)
2018-01-06 17:13:04,971 INFO [org.springframework.web.servlet.handler.AbstractHandlerMethodMapping$MappingRegistry:543] Mapped "{[/diagnosis/showResult],methods=[POST]}" onto public com.alpha.commons.web.ResponseMessage com.alpha.self.diagnosis.controller.DiagnosisController.showDiagnosisResult(com.alpha.self.diagnosis.pojo.vo.BasicRequestVo)
2018-01-06 17:13:04,973 INFO [org.springframework.web.servlet.handler.AbstractHandlerMethodMapping$MappingRegistry:543] Mapped "{[/diagnosis/queryMedicalRecord4His/{idcard}],methods=[POST]}" onto public com.alpha.commons.web.ResponseMessage com.alpha.self.diagnosis.controller.DiagnosisController.queryMedicalRecord4His(java.lang.String)
2018-01-06 17:13:04,974 INFO [org.springframework.web.servlet.handler.AbstractHandlerMethodMapping$MappingRegistry:543] Mapped "{[/diagnosis/result/confirm],methods=[POST]}" onto public com.alpha.commons.web.ResponseMessage com.alpha.self.diagnosis.controller.DiagnosisController.confirmDiagnosisResult(java.lang.String,java.lang.Long)
2018-01-06 17:13:04,976 INFO [org.springframework.web.servlet.handler.AbstractHandlerMethodMapping$MappingRegistry:543] Mapped "{[/diagnosis/queryBasicQuestion],methods=[POST]}" onto public com.alpha.commons.web.ResponseMessage com.alpha.self.diagnosis.controller.DiagnosisController.queryBasicQuestion(com.alpha.user.controller.req.vo.PatientInfo)
2018-01-06 17:13:04,989 INFO [org.springframework.web.servlet.handler.AbstractHandlerMethodMapping$MappingRegistry:543] Mapped "{[/disease/dept/query/{diseaseCode}],methods=[POST]}" onto public com.alpha.commons.web.ResponseMessage com.alpha.self.diagnosis.controller.DiseaseController.queryDepartment(java.lang.String)
2018-01-06 17:13:04,990 INFO [org.springframework.web.servlet.handler.AbstractHandlerMethodMapping$MappingRegistry:543] Mapped "{[/disease/treatmentadvice/query/{diseaseCode}],methods=[POST]}" onto public com.alpha.commons.web.ResponseMessage com.alpha.self.diagnosis.controller.DiseaseController.queryTreatmentAdvice(java.lang.String)
2018-01-06 17:13:04,992 INFO [org.springframework.web.servlet.handler.AbstractHandlerMethodMapping$MappingRegistry:543] Mapped "{[/disease/check/query/{diseaseCode}],methods=[POST]}" onto public com.alpha.commons.web.ResponseMessage com.alpha.self.diagnosis.controller.DiseaseController.queryDiseaseCheck(java.lang.String)
2018-01-06 17:13:05,003 INFO [org.springframework.web.servlet.handler.AbstractHandlerMethodMapping$MappingRegistry:543] Mapped "{[/info],methods=[GET]}" onto public java.lang.String com.alpha.self.diagnosis.controller.MainController.test()
2018-01-06 17:13:05,006 INFO [org.springframework.web.servlet.handler.AbstractHandlerMethodMapping$MappingRegistry:543] Mapped "{[/getMedicalRecord],methods=[POST]}" onto public com.alpha.commons.web.ResponseMessage com.alpha.self.diagnosis.controller.MainController.getMedicalRecord()
2018-01-06 17:13:05,008 INFO [org.springframework.web.servlet.handler.AbstractHandlerMethodMapping$MappingRegistry:543] Mapped "{[/test/question],methods=[POST]}" onto public com.alpha.commons.web.ResponseMessage com.alpha.self.diagnosis.controller.MainController.medicineQuestion(java.lang.Integer)
2018-01-06 17:13:05,023 INFO [org.springframework.web.servlet.handler.AbstractHandlerMethodMapping$MappingRegistry:543] Mapped "{[/test/question2],methods=[POST],produces=[application/json;charset=UTF-8]}" onto public com.alpha.commons.web.ResponseMessage com.alpha.self.diagnosis.controller.MainController.medicineQuestion(java.lang.String,java.lang.String)
2018-01-06 17:13:05,027 INFO [org.springframework.web.servlet.handler.AbstractHandlerMethodMapping$MappingRegistry:543] Mapped "{[/treatscheme/get],methods=[POST]}" onto public com.alpha.commons.web.ResponseMessage com.alpha.self.diagnosis.controller.TreatSchemeController.treatScheme(com.alpha.self.diagnosis.pojo.vo.SearchRequestVo)
2018-01-06 17:13:05,028 INFO [org.springframework.web.servlet.handler.AbstractHandlerMethodMapping$MappingRegistry:543] Mapped "{[/treatscheme/diseaseList],methods=[POST]}" onto public com.alpha.commons.web.ResponseMessage com.alpha.self.diagnosis.controller.TreatSchemeController.diseaseList(com.alpha.self.diagnosis.pojo.vo.SearchRequestVo)
2018-01-06 17:13:05,060 INFO [org.springframework.web.servlet.handler.AbstractHandlerMethodMapping$MappingRegistry:543] Mapped "{[/wechar/user/register],methods=[POST]}" onto public com.alpha.commons.web.ResponseMessage com.alpha.self.diagnosis.controller.WeCharController.register(java.lang.String)
2018-01-06 17:13:05,063 INFO [org.springframework.web.servlet.handler.AbstractHandlerMethodMapping$MappingRegistry:543] Mapped "{[/wechar/member/list],methods=[POST]}" onto public com.alpha.commons.web.ResponseMessage com.alpha.self.diagnosis.controller.WeCharController.memberList(java.lang.String)
2018-01-06 17:13:05,065 INFO [org.springframework.web.servlet.handler.AbstractHandlerMethodMapping$MappingRegistry:543] Mapped "{[/wechar/drug/list],methods=[POST]}" onto public com.alpha.commons.web.ResponseMessage com.alpha.self.diagnosis.controller.WeCharController.drugList(java.lang.String)
2018-01-06 17:13:05,066 INFO [org.springframework.web.servlet.handler.AbstractHandlerMethodMapping$MappingRegistry:543] Mapped "{[/wechar/disease/list],methods=[POST]}" onto public com.alpha.commons.web.ResponseMessage com.alpha.self.diagnosis.controller.WeCharController.diseaseList(java.lang.String)
2018-01-06 17:13:05,069 INFO [org.springframework.web.servlet.handler.AbstractHandlerMethodMapping$MappingRegistry:543] Mapped "{[/wechar/follow],methods=[POST]}" onto public com.alpha.commons.web.ResponseMessage com.alpha.self.diagnosis.controller.WeCharController.follow(java.lang.String,java.lang.Long)
2018-01-06 17:13:05,070 INFO [org.springframework.web.servlet.handler.AbstractHandlerMethodMapping$MappingRegistry:543] Mapped "{[/wechar/user/confirm],methods=[POST]}" onto public com.alpha.commons.web.ResponseMessage com.alpha.self.diagnosis.controller.WeCharController.userInfoConfirm(java.lang.Long)
2018-01-06 17:13:05,071 INFO [org.springframework.web.servlet.handler.AbstractHandlerMethodMapping$MappingRegistry:543] Mapped "{[/wechar/diagnosis/detail],methods=[POST]}" onto public com.alpha.commons.web.ResponseMessage com.alpha.self.diagnosis.controller.WeCharController.diagnosisDetail(java.lang.Long,java.lang.String,java.lang.Long)
2018-01-06 17:13:05,073 INFO [org.springframework.web.servlet.handler.AbstractHandlerMethodMapping$MappingRegistry:543] Mapped "{[/wechar/disease/hot/list],methods=[POST]}" onto public com.alpha.commons.web.ResponseMessage com.alpha.self.diagnosis.controller.WeCharController.hotDiseaseList()
2018-01-06 17:13:05,074 INFO [org.springframework.web.servlet.handler.AbstractHandlerMethodMapping$MappingRegistry:543] Mapped "{[/wechar/drug/hot/list],methods=[POST]}" onto public com.alpha.commons.web.ResponseMessage com.alpha.self.diagnosis.controller.WeCharController.hotDrugList()
2018-01-06 17:13:05,075 INFO [org.springframework.web.servlet.handler.AbstractHandlerMethodMapping$MappingRegistry:543] Mapped "{[/wechar/drug/detail],methods=[POST]}" onto public com.alpha.commons.web.ResponseMessage com.alpha.self.diagnosis.controller.WeCharController.drugDetail(java.lang.String)
2018-01-06 17:13:05,077 INFO [org.springframework.web.servlet.handler.AbstractHandlerMethodMapping$MappingRegistry:543] Mapped "{[/wechar/user/detail],methods=[POST]}" onto public com.alpha.commons.web.ResponseMessage com.alpha.self.diagnosis.controller.WeCharController.personalInfo(java.lang.Long)
2018-01-06 17:13:05,078 INFO [org.springframework.web.servlet.handler.AbstractHandlerMethodMapping$MappingRegistry:543] Mapped "{[/wechar/disease/treatschema/show],methods=[POST]}" onto public com.alpha.commons.web.ResponseMessage com.alpha.self.diagnosis.controller.WeCharController.diseaseTreatSchema(java.lang.String)
2018-01-06 17:13:05,080 INFO [org.springframework.web.servlet.handler.AbstractHandlerMethodMapping$MappingRegistry:543] Mapped "{[/wechar/diagnosisRecord/list],methods=[POST]}" onto public com.alpha.commons.web.ResponseMessage com.alpha.self.diagnosis.controller.WeCharController.getUserDiagnosisRecord(java.lang.Long)
2018-01-06 17:13:05,082 INFO [org.springframework.web.servlet.handler.AbstractHandlerMethodMapping$MappingRegistry:543] Mapped "{[/wechar/member/healthFile],methods=[POST]}" onto public com.alpha.commons.web.ResponseMessage com.alpha.self.diagnosis.controller.WeCharController.memberHealthFiles(java.lang.String)
2018-01-06 17:13:05,100 INFO [org.springframework.web.servlet.handler.AbstractHandlerMethodMapping$MappingRegistry:543] Mapped "{[/wechar_old/user/register],methods=[POST]}" onto public com.alpha.commons.web.ResponseMessage com.alpha.self.diagnosis.controller.WeCharController2.register(java.lang.String)
2018-01-06 17:13:05,101 INFO [org.springframework.web.servlet.handler.AbstractHandlerMethodMapping$MappingRegistry:543] Mapped "{[/wechar_old/member/list],methods=[POST]}" onto public com.alpha.commons.web.ResponseMessage com.alpha.self.diagnosis.controller.WeCharController2.memberList(java.lang.String)
2018-01-06 17:13:05,103 INFO [org.springframework.web.servlet.handler.AbstractHandlerMethodMapping$MappingRegistry:543] Mapped "{[/wechar_old/drug/list],methods=[POST]}" onto public com.alpha.commons.web.ResponseMessage com.alpha.self.diagnosis.controller.WeCharController2.drugList(java.lang.String)
2018-01-06 17:13:05,104 INFO [org.springframework.web.servlet.handler.AbstractHandlerMethodMapping$MappingRegistry:543] Mapped "{[/wechar_old/disease/list],methods=[POST]}" onto public com.alpha.commons.web.ResponseMessage com.alpha.self.diagnosis.controller.WeCharController2.diseaseList(java.lang.String)
2018-01-06 17:13:05,105 INFO [org.springframework.web.servlet.handler.AbstractHandlerMethodMapping$MappingRegistry:543] Mapped "{[/wechar_old/follow],methods=[POST]}" onto public com.alpha.commons.web.ResponseMessage com.alpha.self.diagnosis.controller.WeCharController2.follow(java.lang.String,java.lang.Long)
2018-01-06 17:13:05,106 INFO [org.springframework.web.servlet.handler.AbstractHandlerMethodMapping$MappingRegistry:543] Mapped "{[/wechar_old/user/confirm],methods=[POST]}" onto public com.alpha.commons.web.ResponseMessage com.alpha.self.diagnosis.controller.WeCharController2.userInfoConfirm(java.lang.Long)
2018-01-06 17:13:05,107 INFO [org.springframework.web.servlet.handler.AbstractHandlerMethodMapping$MappingRegistry:543] Mapped "{[/wechar_old/diagnosis/detail],methods=[POST]}" onto public com.alpha.commons.web.ResponseMessage com.alpha.self.diagnosis.controller.WeCharController2.diagnosisDetail(java.lang.Long,java.lang.String,java.lang.Long)
2018-01-06 17:13:05,108 INFO [org.springframework.web.servlet.handler.AbstractHandlerMethodMapping$MappingRegistry:543] Mapped "{[/wechar_old/disease/hot/list],methods=[POST]}" onto public com.alpha.commons.web.ResponseMessage com.alpha.self.diagnosis.controller.WeCharController2.hotDiseaseList()
2018-01-06 17:13:05,109 INFO [org.springframework.web.servlet.handler.AbstractHandlerMethodMapping$MappingRegistry:543] Mapped "{[/wechar_old/drug/hot/list],methods=[POST]}" onto public com.alpha.commons.web.ResponseMessage com.alpha.self.diagnosis.controller.WeCharController2.hotDrugList()
2018-01-06 17:13:05,110 INFO [org.springframework.web.servlet.handler.AbstractHandlerMethodMapping$MappingRegistry:543] Mapped "{[/wechar_old/drug/detail],methods=[POST]}" onto public com.alpha.commons.web.ResponseMessage com.alpha.self.diagnosis.controller.WeCharController2.drugDetail(java.lang.String)
2018-01-06 17:13:05,112 INFO [org.springframework.web.servlet.handler.AbstractHandlerMethodMapping$MappingRegistry:543] Mapped "{[/wechar_old/user/detail],methods=[POST]}" onto public com.alpha.commons.web.ResponseMessage com.alpha.self.diagnosis.controller.WeCharController2.personalInfo(java.lang.Long)
2018-01-06 17:13:05,113 INFO [org.springframework.web.servlet.handler.AbstractHandlerMethodMapping$MappingRegistry:543] Mapped "{[/wechar_old/disease/treatschema/show],methods=[POST]}" onto public com.alpha.commons.web.ResponseMessage com.alpha.self.diagnosis.controller.WeCharController2.diseaseTreatSchema(java.lang.String)
2018-01-06 17:13:05,115 INFO [org.springframework.web.servlet.handler.AbstractHandlerMethodMapping$MappingRegistry:543] Mapped "{[/wechar_old/diagnosisRecord/list],methods=[POST]}" onto public com.alpha.commons.web.ResponseMessage com.alpha.self.diagnosis.controller.WeCharController2.getUserDiagnosisRecord(java.lang.Long)
2018-01-06 17:13:05,116 INFO [org.springframework.web.servlet.handler.AbstractHandlerMethodMapping$MappingRegistry:543] Mapped "{[/wechar_old/member/healthFile],methods=[POST]}" onto public com.alpha.commons.web.ResponseMessage com.alpha.self.diagnosis.controller.WeCharController2.memberHealthFiles(java.lang.String)
2018-01-06 17:13:05,123 INFO [org.springframework.web.servlet.handler.AbstractHandlerMethodMapping$MappingRegistry:543] Mapped "{[/feedback/put],methods=[POST]}" onto public com.alpha.commons.web.ResponseMessage com.alpha.user.controller.FeedBackController.authorization(com.alpha.server.rpc.user.pojo.UserFeedback)
2018-01-06 17:13:05,124 INFO [org.springframework.web.servlet.handler.AbstractHandlerMethodMapping$MappingRegistry:543] Mapped "{[/feedback/useful/query/{diagnosisId}],methods=[POST]}" onto public com.alpha.commons.web.ResponseMessage com.alpha.user.controller.FeedBackController.queryUseful(java.lang.Long)
2018-01-06 17:13:05,126 INFO [org.springframework.web.servlet.handler.AbstractHandlerMethodMapping$MappingRegistry:543] Mapped "{[/feedback/items/query],methods=[POST]}" onto public com.alpha.commons.web.ResponseMessage com.alpha.user.controller.FeedBackController.queryItems(java.lang.String)
2018-01-06 17:13:05,129 INFO [org.springframework.web.servlet.handler.AbstractHandlerMethodMapping$MappingRegistry:543] Mapped "{[/sms/send],methods=[POST]}" onto public com.alpha.commons.web.ResponseMessage com.alpha.user.controller.SmsController.send(java.lang.String)
2018-01-06 17:13:05,133 INFO [org.springframework.web.servlet.handler.AbstractHandlerMethodMapping$MappingRegistry:543] Mapped "{[/user/list],methods=[POST]}" onto public com.alpha.commons.web.ResponseMessage com.alpha.user.controller.UserController.list(java.lang.String,int)
2018-01-06 17:13:05,135 INFO [org.springframework.web.servlet.handler.AbstractHandlerMethodMapping$MappingRegistry:543] Mapped "{[/user/query],methods=[POST]}" onto public com.alpha.commons.web.ResponseMessage com.alpha.user.controller.UserController.query(com.alpha.user.pojo.vo.HisUserInfoVo)
2018-01-06 17:13:05,137 INFO [org.springframework.web.servlet.handler.AbstractHandlerMethodMapping$MappingRegistry:543] Mapped "{[/user/auth],methods=[POST]}" onto public com.alpha.commons.web.ResponseMessage com.alpha.user.controller.UserController.authorization(java.lang.String,java.lang.Integer,java.lang.Integer)
2018-01-06 17:13:05,138 INFO [org.springframework.web.servlet.handler.AbstractHandlerMethodMapping$MappingRegistry:543] Mapped "{[/user/save],methods=[POST]}" onto public com.alpha.commons.web.ResponseMessage com.alpha.user.controller.UserController.saveUserInfo(java.lang.String)
2018-01-06 17:13:05,146 INFO [org.springframework.web.servlet.handler.AbstractHandlerMethodMapping$MappingRegistry:543] Mapped "{[/error]}" onto public org.springframework.http.ResponseEntity<java.util.Map<java.lang.String, java.lang.Object>> org.springframework.boot.autoconfigure.web.BasicErrorController.error(javax.servlet.http.HttpServletRequest)
2018-01-06 17:13:05,149 INFO [org.springframework.web.servlet.handler.AbstractHandlerMethodMapping$MappingRegistry:543] Mapped "{[/error],produces=[text/html]}" onto public org.springframework.web.servlet.ModelAndView org.springframework.boot.autoconfigure.web.BasicErrorController.errorHtml(javax.servlet.http.HttpServletRequest,javax.servlet.http.HttpServletResponse)
2018-01-06 17:13:06,755 INFO [org.springframework.web.servlet.handler.AbstractUrlHandlerMapping:362] Mapped URL path [/webjars/**] onto handler of type [class org.springframework.web.servlet.resource.ResourceHttpRequestHandler]
2018-01-06 17:13:06,758 INFO [org.springframework.web.servlet.handler.AbstractUrlHandlerMapping:362] Mapped URL path [/**] onto handler of type [class org.springframework.web.servlet.resource.ResourceHttpRequestHandler]
2018-01-06 17:13:07,005 INFO [org.springframework.web.servlet.mvc.method.annotation.ExceptionHandlerExceptionResolver:273] Detected @ExceptionHandler methods in controllerEnhancerment
2018-01-06 17:13:07,405 INFO [org.springframework.web.servlet.handler.AbstractUrlHandlerMapping:362] Mapped URL path [/**/favicon.ico] onto handler of type [class org.springframework.web.servlet.resource.ResourceHttpRequestHandler]
2018-01-06 17:13:11,901 INFO [com.atomikos.logging.Slf4jLogger:16] Using Slf4J for logging.
2018-01-06 17:13:11,903 WARN [com.atomikos.logging.Slf4jLogger:12] No properties path set - looking for transactions.properties in classpath...
2018-01-06 17:13:11,914 WARN [com.atomikos.logging.Slf4jLogger:12] transactions.properties not found - looking for jta.properties in classpath...
2018-01-06 17:13:11,921 WARN [com.atomikos.logging.Slf4jLogger:12] Failed to open transactions properties file - using default values
2018-01-06 17:13:12,390 INFO [com.atomikos.logging.Slf4jLogger:16] com.atomikos.persistence.imp.WriteAheadObjectLog instantiation failed - falling back to default
2018-01-06 17:13:12,410 INFO [com.atomikos.logging.Slf4jLogger:16] Starting read of logfile F:\iebm\workspace\alpha\branch\v1.0.3\alpha\alpha-self-diagnosis\transaction-logs\tmlog20.log
2018-01-06 17:13:12,783 WARN [com.atomikos.logging.Slf4jLogger:12] Local heuristic termination of coordinator 192.168.29.54.tm0004400021 with state COMMITTING
2018-01-06 17:13:12,804 WARN [com.atomikos.logging.Slf4jLogger:12] Local heuristic termination of coordinator 192.168.29.54.tm0004400021 with state COMMITTING
2018-01-06 17:13:12,806 INFO [com.atomikos.logging.Slf4jLogger:16] Done read of logfile
2018-01-06 17:13:12,808 INFO [com.atomikos.logging.Slf4jLogger:16] Logfile closed: F:\iebm\workspace\alpha\branch\v1.0.3\alpha\alpha-self-diagnosis\transaction-logs\tmlog20.log
2018-01-06 17:13:12,945 INFO [com.atomikos.logging.Slf4jLogger:16] USING core version: 3.9.3
2018-01-06 17:13:12,947 INFO [com.atomikos.logging.Slf4jLogger:16] USING com.atomikos.icatch.automatic_resource_registration = true
2018-01-06 17:13:12,951 INFO [com.atomikos.logging.Slf4jLogger:16] USING com.atomikos.icatch.client_demarcation = false
2018-01-06 17:13:12,954 INFO [com.atomikos.logging.Slf4jLogger:16] USING com.atomikos.icatch.threaded_2pc = false
2018-01-06 17:13:12,955 INFO [com.atomikos.logging.Slf4jLogger:16] USING com.atomikos.icatch.serial_jta_transactions = true
2018-01-06 17:13:12,956 INFO [com.atomikos.logging.Slf4jLogger:16] USING com.atomikos.icatch.serializable_logging = true
2018-01-06 17:13:12,957 INFO [com.atomikos.logging.Slf4jLogger:16] USING com.atomikos.icatch.log_base_dir = F:\iebm\workspace\alpha\branch\v1.0.3\alpha\alpha-self-diagnosis\transaction-logs
2018-01-06 17:13:12,958 INFO [com.atomikos.logging.Slf4jLogger:16] USING com.atomikos.icatch.max_actives = 50
2018-01-06 17:13:12,959 INFO [com.atomikos.logging.Slf4jLogger:16] USING com.atomikos.icatch.checkpoint_interval = 500
2018-01-06 17:13:12,959 INFO [com.atomikos.logging.Slf4jLogger:16] USING com.atomikos.icatch.enable_logging = true
2018-01-06 17:13:12,960 INFO [com.atomikos.logging.Slf4jLogger:16] USING com.atomikos.icatch.output_dir = .\
2018-01-06 17:13:12,961 INFO [com.atomikos.logging.Slf4jLogger:16] USING com.atomikos.icatch.log_base_name = tmlog
2018-01-06 17:13:12,961 INFO [com.atomikos.logging.Slf4jLogger:16] USING com.atomikos.icatch.max_timeout = 300000
2018-01-06 17:13:12,962 INFO [com.atomikos.logging.Slf4jLogger:16] USING com.atomikos.icatch.tm_unique_name = 192.168.29.54.tm
2018-01-06 17:13:12,963 INFO [com.atomikos.logging.Slf4jLogger:16] USING java.naming.factory.initial = com.sun.jndi.rmi.registry.RegistryContextFactory
2018-01-06 17:13:12,964 INFO [com.atomikos.logging.Slf4jLogger:16] USING java.naming.provider.url = rmi://localhost:1099
2018-01-06 17:13:12,964 INFO [com.atomikos.logging.Slf4jLogger:16] USING com.atomikos.icatch.service = com.atomikos.icatch.standalone.UserTransactionServiceFactory
2018-01-06 17:13:12,965 INFO [com.atomikos.logging.Slf4jLogger:16] USING com.atomikos.icatch.force_shutdown_on_vm_exit = false
2018-01-06 17:13:12,965 INFO [com.atomikos.logging.Slf4jLogger:16] USING com.atomikos.icatch.default_jta_timeout = 10000
2018-01-06 17:13:13,834 INFO [org.springframework.transaction.jta.JtaTransactionManager:490] Using JTA UserTransaction: com.atomikos.icatch.jta.UserTransactionManager@8b3c856
2018-01-06 17:13:13,835 INFO [org.springframework.transaction.jta.JtaTransactionManager:501] Using JTA TransactionManager: com.atomikos.icatch.jta.UserTransactionManager@8b3c856
2018-01-06 17:13:23,485 INFO [org.springframework.boot.devtools.autoconfigure.OptionalLiveReloadServer:58] LiveReload server is running on port 35729
2018-01-06 17:13:28,942 INFO [org.springframework.jmx.export.MBeanExporter:431] Registering beans for JMX exposure on startup
2018-01-06 17:13:28,955 INFO [org.springframework.jmx.export.MBeanExporter:916] Bean with name 'dataSource' has been autodetected for JMX exposure
2018-01-06 17:13:29,036 INFO [org.springframework.jmx.export.MBeanExporter:916] Bean with name 'environmentManager' has been autodetected for JMX exposure
2018-01-06 17:13:29,042 INFO [org.springframework.jmx.export.MBeanExporter:916] Bean with name 'configurationPropertiesRebinder' has been autodetected for JMX exposure
2018-01-06 17:13:29,045 INFO [org.springframework.jmx.export.MBeanExporter:916] Bean with name 'refreshScope' has been autodetected for JMX exposure
2018-01-06 17:13:29,061 INFO [org.springframework.jmx.export.MBeanExporter:678] Located managed bean 'environmentManager': registering with JMX server as MBean [org.springframework.cloud.context.environment:name=environmentManager,type=EnvironmentManager]
2018-01-06 17:13:29,192 INFO [org.springframework.jmx.export.MBeanExporter:678] Located managed bean 'refreshScope': registering with JMX server as MBean [org.springframework.cloud.context.scope.refresh:name=refreshScope,type=RefreshScope]
2018-01-06 17:13:29,548 INFO [org.springframework.jmx.export.MBeanExporter:678] Located managed bean 'configurationPropertiesRebinder': registering with JMX server as MBean [org.springframework.cloud.context.properties:name=configurationPropertiesRebinder,context=3a2f0a1b,type=ConfigurationPropertiesRebinder]
2018-01-06 17:13:29,620 INFO [org.springframework.jmx.export.MBeanExporter:671] Located MBean 'dataSource': registering with JMX server as MBean [com.alibaba.druid.pool:name=dataSource,type=DruidDataSource]
2018-01-06 17:13:30,469 INFO [org.springframework.context.support.DefaultLifecycleProcessor$LifecycleGroup:343] Starting beans in phase 0
2018-01-06 17:13:30,506 INFO [org.springframework.cloud.netflix.eureka.InstanceInfoFactory:70] Setting initial instance status as: STARTING
2018-01-06 17:13:30,996 INFO [com.netflix.discovery.DiscoveryClient:344] Initializing Eureka in region us-east-1
2018-01-06 17:13:32,473 INFO [com.netflix.discovery.provider.DiscoveryJerseyProvider:70] Using JSON encoding codec LegacyJacksonJson
2018-01-06 17:13:32,475 INFO [com.netflix.discovery.provider.DiscoveryJerseyProvider:71] Using JSON decoding codec LegacyJacksonJson
2018-01-06 17:13:32,997 INFO [com.netflix.discovery.provider.DiscoveryJerseyProvider:80] Using XML encoding codec XStreamXml
2018-01-06 17:13:32,999 INFO [com.netflix.discovery.provider.DiscoveryJerseyProvider:81] Using XML decoding codec XStreamXml
2018-01-06 17:13:35,286 INFO [com.netflix.discovery.shared.resolver.aws.ConfigClusterResolver:43] Resolving eureka endpoints via configuration
2018-01-06 17:13:35,494 INFO [com.netflix.discovery.DiscoveryClient:920] Disable delta property : false
2018-01-06 17:13:35,494 INFO [com.netflix.discovery.DiscoveryClient:921] Single vip registry refresh property : null
2018-01-06 17:13:35,495 INFO [com.netflix.discovery.DiscoveryClient:922] Force full registry fetch : false
2018-01-06 17:13:35,495 INFO [com.netflix.discovery.DiscoveryClient:923] Application is null : false
2018-01-06 17:13:35,496 INFO [com.netflix.discovery.DiscoveryClient:924] Registered Applications size is zero : true
2018-01-06 17:13:35,496 INFO [com.netflix.discovery.DiscoveryClient:926] Application version is -1: true
2018-01-06 17:13:35,497 INFO [com.netflix.discovery.DiscoveryClient:1009] Getting all instance registry info from the eureka server
2018-01-06 17:13:37,096 INFO [com.netflix.discovery.DiscoveryClient:1018] The response status is 200
2018-01-06 17:13:37,102 INFO [com.netflix.discovery.DiscoveryClient:1244] Starting heartbeat executor: renew interval is: 5
2018-01-06 17:13:37,120 INFO [com.netflix.discovery.InstanceInfoReplicator:59] InstanceInfoReplicator onDemand update allowed rate per min is 4
2018-01-06 17:13:37,141 INFO [com.netflix.discovery.DiscoveryClient:425] Discovery Client initialized at timestamp 1515230017140 with initial instances count: 0
2018-01-06 17:13:37,825 INFO [org.springframework.cloud.netflix.eureka.serviceregistry.EurekaServiceRegistry:40] Registering application alpha-self-diagnosis with eureka with status UP
2018-01-06 17:13:37,829 INFO [com.netflix.discovery.DiscoveryClient$3:1279] Saw local status change event StatusChangeEvent [timestamp=1515230017829, current=UP, previous=STARTING]
2018-01-06 17:13:37,852 INFO [com.netflix.discovery.DiscoveryClient:795] DiscoveryClient_ALPHA-SELF-DIAGNOSIS/PC-20160606PUVI:alpha-self-diagnosis:19092: registering service...
2018-01-06 17:13:38,108 INFO [org.springframework.scheduling.annotation.ScheduledAnnotationBeanPostProcessor:262] No TaskScheduler/ScheduledExecutorService bean found for scheduled processing
2018-01-06 17:13:38,217 INFO [org.apache.juli.logging.DirectJDKLog:179] Initializing ProtocolHandler ["http-nio-19092"]
2018-01-06 17:13:38,346 INFO [org.apache.juli.logging.DirectJDKLog:179] Starting ProtocolHandler ["http-nio-19092"]
2018-01-06 17:13:38,407 INFO [org.apache.juli.logging.DirectJDKLog:179] Using a shared selector for servlet write/read
2018-01-06 17:13:38,430 INFO [com.netflix.discovery.DiscoveryClient:804] DiscoveryClient_ALPHA-SELF-DIAGNOSIS/PC-20160606PUVI:alpha-self-diagnosis:19092 - registration status: 204
2018-01-06 17:13:38,609 INFO [org.springframework.boot.context.embedded.tomcat.TomcatEmbeddedServletContainer:201] Tomcat started on port(s): 19092 (http)
2018-01-06 17:13:38,611 INFO [org.springframework.cloud.netflix.eureka.serviceregistry.EurekaAutoServiceRegistration:117] Updating port to 19092
2018-01-06 17:13:38,650 INFO [org.springframework.boot.StartupInfoLogger:57] Started AlphaApplication in 117.215 seconds (JVM running for 120.88)
2018-01-06 17:13:42,103 INFO [com.netflix.discovery.DiscoveryClient:920] Disable delta property : false
2018-01-06 17:13:42,104 INFO [com.netflix.discovery.DiscoveryClient:921] Single vip registry refresh property : null
2018-01-06 17:13:42,105 INFO [com.netflix.discovery.DiscoveryClient:922] Force full registry fetch : false
2018-01-06 17:13:42,105 INFO [com.netflix.discovery.DiscoveryClient:923] Application is null : false
2018-01-06 17:13:42,107 INFO [com.netflix.discovery.DiscoveryClient:924] Registered Applications size is zero : true
2018-01-06 17:13:42,108 INFO [com.netflix.discovery.DiscoveryClient:926] Application version is -1: false
2018-01-06 17:13:42,108 INFO [com.netflix.discovery.DiscoveryClient:1009] Getting all instance registry info from the eureka server
2018-01-06 17:13:42,112 INFO [com.netflix.discovery.DiscoveryClient:1018] The response status is 200
2018-01-06 17:13:47,153 INFO [com.netflix.discovery.DiscoveryClient:920] Disable delta property : false
2018-01-06 17:13:47,155 INFO [com.netflix.discovery.DiscoveryClient:921] Single vip registry refresh property : null
2018-01-06 17:13:47,157 INFO [com.netflix.discovery.DiscoveryClient:922] Force full registry fetch : false
2018-01-06 17:13:47,157 INFO [com.netflix.discovery.DiscoveryClient:923] Application is null : false
2018-01-06 17:13:47,158 INFO [com.netflix.discovery.DiscoveryClient:924] Registered Applications size is zero : true
2018-01-06 17:13:47,159 INFO [com.netflix.discovery.DiscoveryClient:926] Application version is -1: false
2018-01-06 17:13:47,160 INFO [com.netflix.discovery.DiscoveryClient:1009] Getting all instance registry info from the eureka server
2018-01-06 17:13:47,166 INFO [com.netflix.discovery.DiscoveryClient:1018] The response status is 200
2018-01-06 17:13:52,183 INFO [com.netflix.discovery.DiscoveryClient:920] Disable delta property : false
2018-01-06 17:13:52,184 INFO [com.netflix.discovery.DiscoveryClient:921] Single vip registry refresh property : null
2018-01-06 17:13:52,185 INFO [com.netflix.discovery.DiscoveryClient:922] Force full registry fetch : false
2018-01-06 17:13:52,185 INFO [com.netflix.discovery.DiscoveryClient:923] Application is null : false
2018-01-06 17:13:52,186 INFO [com.netflix.discovery.DiscoveryClient:924] Registered Applications size is zero : true
2018-01-06 17:13:52,195 INFO [com.netflix.discovery.DiscoveryClient:926] Application version is -1: false
2018-01-06 17:13:52,196 INFO [com.netflix.discovery.DiscoveryClient:1009] Getting all instance registry info from the eureka server
2018-01-06 17:13:52,219 INFO [com.netflix.discovery.DiscoveryClient:1018] The response status is 200
2018-01-06 17:13:57,221 INFO [com.netflix.discovery.DiscoveryClient:920] Disable delta property : false
2018-01-06 17:13:57,222 INFO [com.netflix.discovery.DiscoveryClient:921] Single vip registry refresh property : null
2018-01-06 17:13:57,222 INFO [com.netflix.discovery.DiscoveryClient:922] Force full registry fetch : false
2018-01-06 17:13:57,222 INFO [com.netflix.discovery.DiscoveryClient:923] Application is null : false
2018-01-06 17:13:57,223 INFO [com.netflix.discovery.DiscoveryClient:924] Registered Applications size is zero : true
2018-01-06 17:13:57,223 INFO [com.netflix.discovery.DiscoveryClient:926] Application version is -1: false
2018-01-06 17:13:57,224 INFO [com.netflix.discovery.DiscoveryClient:1009] Getting all instance registry info from the eureka server
2018-01-06 17:13:57,229 INFO [com.netflix.discovery.DiscoveryClient:1018] The response status is 200
2018-01-06 17:14:02,234 INFO [com.netflix.discovery.DiscoveryClient:920] Disable delta property : false
2018-01-06 17:14:02,235 INFO [com.netflix.discovery.DiscoveryClient:921] Single vip registry refresh property : null
2018-01-06 17:14:02,235 INFO [com.netflix.discovery.DiscoveryClient:922] Force full registry fetch : false
2018-01-06 17:14:02,235 INFO [com.netflix.discovery.DiscoveryClient:923] Application is null : false
2018-01-06 17:14:02,236 INFO [com.netflix.discovery.DiscoveryClient:924] Registered Applications size is zero : true
2018-01-06 17:14:02,236 INFO [com.netflix.discovery.DiscoveryClient:926] Application version is -1: false
2018-01-06 17:14:02,236 INFO [com.netflix.discovery.DiscoveryClient:1009] Getting all instance registry info from the eureka server
2018-01-06 17:14:02,241 INFO [com.netflix.discovery.DiscoveryClient:1018] The response status is 200
2018-01-06 17:14:07,244 INFO [com.netflix.discovery.DiscoveryClient:920] Disable delta property : false
2018-01-06 17:14:07,244 INFO [com.netflix.discovery.DiscoveryClient:921] Single vip registry refresh property : null
2018-01-06 17:14:07,245 INFO [com.netflix.discovery.DiscoveryClient:922] Force full registry fetch : false
2018-01-06 17:14:07,246 INFO [com.netflix.discovery.DiscoveryClient:923] Application is null : false
2018-01-06 17:14:07,247 INFO [com.netflix.discovery.DiscoveryClient:924] Registered Applications size is zero : true
2018-01-06 17:14:07,247 INFO [com.netflix.discovery.DiscoveryClient:926] Application version is -1: false
2018-01-06 17:14:07,247 INFO [com.netflix.discovery.DiscoveryClient:1009] Getting all instance registry info from the eureka server
2018-01-06 17:14:07,329 INFO [com.netflix.discovery.DiscoveryClient:1018] The response status is 200
2018-01-06 17:15:00,034 INFO [com.atomikos.logging.Slf4jLogger:16] THREADS: using JDK thread pooling...
2018-01-06 17:15:00,091 INFO [com.atomikos.logging.Slf4jLogger:16] createCompositeTransaction ( 10000 ): created new ROOT transaction with id 192.168.29.54.tm0000100022
2018-01-06 17:15:02,069 INFO [com.atomikos.logging.Slf4jLogger:16] commit() done (by application) of transaction 192.168.29.54.tm0000100022
