2017-12-14 13:04:27,503 INFO [com.netflix.discovery.shared.resolver.aws.ConfigClusterResolver:43] Resolving eureka endpoints via configuration
2017-12-14 13:09:27,510 INFO [com.netflix.discovery.shared.resolver.aws.ConfigClusterResolver:43] Resolving eureka endpoints via configuration
2017-12-14 13:14:27,514 INFO [com.netflix.discovery.shared.resolver.aws.ConfigClusterResolver:43] Resolving eureka endpoints via configuration
2017-12-14 13:19:27,517 INFO [com.netflix.discovery.shared.resolver.aws.ConfigClusterResolver:43] Resolving eureka endpoints via configuration
2017-12-14 13:24:27,521 INFO [com.netflix.discovery.shared.resolver.aws.ConfigClusterResolver:43] Resolving eureka endpoints via configuration
2017-12-14 13:29:27,524 INFO [com.netflix.discovery.shared.resolver.aws.ConfigClusterResolver:43] Resolving eureka endpoints via configuration
2017-12-14 13:34:27,527 INFO [com.netflix.discovery.shared.resolver.aws.ConfigClusterResolver:43] Resolving eureka endpoints via configuration
2017-12-14 13:36:44,777 INFO [com.alpha.self.diagnosis.controller.DiagnosisController:132] 循环获取下一个问题: {"diagnosisId":3850,"inType":1,"userId":"1012"}
2017-12-14 13:36:44,944 INFO [com.alpha.self.diagnosis.controller.DiagnosisController:132] 循环获取下一个问题: {"answers":[{"answerTitle":"xxx","content":"xxx"}],"diagnosisId":3850,"inType":1,"questionCode":"9990","sympCode":"54","systemType":"pre","type":99,"userId":"1012"}
2017-12-14 13:36:45,080 INFO [com.alpha.self.diagnosis.service.impl.SymptomMainServiceImpl:50] getMainSymptomsQuestion start with 3850
2017-12-14 13:36:45,392 INFO [com.alpha.self.diagnosis.controller.DiagnosisController:132] 循环获取下一个问题: {"answers":[{"answerTitle":"腹泻","content":"54"}],"diagnosisId":3850,"inType":1,"questionCode":"9992","sympCode":"54","type":100,"userId":"1012"}
2017-12-14 13:36:45,765 INFO [com.alpha.self.diagnosis.service.impl.MedicineAnswerServiceImpl:236] 脓血便所属大类为血样便
2017-12-14 13:36:45,767 INFO [com.alpha.self.diagnosis.service.impl.MedicineAnswerServiceImpl:236] 脓血便所属大类为血样便
2017-12-14 13:36:45,768 INFO [com.alpha.self.diagnosis.service.impl.MedicineAnswerServiceImpl:236] 脓血便所属大类为血样便
2017-12-14 13:36:45,769 INFO [com.alpha.self.diagnosis.service.impl.MedicineAnswerServiceImpl:236] 血水样便所属大类为血样便
2017-12-14 13:36:45,769 INFO [com.alpha.self.diagnosis.service.impl.MedicineAnswerServiceImpl:236] 脓血便所属大类为血样便
2017-12-14 13:36:45,770 INFO [com.alpha.self.diagnosis.service.impl.MedicineAnswerServiceImpl:236] 血水样便所属大类为血样便
2017-12-14 13:36:45,770 INFO [com.alpha.self.diagnosis.service.impl.MedicineAnswerServiceImpl:236] 脓血便所属大类为血样便
2017-12-14 13:36:45,771 INFO [com.alpha.self.diagnosis.service.impl.MedicineAnswerServiceImpl:236] 脓血便所属大类为血样便
2017-12-14 13:36:45,771 INFO [com.alpha.self.diagnosis.service.impl.MedicineAnswerServiceImpl:236] 脓血便所属大类为血样便
2017-12-14 13:36:45,772 INFO [com.alpha.self.diagnosis.service.impl.MedicineAnswerServiceImpl:236] 脓血便所属大类为血样便
2017-12-14 13:36:45,772 INFO [com.alpha.self.diagnosis.service.impl.MedicineAnswerServiceImpl:236] 血丝便所属大类为血样便
2017-12-14 13:36:45,773 INFO [com.alpha.self.diagnosis.service.impl.MedicineAnswerServiceImpl:236] 脓血便所属大类为血样便
2017-12-14 13:36:45,773 INFO [com.alpha.self.diagnosis.service.impl.MedicineAnswerServiceImpl:236] 脓血便所属大类为血样便
2017-12-14 13:36:45,774 INFO [com.alpha.self.diagnosis.service.impl.MedicineAnswerServiceImpl:236] 脓血便所属大类为血样便
2017-12-14 13:36:45,774 INFO [com.alpha.self.diagnosis.service.impl.MedicineAnswerServiceImpl:236] 脓血便所属大类为血样便
2017-12-14 13:36:45,775 INFO [com.alpha.self.diagnosis.service.impl.MedicineAnswerServiceImpl:236] 脓血便所属大类为血样便
2017-12-14 13:36:45,775 INFO [com.alpha.self.diagnosis.service.impl.MedicineAnswerServiceImpl:236] 脓血便所属大类为血样便
2017-12-14 13:36:45,776 INFO [com.alpha.self.diagnosis.service.impl.MedicineAnswerServiceImpl:236] 血水样便所属大类为血样便
2017-12-14 13:36:45,776 INFO [com.alpha.self.diagnosis.service.impl.MedicineAnswerServiceImpl:236] 脓血便所属大类为血样便
2017-12-14 13:36:45,777 INFO [com.alpha.self.diagnosis.service.impl.MedicineAnswerServiceImpl:236] 血水样便所属大类为血样便
2017-12-14 13:36:45,777 INFO [com.alpha.self.diagnosis.service.impl.MedicineAnswerServiceImpl:236] 脓血便所属大类为血样便
2017-12-14 13:36:45,778 INFO [com.alpha.self.diagnosis.service.impl.MedicineAnswerServiceImpl:236] 脓血便所属大类为血样便
2017-12-14 13:36:45,778 INFO [com.alpha.self.diagnosis.service.impl.MedicineAnswerServiceImpl:236] 血水样便所属大类为血样便
2017-12-14 13:36:45,779 INFO [com.alpha.self.diagnosis.service.impl.MedicineAnswerServiceImpl:236] 脓血便所属大类为血样便
2017-12-14 13:36:45,779 INFO [com.alpha.self.diagnosis.service.impl.MedicineAnswerServiceImpl:236] 血水样便所属大类为血样便
2017-12-14 13:36:45,780 INFO [com.alpha.self.diagnosis.service.impl.MedicineAnswerServiceImpl:236] 脓血便所属大类为血样便
2017-12-14 13:36:46,209 INFO [com.alpha.self.diagnosis.controller.DiagnosisController:132] 循环获取下一个问题: {"answers":[{"answerTitle":"豆腐渣样便","content":"14487"}],"diagnosisId":3850,"inType":1,"questionCode":"3316","sympCode":"54","type":101,"userId":"1012"}
2017-12-14 13:36:47,083 INFO [com.alpha.self.diagnosis.utils.MedicineSortUtil:31] 首选疾病：白念珠菌肠炎
2017-12-14 13:36:47,174 INFO [com.alpha.self.diagnosis.controller.DiagnosisController:132] 循环获取下一个问题: {"answers":[{"answerTitle":"","content":"30天"}],"diagnosisId":3850,"inType":1,"questionCode":"3319","sympCode":"54","type":101,"userId":"1012"}
2017-12-14 13:36:47,314 ERROR [com.alpha.self.diagnosis.service.impl.MedicineAnswerServiceImpl:95] 页面的答案没能与知识库的答案匹配
2017-12-14 13:36:48,071 INFO [com.alpha.self.diagnosis.utils.MedicineSortUtil:31] 首选疾病：白念珠菌肠炎
2017-12-14 13:36:48,120 INFO [com.alpha.self.diagnosis.controller.DiagnosisController:132] 循环获取下一个问题: {"answers":[{"answerTitle":"＜10","content":"14515"}],"diagnosisId":3850,"inType":1,"questionCode":"3320","sympCode":"54","type":101,"userId":"1012"}
2017-12-14 13:36:48,519 INFO [com.alpha.self.diagnosis.utils.MedicineSortUtil:31] 首选疾病：白念珠菌肠炎
2017-12-14 13:36:48,579 INFO [com.alpha.self.diagnosis.controller.DiagnosisController:132] 循环获取下一个问题: {"answers":[{"answerTitle":"急","content":"14516"}],"diagnosisId":3850,"inType":1,"questionCode":"3321","sympCode":"54","type":101,"userId":"1012"}
2017-12-14 13:36:49,307 INFO [com.alpha.self.diagnosis.utils.MedicineSortUtil:31] 首选疾病：白念珠菌肠炎
2017-12-14 13:36:49,409 INFO [com.alpha.self.diagnosis.controller.DiagnosisController:132] 循环获取下一个问题: {"answers":[{"answerTitle":"个人","content":"14645"}],"diagnosisId":3850,"inType":1,"questionCode":"3322","sympCode":"54","type":101,"userId":"1012"}
2017-12-14 13:36:50,212 INFO [com.alpha.self.diagnosis.utils.MedicineSortUtil:31] 首选疾病：白念珠菌肠炎
2017-12-14 13:36:50,324 INFO [com.alpha.self.diagnosis.controller.DiagnosisController:132] 循环获取下一个问题: {"answers":[{"answerTitle":"发酵味","content":"14521"}],"diagnosisId":3850,"inType":1,"questionCode":"3323","sympCode":"54","type":101,"userId":"1012"}
2017-12-14 13:36:51,000 INFO [com.alpha.self.diagnosis.utils.MedicineSortUtil:31] 首选疾病：白念珠菌肠炎
2017-12-14 13:36:51,087 INFO [com.alpha.self.diagnosis.controller.DiagnosisController:132] 循环获取下一个问题: {"answers":[{"answerTitle":"黄绿色","content":"12274"}],"diagnosisId":3850,"inType":1,"questionCode":"3324","sympCode":"54","type":101,"userId":"1012"}
2017-12-14 13:36:51,624 INFO [com.alpha.self.diagnosis.utils.MedicineSortUtil:31] 首选疾病：白念珠菌肠炎
2017-12-14 13:36:51,682 INFO [com.alpha.self.diagnosis.controller.DiagnosisController:132] 循环获取下一个问题: {"answers":[{"answerTitle":"长期应用抗生素","content":"12069"}],"diagnosisId":3850,"inType":1,"questionCode":"3325","sympCode":"54","type":101,"userId":"1012"}
2017-12-14 13:36:52,386 INFO [com.alpha.self.diagnosis.service.impl.SymptomAccompanyServiceImpl:148] 首选疾病：白念珠菌肠炎
2017-12-14 13:36:52,449 INFO [com.alpha.self.diagnosis.controller.DiagnosisController:132] 循环获取下一个问题: {"answers":[{"answerTitle":"高热（39-41℃）","content":"604615"}],"diagnosisId":3850,"inType":1,"questionCode":"3338","sympCode":"54","type":102,"userId":"1012"}
2017-12-14 13:36:53,513 INFO [com.alpha.self.diagnosis.service.impl.MedicineQuestionServiceImpl:366] 生成诊断结果3850
2017-12-14 13:39:27,531 INFO [com.netflix.discovery.shared.resolver.aws.ConfigClusterResolver:43] Resolving eureka endpoints via configuration
2017-12-14 13:44:27,534 INFO [com.netflix.discovery.shared.resolver.aws.ConfigClusterResolver:43] Resolving eureka endpoints via configuration
2017-12-14 13:49:27,537 INFO [com.netflix.discovery.shared.resolver.aws.ConfigClusterResolver:43] Resolving eureka endpoints via configuration
2017-12-14 13:54:27,540 INFO [com.netflix.discovery.shared.resolver.aws.ConfigClusterResolver:43] Resolving eureka endpoints via configuration
2017-12-14 13:59:27,546 INFO [com.netflix.discovery.shared.resolver.aws.ConfigClusterResolver:43] Resolving eureka endpoints via configuration
