2017-12-20 16:26:14,845 INFO [com.alpha.self.diagnosis.AlphaApplication:39] SpringApplicationBuilder run .... 
2017-12-20 16:26:15,535 INFO [com.alpha.self.diagnosis.AlphaApplication:39] SpringApplicationBuilder run .... 
2017-12-20 16:26:16,862 INFO [org.springframework.context.support.AbstractApplicationContext:583] Refreshing org.springframework.context.annotation.AnnotationConfigApplicationContext@190c13b2: startup date [Wed Dec 20 16:26:16 CST 2017]; root of context hierarchy
2017-12-20 16:26:17,301 INFO [org.hibernate.validator.internal.util.Version:30] HV000001: Hibernate Validator 5.3.5.Final
2017-12-20 16:26:17,755 INFO [org.springframework.beans.factory.annotation.AutowiredAnnotationBeanPostProcessor:155] JSR-330 'javax.inject.Inject' annotation found and supported for autowiring
2017-12-20 16:26:17,955 INFO [org.springframework.context.support.PostProcessorRegistrationDelegate$BeanPostProcessorChecker:325] Bean 'configurationPropertiesRebinderAutoConfiguration' of type [org.springframework.cloud.autoconfigure.ConfigurationPropertiesRebinderAutoConfiguration$$EnhancerBySpringCGLIB$$d1791db5] is not eligible for getting processed by all BeanPostProcessors (for example: not eligible for auto-proxying)
2017-12-20 16:26:19,058 INFO [org.springframework.boot.SpringApplication:597] The following profiles are active: core
2017-12-20 16:26:19,130 INFO [org.springframework.context.support.AbstractApplicationContext:583] Refreshing org.springframework.boot.context.embedded.AnnotationConfigEmbeddedWebApplicationContext@2c5c9e6d: startup date [Wed Dec 20 16:26:19 CST 2017]; parent: org.springframework.context.annotation.AnnotationConfigApplicationContext@190c13b2
2017-12-20 16:26:27,205 INFO [org.springframework.cloud.context.scope.GenericScope:263] BeanFactory id=f7142729-aa3e-3357-86b4-bede9b11222e
2017-12-20 16:26:27,281 INFO [com.alpha.self.diagnosis.processor.spring.BeanScannerConfigurer:28] 初始化 BasicAnswerProcessor  服务配置
2017-12-20 16:26:27,362 INFO [org.springframework.beans.factory.support.DefaultListableBeanFactory:828] Overriding bean definition for bean 'allergicHistoryAnswerProcessor' with a different definition: replacing [Generic bean: class [com.alpha.self.diagnosis.processor.AllergicHistoryAnswerProcessor]; scope=singleton; abstract=false; lazyInit=false; autowireMode=0; dependencyCheck=0; autowireCandidate=true; primary=false; factoryBeanName=null; factoryMethodName=null; initMethodName=null; destroyMethodName=null; defined in file [F:\iebm\workspace\alpha\branch\v1.0.3\alpha\alpha-self-diagnosis\target\classes\com\alpha\self\diagnosis\processor\AllergicHistoryAnswerProcessor.class]] with [Generic bean: class [com.alpha.self.diagnosis.processor.AllergicHistoryAnswerProcessor]; scope=singleton; abstract=false; lazyInit=false; autowireMode=0; dependencyCheck=0; autowireCandidate=true; primary=false; factoryBeanName=null; factoryMethodName=null; initMethodName=null; destroyMethodName=null; defined in file [F:\iebm\workspace\alpha\branch\v1.0.3\alpha\alpha-self-diagnosis\target\classes\com\alpha\self\diagnosis\processor\AllergicHistoryAnswerProcessor.class]]
2017-12-20 16:26:27,363 INFO [org.springframework.beans.factory.support.DefaultListableBeanFactory:828] Overriding bean definition for bean 'birthProcessor' with a different definition: replacing [Generic bean: class [com.alpha.self.diagnosis.processor.BirthProcessor]; scope=singleton; abstract=false; lazyInit=false; autowireMode=0; dependencyCheck=0; autowireCandidate=true; primary=false; factoryBeanName=null; factoryMethodName=null; initMethodName=null; destroyMethodName=null; defined in file [F:\iebm\workspace\alpha\branch\v1.0.3\alpha\alpha-self-diagnosis\target\classes\com\alpha\self\diagnosis\processor\BirthProcessor.class]] with [Generic bean: class [com.alpha.self.diagnosis.processor.BirthProcessor]; scope=singleton; abstract=false; lazyInit=false; autowireMode=0; dependencyCheck=0; autowireCandidate=true; primary=false; factoryBeanName=null; factoryMethodName=null; initMethodName=null; destroyMethodName=null; defined in file [F:\iebm\workspace\alpha\branch\v1.0.3\alpha\alpha-self-diagnosis\target\classes\com\alpha\self\diagnosis\processor\BirthProcessor.class]]
2017-12-20 16:26:27,364 INFO [org.springframework.beans.factory.support.DefaultListableBeanFactory:828] Overriding bean definition for bean 'liverRenalProcessor' with a different definition: replacing [Generic bean: class [com.alpha.self.diagnosis.processor.LiverRenalProcessor]; scope=singleton; abstract=false; lazyInit=false; autowireMode=0; dependencyCheck=0; autowireCandidate=true; primary=false; factoryBeanName=null; factoryMethodName=null; initMethodName=null; destroyMethodName=null; defined in file [F:\iebm\workspace\alpha\branch\v1.0.3\alpha\alpha-self-diagnosis\target\classes\com\alpha\self\diagnosis\processor\LiverRenalProcessor.class]] with [Generic bean: class [com.alpha.self.diagnosis.processor.LiverRenalProcessor]; scope=singleton; abstract=false; lazyInit=false; autowireMode=0; dependencyCheck=0; autowireCandidate=true; primary=false; factoryBeanName=null; factoryMethodName=null; initMethodName=null; destroyMethodName=null; defined in file [F:\iebm\workspace\alpha\branch\v1.0.3\alpha\alpha-self-diagnosis\target\classes\com\alpha\self\diagnosis\processor\LiverRenalProcessor.class]]
2017-12-20 16:26:27,365 INFO [org.springframework.beans.factory.support.DefaultListableBeanFactory:828] Overriding bean definition for bean 'normalAnswerProcessor' with a different definition: replacing [Generic bean: class [com.alpha.self.diagnosis.processor.NormalAnswerProcessor]; scope=singleton; abstract=false; lazyInit=false; autowireMode=0; dependencyCheck=0; autowireCandidate=true; primary=false; factoryBeanName=null; factoryMethodName=null; initMethodName=null; destroyMethodName=null; defined in file [F:\iebm\workspace\alpha\branch\v1.0.3\alpha\alpha-self-diagnosis\target\classes\com\alpha\self\diagnosis\processor\NormalAnswerProcessor.class]] with [Generic bean: class [com.alpha.self.diagnosis.processor.NormalAnswerProcessor]; scope=singleton; abstract=false; lazyInit=false; autowireMode=0; dependencyCheck=0; autowireCandidate=true; primary=false; factoryBeanName=null; factoryMethodName=null; initMethodName=null; destroyMethodName=null; defined in file [F:\iebm\workspace\alpha\branch\v1.0.3\alpha\alpha-self-diagnosis\target\classes\com\alpha\self\diagnosis\processor\NormalAnswerProcessor.class]]
2017-12-20 16:26:27,366 INFO [org.springframework.beans.factory.support.DefaultListableBeanFactory:828] Overriding bean definition for bean 'pastmedicalHistoryProcessor' with a different definition: replacing [Generic bean: class [com.alpha.self.diagnosis.processor.PastmedicalHistoryProcessor]; scope=singleton; abstract=false; lazyInit=false; autowireMode=0; dependencyCheck=0; autowireCandidate=true; primary=false; factoryBeanName=null; factoryMethodName=null; initMethodName=null; destroyMethodName=null; defined in file [F:\iebm\workspace\alpha\branch\v1.0.3\alpha\alpha-self-diagnosis\target\classes\com\alpha\self\diagnosis\processor\PastmedicalHistoryProcessor.class]] with [Generic bean: class [com.alpha.self.diagnosis.processor.PastmedicalHistoryProcessor]; scope=singleton; abstract=false; lazyInit=false; autowireMode=0; dependencyCheck=0; autowireCandidate=true; primary=false; factoryBeanName=null; factoryMethodName=null; initMethodName=null; destroyMethodName=null; defined in file [F:\iebm\workspace\alpha\branch\v1.0.3\alpha\alpha-self-diagnosis\target\classes\com\alpha\self\diagnosis\processor\PastmedicalHistoryProcessor.class]]
2017-12-20 16:26:27,367 INFO [org.springframework.beans.factory.support.DefaultListableBeanFactory:828] Overriding bean definition for bean 'weightProcessor' with a different definition: replacing [Generic bean: class [com.alpha.self.diagnosis.processor.WeightProcessor]; scope=singleton; abstract=false; lazyInit=false; autowireMode=0; dependencyCheck=0; autowireCandidate=true; primary=false; factoryBeanName=null; factoryMethodName=null; initMethodName=null; destroyMethodName=null; defined in file [F:\iebm\workspace\alpha\branch\v1.0.3\alpha\alpha-self-diagnosis\target\classes\com\alpha\self\diagnosis\processor\WeightProcessor.class]] with [Generic bean: class [com.alpha.self.diagnosis.processor.WeightProcessor]; scope=singleton; abstract=false; lazyInit=false; autowireMode=0; dependencyCheck=0; autowireCandidate=true; primary=false; factoryBeanName=null; factoryMethodName=null; initMethodName=null; destroyMethodName=null; defined in file [F:\iebm\workspace\alpha\branch\v1.0.3\alpha\alpha-self-diagnosis\target\classes\com\alpha\self\diagnosis\processor\WeightProcessor.class]]
2017-12-20 16:26:27,380 INFO [com.alpha.self.diagnosis.processor.spring.BeanScannerConfigurer:32] 初始化 BasicAnswerProcessor 完成
2017-12-20 16:26:28,368 INFO [org.springframework.beans.factory.annotation.AutowiredAnnotationBeanPostProcessor:155] JSR-330 'javax.inject.Inject' annotation found and supported for autowiring
2017-12-20 16:26:29,007 INFO [org.springframework.context.support.PostProcessorRegistrationDelegate$BeanPostProcessorChecker:325] Bean 'org.springframework.transaction.annotation.ProxyTransactionManagementConfiguration' of type [org.springframework.transaction.annotation.ProxyTransactionManagementConfiguration$$EnhancerBySpringCGLIB$$b55f1ab8] is not eligible for getting processed by all BeanPostProcessors (for example: not eligible for auto-proxying)
2017-12-20 16:26:29,805 INFO [org.springframework.context.support.PostProcessorRegistrationDelegate$BeanPostProcessorChecker:325] Bean 'org.springframework.cloud.autoconfigure.ConfigurationPropertiesRebinderAutoConfiguration' of type [org.springframework.cloud.autoconfigure.ConfigurationPropertiesRebinderAutoConfiguration$$EnhancerBySpringCGLIB$$d1791db5] is not eligible for getting processed by all BeanPostProcessors (for example: not eligible for auto-proxying)
2017-12-20 16:26:32,572 INFO [org.springframework.boot.context.embedded.tomcat.TomcatEmbeddedServletContainer:89] Tomcat initialized with port(s): 19092 (http)
2017-12-20 16:26:32,600 INFO [org.apache.juli.logging.DirectJDKLog:179] Starting service [Tomcat]
2017-12-20 16:26:32,602 INFO [org.apache.juli.logging.DirectJDKLog:179] Starting Servlet Engine: Apache Tomcat/8.5.20
2017-12-20 16:26:33,405 INFO [org.apache.juli.logging.DirectJDKLog:179] Initializing Spring embedded WebApplicationContext
2017-12-20 16:26:33,407 INFO [org.springframework.boot.context.embedded.EmbeddedWebApplicationContext:276] Root WebApplicationContext: initialization completed in 14277 ms
2017-12-20 16:26:35,797 INFO [org.springframework.boot.web.servlet.ServletRegistrationBean:190] Mapping servlet: 'dispatcherServlet' to [/]
2017-12-20 16:26:35,801 INFO [org.springframework.boot.web.servlet.ServletRegistrationBean:190] Mapping servlet: 'com.alpha.commons.config.servlet.DruidStatViewServlet' to [/druid/*]
2017-12-20 16:26:35,826 INFO [org.springframework.boot.web.servlet.AbstractFilterRegistrationBean:258] Mapping filter: 'characterEncodingFilter' to: [/*]
2017-12-20 16:26:35,828 INFO [org.springframework.boot.web.servlet.AbstractFilterRegistrationBean:258] Mapping filter: 'hiddenHttpMethodFilter' to: [/*]
2017-12-20 16:26:35,828 INFO [org.springframework.boot.web.servlet.AbstractFilterRegistrationBean:258] Mapping filter: 'httpPutFormContentFilter' to: [/*]
2017-12-20 16:26:35,829 INFO [org.springframework.boot.web.servlet.AbstractFilterRegistrationBean:258] Mapping filter: 'requestContextFilter' to: [/*]
2017-12-20 16:26:35,830 INFO [org.springframework.boot.web.servlet.AbstractFilterRegistrationBean:271] Mapping filter: 'com.alpha.self.diagnosis.converter.ParamDecryptServletRequestFilter' to urls: [/*]
2017-12-20 16:26:35,830 INFO [org.springframework.boot.web.servlet.AbstractFilterRegistrationBean:271] Mapping filter: 'com.alpha.commons.config.filter.CorsFilter' to urls: [/*]
2017-12-20 16:26:35,830 INFO [org.springframework.boot.web.servlet.AbstractFilterRegistrationBean:271] Mapping filter: 'druidWebStatFilter' to urls: [/*]
2017-12-20 16:26:35,912 INFO [com.alpha.self.diagnosis.listener.DiagnosisContextListener:27] DiagnosisContextListener contextInitialized starting...
2017-12-20 16:26:35,936 INFO [com.alpha.self.diagnosis.processor.BasicAnswerProcessorAdaptor:154] 6 processor will be register.
2017-12-20 16:26:36,964 INFO [com.alpha.commons.config.DruidConfiguration$Druid:66] DruidConfiguration init completed................
2017-12-20 16:26:43,867 INFO [com.alpha.self.diagnosis.listener.DiagnosisContextListener:34] DiagnosisContextListener contextInitialized completed
2017-12-20 16:26:43,905 INFO [com.alpha.self.diagnosis.converter.ParamDecryptServletRequestFilter:33] 需要解密的参数字段 --> null
2017-12-20 16:26:49,723 WARN [com.netflix.config.sources.URLConfigurationSource:121] No URLs will be polled as dynamic configuration sources.
2017-12-20 16:26:49,725 INFO [com.netflix.config.sources.URLConfigurationSource:122] To enable URLs as dynamic configuration sources, define System property archaius.configurationSource.additionalUrls or make config.properties available on classpath.
2017-12-20 16:26:49,741 WARN [com.netflix.config.sources.URLConfigurationSource:121] No URLs will be polled as dynamic configuration sources.
2017-12-20 16:26:49,741 INFO [com.netflix.config.sources.URLConfigurationSource:122] To enable URLs as dynamic configuration sources, define System property archaius.configurationSource.additionalUrls or make config.properties available on classpath.
2017-12-20 16:26:51,849 INFO [org.springframework.web.servlet.mvc.method.annotation.RequestMappingHandlerAdapter:534] Looking for @ControllerAdvice: org.springframework.boot.context.embedded.AnnotationConfigEmbeddedWebApplicationContext@2c5c9e6d: startup date [Wed Dec 20 16:26:19 CST 2017]; parent: org.springframework.context.annotation.AnnotationConfigApplicationContext@190c13b2
2017-12-20 16:26:52,513 INFO [org.springframework.web.servlet.handler.AbstractHandlerMethodMapping$MappingRegistry:543] Mapped "{[/data/search/pastmedicalHistory],methods=[POST]}" onto public com.alpha.commons.web.ResponseMessage com.alpha.self.diagnosis.controller.DataSearchController.pastmedicalHistorySearch(com.alpha.self.diagnosis.pojo.vo.SearchRequestVo)
2017-12-20 16:26:52,516 INFO [org.springframework.web.servlet.handler.AbstractHandlerMethodMapping$MappingRegistry:543] Mapped "{[/data/search/allergicHistory],methods=[POST]}" onto public com.alpha.commons.web.ResponseMessage com.alpha.self.diagnosis.controller.DataSearchController.allergicHistorySearch(com.alpha.self.diagnosis.pojo.vo.SearchRequestVo)
2017-12-20 16:26:52,517 INFO [org.springframework.web.servlet.handler.AbstractHandlerMethodMapping$MappingRegistry:543] Mapped "{[/data/search/mainSymptom],methods=[POST]}" onto public com.alpha.commons.web.ResponseMessage com.alpha.self.diagnosis.controller.DataSearchController.mainSymptomSearch(java.lang.Long,java.lang.Integer,java.lang.String)
2017-12-20 16:26:52,518 INFO [org.springframework.web.servlet.handler.AbstractHandlerMethodMapping$MappingRegistry:543] Mapped "{[/data/search/concsymp],methods=[POST]}" onto public com.alpha.commons.web.ResponseMessage com.alpha.self.diagnosis.controller.DataSearchController.diagnosisStart(com.alpha.self.diagnosis.pojo.vo.SearchRequestVo)
2017-12-20 16:26:52,520 INFO [org.springframework.web.servlet.handler.AbstractHandlerMethodMapping$MappingRegistry:543] Mapped "{[/data/search/weight],methods=[POST]}" onto public com.alpha.commons.web.ResponseMessage com.alpha.self.diagnosis.controller.DataSearchController.weightSearch(com.alpha.user.pojo.vo.HisUserInfoVo)
2017-12-20 16:26:52,531 INFO [org.springframework.web.servlet.handler.AbstractHandlerMethodMapping$MappingRegistry:543] Mapped "{[/diagnosis/outcome/get],methods=[POST]}" onto public com.alpha.commons.web.ResponseMessage com.alpha.self.diagnosis.controller.DiagnosisController.getOutcome(java.lang.Long)
2017-12-20 16:26:52,532 INFO [org.springframework.web.servlet.handler.AbstractHandlerMethodMapping$MappingRegistry:543] Mapped "{[/diagnosis/medicine/next],methods=[POST]}" onto public com.alpha.commons.web.ResponseMessage com.alpha.self.diagnosis.controller.DiagnosisController.diagnosisMedicineNext(java.lang.String)
2017-12-20 16:26:52,533 INFO [org.springframework.web.servlet.handler.AbstractHandlerMethodMapping$MappingRegistry:543] Mapped "{[/diagnosis/drug/query],methods=[POST]}" onto public com.alpha.commons.web.ResponseMessage com.alpha.self.diagnosis.controller.DiagnosisController.diagnosisDrugQuery(java.lang.Long,java.lang.Long)
2017-12-20 16:26:52,534 INFO [org.springframework.web.servlet.handler.AbstractHandlerMethodMapping$MappingRegistry:543] Mapped "{[/diagnosis/showResult],methods=[POST]}" onto public com.alpha.commons.web.ResponseMessage com.alpha.self.diagnosis.controller.DiagnosisController.showDiagnosisResult(com.alpha.self.diagnosis.pojo.vo.BasicRequestVo)
2017-12-20 16:26:52,535 INFO [org.springframework.web.servlet.handler.AbstractHandlerMethodMapping$MappingRegistry:543] Mapped "{[/diagnosis/queryMedicalRecord4His/{idcard}],methods=[POST]}" onto public com.alpha.commons.web.ResponseMessage com.alpha.self.diagnosis.controller.DiagnosisController.queryMedicalRecord4His(java.lang.String)
2017-12-20 16:26:52,537 INFO [org.springframework.web.servlet.handler.AbstractHandlerMethodMapping$MappingRegistry:543] Mapped "{[/diagnosis/queryBasicQuestion],methods=[POST]}" onto public com.alpha.commons.web.ResponseMessage com.alpha.self.diagnosis.controller.DiagnosisController.queryBasicQuestion(com.alpha.user.controller.req.vo.PatientInfo)
2017-12-20 16:26:52,538 INFO [org.springframework.web.servlet.handler.AbstractHandlerMethodMapping$MappingRegistry:543] Mapped "{[/diagnosis/start],methods=[POST],consumes=[application/json || application/x-www-form-urlencoded]}" onto public com.alpha.commons.web.ResponseMessage com.alpha.self.diagnosis.controller.DiagnosisController.diagnosisStart(com.alpha.self.diagnosis.pojo.vo.DiagnosisStartReqeustVo)
2017-12-20 16:26:52,539 INFO [org.springframework.web.servlet.handler.AbstractHandlerMethodMapping$MappingRegistry:543] Mapped "{[/diagnosis/basic/next],methods=[POST]}" onto public com.alpha.commons.web.ResponseMessage com.alpha.self.diagnosis.controller.DiagnosisController.diagnosisNext(com.alpha.self.diagnosis.pojo.vo.QuestionRequestVo)
2017-12-20 16:26:52,539 INFO [org.springframework.web.servlet.handler.AbstractHandlerMethodMapping$MappingRegistry:543] Mapped "{[/diagnosis/outcome/confirm],methods=[POST]}" onto public com.alpha.commons.web.ResponseMessage com.alpha.self.diagnosis.controller.DiagnosisController.confirmOutcome(java.lang.Long,java.lang.String)
2017-12-20 16:26:52,540 INFO [org.springframework.web.servlet.handler.AbstractHandlerMethodMapping$MappingRegistry:543] Mapped "{[/diagnosis/diseaseHistory],methods=[POST]}" onto public com.alpha.commons.web.ResponseMessage com.alpha.self.diagnosis.controller.DiagnosisController.diseaseHistory(com.alpha.self.diagnosis.pojo.vo.DiseaseHistoryRequestVo)
2017-12-20 16:26:52,547 INFO [org.springframework.web.servlet.handler.AbstractHandlerMethodMapping$MappingRegistry:543] Mapped "{[/disease/treatmentadvice/query/{diseaseCode}],methods=[POST]}" onto public com.alpha.commons.web.ResponseMessage com.alpha.self.diagnosis.controller.DiseaseController.queryTreatmentAdvice(java.lang.String)
2017-12-20 16:26:52,548 INFO [org.springframework.web.servlet.handler.AbstractHandlerMethodMapping$MappingRegistry:543] Mapped "{[/disease/check/query/{diseaseCode}],methods=[POST]}" onto public com.alpha.commons.web.ResponseMessage com.alpha.self.diagnosis.controller.DiseaseController.queryDiseaseCheck(java.lang.String)
2017-12-20 16:26:52,549 INFO [org.springframework.web.servlet.handler.AbstractHandlerMethodMapping$MappingRegistry:543] Mapped "{[/disease/dept/query/{diseaseCode}],methods=[POST]}" onto public com.alpha.commons.web.ResponseMessage com.alpha.self.diagnosis.controller.DiseaseController.queryDepartment(java.lang.String)
2017-12-20 16:26:52,554 INFO [org.springframework.web.servlet.handler.AbstractHandlerMethodMapping$MappingRegistry:543] Mapped "{[/info],methods=[GET]}" onto public java.lang.String com.alpha.self.diagnosis.controller.MainController.test()
2017-12-20 16:26:52,555 INFO [org.springframework.web.servlet.handler.AbstractHandlerMethodMapping$MappingRegistry:543] Mapped "{[/getMedicalRecord],methods=[POST]}" onto public com.alpha.commons.web.ResponseMessage com.alpha.self.diagnosis.controller.MainController.getMedicalRecord()
2017-12-20 16:26:52,556 INFO [org.springframework.web.servlet.handler.AbstractHandlerMethodMapping$MappingRegistry:543] Mapped "{[/test/question],methods=[POST]}" onto public com.alpha.commons.web.ResponseMessage com.alpha.self.diagnosis.controller.MainController.medicineQuestion(java.lang.Integer)
2017-12-20 16:26:52,557 INFO [org.springframework.web.servlet.handler.AbstractHandlerMethodMapping$MappingRegistry:543] Mapped "{[/test/question2],methods=[POST],produces=[application/json;charset=UTF-8]}" onto public com.alpha.commons.web.ResponseMessage com.alpha.self.diagnosis.controller.MainController.medicineQuestion(java.lang.String,java.lang.String)
2017-12-20 16:26:52,559 INFO [org.springframework.web.servlet.handler.AbstractHandlerMethodMapping$MappingRegistry:543] Mapped "{[/treatscheme/get],methods=[POST]}" onto public com.alpha.commons.web.ResponseMessage com.alpha.self.diagnosis.controller.TreatSchemeController.treatScheme(com.alpha.self.diagnosis.pojo.vo.SearchRequestVo)
2017-12-20 16:26:52,560 INFO [org.springframework.web.servlet.handler.AbstractHandlerMethodMapping$MappingRegistry:543] Mapped "{[/treatscheme/diseaseList],methods=[POST]}" onto public com.alpha.commons.web.ResponseMessage com.alpha.self.diagnosis.controller.TreatSchemeController.diseaseList(com.alpha.self.diagnosis.pojo.vo.SearchRequestVo)
2017-12-20 16:26:52,564 INFO [org.springframework.web.servlet.handler.AbstractHandlerMethodMapping$MappingRegistry:543] Mapped "{[/feedback/put],methods=[POST]}" onto public com.alpha.commons.web.ResponseMessage com.alpha.user.controller.FeedBackController.authorization(com.alpha.server.rpc.user.pojo.UserFeedback)
2017-12-20 16:26:52,565 INFO [org.springframework.web.servlet.handler.AbstractHandlerMethodMapping$MappingRegistry:543] Mapped "{[/feedback/useful/query/{diagnosisId}],methods=[POST]}" onto public com.alpha.commons.web.ResponseMessage com.alpha.user.controller.FeedBackController.queryUseful(java.lang.Long)
2017-12-20 16:26:52,566 INFO [org.springframework.web.servlet.handler.AbstractHandlerMethodMapping$MappingRegistry:543] Mapped "{[/feedback/items/query],methods=[POST]}" onto public com.alpha.commons.web.ResponseMessage com.alpha.user.controller.FeedBackController.queryItems()
2017-12-20 16:26:52,569 INFO [org.springframework.web.servlet.handler.AbstractHandlerMethodMapping$MappingRegistry:543] Mapped "{[/user/query],methods=[POST]}" onto public com.alpha.commons.web.ResponseMessage com.alpha.user.controller.UserController.query(com.alpha.user.pojo.vo.HisUserInfoVo)
2017-12-20 16:26:52,570 INFO [org.springframework.web.servlet.handler.AbstractHandlerMethodMapping$MappingRegistry:543] Mapped "{[/user/auth],methods=[POST]}" onto public com.alpha.commons.web.ResponseMessage com.alpha.user.controller.UserController.authorization(java.lang.String,java.lang.Integer,java.lang.Integer)
2017-12-20 16:26:52,571 INFO [org.springframework.web.servlet.handler.AbstractHandlerMethodMapping$MappingRegistry:543] Mapped "{[/user/save],methods=[POST]}" onto public com.alpha.commons.web.ResponseMessage com.alpha.user.controller.UserController.saveUserInfo(java.lang.String)
2017-12-20 16:26:52,577 INFO [org.springframework.web.servlet.handler.AbstractHandlerMethodMapping$MappingRegistry:543] Mapped "{[/error]}" onto public org.springframework.http.ResponseEntity<java.util.Map<java.lang.String, java.lang.Object>> org.springframework.boot.autoconfigure.web.BasicErrorController.error(javax.servlet.http.HttpServletRequest)
2017-12-20 16:26:52,578 INFO [org.springframework.web.servlet.handler.AbstractHandlerMethodMapping$MappingRegistry:543] Mapped "{[/error],produces=[text/html]}" onto public org.springframework.web.servlet.ModelAndView org.springframework.boot.autoconfigure.web.BasicErrorController.errorHtml(javax.servlet.http.HttpServletRequest,javax.servlet.http.HttpServletResponse)
2017-12-20 16:26:53,466 INFO [org.springframework.web.servlet.handler.AbstractUrlHandlerMapping:362] Mapped URL path [/webjars/**] onto handler of type [class org.springframework.web.servlet.resource.ResourceHttpRequestHandler]
2017-12-20 16:26:53,468 INFO [org.springframework.web.servlet.handler.AbstractUrlHandlerMapping:362] Mapped URL path [/**] onto handler of type [class org.springframework.web.servlet.resource.ResourceHttpRequestHandler]
2017-12-20 16:26:53,612 INFO [org.springframework.web.servlet.mvc.method.annotation.ExceptionHandlerExceptionResolver:273] Detected @ExceptionHandler methods in controllerEnhancerment
2017-12-20 16:26:54,038 INFO [org.springframework.web.servlet.handler.AbstractUrlHandlerMapping:362] Mapped URL path [/**/favicon.ico] onto handler of type [class org.springframework.web.servlet.resource.ResourceHttpRequestHandler]
2017-12-20 16:27:01,481 WARN [org.springframework.boot.devtools.autoconfigure.OptionalLiveReloadServer:62] Unable to start LiveReload server
2017-12-20 16:27:04,557 INFO [org.springframework.jmx.export.MBeanExporter:431] Registering beans for JMX exposure on startup
2017-12-20 16:27:04,568 INFO [org.springframework.jmx.export.MBeanExporter:916] Bean with name 'dataSource' has been autodetected for JMX exposure
2017-12-20 16:27:04,615 INFO [org.springframework.jmx.export.MBeanExporter:916] Bean with name 'environmentManager' has been autodetected for JMX exposure
2017-12-20 16:27:04,618 INFO [org.springframework.jmx.export.MBeanExporter:916] Bean with name 'configurationPropertiesRebinder' has been autodetected for JMX exposure
2017-12-20 16:27:04,620 INFO [org.springframework.jmx.export.MBeanExporter:916] Bean with name 'refreshScope' has been autodetected for JMX exposure
2017-12-20 16:27:04,632 INFO [org.springframework.jmx.export.MBeanExporter:678] Located managed bean 'environmentManager': registering with JMX server as MBean [org.springframework.cloud.context.environment:name=environmentManager,type=EnvironmentManager]
2017-12-20 16:27:04,699 INFO [org.springframework.jmx.export.MBeanExporter:678] Located managed bean 'refreshScope': registering with JMX server as MBean [org.springframework.cloud.context.scope.refresh:name=refreshScope,type=RefreshScope]
2017-12-20 16:27:04,825 INFO [org.springframework.jmx.export.MBeanExporter:678] Located managed bean 'configurationPropertiesRebinder': registering with JMX server as MBean [org.springframework.cloud.context.properties:name=configurationPropertiesRebinder,context=2c5c9e6d,type=ConfigurationPropertiesRebinder]
2017-12-20 16:27:04,863 INFO [org.springframework.jmx.export.MBeanExporter:671] Located MBean 'dataSource': registering with JMX server as MBean [com.alibaba.druid.pool:name=dataSource,type=DruidDataSource]
2017-12-20 16:27:05,406 INFO [org.springframework.context.support.DefaultLifecycleProcessor$LifecycleGroup:343] Starting beans in phase 0
2017-12-20 16:27:05,437 INFO [org.springframework.cloud.netflix.eureka.InstanceInfoFactory:70] Setting initial instance status as: STARTING
2017-12-20 16:27:05,743 INFO [com.netflix.discovery.DiscoveryClient:344] Initializing Eureka in region us-east-1
2017-12-20 16:27:06,488 INFO [com.netflix.discovery.provider.DiscoveryJerseyProvider:70] Using JSON encoding codec LegacyJacksonJson
2017-12-20 16:27:06,489 INFO [com.netflix.discovery.provider.DiscoveryJerseyProvider:71] Using JSON decoding codec LegacyJacksonJson
2017-12-20 16:27:06,983 INFO [com.netflix.discovery.provider.DiscoveryJerseyProvider:80] Using XML encoding codec XStreamXml
2017-12-20 16:27:06,984 INFO [com.netflix.discovery.provider.DiscoveryJerseyProvider:81] Using XML decoding codec XStreamXml
2017-12-20 16:27:08,356 INFO [com.netflix.discovery.shared.resolver.aws.ConfigClusterResolver:43] Resolving eureka endpoints via configuration
2017-12-20 16:27:08,487 INFO [com.netflix.discovery.DiscoveryClient:920] Disable delta property : false
2017-12-20 16:27:08,488 INFO [com.netflix.discovery.DiscoveryClient:921] Single vip registry refresh property : null
2017-12-20 16:27:08,488 INFO [com.netflix.discovery.DiscoveryClient:922] Force full registry fetch : false
2017-12-20 16:27:08,489 INFO [com.netflix.discovery.DiscoveryClient:923] Application is null : false
2017-12-20 16:27:08,490 INFO [com.netflix.discovery.DiscoveryClient:924] Registered Applications size is zero : true
2017-12-20 16:27:08,490 INFO [com.netflix.discovery.DiscoveryClient:926] Application version is -1: true
2017-12-20 16:27:08,490 INFO [com.netflix.discovery.DiscoveryClient:1009] Getting all instance registry info from the eureka server
2017-12-20 16:27:08,835 INFO [com.netflix.discovery.DiscoveryClient:1018] The response status is 200
2017-12-20 16:27:08,840 INFO [com.netflix.discovery.DiscoveryClient:1244] Starting heartbeat executor: renew interval is: 5
2017-12-20 16:27:08,849 INFO [com.netflix.discovery.InstanceInfoReplicator:59] InstanceInfoReplicator onDemand update allowed rate per min is 4
2017-12-20 16:27:08,861 INFO [com.netflix.discovery.DiscoveryClient:425] Discovery Client initialized at timestamp 1513758428860 with initial instances count: 0
2017-12-20 16:27:09,289 INFO [org.springframework.cloud.netflix.eureka.serviceregistry.EurekaServiceRegistry:40] Registering application alpha-self-diagnosis with eureka with status UP
2017-12-20 16:27:09,293 INFO [com.netflix.discovery.DiscoveryClient$3:1279] Saw local status change event StatusChangeEvent [timestamp=1513758429293, current=UP, previous=STARTING]
2017-12-20 16:27:09,311 INFO [com.netflix.discovery.DiscoveryClient:795] DiscoveryClient_ALPHA-SELF-DIAGNOSIS/PC-20160606PUVI:alpha-self-diagnosis:19092: registering service...
2017-12-20 16:27:09,547 INFO [com.netflix.discovery.DiscoveryClient:804] DiscoveryClient_ALPHA-SELF-DIAGNOSIS/PC-20160606PUVI:alpha-self-diagnosis:19092 - registration status: 204
2017-12-20 16:27:09,610 INFO [org.apache.juli.logging.DirectJDKLog:179] Initializing ProtocolHandler ["http-nio-19092"]
2017-12-20 16:27:09,734 INFO [org.apache.juli.logging.DirectJDKLog:179] Starting ProtocolHandler ["http-nio-19092"]
2017-12-20 16:27:09,815 INFO [org.apache.juli.logging.DirectJDKLog:179] Using a shared selector for servlet write/read
2017-12-20 16:27:11,959 INFO [org.springframework.boot.context.embedded.tomcat.TomcatEmbeddedServletContainer:201] Tomcat started on port(s): 19092 (http)
2017-12-20 16:27:11,962 INFO [org.springframework.cloud.netflix.eureka.serviceregistry.EurekaAutoServiceRegistration:117] Updating port to 19092
2017-12-20 16:27:11,976 INFO [org.springframework.boot.StartupInfoLogger:57] Started AlphaApplication in 56.399 seconds (JVM running for 57.985)
2017-12-20 16:27:13,841 INFO [com.netflix.discovery.DiscoveryClient:920] Disable delta property : false
2017-12-20 16:27:13,842 INFO [com.netflix.discovery.DiscoveryClient:921] Single vip registry refresh property : null
2017-12-20 16:27:13,842 INFO [com.netflix.discovery.DiscoveryClient:922] Force full registry fetch : false
2017-12-20 16:27:13,843 INFO [com.netflix.discovery.DiscoveryClient:923] Application is null : false
2017-12-20 16:27:13,843 INFO [com.netflix.discovery.DiscoveryClient:924] Registered Applications size is zero : true
2017-12-20 16:27:13,843 INFO [com.netflix.discovery.DiscoveryClient:926] Application version is -1: false
2017-12-20 16:27:13,843 INFO [com.netflix.discovery.DiscoveryClient:1009] Getting all instance registry info from the eureka server
2017-12-20 16:27:13,850 INFO [com.netflix.discovery.DiscoveryClient:1018] The response status is 200
2017-12-20 16:27:18,860 INFO [com.netflix.discovery.DiscoveryClient:920] Disable delta property : false
2017-12-20 16:27:18,866 INFO [com.netflix.discovery.DiscoveryClient:921] Single vip registry refresh property : null
2017-12-20 16:27:18,868 INFO [com.netflix.discovery.DiscoveryClient:922] Force full registry fetch : false
2017-12-20 16:27:18,871 INFO [com.netflix.discovery.DiscoveryClient:923] Application is null : false
2017-12-20 16:27:18,872 INFO [com.netflix.discovery.DiscoveryClient:924] Registered Applications size is zero : true
2017-12-20 16:27:18,874 INFO [com.netflix.discovery.DiscoveryClient:926] Application version is -1: false
2017-12-20 16:27:18,875 INFO [com.netflix.discovery.DiscoveryClient:1009] Getting all instance registry info from the eureka server
2017-12-20 16:27:18,895 INFO [com.netflix.discovery.DiscoveryClient:1018] The response status is 200
2017-12-20 16:27:23,901 INFO [com.netflix.discovery.DiscoveryClient:920] Disable delta property : false
2017-12-20 16:27:23,902 INFO [com.netflix.discovery.DiscoveryClient:921] Single vip registry refresh property : null
2017-12-20 16:27:23,902 INFO [com.netflix.discovery.DiscoveryClient:922] Force full registry fetch : false
2017-12-20 16:27:23,903 INFO [com.netflix.discovery.DiscoveryClient:923] Application is null : false
2017-12-20 16:27:23,906 INFO [com.netflix.discovery.DiscoveryClient:924] Registered Applications size is zero : true
2017-12-20 16:27:23,907 INFO [com.netflix.discovery.DiscoveryClient:926] Application version is -1: false
2017-12-20 16:27:23,907 INFO [com.netflix.discovery.DiscoveryClient:1009] Getting all instance registry info from the eureka server
2017-12-20 16:27:23,920 INFO [com.netflix.discovery.DiscoveryClient:1018] The response status is 200
2017-12-20 16:27:28,923 INFO [com.netflix.discovery.DiscoveryClient:920] Disable delta property : false
2017-12-20 16:27:28,925 INFO [com.netflix.discovery.DiscoveryClient:921] Single vip registry refresh property : null
2017-12-20 16:27:28,926 INFO [com.netflix.discovery.DiscoveryClient:922] Force full registry fetch : false
2017-12-20 16:27:28,927 INFO [com.netflix.discovery.DiscoveryClient:923] Application is null : false
2017-12-20 16:27:28,927 INFO [com.netflix.discovery.DiscoveryClient:924] Registered Applications size is zero : true
2017-12-20 16:27:28,927 INFO [com.netflix.discovery.DiscoveryClient:926] Application version is -1: false
2017-12-20 16:27:28,928 INFO [com.netflix.discovery.DiscoveryClient:1009] Getting all instance registry info from the eureka server
2017-12-20 16:27:28,959 INFO [com.netflix.discovery.DiscoveryClient:1018] The response status is 200
2017-12-20 16:27:33,962 INFO [com.netflix.discovery.DiscoveryClient:920] Disable delta property : false
2017-12-20 16:27:33,962 INFO [com.netflix.discovery.DiscoveryClient:921] Single vip registry refresh property : null
2017-12-20 16:27:33,963 INFO [com.netflix.discovery.DiscoveryClient:922] Force full registry fetch : false
2017-12-20 16:27:33,963 INFO [com.netflix.discovery.DiscoveryClient:923] Application is null : false
2017-12-20 16:27:33,963 INFO [com.netflix.discovery.DiscoveryClient:924] Registered Applications size is zero : true
2017-12-20 16:27:33,963 INFO [com.netflix.discovery.DiscoveryClient:926] Application version is -1: false
2017-12-20 16:27:33,964 INFO [com.netflix.discovery.DiscoveryClient:1009] Getting all instance registry info from the eureka server
2017-12-20 16:27:33,968 INFO [com.netflix.discovery.DiscoveryClient:1018] The response status is 200
2017-12-20 16:27:38,973 INFO [com.netflix.discovery.DiscoveryClient:920] Disable delta property : false
2017-12-20 16:27:38,974 INFO [com.netflix.discovery.DiscoveryClient:921] Single vip registry refresh property : null
2017-12-20 16:27:38,974 INFO [com.netflix.discovery.DiscoveryClient:922] Force full registry fetch : false
2017-12-20 16:27:38,974 INFO [com.netflix.discovery.DiscoveryClient:923] Application is null : false
2017-12-20 16:27:38,974 INFO [com.netflix.discovery.DiscoveryClient:924] Registered Applications size is zero : true
2017-12-20 16:27:38,975 INFO [com.netflix.discovery.DiscoveryClient:926] Application version is -1: false
2017-12-20 16:27:38,975 INFO [com.netflix.discovery.DiscoveryClient:1009] Getting all instance registry info from the eureka server
2017-12-20 16:27:39,031 INFO [com.netflix.discovery.DiscoveryClient:1018] The response status is 200
2017-12-20 16:28:48,961 INFO [org.apache.juli.logging.DirectJDKLog:179] Initializing Spring FrameworkServlet 'dispatcherServlet'
2017-12-20 16:28:48,962 INFO [org.springframework.web.servlet.FrameworkServlet:489] FrameworkServlet 'dispatcherServlet': initialization started
2017-12-20 16:28:49,221 INFO [org.springframework.web.servlet.FrameworkServlet:508] FrameworkServlet 'dispatcherServlet': initialization completed in 259 ms
2017-12-20 16:28:49,943 INFO [com.alibaba.druid.pool.DruidDataSource:715] {dataSource-1} inited
2017-12-20 16:32:08,496 INFO [com.netflix.discovery.shared.resolver.aws.ConfigClusterResolver:43] Resolving eureka endpoints via configuration
2017-12-20 16:37:08,532 INFO [com.netflix.discovery.shared.resolver.aws.ConfigClusterResolver:43] Resolving eureka endpoints via configuration
2017-12-20 16:42:08,538 INFO [com.netflix.discovery.shared.resolver.aws.ConfigClusterResolver:43] Resolving eureka endpoints via configuration
2017-12-20 16:47:08,548 INFO [com.netflix.discovery.shared.resolver.aws.ConfigClusterResolver:43] Resolving eureka endpoints via configuration
2017-12-20 16:52:08,551 INFO [com.netflix.discovery.shared.resolver.aws.ConfigClusterResolver:43] Resolving eureka endpoints via configuration
2017-12-20 16:55:28,792 INFO [org.springframework.context.support.AbstractApplicationContext:984] Closing org.springframework.context.annotation.AnnotationConfigApplicationContext@190c13b2: startup date [Wed Dec 20 16:26:16 CST 2017]; root of context hierarchy
2017-12-20 16:55:28,798 INFO [org.springframework.context.support.AbstractApplicationContext:984] Closing org.springframework.boot.context.embedded.AnnotationConfigEmbeddedWebApplicationContext@2c5c9e6d: startup date [Wed Dec 20 16:26:19 CST 2017]; parent: org.springframework.context.annotation.AnnotationConfigApplicationContext@190c13b2
2017-12-20 16:55:28,800 INFO [org.springframework.cloud.netflix.eureka.serviceregistry.EurekaServiceRegistry:64] Unregistering application alpha-self-diagnosis with eureka with status DOWN
2017-12-20 16:55:28,801 WARN [com.netflix.discovery.DiscoveryClient$3:1277] Saw local status change event StatusChangeEvent [timestamp=1513760128801, current=DOWN, previous=UP]
2017-12-20 16:55:28,803 INFO [com.netflix.discovery.DiscoveryClient:852] Shutting down DiscoveryClient ...
2017-12-20 16:55:28,803 INFO [com.netflix.discovery.DiscoveryClient:795] DiscoveryClient_ALPHA-SELF-DIAGNOSIS/PC-20160606PUVI:alpha-self-diagnosis:19092: registering service...
2017-12-20 16:55:28,804 INFO [com.netflix.discovery.DiscoveryClient:884] Unregistering ...
2017-12-20 16:55:28,825 INFO [com.netflix.discovery.DiscoveryClient:886] DiscoveryClient_ALPHA-SELF-DIAGNOSIS/PC-20160606PUVI:alpha-self-diagnosis:19092 - deregister  status: 200
2017-12-20 16:55:28,828 INFO [com.netflix.discovery.DiscoveryClient:804] DiscoveryClient_ALPHA-SELF-DIAGNOSIS/PC-20160606PUVI:alpha-self-diagnosis:19092 - registration status: 204
2017-12-20 16:55:28,864 INFO [com.netflix.discovery.DiscoveryClient:873] Completed shut down of DiscoveryClient
2017-12-20 16:55:28,873 INFO [org.springframework.context.support.DefaultLifecycleProcessor$LifecycleGroup:358] Stopping beans in phase 0
2017-12-20 16:55:28,875 INFO [org.springframework.jmx.export.MBeanExporter:449] Unregistering JMX-exposed beans on shutdown
2017-12-20 16:55:28,876 INFO [org.springframework.jmx.support.MBeanRegistrationSupport:241] Unregistering JMX-exposed beans
2017-12-20 16:55:28,958 WARN [com.netflix.config.sources.URLConfigurationSource:121] No URLs will be polled as dynamic configuration sources.
2017-12-20 16:55:28,959 INFO [com.netflix.config.sources.URLConfigurationSource:122] To enable URLs as dynamic configuration sources, define System property archaius.configurationSource.additionalUrls or make config.properties available on classpath.
2017-12-20 16:55:28,981 INFO [com.alibaba.druid.pool.DruidDataSource:1444] {dataSource-1} closed
2017-12-20 16:55:29,789 INFO [com.alpha.self.diagnosis.AlphaApplication:39] SpringApplicationBuilder run .... 
