2018-01-06 13:06:28,593 INFO [com.alpha.self.diagnosis.AlphaApplication:41] SpringApplicationBuilder run .... 
2018-01-06 13:06:29,294 INFO [com.alpha.self.diagnosis.AlphaApplication:41] SpringApplicationBuilder run .... 
2018-01-06 13:06:30,737 INFO [org.springframework.context.support.AbstractApplicationContext:583] Refreshing org.springframework.context.annotation.AnnotationConfigApplicationContext@6cd28f38: startup date [Sat Jan 06 13:06:30 CST 2018]; root of context hierarchy
2018-01-06 13:06:31,151 INFO [org.hibernate.validator.internal.util.Version:30] HV000001: Hibernate Validator 5.3.5.Final
2018-01-06 13:06:31,612 INFO [org.springframework.beans.factory.annotation.AutowiredAnnotationBeanPostProcessor:155] JSR-330 'javax.inject.Inject' annotation found and supported for autowiring
2018-01-06 13:06:31,823 INFO [org.springframework.context.support.PostProcessorRegistrationDelegate$BeanPostProcessorChecker:325] Bean 'configurationPropertiesRebinderAutoConfiguration' of type [org.springframework.cloud.autoconfigure.ConfigurationPropertiesRebinderAutoConfiguration$$EnhancerBySpringCGLIB$$6a5dcb35] is not eligible for getting processed by all BeanPostProcessors (for example: not eligible for auto-proxying)
2018-01-06 13:06:33,466 INFO [org.springframework.boot.SpringApplication:597] The following profiles are active: core
2018-01-06 13:06:33,596 INFO [org.springframework.context.support.AbstractApplicationContext:583] Refreshing org.springframework.boot.context.embedded.AnnotationConfigEmbeddedWebApplicationContext@6061bde0: startup date [Sat Jan 06 13:06:33 CST 2018]; parent: org.springframework.context.annotation.AnnotationConfigApplicationContext@6cd28f38
2018-01-06 13:06:45,198 INFO [org.springframework.cloud.context.scope.GenericScope:263] BeanFactory id=fcf93c65-1cfd-3b86-8996-40130926a663
2018-01-06 13:06:45,347 INFO [com.alpha.self.diagnosis.processor.spring.BeanScannerConfigurer:28] 初始化 BasicAnswerProcessor  服务配置
2018-01-06 13:06:45,421 INFO [org.springframework.beans.factory.support.DefaultListableBeanFactory:828] Overriding bean definition for bean 'allergicHistoryAnswerProcessor' with a different definition: replacing [Generic bean: class [com.alpha.self.diagnosis.processor.AllergicHistoryAnswerProcessor]; scope=singleton; abstract=false; lazyInit=false; autowireMode=0; dependencyCheck=0; autowireCandidate=true; primary=false; factoryBeanName=null; factoryMethodName=null; initMethodName=null; destroyMethodName=null; defined in file [F:\iebm\workspace\alpha\branch\v1.0.3\alpha\alpha-self-diagnosis\target\classes\com\alpha\self\diagnosis\processor\AllergicHistoryAnswerProcessor.class]] with [Generic bean: class [com.alpha.self.diagnosis.processor.AllergicHistoryAnswerProcessor]; scope=singleton; abstract=false; lazyInit=false; autowireMode=0; dependencyCheck=0; autowireCandidate=true; primary=false; factoryBeanName=null; factoryMethodName=null; initMethodName=null; destroyMethodName=null; defined in file [F:\iebm\workspace\alpha\branch\v1.0.3\alpha\alpha-self-diagnosis\target\classes\com\alpha\self\diagnosis\processor\AllergicHistoryAnswerProcessor.class]]
2018-01-06 13:06:45,423 INFO [org.springframework.beans.factory.support.DefaultListableBeanFactory:828] Overriding bean definition for bean 'birthProcessor' with a different definition: replacing [Generic bean: class [com.alpha.self.diagnosis.processor.BirthProcessor]; scope=singleton; abstract=false; lazyInit=false; autowireMode=0; dependencyCheck=0; autowireCandidate=true; primary=false; factoryBeanName=null; factoryMethodName=null; initMethodName=null; destroyMethodName=null; defined in file [F:\iebm\workspace\alpha\branch\v1.0.3\alpha\alpha-self-diagnosis\target\classes\com\alpha\self\diagnosis\processor\BirthProcessor.class]] with [Generic bean: class [com.alpha.self.diagnosis.processor.BirthProcessor]; scope=singleton; abstract=false; lazyInit=false; autowireMode=0; dependencyCheck=0; autowireCandidate=true; primary=false; factoryBeanName=null; factoryMethodName=null; initMethodName=null; destroyMethodName=null; defined in file [F:\iebm\workspace\alpha\branch\v1.0.3\alpha\alpha-self-diagnosis\target\classes\com\alpha\self\diagnosis\processor\BirthProcessor.class]]
2018-01-06 13:06:45,424 INFO [org.springframework.beans.factory.support.DefaultListableBeanFactory:828] Overriding bean definition for bean 'liverRenalProcessor' with a different definition: replacing [Generic bean: class [com.alpha.self.diagnosis.processor.LiverRenalProcessor]; scope=singleton; abstract=false; lazyInit=false; autowireMode=0; dependencyCheck=0; autowireCandidate=true; primary=false; factoryBeanName=null; factoryMethodName=null; initMethodName=null; destroyMethodName=null; defined in file [F:\iebm\workspace\alpha\branch\v1.0.3\alpha\alpha-self-diagnosis\target\classes\com\alpha\self\diagnosis\processor\LiverRenalProcessor.class]] with [Generic bean: class [com.alpha.self.diagnosis.processor.LiverRenalProcessor]; scope=singleton; abstract=false; lazyInit=false; autowireMode=0; dependencyCheck=0; autowireCandidate=true; primary=false; factoryBeanName=null; factoryMethodName=null; initMethodName=null; destroyMethodName=null; defined in file [F:\iebm\workspace\alpha\branch\v1.0.3\alpha\alpha-self-diagnosis\target\classes\com\alpha\self\diagnosis\processor\LiverRenalProcessor.class]]
2018-01-06 13:06:45,425 INFO [org.springframework.beans.factory.support.DefaultListableBeanFactory:828] Overriding bean definition for bean 'normalAnswerProcessor' with a different definition: replacing [Generic bean: class [com.alpha.self.diagnosis.processor.NormalAnswerProcessor]; scope=singleton; abstract=false; lazyInit=false; autowireMode=0; dependencyCheck=0; autowireCandidate=true; primary=false; factoryBeanName=null; factoryMethodName=null; initMethodName=null; destroyMethodName=null; defined in file [F:\iebm\workspace\alpha\branch\v1.0.3\alpha\alpha-self-diagnosis\target\classes\com\alpha\self\diagnosis\processor\NormalAnswerProcessor.class]] with [Generic bean: class [com.alpha.self.diagnosis.processor.NormalAnswerProcessor]; scope=singleton; abstract=false; lazyInit=false; autowireMode=0; dependencyCheck=0; autowireCandidate=true; primary=false; factoryBeanName=null; factoryMethodName=null; initMethodName=null; destroyMethodName=null; defined in file [F:\iebm\workspace\alpha\branch\v1.0.3\alpha\alpha-self-diagnosis\target\classes\com\alpha\self\diagnosis\processor\NormalAnswerProcessor.class]]
2018-01-06 13:06:45,427 INFO [org.springframework.beans.factory.support.DefaultListableBeanFactory:828] Overriding bean definition for bean 'pastmedicalHistoryProcessor' with a different definition: replacing [Generic bean: class [com.alpha.self.diagnosis.processor.PastmedicalHistoryProcessor]; scope=singleton; abstract=false; lazyInit=false; autowireMode=0; dependencyCheck=0; autowireCandidate=true; primary=false; factoryBeanName=null; factoryMethodName=null; initMethodName=null; destroyMethodName=null; defined in file [F:\iebm\workspace\alpha\branch\v1.0.3\alpha\alpha-self-diagnosis\target\classes\com\alpha\self\diagnosis\processor\PastmedicalHistoryProcessor.class]] with [Generic bean: class [com.alpha.self.diagnosis.processor.PastmedicalHistoryProcessor]; scope=singleton; abstract=false; lazyInit=false; autowireMode=0; dependencyCheck=0; autowireCandidate=true; primary=false; factoryBeanName=null; factoryMethodName=null; initMethodName=null; destroyMethodName=null; defined in file [F:\iebm\workspace\alpha\branch\v1.0.3\alpha\alpha-self-diagnosis\target\classes\com\alpha\self\diagnosis\processor\PastmedicalHistoryProcessor.class]]
2018-01-06 13:06:45,428 INFO [org.springframework.beans.factory.support.DefaultListableBeanFactory:828] Overriding bean definition for bean 'weightProcessor' with a different definition: replacing [Generic bean: class [com.alpha.self.diagnosis.processor.WeightProcessor]; scope=singleton; abstract=false; lazyInit=false; autowireMode=0; dependencyCheck=0; autowireCandidate=true; primary=false; factoryBeanName=null; factoryMethodName=null; initMethodName=null; destroyMethodName=null; defined in file [F:\iebm\workspace\alpha\branch\v1.0.3\alpha\alpha-self-diagnosis\target\classes\com\alpha\self\diagnosis\processor\WeightProcessor.class]] with [Generic bean: class [com.alpha.self.diagnosis.processor.WeightProcessor]; scope=singleton; abstract=false; lazyInit=false; autowireMode=0; dependencyCheck=0; autowireCandidate=true; primary=false; factoryBeanName=null; factoryMethodName=null; initMethodName=null; destroyMethodName=null; defined in file [F:\iebm\workspace\alpha\branch\v1.0.3\alpha\alpha-self-diagnosis\target\classes\com\alpha\self\diagnosis\processor\WeightProcessor.class]]
2018-01-06 13:06:45,435 INFO [com.alpha.self.diagnosis.processor.spring.BeanScannerConfigurer:32] 初始化 BasicAnswerProcessor 完成
2018-01-06 13:06:46,539 INFO [org.springframework.beans.factory.annotation.AutowiredAnnotationBeanPostProcessor:155] JSR-330 'javax.inject.Inject' annotation found and supported for autowiring
2018-01-06 13:06:47,477 INFO [org.springframework.context.support.PostProcessorRegistrationDelegate$BeanPostProcessorChecker:325] Bean 'org.springframework.transaction.annotation.ProxyTransactionManagementConfiguration' of type [org.springframework.transaction.annotation.ProxyTransactionManagementConfiguration$$EnhancerBySpringCGLIB$$4e43c838] is not eligible for getting processed by all BeanPostProcessors (for example: not eligible for auto-proxying)
2018-01-06 13:06:48,476 INFO [org.springframework.context.support.PostProcessorRegistrationDelegate$BeanPostProcessorChecker:325] Bean 'org.springframework.cloud.autoconfigure.ConfigurationPropertiesRebinderAutoConfiguration' of type [org.springframework.cloud.autoconfigure.ConfigurationPropertiesRebinderAutoConfiguration$$EnhancerBySpringCGLIB$$6a5dcb35] is not eligible for getting processed by all BeanPostProcessors (for example: not eligible for auto-proxying)
2018-01-06 13:06:51,683 INFO [org.springframework.boot.context.embedded.tomcat.TomcatEmbeddedServletContainer:89] Tomcat initialized with port(s): 19092 (http)
2018-01-06 13:06:52,127 INFO [org.apache.juli.logging.DirectJDKLog:179] Starting service [Tomcat]
2018-01-06 13:06:52,133 INFO [org.apache.juli.logging.DirectJDKLog:179] Starting Servlet Engine: Apache Tomcat/8.5.20
2018-01-06 13:06:52,847 INFO [org.apache.juli.logging.DirectJDKLog:179] Initializing Spring embedded WebApplicationContext
2018-01-06 13:06:52,852 INFO [org.springframework.boot.context.embedded.EmbeddedWebApplicationContext:276] Root WebApplicationContext: initialization completed in 19256 ms
2018-01-06 13:06:55,485 INFO [org.springframework.boot.web.servlet.ServletRegistrationBean:190] Mapping servlet: 'dispatcherServlet' to [/]
2018-01-06 13:06:55,490 INFO [org.springframework.boot.web.servlet.ServletRegistrationBean:190] Mapping servlet: 'com.alpha.commons.config.servlet.DruidStatViewServlet' to [/druid/*]
2018-01-06 13:06:55,514 INFO [org.springframework.boot.web.servlet.AbstractFilterRegistrationBean:258] Mapping filter: 'characterEncodingFilter' to: [/*]
2018-01-06 13:06:55,516 INFO [org.springframework.boot.web.servlet.AbstractFilterRegistrationBean:271] Mapping filter: 'com.alpha.self.diagnosis.converter.ParamDecryptServletRequestFilter' to urls: [/*]
2018-01-06 13:06:55,517 INFO [org.springframework.boot.web.servlet.AbstractFilterRegistrationBean:271] Mapping filter: 'com.alpha.commons.config.filter.CorsFilter' to urls: [/*]
2018-01-06 13:06:55,518 INFO [org.springframework.boot.web.servlet.AbstractFilterRegistrationBean:271] Mapping filter: 'druidWebStatFilter' to urls: [/*]
2018-01-06 13:06:55,607 INFO [com.alpha.self.diagnosis.listener.DiagnosisContextListener:27] DiagnosisContextListener contextInitialized starting...
2018-01-06 13:06:55,634 INFO [com.alpha.self.diagnosis.processor.BasicAnswerProcessorAdaptor:154] 6 processor will be register.
2018-01-06 13:06:56,553 INFO [com.alpha.commons.config.DruidConfiguration$Druid:66] DruidConfiguration init completed................
2018-01-06 13:07:04,764 INFO [com.alpha.self.diagnosis.listener.DiagnosisContextListener:34] DiagnosisContextListener contextInitialized completed
2018-01-06 13:07:04,800 INFO [com.alpha.self.diagnosis.converter.ParamDecryptServletRequestFilter:33] 需要解密的参数字段 --> null
2018-01-06 13:07:09,191 INFO [org.springframework.web.servlet.handler.AbstractHandlerMethodMapping$MappingRegistry:543] Mapped "{[/data/search/concsymp],methods=[POST]}" onto public com.alpha.commons.web.ResponseMessage com.alpha.self.diagnosis.controller.DataSearchController.diagnosisStart(com.alpha.self.diagnosis.pojo.vo.SearchRequestVo)
2018-01-06 13:07:09,195 INFO [org.springframework.web.servlet.handler.AbstractHandlerMethodMapping$MappingRegistry:543] Mapped "{[/data/search/weight],methods=[POST]}" onto public com.alpha.commons.web.ResponseMessage com.alpha.self.diagnosis.controller.DataSearchController.weightSearch(com.alpha.user.pojo.vo.HisUserInfoVo)
2018-01-06 13:07:09,196 INFO [org.springframework.web.servlet.handler.AbstractHandlerMethodMapping$MappingRegistry:543] Mapped "{[/data/search/pastmedicalHistory],methods=[POST]}" onto public com.alpha.commons.web.ResponseMessage com.alpha.self.diagnosis.controller.DataSearchController.pastmedicalHistorySearch(com.alpha.self.diagnosis.pojo.vo.SearchRequestVo)
2018-01-06 13:07:09,197 INFO [org.springframework.web.servlet.handler.AbstractHandlerMethodMapping$MappingRegistry:543] Mapped "{[/data/search/allergicHistory],methods=[POST]}" onto public com.alpha.commons.web.ResponseMessage com.alpha.self.diagnosis.controller.DataSearchController.allergicHistorySearch(com.alpha.self.diagnosis.pojo.vo.SearchRequestVo)
2018-01-06 13:07:09,198 INFO [org.springframework.web.servlet.handler.AbstractHandlerMethodMapping$MappingRegistry:543] Mapped "{[/data/search/mainSymptom],methods=[POST]}" onto public com.alpha.commons.web.ResponseMessage com.alpha.self.diagnosis.controller.DataSearchController.mainSymptomSearch(java.lang.Long,java.lang.Integer,java.lang.String)
2018-01-06 13:07:09,210 INFO [org.springframework.web.servlet.handler.AbstractHandlerMethodMapping$MappingRegistry:543] Mapped "{[/diagnosis/outcome/get],methods=[POST]}" onto public com.alpha.commons.web.ResponseMessage com.alpha.self.diagnosis.controller.DiagnosisController.getOutcome(java.lang.Long)
2018-01-06 13:07:09,212 INFO [org.springframework.web.servlet.handler.AbstractHandlerMethodMapping$MappingRegistry:543] Mapped "{[/diagnosis/start],methods=[POST],consumes=[application/json || application/x-www-form-urlencoded]}" onto public com.alpha.commons.web.ResponseMessage com.alpha.self.diagnosis.controller.DiagnosisController.diagnosisStart(com.alpha.self.diagnosis.pojo.vo.DiagnosisStartReqeustVo)
2018-01-06 13:07:09,213 INFO [org.springframework.web.servlet.handler.AbstractHandlerMethodMapping$MappingRegistry:543] Mapped "{[/diagnosis/basic/next],methods=[POST]}" onto public com.alpha.commons.web.ResponseMessage com.alpha.self.diagnosis.controller.DiagnosisController.diagnosisNext(com.alpha.self.diagnosis.pojo.vo.QuestionRequestVo)
2018-01-06 13:07:09,214 INFO [org.springframework.web.servlet.handler.AbstractHandlerMethodMapping$MappingRegistry:543] Mapped "{[/diagnosis/outcome/confirm],methods=[POST]}" onto public com.alpha.commons.web.ResponseMessage com.alpha.self.diagnosis.controller.DiagnosisController.confirmOutcome(java.lang.Long,java.lang.String)
2018-01-06 13:07:09,215 INFO [org.springframework.web.servlet.handler.AbstractHandlerMethodMapping$MappingRegistry:543] Mapped "{[/diagnosis/diseaseHistory],methods=[POST]}" onto public com.alpha.commons.web.ResponseMessage com.alpha.self.diagnosis.controller.DiagnosisController.diseaseHistory(com.alpha.self.diagnosis.pojo.vo.DiseaseHistoryRequestVo)
2018-01-06 13:07:09,217 INFO [org.springframework.web.servlet.handler.AbstractHandlerMethodMapping$MappingRegistry:543] Mapped "{[/diagnosis/medicine/next],methods=[POST]}" onto public com.alpha.commons.web.ResponseMessage com.alpha.self.diagnosis.controller.DiagnosisController.diagnosisMedicineNext(java.lang.String)
2018-01-06 13:07:09,218 INFO [org.springframework.web.servlet.handler.AbstractHandlerMethodMapping$MappingRegistry:543] Mapped "{[/diagnosis/drug/query],methods=[POST]}" onto public com.alpha.commons.web.ResponseMessage com.alpha.self.diagnosis.controller.DiagnosisController.diagnosisDrugQuery(java.lang.String)
2018-01-06 13:07:09,219 INFO [org.springframework.web.servlet.handler.AbstractHandlerMethodMapping$MappingRegistry:543] Mapped "{[/diagnosis/showResult],methods=[POST]}" onto public com.alpha.commons.web.ResponseMessage com.alpha.self.diagnosis.controller.DiagnosisController.showDiagnosisResult(com.alpha.self.diagnosis.pojo.vo.BasicRequestVo)
2018-01-06 13:07:09,223 INFO [org.springframework.web.servlet.handler.AbstractHandlerMethodMapping$MappingRegistry:543] Mapped "{[/diagnosis/queryMedicalRecord4His/{idcard}],methods=[POST]}" onto public com.alpha.commons.web.ResponseMessage com.alpha.self.diagnosis.controller.DiagnosisController.queryMedicalRecord4His(java.lang.String)
2018-01-06 13:07:09,225 INFO [org.springframework.web.servlet.handler.AbstractHandlerMethodMapping$MappingRegistry:543] Mapped "{[/diagnosis/result/confirm],methods=[POST]}" onto public com.alpha.commons.web.ResponseMessage com.alpha.self.diagnosis.controller.DiagnosisController.confirmDiagnosisResult(java.lang.String,java.lang.Long)
2018-01-06 13:07:09,226 INFO [org.springframework.web.servlet.handler.AbstractHandlerMethodMapping$MappingRegistry:543] Mapped "{[/diagnosis/queryBasicQuestion],methods=[POST]}" onto public com.alpha.commons.web.ResponseMessage com.alpha.self.diagnosis.controller.DiagnosisController.queryBasicQuestion(com.alpha.user.controller.req.vo.PatientInfo)
2018-01-06 13:07:09,243 INFO [org.springframework.web.servlet.handler.AbstractHandlerMethodMapping$MappingRegistry:543] Mapped "{[/disease/dept/query/{diseaseCode}],methods=[POST]}" onto public com.alpha.commons.web.ResponseMessage com.alpha.self.diagnosis.controller.DiseaseController.queryDepartment(java.lang.String)
2018-01-06 13:07:09,244 INFO [org.springframework.web.servlet.handler.AbstractHandlerMethodMapping$MappingRegistry:543] Mapped "{[/disease/treatmentadvice/query/{diseaseCode}],methods=[POST]}" onto public com.alpha.commons.web.ResponseMessage com.alpha.self.diagnosis.controller.DiseaseController.queryTreatmentAdvice(java.lang.String)
2018-01-06 13:07:09,247 INFO [org.springframework.web.servlet.handler.AbstractHandlerMethodMapping$MappingRegistry:543] Mapped "{[/disease/check/query/{diseaseCode}],methods=[POST]}" onto public com.alpha.commons.web.ResponseMessage com.alpha.self.diagnosis.controller.DiseaseController.queryDiseaseCheck(java.lang.String)
2018-01-06 13:07:09,259 INFO [org.springframework.web.servlet.handler.AbstractHandlerMethodMapping$MappingRegistry:543] Mapped "{[/info],methods=[GET]}" onto public java.lang.String com.alpha.self.diagnosis.controller.MainController.test()
2018-01-06 13:07:09,262 INFO [org.springframework.web.servlet.handler.AbstractHandlerMethodMapping$MappingRegistry:543] Mapped "{[/getMedicalRecord],methods=[POST]}" onto public com.alpha.commons.web.ResponseMessage com.alpha.self.diagnosis.controller.MainController.getMedicalRecord()
2018-01-06 13:07:09,264 INFO [org.springframework.web.servlet.handler.AbstractHandlerMethodMapping$MappingRegistry:543] Mapped "{[/test/question],methods=[POST]}" onto public com.alpha.commons.web.ResponseMessage com.alpha.self.diagnosis.controller.MainController.medicineQuestion(java.lang.Integer)
2018-01-06 13:07:09,265 INFO [org.springframework.web.servlet.handler.AbstractHandlerMethodMapping$MappingRegistry:543] Mapped "{[/test/question2],methods=[POST],produces=[application/json;charset=UTF-8]}" onto public com.alpha.commons.web.ResponseMessage com.alpha.self.diagnosis.controller.MainController.medicineQuestion(java.lang.String,java.lang.String)
2018-01-06 13:07:09,269 INFO [org.springframework.web.servlet.handler.AbstractHandlerMethodMapping$MappingRegistry:543] Mapped "{[/treatscheme/get],methods=[POST]}" onto public com.alpha.commons.web.ResponseMessage com.alpha.self.diagnosis.controller.TreatSchemeController.treatScheme(com.alpha.self.diagnosis.pojo.vo.SearchRequestVo)
2018-01-06 13:07:09,270 INFO [org.springframework.web.servlet.handler.AbstractHandlerMethodMapping$MappingRegistry:543] Mapped "{[/treatscheme/diseaseList],methods=[POST]}" onto public com.alpha.commons.web.ResponseMessage com.alpha.self.diagnosis.controller.TreatSchemeController.diseaseList(com.alpha.self.diagnosis.pojo.vo.SearchRequestVo)
2018-01-06 13:07:09,287 INFO [org.springframework.web.servlet.handler.AbstractHandlerMethodMapping$MappingRegistry:543] Mapped "{[/wechar/user/register],methods=[POST]}" onto public com.alpha.commons.web.ResponseMessage com.alpha.self.diagnosis.controller.WeCharController.register(java.lang.String)
2018-01-06 13:07:09,288 INFO [org.springframework.web.servlet.handler.AbstractHandlerMethodMapping$MappingRegistry:543] Mapped "{[/wechar/drug/list],methods=[POST]}" onto public com.alpha.commons.web.ResponseMessage com.alpha.self.diagnosis.controller.WeCharController.drugList(java.lang.String)
2018-01-06 13:07:09,289 INFO [org.springframework.web.servlet.handler.AbstractHandlerMethodMapping$MappingRegistry:543] Mapped "{[/wechar/disease/list],methods=[POST]}" onto public com.alpha.commons.web.ResponseMessage com.alpha.self.diagnosis.controller.WeCharController.diseaseList(java.lang.String)
2018-01-06 13:07:09,290 INFO [org.springframework.web.servlet.handler.AbstractHandlerMethodMapping$MappingRegistry:543] Mapped "{[/wechar/follow],methods=[POST]}" onto public com.alpha.commons.web.ResponseMessage com.alpha.self.diagnosis.controller.WeCharController.follow(java.lang.String,java.lang.Long)
2018-01-06 13:07:09,291 INFO [org.springframework.web.servlet.handler.AbstractHandlerMethodMapping$MappingRegistry:543] Mapped "{[/wechar/user/confirm],methods=[POST]}" onto public com.alpha.commons.web.ResponseMessage com.alpha.self.diagnosis.controller.WeCharController.userInfoConfirm(java.lang.Long)
2018-01-06 13:07:09,292 INFO [org.springframework.web.servlet.handler.AbstractHandlerMethodMapping$MappingRegistry:543] Mapped "{[/wechar/diagnosis/detail],methods=[POST]}" onto public com.alpha.commons.web.ResponseMessage com.alpha.self.diagnosis.controller.WeCharController.diagnosisDetail(java.lang.Long,java.lang.String,java.lang.Long)
2018-01-06 13:07:09,293 INFO [org.springframework.web.servlet.handler.AbstractHandlerMethodMapping$MappingRegistry:543] Mapped "{[/wechar/disease/hot/list],methods=[POST]}" onto public com.alpha.commons.web.ResponseMessage com.alpha.self.diagnosis.controller.WeCharController.hotDiseaseList()
2018-01-06 13:07:09,294 INFO [org.springframework.web.servlet.handler.AbstractHandlerMethodMapping$MappingRegistry:543] Mapped "{[/wechar/drug/hot/list],methods=[POST]}" onto public com.alpha.commons.web.ResponseMessage com.alpha.self.diagnosis.controller.WeCharController.hotDrugList()
2018-01-06 13:07:09,295 INFO [org.springframework.web.servlet.handler.AbstractHandlerMethodMapping$MappingRegistry:543] Mapped "{[/wechar/drug/detail],methods=[POST]}" onto public com.alpha.commons.web.ResponseMessage com.alpha.self.diagnosis.controller.WeCharController.drugDetail(java.lang.String)
2018-01-06 13:07:09,297 INFO [org.springframework.web.servlet.handler.AbstractHandlerMethodMapping$MappingRegistry:543] Mapped "{[/wechar/user/detail],methods=[POST]}" onto public com.alpha.commons.web.ResponseMessage com.alpha.self.diagnosis.controller.WeCharController.personalInfo(java.lang.Long)
2018-01-06 13:07:09,298 INFO [org.springframework.web.servlet.handler.AbstractHandlerMethodMapping$MappingRegistry:543] Mapped "{[/wechar/member/list],methods=[POST]}" onto public com.alpha.commons.web.ResponseMessage com.alpha.self.diagnosis.controller.WeCharController.memberList(java.lang.String)
2018-01-06 13:07:09,299 INFO [org.springframework.web.servlet.handler.AbstractHandlerMethodMapping$MappingRegistry:543] Mapped "{[/wechar/user/confirm/test],methods=[POST]}" onto public com.alpha.self.diagnosis.pojo.vo.vx.UserDiagnosisInfoVo com.alpha.self.diagnosis.controller.WeCharController.userInfoConfirmTest(java.lang.Long)
2018-01-06 13:07:09,300 INFO [org.springframework.web.servlet.handler.AbstractHandlerMethodMapping$MappingRegistry:543] Mapped "{[/wechar/disease/treatschema/show],methods=[POST]}" onto public com.alpha.commons.web.ResponseMessage com.alpha.self.diagnosis.controller.WeCharController.diseaseTreatSchema(java.lang.String)
2018-01-06 13:07:09,301 INFO [org.springframework.web.servlet.handler.AbstractHandlerMethodMapping$MappingRegistry:543] Mapped "{[/wechar/diagnosisRecord/list],methods=[POST]}" onto public com.alpha.commons.web.ResponseMessage com.alpha.self.diagnosis.controller.WeCharController.getUserDiagnosisRecord(java.lang.Long)
2018-01-06 13:07:09,302 INFO [org.springframework.web.servlet.handler.AbstractHandlerMethodMapping$MappingRegistry:543] Mapped "{[/wechar/member/healthFile],methods=[POST]}" onto public com.alpha.commons.web.ResponseMessage com.alpha.self.diagnosis.controller.WeCharController.memberHealthFiles(java.lang.String)
2018-01-06 13:07:09,308 INFO [org.springframework.web.servlet.handler.AbstractHandlerMethodMapping$MappingRegistry:543] Mapped "{[/feedback/put],methods=[POST]}" onto public com.alpha.commons.web.ResponseMessage com.alpha.user.controller.FeedBackController.authorization(com.alpha.server.rpc.user.pojo.UserFeedback)
2018-01-06 13:07:09,309 INFO [org.springframework.web.servlet.handler.AbstractHandlerMethodMapping$MappingRegistry:543] Mapped "{[/feedback/useful/query/{diagnosisId}],methods=[POST]}" onto public com.alpha.commons.web.ResponseMessage com.alpha.user.controller.FeedBackController.queryUseful(java.lang.Long)
2018-01-06 13:07:09,310 INFO [org.springframework.web.servlet.handler.AbstractHandlerMethodMapping$MappingRegistry:543] Mapped "{[/feedback/items/query],methods=[POST]}" onto public com.alpha.commons.web.ResponseMessage com.alpha.user.controller.FeedBackController.queryItems(java.lang.String)
2018-01-06 13:07:09,312 INFO [org.springframework.web.servlet.handler.AbstractHandlerMethodMapping$MappingRegistry:543] Mapped "{[/sms/send],methods=[POST]}" onto public com.alpha.commons.web.ResponseMessage com.alpha.user.controller.SmsController.send(java.lang.String)
2018-01-06 13:07:09,316 INFO [org.springframework.web.servlet.handler.AbstractHandlerMethodMapping$MappingRegistry:543] Mapped "{[/user/list],methods=[POST]}" onto public com.alpha.commons.web.ResponseMessage com.alpha.user.controller.UserController.list(java.lang.String,int)
2018-01-06 13:07:09,318 INFO [org.springframework.web.servlet.handler.AbstractHandlerMethodMapping$MappingRegistry:543] Mapped "{[/user/query],methods=[POST]}" onto public com.alpha.commons.web.ResponseMessage com.alpha.user.controller.UserController.query(com.alpha.user.pojo.vo.HisUserInfoVo)
2018-01-06 13:07:09,318 INFO [org.springframework.web.servlet.handler.AbstractHandlerMethodMapping$MappingRegistry:543] Mapped "{[/user/auth],methods=[POST]}" onto public com.alpha.commons.web.ResponseMessage com.alpha.user.controller.UserController.authorization(java.lang.String,java.lang.Integer,java.lang.Integer)
2018-01-06 13:07:09,320 INFO [org.springframework.web.servlet.handler.AbstractHandlerMethodMapping$MappingRegistry:543] Mapped "{[/user/save],methods=[POST]}" onto public com.alpha.commons.web.ResponseMessage com.alpha.user.controller.UserController.saveUserInfo(java.lang.String)
2018-01-06 13:07:09,364 INFO [org.springframework.web.servlet.handler.AbstractHandlerMethodMapping$MappingRegistry:543] Mapped "{[/error]}" onto public org.springframework.http.ResponseEntity<java.util.Map<java.lang.String, java.lang.Object>> org.springframework.boot.autoconfigure.web.BasicErrorController.error(javax.servlet.http.HttpServletRequest)
2018-01-06 13:07:09,366 INFO [org.springframework.web.servlet.handler.AbstractHandlerMethodMapping$MappingRegistry:543] Mapped "{[/error],produces=[text/html]}" onto public org.springframework.web.servlet.ModelAndView org.springframework.boot.autoconfigure.web.BasicErrorController.errorHtml(javax.servlet.http.HttpServletRequest,javax.servlet.http.HttpServletResponse)
2018-01-06 13:07:10,831 INFO [org.springframework.web.servlet.mvc.method.annotation.RequestMappingHandlerAdapter:534] Looking for @ControllerAdvice: org.springframework.boot.context.embedded.AnnotationConfigEmbeddedWebApplicationContext@6061bde0: startup date [Sat Jan 06 13:06:33 CST 2018]; parent: org.springframework.context.annotation.AnnotationConfigApplicationContext@6cd28f38
2018-01-06 13:07:11,527 INFO [org.springframework.web.servlet.mvc.method.annotation.ExceptionHandlerExceptionResolver:273] Detected @ExceptionHandler methods in controllerEnhancerment
2018-01-06 13:07:15,917 WARN [com.netflix.config.sources.URLConfigurationSource:121] No URLs will be polled as dynamic configuration sources.
2018-01-06 13:07:15,918 INFO [com.netflix.config.sources.URLConfigurationSource:122] To enable URLs as dynamic configuration sources, define System property archaius.configurationSource.additionalUrls or make config.properties available on classpath.
2018-01-06 13:07:15,935 WARN [com.netflix.config.sources.URLConfigurationSource:121] No URLs will be polled as dynamic configuration sources.
2018-01-06 13:07:15,936 INFO [com.netflix.config.sources.URLConfigurationSource:122] To enable URLs as dynamic configuration sources, define System property archaius.configurationSource.additionalUrls or make config.properties available on classpath.
2018-01-06 13:07:18,902 INFO [com.atomikos.logging.Slf4jLogger:16] Using Slf4J for logging.
2018-01-06 13:07:18,903 WARN [com.atomikos.logging.Slf4jLogger:12] No properties path set - looking for transactions.properties in classpath...
2018-01-06 13:07:18,909 WARN [com.atomikos.logging.Slf4jLogger:12] transactions.properties not found - looking for jta.properties in classpath...
2018-01-06 13:07:18,911 WARN [com.atomikos.logging.Slf4jLogger:12] Failed to open transactions properties file - using default values
2018-01-06 13:07:19,066 INFO [com.atomikos.logging.Slf4jLogger:16] com.atomikos.persistence.imp.WriteAheadObjectLog instantiation failed - falling back to default
2018-01-06 13:07:19,074 INFO [com.atomikos.logging.Slf4jLogger:16] Starting read of logfile F:\iebm\workspace\alpha\branch\v1.0.3\alpha\alpha-self-diagnosis\transaction-logs\tmlog17.log
2018-01-06 13:07:19,075 INFO [com.atomikos.logging.Slf4jLogger:16] Done read of logfile
2018-01-06 13:07:19,077 INFO [com.atomikos.logging.Slf4jLogger:16] Logfile closed: F:\iebm\workspace\alpha\branch\v1.0.3\alpha\alpha-self-diagnosis\transaction-logs\tmlog17.log
2018-01-06 13:07:19,113 INFO [com.atomikos.logging.Slf4jLogger:16] USING core version: 3.9.3
2018-01-06 13:07:19,113 INFO [com.atomikos.logging.Slf4jLogger:16] USING com.atomikos.icatch.automatic_resource_registration = true
2018-01-06 13:07:19,114 INFO [com.atomikos.logging.Slf4jLogger:16] USING com.atomikos.icatch.client_demarcation = false
2018-01-06 13:07:19,114 INFO [com.atomikos.logging.Slf4jLogger:16] USING com.atomikos.icatch.threaded_2pc = false
2018-01-06 13:07:19,115 INFO [com.atomikos.logging.Slf4jLogger:16] USING com.atomikos.icatch.serial_jta_transactions = true
2018-01-06 13:07:19,115 INFO [com.atomikos.logging.Slf4jLogger:16] USING com.atomikos.icatch.serializable_logging = true
2018-01-06 13:07:19,115 INFO [com.atomikos.logging.Slf4jLogger:16] USING com.atomikos.icatch.log_base_dir = F:\iebm\workspace\alpha\branch\v1.0.3\alpha\alpha-self-diagnosis\transaction-logs
2018-01-06 13:07:19,115 INFO [com.atomikos.logging.Slf4jLogger:16] USING com.atomikos.icatch.max_actives = 50
2018-01-06 13:07:19,115 INFO [com.atomikos.logging.Slf4jLogger:16] USING com.atomikos.icatch.checkpoint_interval = 500
2018-01-06 13:07:19,116 INFO [com.atomikos.logging.Slf4jLogger:16] USING com.atomikos.icatch.enable_logging = true
2018-01-06 13:07:19,116 INFO [com.atomikos.logging.Slf4jLogger:16] USING com.atomikos.icatch.output_dir = .\
2018-01-06 13:07:19,116 INFO [com.atomikos.logging.Slf4jLogger:16] USING com.atomikos.icatch.log_base_name = tmlog
2018-01-06 13:07:19,118 INFO [com.atomikos.logging.Slf4jLogger:16] USING com.atomikos.icatch.max_timeout = 300000
2018-01-06 13:07:19,118 INFO [com.atomikos.logging.Slf4jLogger:16] USING com.atomikos.icatch.tm_unique_name = 192.168.29.54.tm
2018-01-06 13:07:19,118 INFO [com.atomikos.logging.Slf4jLogger:16] USING java.naming.factory.initial = com.sun.jndi.rmi.registry.RegistryContextFactory
2018-01-06 13:07:19,119 INFO [com.atomikos.logging.Slf4jLogger:16] USING java.naming.provider.url = rmi://localhost:1099
2018-01-06 13:07:19,119 INFO [com.atomikos.logging.Slf4jLogger:16] USING com.atomikos.icatch.service = com.atomikos.icatch.standalone.UserTransactionServiceFactory
2018-01-06 13:07:19,119 INFO [com.atomikos.logging.Slf4jLogger:16] USING com.atomikos.icatch.force_shutdown_on_vm_exit = false
2018-01-06 13:07:19,120 INFO [com.atomikos.logging.Slf4jLogger:16] USING com.atomikos.icatch.default_jta_timeout = 10000
2018-01-06 13:07:19,531 INFO [org.springframework.transaction.jta.JtaTransactionManager:490] Using JTA UserTransaction: com.atomikos.icatch.jta.UserTransactionManager@273b7d98
2018-01-06 13:07:19,532 INFO [org.springframework.transaction.jta.JtaTransactionManager:501] Using JTA TransactionManager: com.atomikos.icatch.jta.UserTransactionManager@273b7d98
2018-01-06 13:07:26,097 INFO [org.springframework.boot.devtools.autoconfigure.OptionalLiveReloadServer:58] LiveReload server is running on port 35729
2018-01-06 13:07:28,327 INFO [org.springframework.jmx.export.MBeanExporter:431] Registering beans for JMX exposure on startup
2018-01-06 13:07:28,340 INFO [org.springframework.jmx.export.MBeanExporter:916] Bean with name 'dataSource' has been autodetected for JMX exposure
2018-01-06 13:07:28,410 INFO [org.springframework.jmx.export.MBeanExporter:916] Bean with name 'environmentManager' has been autodetected for JMX exposure
2018-01-06 13:07:28,416 INFO [org.springframework.jmx.export.MBeanExporter:916] Bean with name 'configurationPropertiesRebinder' has been autodetected for JMX exposure
2018-01-06 13:07:28,419 INFO [org.springframework.jmx.export.MBeanExporter:916] Bean with name 'refreshScope' has been autodetected for JMX exposure
2018-01-06 13:07:28,433 INFO [org.springframework.jmx.export.MBeanExporter:678] Located managed bean 'environmentManager': registering with JMX server as MBean [org.springframework.cloud.context.environment:name=environmentManager,type=EnvironmentManager]
2018-01-06 13:07:28,537 INFO [org.springframework.jmx.export.MBeanExporter:678] Located managed bean 'refreshScope': registering with JMX server as MBean [org.springframework.cloud.context.scope.refresh:name=refreshScope,type=RefreshScope]
2018-01-06 13:07:28,678 INFO [org.springframework.jmx.export.MBeanExporter:678] Located managed bean 'configurationPropertiesRebinder': registering with JMX server as MBean [org.springframework.cloud.context.properties:name=configurationPropertiesRebinder,context=6061bde0,type=ConfigurationPropertiesRebinder]
2018-01-06 13:07:28,723 INFO [org.springframework.jmx.export.MBeanExporter:671] Located MBean 'dataSource': registering with JMX server as MBean [com.alibaba.druid.pool:name=dataSource,type=DruidDataSource]
2018-01-06 13:07:29,259 INFO [org.springframework.context.support.DefaultLifecycleProcessor$LifecycleGroup:343] Starting beans in phase 0
2018-01-06 13:07:29,290 INFO [org.springframework.cloud.netflix.eureka.InstanceInfoFactory:70] Setting initial instance status as: STARTING
2018-01-06 13:07:29,523 INFO [com.netflix.discovery.DiscoveryClient:344] Initializing Eureka in region us-east-1
2018-01-06 13:07:30,516 INFO [com.netflix.discovery.provider.DiscoveryJerseyProvider:70] Using JSON encoding codec LegacyJacksonJson
2018-01-06 13:07:30,517 INFO [com.netflix.discovery.provider.DiscoveryJerseyProvider:71] Using JSON decoding codec LegacyJacksonJson
2018-01-06 13:07:31,065 INFO [com.netflix.discovery.provider.DiscoveryJerseyProvider:80] Using XML encoding codec XStreamXml
2018-01-06 13:07:31,066 INFO [com.netflix.discovery.provider.DiscoveryJerseyProvider:81] Using XML decoding codec XStreamXml
2018-01-06 13:07:32,546 INFO [com.netflix.discovery.shared.resolver.aws.ConfigClusterResolver:43] Resolving eureka endpoints via configuration
2018-01-06 13:07:32,701 INFO [com.netflix.discovery.DiscoveryClient:920] Disable delta property : false
2018-01-06 13:07:32,702 INFO [com.netflix.discovery.DiscoveryClient:921] Single vip registry refresh property : null
2018-01-06 13:07:32,703 INFO [com.netflix.discovery.DiscoveryClient:922] Force full registry fetch : false
2018-01-06 13:07:32,705 INFO [com.netflix.discovery.DiscoveryClient:923] Application is null : false
2018-01-06 13:07:32,706 INFO [com.netflix.discovery.DiscoveryClient:924] Registered Applications size is zero : true
2018-01-06 13:07:32,706 INFO [com.netflix.discovery.DiscoveryClient:926] Application version is -1: true
2018-01-06 13:07:32,707 INFO [com.netflix.discovery.DiscoveryClient:1009] Getting all instance registry info from the eureka server
2018-01-06 13:07:33,205 INFO [com.netflix.discovery.DiscoveryClient:1018] The response status is 200
2018-01-06 13:07:33,209 INFO [com.netflix.discovery.DiscoveryClient:1244] Starting heartbeat executor: renew interval is: 5
2018-01-06 13:07:33,218 INFO [com.netflix.discovery.InstanceInfoReplicator:59] InstanceInfoReplicator onDemand update allowed rate per min is 4
2018-01-06 13:07:33,230 INFO [com.netflix.discovery.DiscoveryClient:425] Discovery Client initialized at timestamp 1515215253229 with initial instances count: 0
2018-01-06 13:07:33,684 INFO [org.springframework.cloud.netflix.eureka.serviceregistry.EurekaServiceRegistry:40] Registering application alpha-self-diagnosis with eureka with status UP
2018-01-06 13:07:33,689 INFO [com.netflix.discovery.DiscoveryClient$3:1279] Saw local status change event StatusChangeEvent [timestamp=1515215253689, current=UP, previous=STARTING]
2018-01-06 13:07:33,737 INFO [org.springframework.scheduling.annotation.ScheduledAnnotationBeanPostProcessor:262] No TaskScheduler/ScheduledExecutorService bean found for scheduled processing
2018-01-06 13:07:34,449 INFO [org.apache.juli.logging.DirectJDKLog:179] Initializing ProtocolHandler ["http-nio-19092"]
2018-01-06 13:07:34,542 INFO [org.apache.juli.logging.DirectJDKLog:179] Starting ProtocolHandler ["http-nio-19092"]
2018-01-06 13:07:34,554 INFO [com.netflix.discovery.DiscoveryClient:795] DiscoveryClient_ALPHA-SELF-DIAGNOSIS/PC-20160606PUVI:alpha-self-diagnosis:19092: registering service...
2018-01-06 13:07:34,713 INFO [org.apache.juli.logging.DirectJDKLog:179] Using a shared selector for servlet write/read
2018-01-06 13:07:34,896 INFO [org.springframework.boot.context.embedded.tomcat.TomcatEmbeddedServletContainer:201] Tomcat started on port(s): 19092 (http)
2018-01-06 13:07:34,900 INFO [org.springframework.cloud.netflix.eureka.serviceregistry.EurekaAutoServiceRegistration:117] Updating port to 19092
2018-01-06 13:07:34,917 INFO [org.springframework.boot.StartupInfoLogger:57] Started AlphaApplication in 65.562 seconds (JVM running for 67.205)
2018-01-06 13:07:35,036 INFO [com.netflix.discovery.DiscoveryClient:804] DiscoveryClient_ALPHA-SELF-DIAGNOSIS/PC-20160606PUVI:alpha-self-diagnosis:19092 - registration status: 204
2018-01-06 13:07:38,210 INFO [com.netflix.discovery.DiscoveryClient:920] Disable delta property : false
2018-01-06 13:07:38,211 INFO [com.netflix.discovery.DiscoveryClient:921] Single vip registry refresh property : null
2018-01-06 13:07:38,212 INFO [com.netflix.discovery.DiscoveryClient:922] Force full registry fetch : false
2018-01-06 13:07:38,212 INFO [com.netflix.discovery.DiscoveryClient:923] Application is null : false
2018-01-06 13:07:38,213 INFO [com.netflix.discovery.DiscoveryClient:924] Registered Applications size is zero : true
2018-01-06 13:07:38,213 INFO [com.netflix.discovery.DiscoveryClient:926] Application version is -1: false
2018-01-06 13:07:38,214 INFO [com.netflix.discovery.DiscoveryClient:1009] Getting all instance registry info from the eureka server
2018-01-06 13:07:38,219 INFO [com.netflix.discovery.DiscoveryClient:1018] The response status is 200
2018-01-06 13:07:43,229 INFO [com.netflix.discovery.DiscoveryClient:920] Disable delta property : false
2018-01-06 13:07:43,230 INFO [com.netflix.discovery.DiscoveryClient:921] Single vip registry refresh property : null
2018-01-06 13:07:43,230 INFO [com.netflix.discovery.DiscoveryClient:922] Force full registry fetch : false
2018-01-06 13:07:43,230 INFO [com.netflix.discovery.DiscoveryClient:923] Application is null : false
2018-01-06 13:07:43,231 INFO [com.netflix.discovery.DiscoveryClient:924] Registered Applications size is zero : true
2018-01-06 13:07:43,231 INFO [com.netflix.discovery.DiscoveryClient:926] Application version is -1: false
2018-01-06 13:07:43,231 INFO [com.netflix.discovery.DiscoveryClient:1009] Getting all instance registry info from the eureka server
2018-01-06 13:07:43,235 INFO [com.netflix.discovery.DiscoveryClient:1018] The response status is 200
2018-01-06 13:07:48,237 INFO [com.netflix.discovery.DiscoveryClient:920] Disable delta property : false
2018-01-06 13:07:48,237 INFO [com.netflix.discovery.DiscoveryClient:921] Single vip registry refresh property : null
2018-01-06 13:07:48,238 INFO [com.netflix.discovery.DiscoveryClient:922] Force full registry fetch : false
2018-01-06 13:07:48,238 INFO [com.netflix.discovery.DiscoveryClient:923] Application is null : false
2018-01-06 13:07:48,238 INFO [com.netflix.discovery.DiscoveryClient:924] Registered Applications size is zero : true
2018-01-06 13:07:48,239 INFO [com.netflix.discovery.DiscoveryClient:926] Application version is -1: false
2018-01-06 13:07:48,239 INFO [com.netflix.discovery.DiscoveryClient:1009] Getting all instance registry info from the eureka server
2018-01-06 13:07:48,242 INFO [com.netflix.discovery.DiscoveryClient:1018] The response status is 200
2018-01-06 13:07:53,246 INFO [com.netflix.discovery.DiscoveryClient:920] Disable delta property : false
2018-01-06 13:07:53,246 INFO [com.netflix.discovery.DiscoveryClient:921] Single vip registry refresh property : null
2018-01-06 13:07:53,246 INFO [com.netflix.discovery.DiscoveryClient:922] Force full registry fetch : false
2018-01-06 13:07:53,247 INFO [com.netflix.discovery.DiscoveryClient:923] Application is null : false
2018-01-06 13:07:53,247 INFO [com.netflix.discovery.DiscoveryClient:924] Registered Applications size is zero : true
2018-01-06 13:07:53,247 INFO [com.netflix.discovery.DiscoveryClient:926] Application version is -1: false
2018-01-06 13:07:53,248 INFO [com.netflix.discovery.DiscoveryClient:1009] Getting all instance registry info from the eureka server
2018-01-06 13:07:53,269 INFO [com.netflix.discovery.DiscoveryClient:1018] The response status is 200
2018-01-06 13:07:58,272 INFO [com.netflix.discovery.DiscoveryClient:920] Disable delta property : false
2018-01-06 13:07:58,273 INFO [com.netflix.discovery.DiscoveryClient:921] Single vip registry refresh property : null
2018-01-06 13:07:58,273 INFO [com.netflix.discovery.DiscoveryClient:922] Force full registry fetch : false
2018-01-06 13:07:58,274 INFO [com.netflix.discovery.DiscoveryClient:923] Application is null : false
2018-01-06 13:07:58,274 INFO [com.netflix.discovery.DiscoveryClient:924] Registered Applications size is zero : true
2018-01-06 13:07:58,275 INFO [com.netflix.discovery.DiscoveryClient:926] Application version is -1: false
2018-01-06 13:07:58,275 INFO [com.netflix.discovery.DiscoveryClient:1009] Getting all instance registry info from the eureka server
2018-01-06 13:07:58,280 INFO [com.netflix.discovery.DiscoveryClient:1018] The response status is 200
2018-01-06 13:08:03,282 INFO [com.netflix.discovery.DiscoveryClient:920] Disable delta property : false
2018-01-06 13:08:03,283 INFO [com.netflix.discovery.DiscoveryClient:921] Single vip registry refresh property : null
2018-01-06 13:08:03,284 INFO [com.netflix.discovery.DiscoveryClient:922] Force full registry fetch : false
2018-01-06 13:08:03,285 INFO [com.netflix.discovery.DiscoveryClient:923] Application is null : false
2018-01-06 13:08:03,285 INFO [com.netflix.discovery.DiscoveryClient:924] Registered Applications size is zero : true
2018-01-06 13:08:03,286 INFO [com.netflix.discovery.DiscoveryClient:926] Application version is -1: false
2018-01-06 13:08:03,286 INFO [com.netflix.discovery.DiscoveryClient:1009] Getting all instance registry info from the eureka server
2018-01-06 13:08:03,290 INFO [com.netflix.discovery.DiscoveryClient:1018] The response status is 200
2018-01-06 13:08:08,293 INFO [com.netflix.discovery.DiscoveryClient:920] Disable delta property : false
2018-01-06 13:08:08,294 INFO [com.netflix.discovery.DiscoveryClient:921] Single vip registry refresh property : null
2018-01-06 13:08:08,294 INFO [com.netflix.discovery.DiscoveryClient:922] Force full registry fetch : false
2018-01-06 13:08:08,294 INFO [com.netflix.discovery.DiscoveryClient:923] Application is null : false
2018-01-06 13:08:08,295 INFO [com.netflix.discovery.DiscoveryClient:924] Registered Applications size is zero : true
2018-01-06 13:08:08,295 INFO [com.netflix.discovery.DiscoveryClient:926] Application version is -1: false
2018-01-06 13:08:08,295 INFO [com.netflix.discovery.DiscoveryClient:1009] Getting all instance registry info from the eureka server
2018-01-06 13:08:08,385 INFO [com.netflix.discovery.DiscoveryClient:1018] The response status is 200
2018-01-06 13:10:00,103 INFO [com.atomikos.logging.Slf4jLogger:16] THREADS: using JDK thread pooling...
2018-01-06 13:10:00,162 INFO [com.atomikos.logging.Slf4jLogger:16] createCompositeTransaction ( 10000 ): created new ROOT transaction with id 192.168.29.54.tm0000100019
2018-01-06 13:10:00,230 INFO [org.apache.juli.logging.DirectJDKLog:179] Initializing Spring FrameworkServlet 'dispatcherServlet'
2018-01-06 13:10:00,231 INFO [org.springframework.web.servlet.FrameworkServlet:489] FrameworkServlet 'dispatcherServlet': initialization started
2018-01-06 13:10:00,673 INFO [org.springframework.web.servlet.FrameworkServlet:508] FrameworkServlet 'dispatcherServlet': initialization completed in 442 ms
2018-01-06 13:10:01,210 INFO [com.atomikos.logging.Slf4jLogger:16] createCompositeTransaction ( 10000 ): created new ROOT transaction with id 192.168.29.54.tm0000200019
2018-01-06 13:10:01,801 INFO [com.atomikos.logging.Slf4jLogger:16] commit() done (by application) of transaction 192.168.29.54.tm0000200019
2018-01-06 13:10:01,801 INFO [com.atomikos.logging.Slf4jLogger:16] commit() done (by application) of transaction 192.168.29.54.tm0000100019
2018-01-06 13:12:32,733 INFO [com.netflix.discovery.shared.resolver.aws.ConfigClusterResolver:43] Resolving eureka endpoints via configuration
2018-01-06 13:12:50,454 INFO [com.atomikos.logging.Slf4jLogger:16] createCompositeTransaction ( 10000 ): created new ROOT transaction with id 192.168.29.54.tm0000300019
2018-01-06 13:12:50,463 INFO [com.atomikos.logging.Slf4jLogger:16] commit() done (by application) of transaction 192.168.29.54.tm0000300019
2018-01-06 13:59:38,579 INFO [com.alpha.self.diagnosis.AlphaApplication:41] SpringApplicationBuilder run .... 
2018-01-06 13:59:39,236 INFO [com.alpha.self.diagnosis.AlphaApplication:41] SpringApplicationBuilder run .... 
2018-01-06 13:59:40,585 INFO [org.springframework.context.support.AbstractApplicationContext:583] Refreshing org.springframework.context.annotation.AnnotationConfigApplicationContext@60765981: startup date [Sat Jan 06 13:59:40 CST 2018]; root of context hierarchy
2018-01-06 13:59:40,896 INFO [org.hibernate.validator.internal.util.Version:30] HV000001: Hibernate Validator 5.3.5.Final
2018-01-06 13:59:41,472 INFO [org.springframework.beans.factory.annotation.AutowiredAnnotationBeanPostProcessor:155] JSR-330 'javax.inject.Inject' annotation found and supported for autowiring
2018-01-06 13:59:41,607 INFO [org.springframework.context.support.PostProcessorRegistrationDelegate$BeanPostProcessorChecker:325] Bean 'configurationPropertiesRebinderAutoConfiguration' of type [org.springframework.cloud.autoconfigure.ConfigurationPropertiesRebinderAutoConfiguration$$EnhancerBySpringCGLIB$$45efc695] is not eligible for getting processed by all BeanPostProcessors (for example: not eligible for auto-proxying)
2018-01-06 13:59:42,880 INFO [org.springframework.boot.SpringApplication:597] The following profiles are active: core
2018-01-06 13:59:42,954 INFO [org.springframework.context.support.AbstractApplicationContext:583] Refreshing org.springframework.boot.context.embedded.AnnotationConfigEmbeddedWebApplicationContext@390124ce: startup date [Sat Jan 06 13:59:42 CST 2018]; parent: org.springframework.context.annotation.AnnotationConfigApplicationContext@60765981
2018-01-06 13:59:51,816 INFO [org.springframework.cloud.context.scope.GenericScope:263] BeanFactory id=f6c3a255-eab7-3441-823b-5b28697bc869
2018-01-06 13:59:51,928 INFO [com.alpha.self.diagnosis.processor.spring.BeanScannerConfigurer:28] 初始化 BasicAnswerProcessor  服务配置
2018-01-06 13:59:51,986 INFO [org.springframework.beans.factory.support.DefaultListableBeanFactory:828] Overriding bean definition for bean 'allergicHistoryAnswerProcessor' with a different definition: replacing [Generic bean: class [com.alpha.self.diagnosis.processor.AllergicHistoryAnswerProcessor]; scope=singleton; abstract=false; lazyInit=false; autowireMode=0; dependencyCheck=0; autowireCandidate=true; primary=false; factoryBeanName=null; factoryMethodName=null; initMethodName=null; destroyMethodName=null; defined in file [F:\iebm\workspace\alpha\branch\v1.0.3\alpha\alpha-self-diagnosis\target\classes\com\alpha\self\diagnosis\processor\AllergicHistoryAnswerProcessor.class]] with [Generic bean: class [com.alpha.self.diagnosis.processor.AllergicHistoryAnswerProcessor]; scope=singleton; abstract=false; lazyInit=false; autowireMode=0; dependencyCheck=0; autowireCandidate=true; primary=false; factoryBeanName=null; factoryMethodName=null; initMethodName=null; destroyMethodName=null; defined in file [F:\iebm\workspace\alpha\branch\v1.0.3\alpha\alpha-self-diagnosis\target\classes\com\alpha\self\diagnosis\processor\AllergicHistoryAnswerProcessor.class]]
2018-01-06 13:59:51,987 INFO [org.springframework.beans.factory.support.DefaultListableBeanFactory:828] Overriding bean definition for bean 'birthProcessor' with a different definition: replacing [Generic bean: class [com.alpha.self.diagnosis.processor.BirthProcessor]; scope=singleton; abstract=false; lazyInit=false; autowireMode=0; dependencyCheck=0; autowireCandidate=true; primary=false; factoryBeanName=null; factoryMethodName=null; initMethodName=null; destroyMethodName=null; defined in file [F:\iebm\workspace\alpha\branch\v1.0.3\alpha\alpha-self-diagnosis\target\classes\com\alpha\self\diagnosis\processor\BirthProcessor.class]] with [Generic bean: class [com.alpha.self.diagnosis.processor.BirthProcessor]; scope=singleton; abstract=false; lazyInit=false; autowireMode=0; dependencyCheck=0; autowireCandidate=true; primary=false; factoryBeanName=null; factoryMethodName=null; initMethodName=null; destroyMethodName=null; defined in file [F:\iebm\workspace\alpha\branch\v1.0.3\alpha\alpha-self-diagnosis\target\classes\com\alpha\self\diagnosis\processor\BirthProcessor.class]]
2018-01-06 13:59:52,000 INFO [org.springframework.beans.factory.support.DefaultListableBeanFactory:828] Overriding bean definition for bean 'liverRenalProcessor' with a different definition: replacing [Generic bean: class [com.alpha.self.diagnosis.processor.LiverRenalProcessor]; scope=singleton; abstract=false; lazyInit=false; autowireMode=0; dependencyCheck=0; autowireCandidate=true; primary=false; factoryBeanName=null; factoryMethodName=null; initMethodName=null; destroyMethodName=null; defined in file [F:\iebm\workspace\alpha\branch\v1.0.3\alpha\alpha-self-diagnosis\target\classes\com\alpha\self\diagnosis\processor\LiverRenalProcessor.class]] with [Generic bean: class [com.alpha.self.diagnosis.processor.LiverRenalProcessor]; scope=singleton; abstract=false; lazyInit=false; autowireMode=0; dependencyCheck=0; autowireCandidate=true; primary=false; factoryBeanName=null; factoryMethodName=null; initMethodName=null; destroyMethodName=null; defined in file [F:\iebm\workspace\alpha\branch\v1.0.3\alpha\alpha-self-diagnosis\target\classes\com\alpha\self\diagnosis\processor\LiverRenalProcessor.class]]
2018-01-06 13:59:52,001 INFO [org.springframework.beans.factory.support.DefaultListableBeanFactory:828] Overriding bean definition for bean 'normalAnswerProcessor' with a different definition: replacing [Generic bean: class [com.alpha.self.diagnosis.processor.NormalAnswerProcessor]; scope=singleton; abstract=false; lazyInit=false; autowireMode=0; dependencyCheck=0; autowireCandidate=true; primary=false; factoryBeanName=null; factoryMethodName=null; initMethodName=null; destroyMethodName=null; defined in file [F:\iebm\workspace\alpha\branch\v1.0.3\alpha\alpha-self-diagnosis\target\classes\com\alpha\self\diagnosis\processor\NormalAnswerProcessor.class]] with [Generic bean: class [com.alpha.self.diagnosis.processor.NormalAnswerProcessor]; scope=singleton; abstract=false; lazyInit=false; autowireMode=0; dependencyCheck=0; autowireCandidate=true; primary=false; factoryBeanName=null; factoryMethodName=null; initMethodName=null; destroyMethodName=null; defined in file [F:\iebm\workspace\alpha\branch\v1.0.3\alpha\alpha-self-diagnosis\target\classes\com\alpha\self\diagnosis\processor\NormalAnswerProcessor.class]]
2018-01-06 13:59:52,002 INFO [org.springframework.beans.factory.support.DefaultListableBeanFactory:828] Overriding bean definition for bean 'pastmedicalHistoryProcessor' with a different definition: replacing [Generic bean: class [com.alpha.self.diagnosis.processor.PastmedicalHistoryProcessor]; scope=singleton; abstract=false; lazyInit=false; autowireMode=0; dependencyCheck=0; autowireCandidate=true; primary=false; factoryBeanName=null; factoryMethodName=null; initMethodName=null; destroyMethodName=null; defined in file [F:\iebm\workspace\alpha\branch\v1.0.3\alpha\alpha-self-diagnosis\target\classes\com\alpha\self\diagnosis\processor\PastmedicalHistoryProcessor.class]] with [Generic bean: class [com.alpha.self.diagnosis.processor.PastmedicalHistoryProcessor]; scope=singleton; abstract=false; lazyInit=false; autowireMode=0; dependencyCheck=0; autowireCandidate=true; primary=false; factoryBeanName=null; factoryMethodName=null; initMethodName=null; destroyMethodName=null; defined in file [F:\iebm\workspace\alpha\branch\v1.0.3\alpha\alpha-self-diagnosis\target\classes\com\alpha\self\diagnosis\processor\PastmedicalHistoryProcessor.class]]
2018-01-06 13:59:52,003 INFO [org.springframework.beans.factory.support.DefaultListableBeanFactory:828] Overriding bean definition for bean 'weightProcessor' with a different definition: replacing [Generic bean: class [com.alpha.self.diagnosis.processor.WeightProcessor]; scope=singleton; abstract=false; lazyInit=false; autowireMode=0; dependencyCheck=0; autowireCandidate=true; primary=false; factoryBeanName=null; factoryMethodName=null; initMethodName=null; destroyMethodName=null; defined in file [F:\iebm\workspace\alpha\branch\v1.0.3\alpha\alpha-self-diagnosis\target\classes\com\alpha\self\diagnosis\processor\WeightProcessor.class]] with [Generic bean: class [com.alpha.self.diagnosis.processor.WeightProcessor]; scope=singleton; abstract=false; lazyInit=false; autowireMode=0; dependencyCheck=0; autowireCandidate=true; primary=false; factoryBeanName=null; factoryMethodName=null; initMethodName=null; destroyMethodName=null; defined in file [F:\iebm\workspace\alpha\branch\v1.0.3\alpha\alpha-self-diagnosis\target\classes\com\alpha\self\diagnosis\processor\WeightProcessor.class]]
2018-01-06 13:59:52,008 INFO [com.alpha.self.diagnosis.processor.spring.BeanScannerConfigurer:32] 初始化 BasicAnswerProcessor 完成
2018-01-06 13:59:52,974 INFO [org.springframework.beans.factory.annotation.AutowiredAnnotationBeanPostProcessor:155] JSR-330 'javax.inject.Inject' annotation found and supported for autowiring
2018-01-06 13:59:53,688 INFO [org.springframework.context.support.PostProcessorRegistrationDelegate$BeanPostProcessorChecker:325] Bean 'org.springframework.transaction.annotation.ProxyTransactionManagementConfiguration' of type [org.springframework.transaction.annotation.ProxyTransactionManagementConfiguration$$EnhancerBySpringCGLIB$$29d5c398] is not eligible for getting processed by all BeanPostProcessors (for example: not eligible for auto-proxying)
2018-01-06 13:59:54,377 INFO [org.springframework.context.support.PostProcessorRegistrationDelegate$BeanPostProcessorChecker:325] Bean 'org.springframework.cloud.autoconfigure.ConfigurationPropertiesRebinderAutoConfiguration' of type [org.springframework.cloud.autoconfigure.ConfigurationPropertiesRebinderAutoConfiguration$$EnhancerBySpringCGLIB$$45efc695] is not eligible for getting processed by all BeanPostProcessors (for example: not eligible for auto-proxying)
2018-01-06 13:59:57,075 INFO [org.springframework.boot.context.embedded.tomcat.TomcatEmbeddedServletContainer:89] Tomcat initialized with port(s): 19092 (http)
2018-01-06 13:59:57,227 INFO [org.apache.juli.logging.DirectJDKLog:179] Starting service [Tomcat]
2018-01-06 13:59:57,230 INFO [org.apache.juli.logging.DirectJDKLog:179] Starting Servlet Engine: Apache Tomcat/8.5.20
2018-01-06 13:59:57,672 INFO [org.apache.juli.logging.DirectJDKLog:179] Initializing Spring embedded WebApplicationContext
2018-01-06 13:59:57,674 INFO [org.springframework.boot.context.embedded.EmbeddedWebApplicationContext:276] Root WebApplicationContext: initialization completed in 14720 ms
