2018-01-06 09:00:00,005 INFO [com.atomikos.logging.Slf4jLogger:16] createCompositeTransaction ( 10000 ): created new ROOT transaction with id 192.168.29.54.tm0018200008
2018-01-06 09:00:00,022 INFO [com.atomikos.logging.Slf4jLogger:16] commit() done (by application) of transaction 192.168.29.54.tm0018200008
2018-01-06 09:00:31,907 INFO [com.netflix.discovery.shared.resolver.aws.ConfigClusterResolver:43] Resolving eureka endpoints via configuration
2018-01-06 09:04:53,450 INFO [org.springframework.context.support.AbstractApplicationContext:984] Closing org.springframework.context.annotation.AnnotationConfigApplicationContext@50f92a07: startup date [Fri Jan 05 17:53:06 CST 2018]; root of context hierarchy
2018-01-06 09:04:53,453 INFO [org.springframework.context.support.AbstractApplicationContext:984] Closing org.springframework.boot.context.embedded.AnnotationConfigEmbeddedWebApplicationContext@364da412: startup date [Fri Jan 05 17:53:17 CST 2018]; parent: org.springframework.context.annotation.AnnotationConfigApplicationContext@50f92a07
2018-01-06 09:04:53,453 INFO [org.springframework.cloud.netflix.eureka.serviceregistry.EurekaServiceRegistry:64] Unregistering application alpha-self-diagnosis with eureka with status DOWN
2018-01-06 09:04:53,454 WARN [com.netflix.discovery.DiscoveryClient$3:1277] Saw local status change event StatusChangeEvent [timestamp=1515200693454, current=DOWN, previous=UP]
2018-01-06 09:04:53,455 INFO [com.netflix.discovery.DiscoveryClient:795] DiscoveryClient_ALPHA-SELF-DIAGNOSIS/PC-20160606PUVI:alpha-self-diagnosis:19092: registering service...
2018-01-06 09:04:53,456 INFO [com.netflix.discovery.DiscoveryClient:852] Shutting down DiscoveryClient ...
2018-01-06 09:04:53,463 INFO [com.netflix.discovery.DiscoveryClient:884] Unregistering ...
2018-01-06 09:04:53,495 INFO [com.netflix.discovery.DiscoveryClient:804] DiscoveryClient_ALPHA-SELF-DIAGNOSIS/PC-20160606PUVI:alpha-self-diagnosis:19092 - registration status: 204
2018-01-06 09:04:53,506 INFO [com.netflix.discovery.DiscoveryClient:886] DiscoveryClient_ALPHA-SELF-DIAGNOSIS/PC-20160606PUVI:alpha-self-diagnosis:19092 - deregister  status: 200
2018-01-06 09:04:53,519 INFO [com.netflix.discovery.DiscoveryClient:873] Completed shut down of DiscoveryClient
2018-01-06 09:04:53,522 INFO [org.springframework.context.support.DefaultLifecycleProcessor$LifecycleGroup:358] Stopping beans in phase 0
2018-01-06 09:04:53,524 INFO [org.springframework.jmx.export.MBeanExporter:449] Unregistering JMX-exposed beans on shutdown
2018-01-06 09:04:53,525 INFO [org.springframework.jmx.support.MBeanRegistrationSupport:241] Unregistering JMX-exposed beans
2018-01-06 09:04:53,527 INFO [com.atomikos.logging.Slf4jLogger:16] Logfile closed: F:\iebm\workspace\alpha\branch\v1.0.3\alpha\alpha-self-diagnosis\transaction-logs\tmlog7.log
2018-01-06 09:04:53,579 WARN [com.netflix.config.sources.URLConfigurationSource:121] No URLs will be polled as dynamic configuration sources.
2018-01-06 09:04:53,579 INFO [com.netflix.config.sources.URLConfigurationSource:122] To enable URLs as dynamic configuration sources, define System property archaius.configurationSource.additionalUrls or make config.properties available on classpath.
2018-01-06 09:06:52,001 INFO [com.alpha.self.diagnosis.AlphaApplication:41] SpringApplicationBuilder run .... 
2018-01-06 09:06:52,573 INFO [com.alpha.self.diagnosis.AlphaApplication:41] SpringApplicationBuilder run .... 
2018-01-06 09:06:54,060 INFO [org.springframework.context.support.AbstractApplicationContext:583] Refreshing org.springframework.context.annotation.AnnotationConfigApplicationContext@60765981: startup date [Sat Jan 06 09:06:54 CST 2018]; root of context hierarchy
2018-01-06 09:06:54,411 INFO [org.hibernate.validator.internal.util.Version:30] HV000001: Hibernate Validator 5.3.5.Final
2018-01-06 09:06:55,140 INFO [org.springframework.beans.factory.annotation.AutowiredAnnotationBeanPostProcessor:155] JSR-330 'javax.inject.Inject' annotation found and supported for autowiring
2018-01-06 09:06:55,377 INFO [org.springframework.context.support.PostProcessorRegistrationDelegate$BeanPostProcessorChecker:325] Bean 'configurationPropertiesRebinderAutoConfiguration' of type [org.springframework.cloud.autoconfigure.ConfigurationPropertiesRebinderAutoConfiguration$$EnhancerBySpringCGLIB$$3ea72fe4] is not eligible for getting processed by all BeanPostProcessors (for example: not eligible for auto-proxying)
2018-01-06 09:06:57,068 INFO [org.springframework.boot.SpringApplication:597] The following profiles are active: core
2018-01-06 09:06:57,176 INFO [org.springframework.context.support.AbstractApplicationContext:583] Refreshing org.springframework.boot.context.embedded.AnnotationConfigEmbeddedWebApplicationContext@3b8053cf: startup date [Sat Jan 06 09:06:57 CST 2018]; parent: org.springframework.context.annotation.AnnotationConfigApplicationContext@60765981
2018-01-06 09:07:09,034 INFO [org.springframework.cloud.context.scope.GenericScope:263] BeanFactory id=f6c3a255-eab7-3441-823b-5b28697bc869
2018-01-06 09:07:09,161 INFO [com.alpha.self.diagnosis.processor.spring.BeanScannerConfigurer:28] 初始化 BasicAnswerProcessor  服务配置
2018-01-06 09:07:09,214 INFO [org.springframework.beans.factory.support.DefaultListableBeanFactory:828] Overriding bean definition for bean 'allergicHistoryAnswerProcessor' with a different definition: replacing [Generic bean: class [com.alpha.self.diagnosis.processor.AllergicHistoryAnswerProcessor]; scope=singleton; abstract=false; lazyInit=false; autowireMode=0; dependencyCheck=0; autowireCandidate=true; primary=false; factoryBeanName=null; factoryMethodName=null; initMethodName=null; destroyMethodName=null; defined in file [F:\iebm\workspace\alpha\branch\v1.0.3\alpha\alpha-self-diagnosis\target\classes\com\alpha\self\diagnosis\processor\AllergicHistoryAnswerProcessor.class]] with [Generic bean: class [com.alpha.self.diagnosis.processor.AllergicHistoryAnswerProcessor]; scope=singleton; abstract=false; lazyInit=false; autowireMode=0; dependencyCheck=0; autowireCandidate=true; primary=false; factoryBeanName=null; factoryMethodName=null; initMethodName=null; destroyMethodName=null; defined in file [F:\iebm\workspace\alpha\branch\v1.0.3\alpha\alpha-self-diagnosis\target\classes\com\alpha\self\diagnosis\processor\AllergicHistoryAnswerProcessor.class]]
2018-01-06 09:07:09,215 INFO [org.springframework.beans.factory.support.DefaultListableBeanFactory:828] Overriding bean definition for bean 'birthProcessor' with a different definition: replacing [Generic bean: class [com.alpha.self.diagnosis.processor.BirthProcessor]; scope=singleton; abstract=false; lazyInit=false; autowireMode=0; dependencyCheck=0; autowireCandidate=true; primary=false; factoryBeanName=null; factoryMethodName=null; initMethodName=null; destroyMethodName=null; defined in file [F:\iebm\workspace\alpha\branch\v1.0.3\alpha\alpha-self-diagnosis\target\classes\com\alpha\self\diagnosis\processor\BirthProcessor.class]] with [Generic bean: class [com.alpha.self.diagnosis.processor.BirthProcessor]; scope=singleton; abstract=false; lazyInit=false; autowireMode=0; dependencyCheck=0; autowireCandidate=true; primary=false; factoryBeanName=null; factoryMethodName=null; initMethodName=null; destroyMethodName=null; defined in file [F:\iebm\workspace\alpha\branch\v1.0.3\alpha\alpha-self-diagnosis\target\classes\com\alpha\self\diagnosis\processor\BirthProcessor.class]]
2018-01-06 09:07:09,216 INFO [org.springframework.beans.factory.support.DefaultListableBeanFactory:828] Overriding bean definition for bean 'liverRenalProcessor' with a different definition: replacing [Generic bean: class [com.alpha.self.diagnosis.processor.LiverRenalProcessor]; scope=singleton; abstract=false; lazyInit=false; autowireMode=0; dependencyCheck=0; autowireCandidate=true; primary=false; factoryBeanName=null; factoryMethodName=null; initMethodName=null; destroyMethodName=null; defined in file [F:\iebm\workspace\alpha\branch\v1.0.3\alpha\alpha-self-diagnosis\target\classes\com\alpha\self\diagnosis\processor\LiverRenalProcessor.class]] with [Generic bean: class [com.alpha.self.diagnosis.processor.LiverRenalProcessor]; scope=singleton; abstract=false; lazyInit=false; autowireMode=0; dependencyCheck=0; autowireCandidate=true; primary=false; factoryBeanName=null; factoryMethodName=null; initMethodName=null; destroyMethodName=null; defined in file [F:\iebm\workspace\alpha\branch\v1.0.3\alpha\alpha-self-diagnosis\target\classes\com\alpha\self\diagnosis\processor\LiverRenalProcessor.class]]
2018-01-06 09:07:09,217 INFO [org.springframework.beans.factory.support.DefaultListableBeanFactory:828] Overriding bean definition for bean 'normalAnswerProcessor' with a different definition: replacing [Generic bean: class [com.alpha.self.diagnosis.processor.NormalAnswerProcessor]; scope=singleton; abstract=false; lazyInit=false; autowireMode=0; dependencyCheck=0; autowireCandidate=true; primary=false; factoryBeanName=null; factoryMethodName=null; initMethodName=null; destroyMethodName=null; defined in file [F:\iebm\workspace\alpha\branch\v1.0.3\alpha\alpha-self-diagnosis\target\classes\com\alpha\self\diagnosis\processor\NormalAnswerProcessor.class]] with [Generic bean: class [com.alpha.self.diagnosis.processor.NormalAnswerProcessor]; scope=singleton; abstract=false; lazyInit=false; autowireMode=0; dependencyCheck=0; autowireCandidate=true; primary=false; factoryBeanName=null; factoryMethodName=null; initMethodName=null; destroyMethodName=null; defined in file [F:\iebm\workspace\alpha\branch\v1.0.3\alpha\alpha-self-diagnosis\target\classes\com\alpha\self\diagnosis\processor\NormalAnswerProcessor.class]]
2018-01-06 09:07:09,217 INFO [org.springframework.beans.factory.support.DefaultListableBeanFactory:828] Overriding bean definition for bean 'pastmedicalHistoryProcessor' with a different definition: replacing [Generic bean: class [com.alpha.self.diagnosis.processor.PastmedicalHistoryProcessor]; scope=singleton; abstract=false; lazyInit=false; autowireMode=0; dependencyCheck=0; autowireCandidate=true; primary=false; factoryBeanName=null; factoryMethodName=null; initMethodName=null; destroyMethodName=null; defined in file [F:\iebm\workspace\alpha\branch\v1.0.3\alpha\alpha-self-diagnosis\target\classes\com\alpha\self\diagnosis\processor\PastmedicalHistoryProcessor.class]] with [Generic bean: class [com.alpha.self.diagnosis.processor.PastmedicalHistoryProcessor]; scope=singleton; abstract=false; lazyInit=false; autowireMode=0; dependencyCheck=0; autowireCandidate=true; primary=false; factoryBeanName=null; factoryMethodName=null; initMethodName=null; destroyMethodName=null; defined in file [F:\iebm\workspace\alpha\branch\v1.0.3\alpha\alpha-self-diagnosis\target\classes\com\alpha\self\diagnosis\processor\PastmedicalHistoryProcessor.class]]
2018-01-06 09:07:09,218 INFO [org.springframework.beans.factory.support.DefaultListableBeanFactory:828] Overriding bean definition for bean 'weightProcessor' with a different definition: replacing [Generic bean: class [com.alpha.self.diagnosis.processor.WeightProcessor]; scope=singleton; abstract=false; lazyInit=false; autowireMode=0; dependencyCheck=0; autowireCandidate=true; primary=false; factoryBeanName=null; factoryMethodName=null; initMethodName=null; destroyMethodName=null; defined in file [F:\iebm\workspace\alpha\branch\v1.0.3\alpha\alpha-self-diagnosis\target\classes\com\alpha\self\diagnosis\processor\WeightProcessor.class]] with [Generic bean: class [com.alpha.self.diagnosis.processor.WeightProcessor]; scope=singleton; abstract=false; lazyInit=false; autowireMode=0; dependencyCheck=0; autowireCandidate=true; primary=false; factoryBeanName=null; factoryMethodName=null; initMethodName=null; destroyMethodName=null; defined in file [F:\iebm\workspace\alpha\branch\v1.0.3\alpha\alpha-self-diagnosis\target\classes\com\alpha\self\diagnosis\processor\WeightProcessor.class]]
2018-01-06 09:07:09,234 INFO [com.alpha.self.diagnosis.processor.spring.BeanScannerConfigurer:32] 初始化 BasicAnswerProcessor 完成
2018-01-06 09:07:10,410 INFO [org.springframework.beans.factory.annotation.AutowiredAnnotationBeanPostProcessor:155] JSR-330 'javax.inject.Inject' annotation found and supported for autowiring
2018-01-06 09:07:11,303 INFO [org.springframework.context.support.PostProcessorRegistrationDelegate$BeanPostProcessorChecker:325] Bean 'org.springframework.transaction.annotation.ProxyTransactionManagementConfiguration' of type [org.springframework.transaction.annotation.ProxyTransactionManagementConfiguration$$EnhancerBySpringCGLIB$$228d2ce7] is not eligible for getting processed by all BeanPostProcessors (for example: not eligible for auto-proxying)
2018-01-06 09:07:12,231 INFO [org.springframework.context.support.PostProcessorRegistrationDelegate$BeanPostProcessorChecker:325] Bean 'org.springframework.cloud.autoconfigure.ConfigurationPropertiesRebinderAutoConfiguration' of type [org.springframework.cloud.autoconfigure.ConfigurationPropertiesRebinderAutoConfiguration$$EnhancerBySpringCGLIB$$3ea72fe4] is not eligible for getting processed by all BeanPostProcessors (for example: not eligible for auto-proxying)
2018-01-06 09:07:15,245 INFO [org.springframework.boot.context.embedded.tomcat.TomcatEmbeddedServletContainer:89] Tomcat initialized with port(s): 19092 (http)
2018-01-06 09:07:15,420 INFO [org.apache.juli.logging.DirectJDKLog:179] Starting service [Tomcat]
2018-01-06 09:07:15,422 INFO [org.apache.juli.logging.DirectJDKLog:179] Starting Servlet Engine: Apache Tomcat/8.5.20
2018-01-06 09:07:15,922 INFO [org.apache.juli.logging.DirectJDKLog:179] Initializing Spring embedded WebApplicationContext
2018-01-06 09:07:15,923 INFO [org.springframework.boot.context.embedded.EmbeddedWebApplicationContext:276] Root WebApplicationContext: initialization completed in 18747 ms
2018-01-06 09:07:18,806 INFO [org.springframework.boot.web.servlet.ServletRegistrationBean:190] Mapping servlet: 'dispatcherServlet' to [/]
2018-01-06 09:07:18,813 INFO [org.springframework.boot.web.servlet.ServletRegistrationBean:190] Mapping servlet: 'com.alpha.commons.config.servlet.DruidStatViewServlet' to [/druid/*]
2018-01-06 09:07:18,839 INFO [org.springframework.boot.web.servlet.AbstractFilterRegistrationBean:258] Mapping filter: 'characterEncodingFilter' to: [/*]
2018-01-06 09:07:18,840 INFO [org.springframework.boot.web.servlet.AbstractFilterRegistrationBean:258] Mapping filter: 'hiddenHttpMethodFilter' to: [/*]
2018-01-06 09:07:18,841 INFO [org.springframework.boot.web.servlet.AbstractFilterRegistrationBean:258] Mapping filter: 'httpPutFormContentFilter' to: [/*]
2018-01-06 09:07:18,842 INFO [org.springframework.boot.web.servlet.AbstractFilterRegistrationBean:258] Mapping filter: 'requestContextFilter' to: [/*]
2018-01-06 09:07:18,843 INFO [org.springframework.boot.web.servlet.AbstractFilterRegistrationBean:271] Mapping filter: 'com.alpha.self.diagnosis.converter.ParamDecryptServletRequestFilter' to urls: [/*]
2018-01-06 09:07:18,843 INFO [org.springframework.boot.web.servlet.AbstractFilterRegistrationBean:271] Mapping filter: 'com.alpha.commons.config.filter.CorsFilter' to urls: [/*]
2018-01-06 09:07:18,844 INFO [org.springframework.boot.web.servlet.AbstractFilterRegistrationBean:271] Mapping filter: 'druidWebStatFilter' to urls: [/*]
2018-01-06 09:07:18,938 INFO [com.alpha.self.diagnosis.listener.DiagnosisContextListener:27] DiagnosisContextListener contextInitialized starting...
2018-01-06 09:07:18,967 INFO [com.alpha.self.diagnosis.processor.BasicAnswerProcessorAdaptor:154] 6 processor will be register.
2018-01-06 09:07:20,058 INFO [com.alpha.commons.config.DruidConfiguration$Druid:66] DruidConfiguration init completed................
2018-01-06 09:07:29,171 INFO [com.alpha.self.diagnosis.listener.DiagnosisContextListener:34] DiagnosisContextListener contextInitialized completed
2018-01-06 09:07:29,203 INFO [com.alpha.self.diagnosis.converter.ParamDecryptServletRequestFilter:33] 需要解密的参数字段 --> null
2018-01-06 09:07:36,788 WARN [com.netflix.config.sources.URLConfigurationSource:121] No URLs will be polled as dynamic configuration sources.
2018-01-06 09:07:36,790 INFO [com.netflix.config.sources.URLConfigurationSource:122] To enable URLs as dynamic configuration sources, define System property archaius.configurationSource.additionalUrls or make config.properties available on classpath.
2018-01-06 09:07:36,825 WARN [com.netflix.config.sources.URLConfigurationSource:121] No URLs will be polled as dynamic configuration sources.
2018-01-06 09:07:36,827 INFO [com.netflix.config.sources.URLConfigurationSource:122] To enable URLs as dynamic configuration sources, define System property archaius.configurationSource.additionalUrls or make config.properties available on classpath.
2018-01-06 09:07:55,173 INFO [org.springframework.web.servlet.mvc.method.annotation.RequestMappingHandlerAdapter:534] Looking for @ControllerAdvice: org.springframework.boot.context.embedded.AnnotationConfigEmbeddedWebApplicationContext@3b8053cf: startup date [Sat Jan 06 09:06:57 CST 2018]; parent: org.springframework.context.annotation.AnnotationConfigApplicationContext@60765981
2018-01-06 09:07:55,572 INFO [org.springframework.web.servlet.handler.AbstractHandlerMethodMapping$MappingRegistry:543] Mapped "{[/data/search/pastmedicalHistory],methods=[POST]}" onto public com.alpha.commons.web.ResponseMessage com.alpha.self.diagnosis.controller.DataSearchController.pastmedicalHistorySearch(com.alpha.self.diagnosis.pojo.vo.SearchRequestVo)
2018-01-06 09:07:55,575 INFO [org.springframework.web.servlet.handler.AbstractHandlerMethodMapping$MappingRegistry:543] Mapped "{[/data/search/allergicHistory],methods=[POST]}" onto public com.alpha.commons.web.ResponseMessage com.alpha.self.diagnosis.controller.DataSearchController.allergicHistorySearch(com.alpha.self.diagnosis.pojo.vo.SearchRequestVo)
2018-01-06 09:07:55,576 INFO [org.springframework.web.servlet.handler.AbstractHandlerMethodMapping$MappingRegistry:543] Mapped "{[/data/search/mainSymptom],methods=[POST]}" onto public com.alpha.commons.web.ResponseMessage com.alpha.self.diagnosis.controller.DataSearchController.mainSymptomSearch(java.lang.Long,java.lang.Integer,java.lang.String)
2018-01-06 09:07:55,576 INFO [org.springframework.web.servlet.handler.AbstractHandlerMethodMapping$MappingRegistry:543] Mapped "{[/data/search/concsymp],methods=[POST]}" onto public com.alpha.commons.web.ResponseMessage com.alpha.self.diagnosis.controller.DataSearchController.diagnosisStart(com.alpha.self.diagnosis.pojo.vo.SearchRequestVo)
2018-01-06 09:07:55,577 INFO [org.springframework.web.servlet.handler.AbstractHandlerMethodMapping$MappingRegistry:543] Mapped "{[/data/search/weight],methods=[POST]}" onto public com.alpha.commons.web.ResponseMessage com.alpha.self.diagnosis.controller.DataSearchController.weightSearch(com.alpha.user.pojo.vo.HisUserInfoVo)
2018-01-06 09:07:55,585 INFO [org.springframework.web.servlet.handler.AbstractHandlerMethodMapping$MappingRegistry:543] Mapped "{[/diagnosis/outcome/get],methods=[POST]}" onto public com.alpha.commons.web.ResponseMessage com.alpha.self.diagnosis.controller.DiagnosisController.getOutcome(java.lang.Long)
2018-01-06 09:07:55,586 INFO [org.springframework.web.servlet.handler.AbstractHandlerMethodMapping$MappingRegistry:543] Mapped "{[/diagnosis/medicine/next],methods=[POST]}" onto public com.alpha.commons.web.ResponseMessage com.alpha.self.diagnosis.controller.DiagnosisController.diagnosisMedicineNext(java.lang.String)
2018-01-06 09:07:55,587 INFO [org.springframework.web.servlet.handler.AbstractHandlerMethodMapping$MappingRegistry:543] Mapped "{[/diagnosis/drug/query],methods=[POST]}" onto public com.alpha.commons.web.ResponseMessage com.alpha.self.diagnosis.controller.DiagnosisController.diagnosisDrugQuery(java.lang.String)
2018-01-06 09:07:55,588 INFO [org.springframework.web.servlet.handler.AbstractHandlerMethodMapping$MappingRegistry:543] Mapped "{[/diagnosis/showResult],methods=[POST]}" onto public com.alpha.commons.web.ResponseMessage com.alpha.self.diagnosis.controller.DiagnosisController.showDiagnosisResult(com.alpha.self.diagnosis.pojo.vo.BasicRequestVo)
2018-01-06 09:07:55,588 INFO [org.springframework.web.servlet.handler.AbstractHandlerMethodMapping$MappingRegistry:543] Mapped "{[/diagnosis/queryMedicalRecord4His/{idcard}],methods=[POST]}" onto public com.alpha.commons.web.ResponseMessage com.alpha.self.diagnosis.controller.DiagnosisController.queryMedicalRecord4His(java.lang.String)
2018-01-06 09:07:55,591 INFO [org.springframework.web.servlet.handler.AbstractHandlerMethodMapping$MappingRegistry:543] Mapped "{[/diagnosis/result/confirm],methods=[POST]}" onto public com.alpha.commons.web.ResponseMessage com.alpha.self.diagnosis.controller.DiagnosisController.confirmDiagnosisResult(java.lang.String,java.lang.Long)
2018-01-06 09:07:55,592 INFO [org.springframework.web.servlet.handler.AbstractHandlerMethodMapping$MappingRegistry:543] Mapped "{[/diagnosis/queryBasicQuestion],methods=[POST]}" onto public com.alpha.commons.web.ResponseMessage com.alpha.self.diagnosis.controller.DiagnosisController.queryBasicQuestion(com.alpha.user.controller.req.vo.PatientInfo)
2018-01-06 09:07:55,594 INFO [org.springframework.web.servlet.handler.AbstractHandlerMethodMapping$MappingRegistry:543] Mapped "{[/diagnosis/start],methods=[POST],consumes=[application/json || application/x-www-form-urlencoded]}" onto public com.alpha.commons.web.ResponseMessage com.alpha.self.diagnosis.controller.DiagnosisController.diagnosisStart(com.alpha.self.diagnosis.pojo.vo.DiagnosisStartReqeustVo)
2018-01-06 09:07:55,596 INFO [org.springframework.web.servlet.handler.AbstractHandlerMethodMapping$MappingRegistry:543] Mapped "{[/diagnosis/basic/next],methods=[POST]}" onto public com.alpha.commons.web.ResponseMessage com.alpha.self.diagnosis.controller.DiagnosisController.diagnosisNext(com.alpha.self.diagnosis.pojo.vo.QuestionRequestVo)
2018-01-06 09:07:55,598 INFO [org.springframework.web.servlet.handler.AbstractHandlerMethodMapping$MappingRegistry:543] Mapped "{[/diagnosis/outcome/confirm],methods=[POST]}" onto public com.alpha.commons.web.ResponseMessage com.alpha.self.diagnosis.controller.DiagnosisController.confirmOutcome(java.lang.Long,java.lang.String)
2018-01-06 09:07:55,599 INFO [org.springframework.web.servlet.handler.AbstractHandlerMethodMapping$MappingRegistry:543] Mapped "{[/diagnosis/diseaseHistory],methods=[POST]}" onto public com.alpha.commons.web.ResponseMessage com.alpha.self.diagnosis.controller.DiagnosisController.diseaseHistory(com.alpha.self.diagnosis.pojo.vo.DiseaseHistoryRequestVo)
2018-01-06 09:07:55,605 INFO [org.springframework.web.servlet.handler.AbstractHandlerMethodMapping$MappingRegistry:543] Mapped "{[/disease/treatmentadvice/query/{diseaseCode}],methods=[POST]}" onto public com.alpha.commons.web.ResponseMessage com.alpha.self.diagnosis.controller.DiseaseController.queryTreatmentAdvice(java.lang.String)
2018-01-06 09:07:55,606 INFO [org.springframework.web.servlet.handler.AbstractHandlerMethodMapping$MappingRegistry:543] Mapped "{[/disease/check/query/{diseaseCode}],methods=[POST]}" onto public com.alpha.commons.web.ResponseMessage com.alpha.self.diagnosis.controller.DiseaseController.queryDiseaseCheck(java.lang.String)
2018-01-06 09:07:55,606 INFO [org.springframework.web.servlet.handler.AbstractHandlerMethodMapping$MappingRegistry:543] Mapped "{[/disease/dept/query/{diseaseCode}],methods=[POST]}" onto public com.alpha.commons.web.ResponseMessage com.alpha.self.diagnosis.controller.DiseaseController.queryDepartment(java.lang.String)
2018-01-06 09:07:55,611 INFO [org.springframework.web.servlet.handler.AbstractHandlerMethodMapping$MappingRegistry:543] Mapped "{[/info],methods=[GET]}" onto public java.lang.String com.alpha.self.diagnosis.controller.MainController.test()
2018-01-06 09:07:55,613 INFO [org.springframework.web.servlet.handler.AbstractHandlerMethodMapping$MappingRegistry:543] Mapped "{[/getMedicalRecord],methods=[POST]}" onto public com.alpha.commons.web.ResponseMessage com.alpha.self.diagnosis.controller.MainController.getMedicalRecord()
2018-01-06 09:07:55,614 INFO [org.springframework.web.servlet.handler.AbstractHandlerMethodMapping$MappingRegistry:543] Mapped "{[/test/question],methods=[POST]}" onto public com.alpha.commons.web.ResponseMessage com.alpha.self.diagnosis.controller.MainController.medicineQuestion(java.lang.Integer)
2018-01-06 09:07:55,615 INFO [org.springframework.web.servlet.handler.AbstractHandlerMethodMapping$MappingRegistry:543] Mapped "{[/test/question2],methods=[POST],produces=[application/json;charset=UTF-8]}" onto public com.alpha.commons.web.ResponseMessage com.alpha.self.diagnosis.controller.MainController.medicineQuestion(java.lang.String,java.lang.String)
2018-01-06 09:07:55,617 INFO [org.springframework.web.servlet.handler.AbstractHandlerMethodMapping$MappingRegistry:543] Mapped "{[/treatscheme/get],methods=[POST]}" onto public com.alpha.commons.web.ResponseMessage com.alpha.self.diagnosis.controller.TreatSchemeController.treatScheme(com.alpha.self.diagnosis.pojo.vo.SearchRequestVo)
2018-01-06 09:07:55,618 INFO [org.springframework.web.servlet.handler.AbstractHandlerMethodMapping$MappingRegistry:543] Mapped "{[/treatscheme/diseaseList],methods=[POST]}" onto public com.alpha.commons.web.ResponseMessage com.alpha.self.diagnosis.controller.TreatSchemeController.diseaseList(com.alpha.self.diagnosis.pojo.vo.SearchRequestVo)
2018-01-06 09:07:55,626 INFO [org.springframework.web.servlet.handler.AbstractHandlerMethodMapping$MappingRegistry:543] Mapped "{[/wechar/user/register],methods=[POST]}" onto public com.alpha.commons.web.ResponseMessage com.alpha.self.diagnosis.controller.WeCharController.register(java.lang.String)
2018-01-06 09:07:55,627 INFO [org.springframework.web.servlet.handler.AbstractHandlerMethodMapping$MappingRegistry:543] Mapped "{[/wechar/member/list],methods=[POST]}" onto public com.alpha.commons.web.ResponseMessage com.alpha.self.diagnosis.controller.WeCharController.memberList(java.lang.String)
2018-01-06 09:07:55,627 INFO [org.springframework.web.servlet.handler.AbstractHandlerMethodMapping$MappingRegistry:543] Mapped "{[/wechar/user/confirm/test],methods=[POST]}" onto public com.alpha.self.diagnosis.pojo.vo.vx.UserDiagnosisInfoVo com.alpha.self.diagnosis.controller.WeCharController.userInfoConfirmTest(java.lang.Long)
2018-01-06 09:07:55,628 INFO [org.springframework.web.servlet.handler.AbstractHandlerMethodMapping$MappingRegistry:543] Mapped "{[/wechar/disease/treatschema/show],methods=[POST]}" onto public com.alpha.commons.web.ResponseMessage com.alpha.self.diagnosis.controller.WeCharController.diseaseTreatSchema(java.lang.String)
2018-01-06 09:07:55,628 INFO [org.springframework.web.servlet.handler.AbstractHandlerMethodMapping$MappingRegistry:543] Mapped "{[/wechar/diagnosisRecord/list],methods=[POST]}" onto public com.alpha.commons.web.ResponseMessage com.alpha.self.diagnosis.controller.WeCharController.getUserDiagnosisRecord(java.lang.Long)
2018-01-06 09:07:55,629 INFO [org.springframework.web.servlet.handler.AbstractHandlerMethodMapping$MappingRegistry:543] Mapped "{[/wechar/member/healthFile],methods=[POST]}" onto public com.alpha.commons.web.ResponseMessage com.alpha.self.diagnosis.controller.WeCharController.memberHealthFiles(java.lang.String)
2018-01-06 09:07:55,629 INFO [org.springframework.web.servlet.handler.AbstractHandlerMethodMapping$MappingRegistry:543] Mapped "{[/wechar/drug/list],methods=[POST]}" onto public com.alpha.commons.web.ResponseMessage com.alpha.self.diagnosis.controller.WeCharController.drugList(java.lang.String)
2018-01-06 09:07:55,630 INFO [org.springframework.web.servlet.handler.AbstractHandlerMethodMapping$MappingRegistry:543] Mapped "{[/wechar/disease/list],methods=[POST]}" onto public com.alpha.commons.web.ResponseMessage com.alpha.self.diagnosis.controller.WeCharController.diseaseList(java.lang.String)
2018-01-06 09:07:55,630 INFO [org.springframework.web.servlet.handler.AbstractHandlerMethodMapping$MappingRegistry:543] Mapped "{[/wechar/follow],methods=[POST]}" onto public com.alpha.commons.web.ResponseMessage com.alpha.self.diagnosis.controller.WeCharController.follow(java.lang.String,java.lang.Long)
2018-01-06 09:07:55,631 INFO [org.springframework.web.servlet.handler.AbstractHandlerMethodMapping$MappingRegistry:543] Mapped "{[/wechar/user/confirm],methods=[POST]}" onto public com.alpha.commons.web.ResponseMessage com.alpha.self.diagnosis.controller.WeCharController.userInfoConfirm(java.lang.Long)
2018-01-06 09:07:55,631 INFO [org.springframework.web.servlet.handler.AbstractHandlerMethodMapping$MappingRegistry:543] Mapped "{[/wechar/diagnosis/detail],methods=[POST]}" onto public com.alpha.commons.web.ResponseMessage com.alpha.self.diagnosis.controller.WeCharController.diagnosisDetail(java.lang.Long,java.lang.String,java.lang.Long)
2018-01-06 09:07:55,633 INFO [org.springframework.web.servlet.handler.AbstractHandlerMethodMapping$MappingRegistry:543] Mapped "{[/wechar/disease/hot/list],methods=[POST]}" onto public com.alpha.commons.web.ResponseMessage com.alpha.self.diagnosis.controller.WeCharController.hotDiseaseList()
2018-01-06 09:07:55,634 INFO [org.springframework.web.servlet.handler.AbstractHandlerMethodMapping$MappingRegistry:543] Mapped "{[/wechar/drug/hot/list],methods=[POST]}" onto public com.alpha.commons.web.ResponseMessage com.alpha.self.diagnosis.controller.WeCharController.hotDrugList()
2018-01-06 09:07:55,634 INFO [org.springframework.web.servlet.handler.AbstractHandlerMethodMapping$MappingRegistry:543] Mapped "{[/wechar/drug/detail],methods=[POST]}" onto public com.alpha.commons.web.ResponseMessage com.alpha.self.diagnosis.controller.WeCharController.drugDetail(java.lang.String)
2018-01-06 09:07:55,635 INFO [org.springframework.web.servlet.handler.AbstractHandlerMethodMapping$MappingRegistry:543] Mapped "{[/wechar/user/detail],methods=[POST]}" onto public com.alpha.commons.web.ResponseMessage com.alpha.self.diagnosis.controller.WeCharController.personalInfo(java.lang.Long)
2018-01-06 09:07:55,638 INFO [org.springframework.web.servlet.handler.AbstractHandlerMethodMapping$MappingRegistry:543] Mapped "{[/feedback/put],methods=[POST]}" onto public com.alpha.commons.web.ResponseMessage com.alpha.user.controller.FeedBackController.authorization(com.alpha.server.rpc.user.pojo.UserFeedback)
2018-01-06 09:07:55,639 INFO [org.springframework.web.servlet.handler.AbstractHandlerMethodMapping$MappingRegistry:543] Mapped "{[/feedback/useful/query/{diagnosisId}],methods=[POST]}" onto public com.alpha.commons.web.ResponseMessage com.alpha.user.controller.FeedBackController.queryUseful(java.lang.Long)
2018-01-06 09:07:55,639 INFO [org.springframework.web.servlet.handler.AbstractHandlerMethodMapping$MappingRegistry:543] Mapped "{[/feedback/items/query],methods=[POST]}" onto public com.alpha.commons.web.ResponseMessage com.alpha.user.controller.FeedBackController.queryItems(java.lang.String)
2018-01-06 09:07:55,640 INFO [org.springframework.web.servlet.handler.AbstractHandlerMethodMapping$MappingRegistry:543] Mapped "{[/sms/send],methods=[POST]}" onto public com.alpha.commons.web.ResponseMessage com.alpha.user.controller.SmsController.send(java.lang.String)
2018-01-06 09:07:55,643 INFO [org.springframework.web.servlet.handler.AbstractHandlerMethodMapping$MappingRegistry:543] Mapped "{[/user/list],methods=[POST]}" onto public com.alpha.commons.web.ResponseMessage com.alpha.user.controller.UserController.list(java.lang.String,int)
2018-01-06 09:07:55,643 INFO [org.springframework.web.servlet.handler.AbstractHandlerMethodMapping$MappingRegistry:543] Mapped "{[/user/query],methods=[POST]}" onto public com.alpha.commons.web.ResponseMessage com.alpha.user.controller.UserController.query(com.alpha.user.pojo.vo.HisUserInfoVo)
2018-01-06 09:07:55,644 INFO [org.springframework.web.servlet.handler.AbstractHandlerMethodMapping$MappingRegistry:543] Mapped "{[/user/auth],methods=[POST]}" onto public com.alpha.commons.web.ResponseMessage com.alpha.user.controller.UserController.authorization(java.lang.String,java.lang.Integer,java.lang.Integer)
2018-01-06 09:07:55,644 INFO [org.springframework.web.servlet.handler.AbstractHandlerMethodMapping$MappingRegistry:543] Mapped "{[/user/save],methods=[POST]}" onto public com.alpha.commons.web.ResponseMessage com.alpha.user.controller.UserController.saveUserInfo(java.lang.String)
2018-01-06 09:07:55,648 INFO [org.springframework.web.servlet.handler.AbstractHandlerMethodMapping$MappingRegistry:543] Mapped "{[/error]}" onto public org.springframework.http.ResponseEntity<java.util.Map<java.lang.String, java.lang.Object>> org.springframework.boot.autoconfigure.web.BasicErrorController.error(javax.servlet.http.HttpServletRequest)
2018-01-06 09:07:55,649 INFO [org.springframework.web.servlet.handler.AbstractHandlerMethodMapping$MappingRegistry:543] Mapped "{[/error],produces=[text/html]}" onto public org.springframework.web.servlet.ModelAndView org.springframework.boot.autoconfigure.web.BasicErrorController.errorHtml(javax.servlet.http.HttpServletRequest,javax.servlet.http.HttpServletResponse)
2018-01-06 09:07:56,207 INFO [org.springframework.web.servlet.handler.AbstractUrlHandlerMapping:362] Mapped URL path [/webjars/**] onto handler of type [class org.springframework.web.servlet.resource.ResourceHttpRequestHandler]
2018-01-06 09:07:56,208 INFO [org.springframework.web.servlet.handler.AbstractUrlHandlerMapping:362] Mapped URL path [/**] onto handler of type [class org.springframework.web.servlet.resource.ResourceHttpRequestHandler]
2018-01-06 09:07:56,325 INFO [org.springframework.web.servlet.mvc.method.annotation.ExceptionHandlerExceptionResolver:273] Detected @ExceptionHandler methods in controllerEnhancerment
2018-01-06 09:07:56,605 INFO [org.springframework.web.servlet.handler.AbstractUrlHandlerMapping:362] Mapped URL path [/**/favicon.ico] onto handler of type [class org.springframework.web.servlet.resource.ResourceHttpRequestHandler]
2018-01-06 09:07:58,299 INFO [com.atomikos.logging.Slf4jLogger:16] Using Slf4J for logging.
2018-01-06 09:07:58,300 WARN [com.atomikos.logging.Slf4jLogger:12] No properties path set - looking for transactions.properties in classpath...
2018-01-06 09:07:58,306 WARN [com.atomikos.logging.Slf4jLogger:12] transactions.properties not found - looking for jta.properties in classpath...
2018-01-06 09:07:58,310 WARN [com.atomikos.logging.Slf4jLogger:12] Failed to open transactions properties file - using default values
2018-01-06 09:07:58,489 INFO [com.atomikos.logging.Slf4jLogger:16] com.atomikos.persistence.imp.WriteAheadObjectLog instantiation failed - falling back to default
2018-01-06 09:07:58,496 INFO [com.atomikos.logging.Slf4jLogger:16] Starting read of logfile F:\iebm\workspace\alpha\branch\v1.0.3\alpha\alpha-self-diagnosis\transaction-logs\tmlog7.log
2018-01-06 09:07:58,496 INFO [com.atomikos.logging.Slf4jLogger:16] Done read of logfile
2018-01-06 09:07:58,497 INFO [com.atomikos.logging.Slf4jLogger:16] Logfile closed: F:\iebm\workspace\alpha\branch\v1.0.3\alpha\alpha-self-diagnosis\transaction-logs\tmlog7.log
2018-01-06 09:07:58,544 INFO [com.atomikos.logging.Slf4jLogger:16] USING core version: 3.9.3
2018-01-06 09:07:58,544 INFO [com.atomikos.logging.Slf4jLogger:16] USING com.atomikos.icatch.automatic_resource_registration = true
2018-01-06 09:07:58,545 INFO [com.atomikos.logging.Slf4jLogger:16] USING com.atomikos.icatch.client_demarcation = false
2018-01-06 09:07:58,546 INFO [com.atomikos.logging.Slf4jLogger:16] USING com.atomikos.icatch.threaded_2pc = false
2018-01-06 09:07:58,546 INFO [com.atomikos.logging.Slf4jLogger:16] USING com.atomikos.icatch.serial_jta_transactions = true
2018-01-06 09:07:58,547 INFO [com.atomikos.logging.Slf4jLogger:16] USING com.atomikos.icatch.serializable_logging = true
2018-01-06 09:07:58,547 INFO [com.atomikos.logging.Slf4jLogger:16] USING com.atomikos.icatch.log_base_dir = F:\iebm\workspace\alpha\branch\v1.0.3\alpha\alpha-self-diagnosis\transaction-logs
2018-01-06 09:07:58,548 INFO [com.atomikos.logging.Slf4jLogger:16] USING com.atomikos.icatch.max_actives = 50
2018-01-06 09:07:58,548 INFO [com.atomikos.logging.Slf4jLogger:16] USING com.atomikos.icatch.checkpoint_interval = 500
2018-01-06 09:07:58,548 INFO [com.atomikos.logging.Slf4jLogger:16] USING com.atomikos.icatch.enable_logging = true
2018-01-06 09:07:58,549 INFO [com.atomikos.logging.Slf4jLogger:16] USING com.atomikos.icatch.output_dir = .\
2018-01-06 09:07:58,549 INFO [com.atomikos.logging.Slf4jLogger:16] USING com.atomikos.icatch.log_base_name = tmlog
2018-01-06 09:07:58,550 INFO [com.atomikos.logging.Slf4jLogger:16] USING com.atomikos.icatch.max_timeout = 300000
2018-01-06 09:07:58,550 INFO [com.atomikos.logging.Slf4jLogger:16] USING com.atomikos.icatch.tm_unique_name = 192.168.29.54.tm
2018-01-06 09:07:58,550 INFO [com.atomikos.logging.Slf4jLogger:16] USING java.naming.factory.initial = com.sun.jndi.rmi.registry.RegistryContextFactory
2018-01-06 09:07:58,551 INFO [com.atomikos.logging.Slf4jLogger:16] USING java.naming.provider.url = rmi://localhost:1099
2018-01-06 09:07:58,551 INFO [com.atomikos.logging.Slf4jLogger:16] USING com.atomikos.icatch.service = com.atomikos.icatch.standalone.UserTransactionServiceFactory
2018-01-06 09:07:58,551 INFO [com.atomikos.logging.Slf4jLogger:16] USING com.atomikos.icatch.force_shutdown_on_vm_exit = false
2018-01-06 09:07:58,552 INFO [com.atomikos.logging.Slf4jLogger:16] USING com.atomikos.icatch.default_jta_timeout = 10000
2018-01-06 09:07:58,949 INFO [org.springframework.transaction.jta.JtaTransactionManager:490] Using JTA UserTransaction: com.atomikos.icatch.jta.UserTransactionManager@6d9a0923
2018-01-06 09:07:58,949 INFO [org.springframework.transaction.jta.JtaTransactionManager:501] Using JTA TransactionManager: com.atomikos.icatch.jta.UserTransactionManager@6d9a0923
2018-01-06 09:08:04,077 INFO [org.springframework.boot.devtools.autoconfigure.OptionalLiveReloadServer:58] LiveReload server is running on port 35729
2018-01-06 09:08:07,381 INFO [org.springframework.jmx.export.MBeanExporter:431] Registering beans for JMX exposure on startup
2018-01-06 09:08:07,388 INFO [org.springframework.jmx.export.MBeanExporter:916] Bean with name 'dataSource' has been autodetected for JMX exposure
2018-01-06 09:08:07,437 INFO [org.springframework.jmx.export.MBeanExporter:916] Bean with name 'environmentManager' has been autodetected for JMX exposure
2018-01-06 09:08:07,443 INFO [org.springframework.jmx.export.MBeanExporter:916] Bean with name 'configurationPropertiesRebinder' has been autodetected for JMX exposure
2018-01-06 09:08:07,448 INFO [org.springframework.jmx.export.MBeanExporter:916] Bean with name 'refreshScope' has been autodetected for JMX exposure
2018-01-06 09:08:07,461 INFO [org.springframework.jmx.export.MBeanExporter:678] Located managed bean 'environmentManager': registering with JMX server as MBean [org.springframework.cloud.context.environment:name=environmentManager,type=EnvironmentManager]
2018-01-06 09:08:07,539 INFO [org.springframework.jmx.export.MBeanExporter:678] Located managed bean 'refreshScope': registering with JMX server as MBean [org.springframework.cloud.context.scope.refresh:name=refreshScope,type=RefreshScope]
2018-01-06 09:08:07,680 INFO [org.springframework.jmx.export.MBeanExporter:678] Located managed bean 'configurationPropertiesRebinder': registering with JMX server as MBean [org.springframework.cloud.context.properties:name=configurationPropertiesRebinder,context=3b8053cf,type=ConfigurationPropertiesRebinder]
2018-01-06 09:08:07,738 INFO [org.springframework.jmx.export.MBeanExporter:671] Located MBean 'dataSource': registering with JMX server as MBean [com.alibaba.druid.pool:name=dataSource,type=DruidDataSource]
2018-01-06 09:08:08,377 INFO [org.springframework.context.support.DefaultLifecycleProcessor$LifecycleGroup:343] Starting beans in phase 0
2018-01-06 09:08:08,449 INFO [org.springframework.cloud.netflix.eureka.InstanceInfoFactory:70] Setting initial instance status as: STARTING
2018-01-06 09:08:08,832 INFO [com.netflix.discovery.DiscoveryClient:344] Initializing Eureka in region us-east-1
2018-01-06 09:08:09,815 INFO [com.netflix.discovery.provider.DiscoveryJerseyProvider:70] Using JSON encoding codec LegacyJacksonJson
2018-01-06 09:08:09,830 INFO [com.netflix.discovery.provider.DiscoveryJerseyProvider:71] Using JSON decoding codec LegacyJacksonJson
2018-01-06 09:08:10,191 INFO [com.netflix.discovery.provider.DiscoveryJerseyProvider:80] Using XML encoding codec XStreamXml
2018-01-06 09:08:10,192 INFO [com.netflix.discovery.provider.DiscoveryJerseyProvider:81] Using XML decoding codec XStreamXml
2018-01-06 09:08:11,996 INFO [com.netflix.discovery.shared.resolver.aws.ConfigClusterResolver:43] Resolving eureka endpoints via configuration
2018-01-06 09:08:12,294 INFO [com.netflix.discovery.DiscoveryClient:920] Disable delta property : false
2018-01-06 09:08:12,295 INFO [com.netflix.discovery.DiscoveryClient:921] Single vip registry refresh property : null
2018-01-06 09:08:12,296 INFO [com.netflix.discovery.DiscoveryClient:922] Force full registry fetch : false
2018-01-06 09:08:12,297 INFO [com.netflix.discovery.DiscoveryClient:923] Application is null : false
2018-01-06 09:08:12,298 INFO [com.netflix.discovery.DiscoveryClient:924] Registered Applications size is zero : true
2018-01-06 09:08:12,299 INFO [com.netflix.discovery.DiscoveryClient:926] Application version is -1: true
2018-01-06 09:08:12,300 INFO [com.netflix.discovery.DiscoveryClient:1009] Getting all instance registry info from the eureka server
2018-01-06 09:08:13,996 INFO [com.netflix.discovery.DiscoveryClient:1018] The response status is 200
2018-01-06 09:08:14,001 INFO [com.netflix.discovery.DiscoveryClient:1244] Starting heartbeat executor: renew interval is: 5
2018-01-06 09:08:14,022 INFO [com.netflix.discovery.InstanceInfoReplicator:59] InstanceInfoReplicator onDemand update allowed rate per min is 4
2018-01-06 09:08:14,034 INFO [com.netflix.discovery.DiscoveryClient:425] Discovery Client initialized at timestamp 1515200894034 with initial instances count: 0
2018-01-06 09:08:14,546 INFO [org.springframework.cloud.netflix.eureka.serviceregistry.EurekaServiceRegistry:40] Registering application alpha-self-diagnosis with eureka with status UP
2018-01-06 09:08:14,549 INFO [com.netflix.discovery.DiscoveryClient$3:1279] Saw local status change event StatusChangeEvent [timestamp=1515200894549, current=UP, previous=STARTING]
2018-01-06 09:08:14,633 INFO [org.springframework.scheduling.annotation.ScheduledAnnotationBeanPostProcessor:262] No TaskScheduler/ScheduledExecutorService bean found for scheduled processing
2018-01-06 09:08:14,766 INFO [org.apache.juli.logging.DirectJDKLog:179] Initializing ProtocolHandler ["http-nio-19092"]
2018-01-06 09:08:14,819 INFO [com.netflix.discovery.DiscoveryClient:795] DiscoveryClient_ALPHA-SELF-DIAGNOSIS/PC-20160606PUVI:alpha-self-diagnosis:19092: registering service...
2018-01-06 09:08:14,929 INFO [org.apache.juli.logging.DirectJDKLog:179] Starting ProtocolHandler ["http-nio-19092"]
2018-01-06 09:08:14,987 INFO [org.apache.juli.logging.DirectJDKLog:179] Using a shared selector for servlet write/read
2018-01-06 09:08:15,132 INFO [org.springframework.boot.context.embedded.tomcat.TomcatEmbeddedServletContainer:201] Tomcat started on port(s): 19092 (http)
2018-01-06 09:08:15,137 INFO [org.springframework.cloud.netflix.eureka.serviceregistry.EurekaAutoServiceRegistration:117] Updating port to 19092
2018-01-06 09:08:15,170 INFO [org.springframework.boot.StartupInfoLogger:57] Started AlphaApplication in 82.541 seconds (JVM running for 83.983)
2018-01-06 09:08:15,211 INFO [com.netflix.discovery.DiscoveryClient:804] DiscoveryClient_ALPHA-SELF-DIAGNOSIS/PC-20160606PUVI:alpha-self-diagnosis:19092 - registration status: 204
2018-01-06 09:08:19,002 INFO [com.netflix.discovery.DiscoveryClient:920] Disable delta property : false
2018-01-06 09:08:19,003 INFO [com.netflix.discovery.DiscoveryClient:921] Single vip registry refresh property : null
2018-01-06 09:08:19,004 INFO [com.netflix.discovery.DiscoveryClient:922] Force full registry fetch : false
2018-01-06 09:08:19,004 INFO [com.netflix.discovery.DiscoveryClient:923] Application is null : false
2018-01-06 09:08:19,004 INFO [com.netflix.discovery.DiscoveryClient:924] Registered Applications size is zero : true
2018-01-06 09:08:19,005 INFO [com.netflix.discovery.DiscoveryClient:926] Application version is -1: false
2018-01-06 09:08:19,005 INFO [com.netflix.discovery.DiscoveryClient:1009] Getting all instance registry info from the eureka server
2018-01-06 09:08:19,008 INFO [com.netflix.discovery.DiscoveryClient:1018] The response status is 200
2018-01-06 09:08:24,011 INFO [com.netflix.discovery.DiscoveryClient:920] Disable delta property : false
2018-01-06 09:08:24,012 INFO [com.netflix.discovery.DiscoveryClient:921] Single vip registry refresh property : null
2018-01-06 09:08:24,012 INFO [com.netflix.discovery.DiscoveryClient:922] Force full registry fetch : false
2018-01-06 09:08:24,012 INFO [com.netflix.discovery.DiscoveryClient:923] Application is null : false
2018-01-06 09:08:24,012 INFO [com.netflix.discovery.DiscoveryClient:924] Registered Applications size is zero : true
2018-01-06 09:08:24,013 INFO [com.netflix.discovery.DiscoveryClient:926] Application version is -1: false
2018-01-06 09:08:24,013 INFO [com.netflix.discovery.DiscoveryClient:1009] Getting all instance registry info from the eureka server
2018-01-06 09:08:24,017 INFO [com.netflix.discovery.DiscoveryClient:1018] The response status is 200
2018-01-06 09:08:29,022 INFO [com.netflix.discovery.DiscoveryClient:920] Disable delta property : false
2018-01-06 09:08:29,022 INFO [com.netflix.discovery.DiscoveryClient:921] Single vip registry refresh property : null
2018-01-06 09:08:29,022 INFO [com.netflix.discovery.DiscoveryClient:922] Force full registry fetch : false
2018-01-06 09:08:29,023 INFO [com.netflix.discovery.DiscoveryClient:923] Application is null : false
2018-01-06 09:08:29,023 INFO [com.netflix.discovery.DiscoveryClient:924] Registered Applications size is zero : true
2018-01-06 09:08:29,023 INFO [com.netflix.discovery.DiscoveryClient:926] Application version is -1: false
2018-01-06 09:08:29,023 INFO [com.netflix.discovery.DiscoveryClient:1009] Getting all instance registry info from the eureka server
2018-01-06 09:08:29,026 INFO [com.netflix.discovery.DiscoveryClient:1018] The response status is 200
2018-01-06 09:08:34,027 INFO [com.netflix.discovery.DiscoveryClient:920] Disable delta property : false
2018-01-06 09:08:34,028 INFO [com.netflix.discovery.DiscoveryClient:921] Single vip registry refresh property : null
2018-01-06 09:08:34,028 INFO [com.netflix.discovery.DiscoveryClient:922] Force full registry fetch : false
2018-01-06 09:08:34,029 INFO [com.netflix.discovery.DiscoveryClient:923] Application is null : false
2018-01-06 09:08:34,029 INFO [com.netflix.discovery.DiscoveryClient:924] Registered Applications size is zero : true
2018-01-06 09:08:34,029 INFO [com.netflix.discovery.DiscoveryClient:926] Application version is -1: false
2018-01-06 09:08:34,029 INFO [com.netflix.discovery.DiscoveryClient:1009] Getting all instance registry info from the eureka server
2018-01-06 09:08:34,082 INFO [com.netflix.discovery.DiscoveryClient:1018] The response status is 200
2018-01-06 09:08:54,042 INFO [org.apache.juli.logging.DirectJDKLog:179] Initializing Spring FrameworkServlet 'dispatcherServlet'
2018-01-06 09:08:54,043 INFO [org.springframework.web.servlet.FrameworkServlet:489] FrameworkServlet 'dispatcherServlet': initialization started
2018-01-06 09:08:54,248 INFO [org.springframework.web.servlet.FrameworkServlet:508] FrameworkServlet 'dispatcherServlet': initialization completed in 205 ms
2018-01-06 09:08:58,856 INFO [com.atomikos.logging.Slf4jLogger:16] THREADS: using JDK thread pooling...
2018-01-06 09:08:58,909 INFO [com.atomikos.logging.Slf4jLogger:16] createCompositeTransaction ( 10000 ): created new ROOT transaction with id 192.168.29.54.tm0000100009
2018-01-06 09:09:00,011 INFO [com.atomikos.logging.Slf4jLogger:16] commit() done (by application) of transaction 192.168.29.54.tm0000100009
2018-01-06 09:10:00,005 INFO [com.atomikos.logging.Slf4jLogger:16] createCompositeTransaction ( 10000 ): created new ROOT transaction with id 192.168.29.54.tm0000200009
2018-01-06 09:10:00,244 INFO [com.atomikos.logging.Slf4jLogger:16] commit() done (by application) of transaction 192.168.29.54.tm0000200009
2018-01-06 09:13:12,311 INFO [com.netflix.discovery.shared.resolver.aws.ConfigClusterResolver:43] Resolving eureka endpoints via configuration
2018-01-06 09:15:00,006 INFO [com.atomikos.logging.Slf4jLogger:16] createCompositeTransaction ( 10000 ): created new ROOT transaction with id 192.168.29.54.tm0000300009
2018-01-06 09:15:00,034 INFO [com.atomikos.logging.Slf4jLogger:16] commit() done (by application) of transaction 192.168.29.54.tm0000300009
2018-01-06 09:18:12,319 INFO [com.netflix.discovery.shared.resolver.aws.ConfigClusterResolver:43] Resolving eureka endpoints via configuration
2018-01-06 09:20:00,005 INFO [com.atomikos.logging.Slf4jLogger:16] createCompositeTransaction ( 10000 ): created new ROOT transaction with id 192.168.29.54.tm0000400009
2018-01-06 09:20:00,024 INFO [com.atomikos.logging.Slf4jLogger:16] commit() done (by application) of transaction 192.168.29.54.tm0000400009
2018-01-06 09:23:12,329 INFO [com.netflix.discovery.shared.resolver.aws.ConfigClusterResolver:43] Resolving eureka endpoints via configuration
2018-01-06 09:24:37,804 INFO [com.alpha.self.diagnosis.AlphaApplication:41] SpringApplicationBuilder run .... 
2018-01-06 09:24:39,026 INFO [com.alpha.self.diagnosis.AlphaApplication:41] SpringApplicationBuilder run .... 
2018-01-06 09:24:41,496 INFO [org.springframework.context.support.AbstractApplicationContext:583] Refreshing org.springframework.context.annotation.AnnotationConfigApplicationContext@60765981: startup date [Sat Jan 06 09:24:41 CST 2018]; root of context hierarchy
2018-01-06 09:24:42,659 INFO [org.hibernate.validator.internal.util.Version:30] HV000001: Hibernate Validator 5.3.5.Final
2018-01-06 09:24:43,562 INFO [org.springframework.beans.factory.annotation.AutowiredAnnotationBeanPostProcessor:155] JSR-330 'javax.inject.Inject' annotation found and supported for autowiring
2018-01-06 09:24:43,877 INFO [org.springframework.context.support.PostProcessorRegistrationDelegate$BeanPostProcessorChecker:325] Bean 'configurationPropertiesRebinderAutoConfiguration' of type [org.springframework.cloud.autoconfigure.ConfigurationPropertiesRebinderAutoConfiguration$$EnhancerBySpringCGLIB$$757a2f08] is not eligible for getting processed by all BeanPostProcessors (for example: not eligible for auto-proxying)
2018-01-06 09:24:46,041 INFO [org.springframework.boot.SpringApplication:597] The following profiles are active: core
2018-01-06 09:24:46,183 INFO [org.springframework.context.support.AbstractApplicationContext:583] Refreshing org.springframework.boot.context.embedded.AnnotationConfigEmbeddedWebApplicationContext@51d9e4f7: startup date [Sat Jan 06 09:24:46 CST 2018]; parent: org.springframework.context.annotation.AnnotationConfigApplicationContext@60765981
2018-01-06 09:25:04,616 INFO [org.springframework.cloud.context.scope.GenericScope:263] BeanFactory id=f6c3a255-eab7-3441-823b-5b28697bc869
2018-01-06 09:25:04,783 INFO [com.alpha.self.diagnosis.processor.spring.BeanScannerConfigurer:28] 初始化 BasicAnswerProcessor  服务配置
2018-01-06 09:25:04,884 INFO [org.springframework.beans.factory.support.DefaultListableBeanFactory:828] Overriding bean definition for bean 'allergicHistoryAnswerProcessor' with a different definition: replacing [Generic bean: class [com.alpha.self.diagnosis.processor.AllergicHistoryAnswerProcessor]; scope=singleton; abstract=false; lazyInit=false; autowireMode=0; dependencyCheck=0; autowireCandidate=true; primary=false; factoryBeanName=null; factoryMethodName=null; initMethodName=null; destroyMethodName=null; defined in file [F:\iebm\workspace\alpha\branch\v1.0.3\alpha\alpha-self-diagnosis\target\classes\com\alpha\self\diagnosis\processor\AllergicHistoryAnswerProcessor.class]] with [Generic bean: class [com.alpha.self.diagnosis.processor.AllergicHistoryAnswerProcessor]; scope=singleton; abstract=false; lazyInit=false; autowireMode=0; dependencyCheck=0; autowireCandidate=true; primary=false; factoryBeanName=null; factoryMethodName=null; initMethodName=null; destroyMethodName=null; defined in file [F:\iebm\workspace\alpha\branch\v1.0.3\alpha\alpha-self-diagnosis\target\classes\com\alpha\self\diagnosis\processor\AllergicHistoryAnswerProcessor.class]]
2018-01-06 09:25:04,886 INFO [org.springframework.beans.factory.support.DefaultListableBeanFactory:828] Overriding bean definition for bean 'birthProcessor' with a different definition: replacing [Generic bean: class [com.alpha.self.diagnosis.processor.BirthProcessor]; scope=singleton; abstract=false; lazyInit=false; autowireMode=0; dependencyCheck=0; autowireCandidate=true; primary=false; factoryBeanName=null; factoryMethodName=null; initMethodName=null; destroyMethodName=null; defined in file [F:\iebm\workspace\alpha\branch\v1.0.3\alpha\alpha-self-diagnosis\target\classes\com\alpha\self\diagnosis\processor\BirthProcessor.class]] with [Generic bean: class [com.alpha.self.diagnosis.processor.BirthProcessor]; scope=singleton; abstract=false; lazyInit=false; autowireMode=0; dependencyCheck=0; autowireCandidate=true; primary=false; factoryBeanName=null; factoryMethodName=null; initMethodName=null; destroyMethodName=null; defined in file [F:\iebm\workspace\alpha\branch\v1.0.3\alpha\alpha-self-diagnosis\target\classes\com\alpha\self\diagnosis\processor\BirthProcessor.class]]
2018-01-06 09:25:04,890 INFO [org.springframework.beans.factory.support.DefaultListableBeanFactory:828] Overriding bean definition for bean 'liverRenalProcessor' with a different definition: replacing [Generic bean: class [com.alpha.self.diagnosis.processor.LiverRenalProcessor]; scope=singleton; abstract=false; lazyInit=false; autowireMode=0; dependencyCheck=0; autowireCandidate=true; primary=false; factoryBeanName=null; factoryMethodName=null; initMethodName=null; destroyMethodName=null; defined in file [F:\iebm\workspace\alpha\branch\v1.0.3\alpha\alpha-self-diagnosis\target\classes\com\alpha\self\diagnosis\processor\LiverRenalProcessor.class]] with [Generic bean: class [com.alpha.self.diagnosis.processor.LiverRenalProcessor]; scope=singleton; abstract=false; lazyInit=false; autowireMode=0; dependencyCheck=0; autowireCandidate=true; primary=false; factoryBeanName=null; factoryMethodName=null; initMethodName=null; destroyMethodName=null; defined in file [F:\iebm\workspace\alpha\branch\v1.0.3\alpha\alpha-self-diagnosis\target\classes\com\alpha\self\diagnosis\processor\LiverRenalProcessor.class]]
2018-01-06 09:25:04,892 INFO [org.springframework.beans.factory.support.DefaultListableBeanFactory:828] Overriding bean definition for bean 'normalAnswerProcessor' with a different definition: replacing [Generic bean: class [com.alpha.self.diagnosis.processor.NormalAnswerProcessor]; scope=singleton; abstract=false; lazyInit=false; autowireMode=0; dependencyCheck=0; autowireCandidate=true; primary=false; factoryBeanName=null; factoryMethodName=null; initMethodName=null; destroyMethodName=null; defined in file [F:\iebm\workspace\alpha\branch\v1.0.3\alpha\alpha-self-diagnosis\target\classes\com\alpha\self\diagnosis\processor\NormalAnswerProcessor.class]] with [Generic bean: class [com.alpha.self.diagnosis.processor.NormalAnswerProcessor]; scope=singleton; abstract=false; lazyInit=false; autowireMode=0; dependencyCheck=0; autowireCandidate=true; primary=false; factoryBeanName=null; factoryMethodName=null; initMethodName=null; destroyMethodName=null; defined in file [F:\iebm\workspace\alpha\branch\v1.0.3\alpha\alpha-self-diagnosis\target\classes\com\alpha\self\diagnosis\processor\NormalAnswerProcessor.class]]
2018-01-06 09:25:04,899 INFO [org.springframework.beans.factory.support.DefaultListableBeanFactory:828] Overriding bean definition for bean 'pastmedicalHistoryProcessor' with a different definition: replacing [Generic bean: class [com.alpha.self.diagnosis.processor.PastmedicalHistoryProcessor]; scope=singleton; abstract=false; lazyInit=false; autowireMode=0; dependencyCheck=0; autowireCandidate=true; primary=false; factoryBeanName=null; factoryMethodName=null; initMethodName=null; destroyMethodName=null; defined in file [F:\iebm\workspace\alpha\branch\v1.0.3\alpha\alpha-self-diagnosis\target\classes\com\alpha\self\diagnosis\processor\PastmedicalHistoryProcessor.class]] with [Generic bean: class [com.alpha.self.diagnosis.processor.PastmedicalHistoryProcessor]; scope=singleton; abstract=false; lazyInit=false; autowireMode=0; dependencyCheck=0; autowireCandidate=true; primary=false; factoryBeanName=null; factoryMethodName=null; initMethodName=null; destroyMethodName=null; defined in file [F:\iebm\workspace\alpha\branch\v1.0.3\alpha\alpha-self-diagnosis\target\classes\com\alpha\self\diagnosis\processor\PastmedicalHistoryProcessor.class]]
2018-01-06 09:25:04,900 INFO [org.springframework.beans.factory.support.DefaultListableBeanFactory:828] Overriding bean definition for bean 'weightProcessor' with a different definition: replacing [Generic bean: class [com.alpha.self.diagnosis.processor.WeightProcessor]; scope=singleton; abstract=false; lazyInit=false; autowireMode=0; dependencyCheck=0; autowireCandidate=true; primary=false; factoryBeanName=null; factoryMethodName=null; initMethodName=null; destroyMethodName=null; defined in file [F:\iebm\workspace\alpha\branch\v1.0.3\alpha\alpha-self-diagnosis\target\classes\com\alpha\self\diagnosis\processor\WeightProcessor.class]] with [Generic bean: class [com.alpha.self.diagnosis.processor.WeightProcessor]; scope=singleton; abstract=false; lazyInit=false; autowireMode=0; dependencyCheck=0; autowireCandidate=true; primary=false; factoryBeanName=null; factoryMethodName=null; initMethodName=null; destroyMethodName=null; defined in file [F:\iebm\workspace\alpha\branch\v1.0.3\alpha\alpha-self-diagnosis\target\classes\com\alpha\self\diagnosis\processor\WeightProcessor.class]]
2018-01-06 09:25:04,909 INFO [com.alpha.self.diagnosis.processor.spring.BeanScannerConfigurer:32] 初始化 BasicAnswerProcessor 完成
2018-01-06 09:25:06,781 INFO [org.springframework.beans.factory.annotation.AutowiredAnnotationBeanPostProcessor:155] JSR-330 'javax.inject.Inject' annotation found and supported for autowiring
2018-01-06 09:25:08,141 INFO [org.springframework.context.support.PostProcessorRegistrationDelegate$BeanPostProcessorChecker:325] Bean 'org.springframework.transaction.annotation.ProxyTransactionManagementConfiguration' of type [org.springframework.transaction.annotation.ProxyTransactionManagementConfiguration$$EnhancerBySpringCGLIB$$59602c0b] is not eligible for getting processed by all BeanPostProcessors (for example: not eligible for auto-proxying)
2018-01-06 09:25:09,780 INFO [org.springframework.context.support.PostProcessorRegistrationDelegate$BeanPostProcessorChecker:325] Bean 'org.springframework.cloud.autoconfigure.ConfigurationPropertiesRebinderAutoConfiguration' of type [org.springframework.cloud.autoconfigure.ConfigurationPropertiesRebinderAutoConfiguration$$EnhancerBySpringCGLIB$$757a2f08] is not eligible for getting processed by all BeanPostProcessors (for example: not eligible for auto-proxying)
2018-01-06 09:25:14,509 INFO [org.springframework.boot.context.embedded.tomcat.TomcatEmbeddedServletContainer:89] Tomcat initialized with port(s): 19092 (http)
2018-01-06 09:25:14,553 INFO [org.apache.juli.logging.DirectJDKLog:179] Starting service [Tomcat]
2018-01-06 09:25:14,558 INFO [org.apache.juli.logging.DirectJDKLog:179] Starting Servlet Engine: Apache Tomcat/8.5.20
2018-01-06 09:25:15,229 INFO [org.apache.juli.logging.DirectJDKLog:179] Initializing Spring embedded WebApplicationContext
2018-01-06 09:25:15,230 INFO [org.springframework.boot.context.embedded.EmbeddedWebApplicationContext:276] Root WebApplicationContext: initialization completed in 29047 ms
2018-01-06 09:25:19,229 INFO [org.springframework.boot.web.servlet.ServletRegistrationBean:190] Mapping servlet: 'dispatcherServlet' to [/]
2018-01-06 09:25:19,234 INFO [org.springframework.boot.web.servlet.ServletRegistrationBean:190] Mapping servlet: 'com.alpha.commons.config.servlet.DruidStatViewServlet' to [/druid/*]
2018-01-06 09:25:19,259 INFO [org.springframework.boot.web.servlet.AbstractFilterRegistrationBean:258] Mapping filter: 'characterEncodingFilter' to: [/*]
2018-01-06 09:25:19,262 INFO [org.springframework.boot.web.servlet.AbstractFilterRegistrationBean:258] Mapping filter: 'hiddenHttpMethodFilter' to: [/*]
2018-01-06 09:25:19,263 INFO [org.springframework.boot.web.servlet.AbstractFilterRegistrationBean:258] Mapping filter: 'httpPutFormContentFilter' to: [/*]
2018-01-06 09:25:19,265 INFO [org.springframework.boot.web.servlet.AbstractFilterRegistrationBean:258] Mapping filter: 'requestContextFilter' to: [/*]
2018-01-06 09:25:19,267 INFO [org.springframework.boot.web.servlet.AbstractFilterRegistrationBean:271] Mapping filter: 'com.alpha.self.diagnosis.converter.ParamDecryptServletRequestFilter' to urls: [/*]
2018-01-06 09:25:19,269 INFO [org.springframework.boot.web.servlet.AbstractFilterRegistrationBean:271] Mapping filter: 'com.alpha.commons.config.filter.CorsFilter' to urls: [/*]
2018-01-06 09:25:19,270 INFO [org.springframework.boot.web.servlet.AbstractFilterRegistrationBean:271] Mapping filter: 'druidWebStatFilter' to urls: [/*]
2018-01-06 09:25:19,365 INFO [com.alpha.self.diagnosis.listener.DiagnosisContextListener:27] DiagnosisContextListener contextInitialized starting...
2018-01-06 09:25:19,396 INFO [com.alpha.self.diagnosis.processor.BasicAnswerProcessorAdaptor:154] 6 processor will be register.
2018-01-06 09:25:20,560 INFO [com.alpha.commons.config.DruidConfiguration$Druid:66] DruidConfiguration init completed................
2018-01-06 09:25:31,047 INFO [com.alpha.self.diagnosis.listener.DiagnosisContextListener:34] DiagnosisContextListener contextInitialized completed
2018-01-06 09:25:31,091 INFO [com.alpha.self.diagnosis.converter.ParamDecryptServletRequestFilter:33] 需要解密的参数字段 --> null
2018-01-06 09:25:38,813 WARN [com.netflix.config.sources.URLConfigurationSource:121] No URLs will be polled as dynamic configuration sources.
2018-01-06 09:25:38,815 INFO [com.netflix.config.sources.URLConfigurationSource:122] To enable URLs as dynamic configuration sources, define System property archaius.configurationSource.additionalUrls or make config.properties available on classpath.
2018-01-06 09:25:38,843 WARN [com.netflix.config.sources.URLConfigurationSource:121] No URLs will be polled as dynamic configuration sources.
2018-01-06 09:25:38,845 INFO [com.netflix.config.sources.URLConfigurationSource:122] To enable URLs as dynamic configuration sources, define System property archaius.configurationSource.additionalUrls or make config.properties available on classpath.
2018-01-06 09:26:06,985 INFO [org.springframework.web.servlet.mvc.method.annotation.RequestMappingHandlerAdapter:534] Looking for @ControllerAdvice: org.springframework.boot.context.embedded.AnnotationConfigEmbeddedWebApplicationContext@51d9e4f7: startup date [Sat Jan 06 09:24:46 CST 2018]; parent: org.springframework.context.annotation.AnnotationConfigApplicationContext@60765981
2018-01-06 09:29:17,384 INFO [org.springframework.web.servlet.handler.AbstractHandlerMethodMapping$MappingRegistry:543] Mapped "{[/data/search/pastmedicalHistory],methods=[POST]}" onto public com.alpha.commons.web.ResponseMessage com.alpha.self.diagnosis.controller.DataSearchController.pastmedicalHistorySearch(com.alpha.self.diagnosis.pojo.vo.SearchRequestVo)
2018-01-06 09:29:17,387 INFO [org.springframework.web.servlet.handler.AbstractHandlerMethodMapping$MappingRegistry:543] Mapped "{[/data/search/allergicHistory],methods=[POST]}" onto public com.alpha.commons.web.ResponseMessage com.alpha.self.diagnosis.controller.DataSearchController.allergicHistorySearch(com.alpha.self.diagnosis.pojo.vo.SearchRequestVo)
2018-01-06 09:29:17,388 INFO [org.springframework.web.servlet.handler.AbstractHandlerMethodMapping$MappingRegistry:543] Mapped "{[/data/search/mainSymptom],methods=[POST]}" onto public com.alpha.commons.web.ResponseMessage com.alpha.self.diagnosis.controller.DataSearchController.mainSymptomSearch(java.lang.Long,java.lang.Integer,java.lang.String)
2018-01-06 09:29:17,389 INFO [org.springframework.web.servlet.handler.AbstractHandlerMethodMapping$MappingRegistry:543] Mapped "{[/data/search/concsymp],methods=[POST]}" onto public com.alpha.commons.web.ResponseMessage com.alpha.self.diagnosis.controller.DataSearchController.diagnosisStart(com.alpha.self.diagnosis.pojo.vo.SearchRequestVo)
2018-01-06 09:29:17,390 INFO [org.springframework.web.servlet.handler.AbstractHandlerMethodMapping$MappingRegistry:543] Mapped "{[/data/search/weight],methods=[POST]}" onto public com.alpha.commons.web.ResponseMessage com.alpha.self.diagnosis.controller.DataSearchController.weightSearch(com.alpha.user.pojo.vo.HisUserInfoVo)
2018-01-06 09:29:17,399 INFO [org.springframework.web.servlet.handler.AbstractHandlerMethodMapping$MappingRegistry:543] Mapped "{[/diagnosis/medicine/next],methods=[POST]}" onto public com.alpha.commons.web.ResponseMessage com.alpha.self.diagnosis.controller.DiagnosisController.diagnosisMedicineNext(java.lang.String)
2018-01-06 09:29:17,400 INFO [org.springframework.web.servlet.handler.AbstractHandlerMethodMapping$MappingRegistry:543] Mapped "{[/diagnosis/drug/query],methods=[POST]}" onto public com.alpha.commons.web.ResponseMessage com.alpha.self.diagnosis.controller.DiagnosisController.diagnosisDrugQuery(java.lang.String)
2018-01-06 09:29:17,401 INFO [org.springframework.web.servlet.handler.AbstractHandlerMethodMapping$MappingRegistry:543] Mapped "{[/diagnosis/showResult],methods=[POST]}" onto public com.alpha.commons.web.ResponseMessage com.alpha.self.diagnosis.controller.DiagnosisController.showDiagnosisResult(com.alpha.self.diagnosis.pojo.vo.BasicRequestVo)
2018-01-06 09:29:17,401 INFO [org.springframework.web.servlet.handler.AbstractHandlerMethodMapping$MappingRegistry:543] Mapped "{[/diagnosis/queryMedicalRecord4His/{idcard}],methods=[POST]}" onto public com.alpha.commons.web.ResponseMessage com.alpha.self.diagnosis.controller.DiagnosisController.queryMedicalRecord4His(java.lang.String)
2018-01-06 09:29:17,402 INFO [org.springframework.web.servlet.handler.AbstractHandlerMethodMapping$MappingRegistry:543] Mapped "{[/diagnosis/result/confirm],methods=[POST]}" onto public com.alpha.commons.web.ResponseMessage com.alpha.self.diagnosis.controller.DiagnosisController.confirmDiagnosisResult(java.lang.String,java.lang.Long)
2018-01-06 09:29:17,403 INFO [org.springframework.web.servlet.handler.AbstractHandlerMethodMapping$MappingRegistry:543] Mapped "{[/diagnosis/queryBasicQuestion],methods=[POST]}" onto public com.alpha.commons.web.ResponseMessage com.alpha.self.diagnosis.controller.DiagnosisController.queryBasicQuestion(com.alpha.user.controller.req.vo.PatientInfo)
2018-01-06 09:29:17,404 INFO [org.springframework.web.servlet.handler.AbstractHandlerMethodMapping$MappingRegistry:543] Mapped "{[/diagnosis/start],methods=[POST],consumes=[application/json || application/x-www-form-urlencoded]}" onto public com.alpha.commons.web.ResponseMessage com.alpha.self.diagnosis.controller.DiagnosisController.diagnosisStart(com.alpha.self.diagnosis.pojo.vo.DiagnosisStartReqeustVo)
2018-01-06 09:29:17,405 INFO [org.springframework.web.servlet.handler.AbstractHandlerMethodMapping$MappingRegistry:543] Mapped "{[/diagnosis/basic/next],methods=[POST]}" onto public com.alpha.commons.web.ResponseMessage com.alpha.self.diagnosis.controller.DiagnosisController.diagnosisNext(com.alpha.self.diagnosis.pojo.vo.QuestionRequestVo)
2018-01-06 09:29:17,405 INFO [org.springframework.web.servlet.handler.AbstractHandlerMethodMapping$MappingRegistry:543] Mapped "{[/diagnosis/outcome/confirm],methods=[POST]}" onto public com.alpha.commons.web.ResponseMessage com.alpha.self.diagnosis.controller.DiagnosisController.confirmOutcome(java.lang.Long,java.lang.String)
2018-01-06 09:29:17,406 INFO [org.springframework.web.servlet.handler.AbstractHandlerMethodMapping$MappingRegistry:543] Mapped "{[/diagnosis/diseaseHistory],methods=[POST]}" onto public com.alpha.commons.web.ResponseMessage com.alpha.self.diagnosis.controller.DiagnosisController.diseaseHistory(com.alpha.self.diagnosis.pojo.vo.DiseaseHistoryRequestVo)
2018-01-06 09:29:17,406 INFO [org.springframework.web.servlet.handler.AbstractHandlerMethodMapping$MappingRegistry:543] Mapped "{[/diagnosis/outcome/get],methods=[POST]}" onto public com.alpha.commons.web.ResponseMessage com.alpha.self.diagnosis.controller.DiagnosisController.getOutcome(java.lang.Long)
2018-01-06 09:29:17,412 INFO [org.springframework.web.servlet.handler.AbstractHandlerMethodMapping$MappingRegistry:543] Mapped "{[/disease/treatmentadvice/query/{diseaseCode}],methods=[POST]}" onto public com.alpha.commons.web.ResponseMessage com.alpha.self.diagnosis.controller.DiseaseController.queryTreatmentAdvice(java.lang.String)
2018-01-06 09:29:17,413 INFO [org.springframework.web.servlet.handler.AbstractHandlerMethodMapping$MappingRegistry:543] Mapped "{[/disease/check/query/{diseaseCode}],methods=[POST]}" onto public com.alpha.commons.web.ResponseMessage com.alpha.self.diagnosis.controller.DiseaseController.queryDiseaseCheck(java.lang.String)
2018-01-06 09:29:17,413 INFO [org.springframework.web.servlet.handler.AbstractHandlerMethodMapping$MappingRegistry:543] Mapped "{[/disease/dept/query/{diseaseCode}],methods=[POST]}" onto public com.alpha.commons.web.ResponseMessage com.alpha.self.diagnosis.controller.DiseaseController.queryDepartment(java.lang.String)
2018-01-06 09:29:17,418 INFO [org.springframework.web.servlet.handler.AbstractHandlerMethodMapping$MappingRegistry:543] Mapped "{[/info],methods=[GET]}" onto public java.lang.String com.alpha.self.diagnosis.controller.MainController.test()
2018-01-06 09:29:17,419 INFO [org.springframework.web.servlet.handler.AbstractHandlerMethodMapping$MappingRegistry:543] Mapped "{[/getMedicalRecord],methods=[POST]}" onto public com.alpha.commons.web.ResponseMessage com.alpha.self.diagnosis.controller.MainController.getMedicalRecord()
2018-01-06 09:29:17,419 INFO [org.springframework.web.servlet.handler.AbstractHandlerMethodMapping$MappingRegistry:543] Mapped "{[/test/question],methods=[POST]}" onto public com.alpha.commons.web.ResponseMessage com.alpha.self.diagnosis.controller.MainController.medicineQuestion(java.lang.Integer)
2018-01-06 09:29:17,420 INFO [org.springframework.web.servlet.handler.AbstractHandlerMethodMapping$MappingRegistry:543] Mapped "{[/test/question2],methods=[POST],produces=[application/json;charset=UTF-8]}" onto public com.alpha.commons.web.ResponseMessage com.alpha.self.diagnosis.controller.MainController.medicineQuestion(java.lang.String,java.lang.String)
2018-01-06 09:29:17,422 INFO [org.springframework.web.servlet.handler.AbstractHandlerMethodMapping$MappingRegistry:543] Mapped "{[/treatscheme/get],methods=[POST]}" onto public com.alpha.commons.web.ResponseMessage com.alpha.self.diagnosis.controller.TreatSchemeController.treatScheme(com.alpha.self.diagnosis.pojo.vo.SearchRequestVo)
2018-01-06 09:29:17,423 INFO [org.springframework.web.servlet.handler.AbstractHandlerMethodMapping$MappingRegistry:543] Mapped "{[/treatscheme/diseaseList],methods=[POST]}" onto public com.alpha.commons.web.ResponseMessage com.alpha.self.diagnosis.controller.TreatSchemeController.diseaseList(com.alpha.self.diagnosis.pojo.vo.SearchRequestVo)
2018-01-06 09:29:17,430 INFO [org.springframework.web.servlet.handler.AbstractHandlerMethodMapping$MappingRegistry:543] Mapped "{[/wechar/user/register],methods=[POST]}" onto public com.alpha.commons.web.ResponseMessage com.alpha.self.diagnosis.controller.WeCharController.register(java.lang.String)
2018-01-06 09:29:17,431 INFO [org.springframework.web.servlet.handler.AbstractHandlerMethodMapping$MappingRegistry:543] Mapped "{[/wechar/user/confirm/test],methods=[POST]}" onto public com.alpha.self.diagnosis.pojo.vo.vx.UserDiagnosisInfoVo com.alpha.self.diagnosis.controller.WeCharController.userInfoConfirmTest(java.lang.Long)
2018-01-06 09:29:17,432 INFO [org.springframework.web.servlet.handler.AbstractHandlerMethodMapping$MappingRegistry:543] Mapped "{[/wechar/disease/treatschema/show],methods=[POST]}" onto public com.alpha.commons.web.ResponseMessage com.alpha.self.diagnosis.controller.WeCharController.diseaseTreatSchema(java.lang.String)
2018-01-06 09:29:17,432 INFO [org.springframework.web.servlet.handler.AbstractHandlerMethodMapping$MappingRegistry:543] Mapped "{[/wechar/diagnosisRecord/list],methods=[POST]}" onto public com.alpha.commons.web.ResponseMessage com.alpha.self.diagnosis.controller.WeCharController.getUserDiagnosisRecord(java.lang.Long)
2018-01-06 09:29:17,433 INFO [org.springframework.web.servlet.handler.AbstractHandlerMethodMapping$MappingRegistry:543] Mapped "{[/wechar/member/healthFile],methods=[POST]}" onto public com.alpha.commons.web.ResponseMessage com.alpha.self.diagnosis.controller.WeCharController.memberHealthFiles(java.lang.String)
2018-01-06 09:29:17,433 INFO [org.springframework.web.servlet.handler.AbstractHandlerMethodMapping$MappingRegistry:543] Mapped "{[/wechar/drug/list],methods=[POST]}" onto public com.alpha.commons.web.ResponseMessage com.alpha.self.diagnosis.controller.WeCharController.drugList(java.lang.String)
2018-01-06 09:29:17,435 INFO [org.springframework.web.servlet.handler.AbstractHandlerMethodMapping$MappingRegistry:543] Mapped "{[/wechar/disease/list],methods=[POST]}" onto public com.alpha.commons.web.ResponseMessage com.alpha.self.diagnosis.controller.WeCharController.diseaseList(java.lang.String)
2018-01-06 09:29:17,436 INFO [org.springframework.web.servlet.handler.AbstractHandlerMethodMapping$MappingRegistry:543] Mapped "{[/wechar/follow],methods=[POST]}" onto public com.alpha.commons.web.ResponseMessage com.alpha.self.diagnosis.controller.WeCharController.follow(java.lang.String,java.lang.Long)
2018-01-06 09:29:17,437 INFO [org.springframework.web.servlet.handler.AbstractHandlerMethodMapping$MappingRegistry:543] Mapped "{[/wechar/user/confirm],methods=[POST]}" onto public com.alpha.commons.web.ResponseMessage com.alpha.self.diagnosis.controller.WeCharController.userInfoConfirm(java.lang.Long)
2018-01-06 09:29:17,437 INFO [org.springframework.web.servlet.handler.AbstractHandlerMethodMapping$MappingRegistry:543] Mapped "{[/wechar/diagnosis/detail],methods=[POST]}" onto public com.alpha.commons.web.ResponseMessage com.alpha.self.diagnosis.controller.WeCharController.diagnosisDetail(java.lang.Long,java.lang.String,java.lang.Long)
2018-01-06 09:29:17,438 INFO [org.springframework.web.servlet.handler.AbstractHandlerMethodMapping$MappingRegistry:543] Mapped "{[/wechar/disease/hot/list],methods=[POST]}" onto public com.alpha.commons.web.ResponseMessage com.alpha.self.diagnosis.controller.WeCharController.hotDiseaseList()
2018-01-06 09:29:17,438 INFO [org.springframework.web.servlet.handler.AbstractHandlerMethodMapping$MappingRegistry:543] Mapped "{[/wechar/drug/hot/list],methods=[POST]}" onto public com.alpha.commons.web.ResponseMessage com.alpha.self.diagnosis.controller.WeCharController.hotDrugList()
2018-01-06 09:29:17,439 INFO [org.springframework.web.servlet.handler.AbstractHandlerMethodMapping$MappingRegistry:543] Mapped "{[/wechar/drug/detail],methods=[POST]}" onto public com.alpha.commons.web.ResponseMessage com.alpha.self.diagnosis.controller.WeCharController.drugDetail(java.lang.String)
2018-01-06 09:29:17,439 INFO [org.springframework.web.servlet.handler.AbstractHandlerMethodMapping$MappingRegistry:543] Mapped "{[/wechar/user/detail],methods=[POST]}" onto public com.alpha.commons.web.ResponseMessage com.alpha.self.diagnosis.controller.WeCharController.personalInfo(java.lang.Long)
2018-01-06 09:29:17,440 INFO [org.springframework.web.servlet.handler.AbstractHandlerMethodMapping$MappingRegistry:543] Mapped "{[/wechar/member/list],methods=[POST]}" onto public com.alpha.commons.web.ResponseMessage com.alpha.self.diagnosis.controller.WeCharController.memberList(java.lang.String)
2018-01-06 09:29:17,443 INFO [org.springframework.web.servlet.handler.AbstractHandlerMethodMapping$MappingRegistry:543] Mapped "{[/feedback/put],methods=[POST]}" onto public com.alpha.commons.web.ResponseMessage com.alpha.user.controller.FeedBackController.authorization(com.alpha.server.rpc.user.pojo.UserFeedback)
2018-01-06 09:29:17,444 INFO [org.springframework.web.servlet.handler.AbstractHandlerMethodMapping$MappingRegistry:543] Mapped "{[/feedback/useful/query/{diagnosisId}],methods=[POST]}" onto public com.alpha.commons.web.ResponseMessage com.alpha.user.controller.FeedBackController.queryUseful(java.lang.Long)
2018-01-06 09:29:17,445 INFO [org.springframework.web.servlet.handler.AbstractHandlerMethodMapping$MappingRegistry:543] Mapped "{[/feedback/items/query],methods=[POST]}" onto public com.alpha.commons.web.ResponseMessage com.alpha.user.controller.FeedBackController.queryItems(java.lang.String)
2018-01-06 09:29:17,446 INFO [org.springframework.web.servlet.handler.AbstractHandlerMethodMapping$MappingRegistry:543] Mapped "{[/sms/send],methods=[POST]}" onto public com.alpha.commons.web.ResponseMessage com.alpha.user.controller.SmsController.send(java.lang.String)
2018-01-06 09:29:17,449 INFO [org.springframework.web.servlet.handler.AbstractHandlerMethodMapping$MappingRegistry:543] Mapped "{[/user/list],methods=[POST]}" onto public com.alpha.commons.web.ResponseMessage com.alpha.user.controller.UserController.list(java.lang.String,int)
2018-01-06 09:29:17,450 INFO [org.springframework.web.servlet.handler.AbstractHandlerMethodMapping$MappingRegistry:543] Mapped "{[/user/query],methods=[POST]}" onto public com.alpha.commons.web.ResponseMessage com.alpha.user.controller.UserController.query(com.alpha.user.pojo.vo.HisUserInfoVo)
2018-01-06 09:29:17,450 INFO [org.springframework.web.servlet.handler.AbstractHandlerMethodMapping$MappingRegistry:543] Mapped "{[/user/auth],methods=[POST]}" onto public com.alpha.commons.web.ResponseMessage com.alpha.user.controller.UserController.authorization(java.lang.String,java.lang.Integer,java.lang.Integer)
2018-01-06 09:29:17,451 INFO [org.springframework.web.servlet.handler.AbstractHandlerMethodMapping$MappingRegistry:543] Mapped "{[/user/save],methods=[POST]}" onto public com.alpha.commons.web.ResponseMessage com.alpha.user.controller.UserController.saveUserInfo(java.lang.String)
2018-01-06 09:29:17,454 INFO [org.springframework.web.servlet.handler.AbstractHandlerMethodMapping$MappingRegistry:543] Mapped "{[/error]}" onto public org.springframework.http.ResponseEntity<java.util.Map<java.lang.String, java.lang.Object>> org.springframework.boot.autoconfigure.web.BasicErrorController.error(javax.servlet.http.HttpServletRequest)
2018-01-06 09:29:17,455 INFO [org.springframework.web.servlet.handler.AbstractHandlerMethodMapping$MappingRegistry:543] Mapped "{[/error],produces=[text/html]}" onto public org.springframework.web.servlet.ModelAndView org.springframework.boot.autoconfigure.web.BasicErrorController.errorHtml(javax.servlet.http.HttpServletRequest,javax.servlet.http.HttpServletResponse)
2018-01-06 09:29:17,925 INFO [org.springframework.web.servlet.handler.AbstractUrlHandlerMapping:362] Mapped URL path [/webjars/**] onto handler of type [class org.springframework.web.servlet.resource.ResourceHttpRequestHandler]
2018-01-06 09:29:17,926 INFO [org.springframework.web.servlet.handler.AbstractUrlHandlerMapping:362] Mapped URL path [/**] onto handler of type [class org.springframework.web.servlet.resource.ResourceHttpRequestHandler]
2018-01-06 09:29:18,023 INFO [org.springframework.web.servlet.mvc.method.annotation.ExceptionHandlerExceptionResolver:273] Detected @ExceptionHandler methods in controllerEnhancerment
2018-01-06 09:29:18,248 INFO [org.springframework.web.servlet.handler.AbstractUrlHandlerMapping:362] Mapped URL path [/**/favicon.ico] onto handler of type [class org.springframework.web.servlet.resource.ResourceHttpRequestHandler]
2018-01-06 09:29:19,576 INFO [com.atomikos.logging.Slf4jLogger:16] Using Slf4J for logging.
2018-01-06 09:29:19,576 WARN [com.atomikos.logging.Slf4jLogger:12] No properties path set - looking for transactions.properties in classpath...
2018-01-06 09:29:19,579 WARN [com.atomikos.logging.Slf4jLogger:12] transactions.properties not found - looking for jta.properties in classpath...
2018-01-06 09:29:19,581 WARN [com.atomikos.logging.Slf4jLogger:12] Failed to open transactions properties file - using default values
2018-01-06 09:29:19,692 INFO [com.atomikos.logging.Slf4jLogger:16] com.atomikos.persistence.imp.WriteAheadObjectLog instantiation failed - falling back to default
2018-01-06 09:29:19,698 INFO [com.atomikos.logging.Slf4jLogger:16] Starting read of logfile F:\iebm\workspace\alpha\branch\v1.0.3\alpha\alpha-self-diagnosis\transaction-logs\tmlog8.log
2018-01-06 09:29:19,699 INFO [com.atomikos.logging.Slf4jLogger:16] Done read of logfile
2018-01-06 09:29:19,700 INFO [com.atomikos.logging.Slf4jLogger:16] Logfile closed: F:\iebm\workspace\alpha\branch\v1.0.3\alpha\alpha-self-diagnosis\transaction-logs\tmlog8.log
2018-01-06 09:29:19,737 INFO [com.atomikos.logging.Slf4jLogger:16] USING core version: 3.9.3
2018-01-06 09:29:19,738 INFO [com.atomikos.logging.Slf4jLogger:16] USING com.atomikos.icatch.automatic_resource_registration = true
2018-01-06 09:29:19,739 INFO [com.atomikos.logging.Slf4jLogger:16] USING com.atomikos.icatch.client_demarcation = false
2018-01-06 09:29:19,739 INFO [com.atomikos.logging.Slf4jLogger:16] USING com.atomikos.icatch.threaded_2pc = false
2018-01-06 09:29:19,739 INFO [com.atomikos.logging.Slf4jLogger:16] USING com.atomikos.icatch.serial_jta_transactions = true
2018-01-06 09:29:19,739 INFO [com.atomikos.logging.Slf4jLogger:16] USING com.atomikos.icatch.serializable_logging = true
2018-01-06 09:29:19,740 INFO [com.atomikos.logging.Slf4jLogger:16] USING com.atomikos.icatch.log_base_dir = F:\iebm\workspace\alpha\branch\v1.0.3\alpha\alpha-self-diagnosis\transaction-logs
2018-01-06 09:29:19,741 INFO [com.atomikos.logging.Slf4jLogger:16] USING com.atomikos.icatch.max_actives = 50
2018-01-06 09:29:19,741 INFO [com.atomikos.logging.Slf4jLogger:16] USING com.atomikos.icatch.checkpoint_interval = 500
2018-01-06 09:29:19,741 INFO [com.atomikos.logging.Slf4jLogger:16] USING com.atomikos.icatch.enable_logging = true
2018-01-06 09:29:19,742 INFO [com.atomikos.logging.Slf4jLogger:16] USING com.atomikos.icatch.output_dir = .\
2018-01-06 09:29:19,742 INFO [com.atomikos.logging.Slf4jLogger:16] USING com.atomikos.icatch.log_base_name = tmlog
2018-01-06 09:29:19,742 INFO [com.atomikos.logging.Slf4jLogger:16] USING com.atomikos.icatch.max_timeout = 300000
2018-01-06 09:29:19,742 INFO [com.atomikos.logging.Slf4jLogger:16] USING com.atomikos.icatch.tm_unique_name = 192.168.29.54.tm
2018-01-06 09:29:19,743 INFO [com.atomikos.logging.Slf4jLogger:16] USING java.naming.factory.initial = com.sun.jndi.rmi.registry.RegistryContextFactory
2018-01-06 09:29:19,743 INFO [com.atomikos.logging.Slf4jLogger:16] USING java.naming.provider.url = rmi://localhost:1099
2018-01-06 09:29:19,743 INFO [com.atomikos.logging.Slf4jLogger:16] USING com.atomikos.icatch.service = com.atomikos.icatch.standalone.UserTransactionServiceFactory
2018-01-06 09:29:19,743 INFO [com.atomikos.logging.Slf4jLogger:16] USING com.atomikos.icatch.force_shutdown_on_vm_exit = false
2018-01-06 09:29:19,744 INFO [com.atomikos.logging.Slf4jLogger:16] USING com.atomikos.icatch.default_jta_timeout = 10000
2018-01-06 09:29:19,960 INFO [org.springframework.transaction.jta.JtaTransactionManager:490] Using JTA UserTransaction: com.atomikos.icatch.jta.UserTransactionManager@8cd1d1
2018-01-06 09:29:19,960 INFO [org.springframework.transaction.jta.JtaTransactionManager:501] Using JTA TransactionManager: com.atomikos.icatch.jta.UserTransactionManager@8cd1d1
2018-01-06 09:29:23,162 INFO [org.springframework.boot.devtools.autoconfigure.OptionalLiveReloadServer:58] LiveReload server is running on port 35729
2018-01-06 09:29:24,784 INFO [org.springframework.jmx.export.MBeanExporter:431] Registering beans for JMX exposure on startup
2018-01-06 09:29:24,788 INFO [org.springframework.jmx.export.MBeanExporter:916] Bean with name 'dataSource' has been autodetected for JMX exposure
2018-01-06 09:29:24,812 INFO [org.springframework.jmx.export.MBeanExporter:916] Bean with name 'environmentManager' has been autodetected for JMX exposure
2018-01-06 09:29:24,815 INFO [org.springframework.jmx.export.MBeanExporter:916] Bean with name 'configurationPropertiesRebinder' has been autodetected for JMX exposure
2018-01-06 09:29:24,816 INFO [org.springframework.jmx.export.MBeanExporter:916] Bean with name 'refreshScope' has been autodetected for JMX exposure
2018-01-06 09:29:24,822 INFO [org.springframework.jmx.export.MBeanExporter:678] Located managed bean 'environmentManager': registering with JMX server as MBean [org.springframework.cloud.context.environment:name=environmentManager,type=EnvironmentManager]
2018-01-06 09:29:24,861 INFO [org.springframework.jmx.export.MBeanExporter:678] Located managed bean 'refreshScope': registering with JMX server as MBean [org.springframework.cloud.context.scope.refresh:name=refreshScope,type=RefreshScope]
2018-01-06 09:29:24,923 INFO [org.springframework.jmx.export.MBeanExporter:678] Located managed bean 'configurationPropertiesRebinder': registering with JMX server as MBean [org.springframework.cloud.context.properties:name=configurationPropertiesRebinder,context=51d9e4f7,type=ConfigurationPropertiesRebinder]
2018-01-06 09:29:24,945 INFO [org.springframework.jmx.export.MBeanExporter:671] Located MBean 'dataSource': registering with JMX server as MBean [com.alibaba.druid.pool:name=dataSource,type=DruidDataSource]
2018-01-06 09:29:25,265 INFO [org.springframework.context.support.DefaultLifecycleProcessor$LifecycleGroup:343] Starting beans in phase 0
2018-01-06 09:29:25,286 INFO [org.springframework.cloud.netflix.eureka.InstanceInfoFactory:70] Setting initial instance status as: STARTING
2018-01-06 09:29:25,419 INFO [com.netflix.discovery.DiscoveryClient:344] Initializing Eureka in region us-east-1
2018-01-06 09:29:25,916 INFO [com.netflix.discovery.provider.DiscoveryJerseyProvider:70] Using JSON encoding codec LegacyJacksonJson
2018-01-06 09:29:25,917 INFO [com.netflix.discovery.provider.DiscoveryJerseyProvider:71] Using JSON decoding codec LegacyJacksonJson
2018-01-06 09:29:26,064 INFO [com.netflix.discovery.provider.DiscoveryJerseyProvider:80] Using XML encoding codec XStreamXml
2018-01-06 09:29:26,064 INFO [com.netflix.discovery.provider.DiscoveryJerseyProvider:81] Using XML decoding codec XStreamXml
2018-01-06 09:29:26,814 INFO [com.netflix.discovery.shared.resolver.aws.ConfigClusterResolver:43] Resolving eureka endpoints via configuration
2018-01-06 09:29:26,905 INFO [com.netflix.discovery.DiscoveryClient:920] Disable delta property : false
2018-01-06 09:29:26,906 INFO [com.netflix.discovery.DiscoveryClient:921] Single vip registry refresh property : null
2018-01-06 09:29:26,906 INFO [com.netflix.discovery.DiscoveryClient:922] Force full registry fetch : false
2018-01-06 09:29:26,906 INFO [com.netflix.discovery.DiscoveryClient:923] Application is null : false
2018-01-06 09:29:26,907 INFO [com.netflix.discovery.DiscoveryClient:924] Registered Applications size is zero : true
2018-01-06 09:29:26,907 INFO [com.netflix.discovery.DiscoveryClient:926] Application version is -1: true
2018-01-06 09:29:26,907 INFO [com.netflix.discovery.DiscoveryClient:1009] Getting all instance registry info from the eureka server
2018-01-06 09:29:27,458 INFO [com.netflix.discovery.DiscoveryClient:1018] The response status is 200
2018-01-06 09:29:27,460 INFO [com.netflix.discovery.DiscoveryClient:1244] Starting heartbeat executor: renew interval is: 5
2018-01-06 09:29:27,465 INFO [com.netflix.discovery.InstanceInfoReplicator:59] InstanceInfoReplicator onDemand update allowed rate per min is 4
2018-01-06 09:29:27,475 INFO [com.netflix.discovery.DiscoveryClient:425] Discovery Client initialized at timestamp 1515202167474 with initial instances count: 0
2018-01-06 09:29:27,733 INFO [org.springframework.cloud.netflix.eureka.serviceregistry.EurekaServiceRegistry:40] Registering application alpha-self-diagnosis with eureka with status UP
2018-01-06 09:29:27,735 INFO [com.netflix.discovery.DiscoveryClient$3:1279] Saw local status change event StatusChangeEvent [timestamp=1515202167735, current=UP, previous=STARTING]
2018-01-06 09:29:27,747 INFO [com.netflix.discovery.DiscoveryClient:795] DiscoveryClient_ALPHA-SELF-DIAGNOSIS/PC-20160606PUVI:alpha-self-diagnosis:19092: registering service...
2018-01-06 09:29:27,772 INFO [org.springframework.scheduling.annotation.ScheduledAnnotationBeanPostProcessor:262] No TaskScheduler/ScheduledExecutorService bean found for scheduled processing
2018-01-06 09:29:27,847 INFO [org.apache.juli.logging.DirectJDKLog:179] Initializing ProtocolHandler ["http-nio-19092"]
2018-01-06 09:29:27,906 INFO [org.apache.juli.logging.DirectJDKLog:179] Starting ProtocolHandler ["http-nio-19092"]
2018-01-06 09:29:27,931 INFO [org.apache.juli.logging.DirectJDKLog:179] Using a shared selector for servlet write/read
2018-01-06 09:29:27,992 INFO [com.netflix.discovery.DiscoveryClient:804] DiscoveryClient_ALPHA-SELF-DIAGNOSIS/PC-20160606PUVI:alpha-self-diagnosis:19092 - registration status: 204
2018-01-06 09:29:28,037 INFO [org.springframework.boot.context.embedded.tomcat.TomcatEmbeddedServletContainer:201] Tomcat started on port(s): 19092 (http)
2018-01-06 09:29:28,039 INFO [org.springframework.cloud.netflix.eureka.serviceregistry.EurekaAutoServiceRegistration:117] Updating port to 19092
2018-01-06 09:29:28,050 INFO [org.springframework.boot.StartupInfoLogger:57] Started AlphaApplication in 288.921 seconds (JVM running for 291.81)
2018-01-06 09:29:32,460 INFO [com.netflix.discovery.DiscoveryClient:920] Disable delta property : false
2018-01-06 09:29:32,461 INFO [com.netflix.discovery.DiscoveryClient:921] Single vip registry refresh property : null
2018-01-06 09:29:32,461 INFO [com.netflix.discovery.DiscoveryClient:922] Force full registry fetch : false
2018-01-06 09:29:32,462 INFO [com.netflix.discovery.DiscoveryClient:923] Application is null : false
2018-01-06 09:29:32,462 INFO [com.netflix.discovery.DiscoveryClient:924] Registered Applications size is zero : true
2018-01-06 09:29:32,462 INFO [com.netflix.discovery.DiscoveryClient:926] Application version is -1: false
2018-01-06 09:29:32,462 INFO [com.netflix.discovery.DiscoveryClient:1009] Getting all instance registry info from the eureka server
2018-01-06 09:29:32,471 INFO [com.netflix.discovery.DiscoveryClient:1018] The response status is 200
2018-01-06 09:29:37,480 INFO [com.netflix.discovery.DiscoveryClient:920] Disable delta property : false
2018-01-06 09:29:37,481 INFO [com.netflix.discovery.DiscoveryClient:921] Single vip registry refresh property : null
2018-01-06 09:29:37,481 INFO [com.netflix.discovery.DiscoveryClient:922] Force full registry fetch : false
2018-01-06 09:29:37,482 INFO [com.netflix.discovery.DiscoveryClient:923] Application is null : false
2018-01-06 09:29:37,482 INFO [com.netflix.discovery.DiscoveryClient:924] Registered Applications size is zero : true
2018-01-06 09:29:37,482 INFO [com.netflix.discovery.DiscoveryClient:926] Application version is -1: false
2018-01-06 09:29:37,482 INFO [com.netflix.discovery.DiscoveryClient:1009] Getting all instance registry info from the eureka server
2018-01-06 09:29:37,532 INFO [com.netflix.discovery.DiscoveryClient:1018] The response status is 200
2018-01-06 09:30:00,087 INFO [com.atomikos.logging.Slf4jLogger:16] THREADS: using JDK thread pooling...
2018-01-06 09:30:00,119 INFO [com.atomikos.logging.Slf4jLogger:16] createCompositeTransaction ( 10000 ): created new ROOT transaction with id 192.168.29.54.tm0000100010
2018-01-06 09:30:00,934 INFO [com.atomikos.logging.Slf4jLogger:16] commit() done (by application) of transaction 192.168.29.54.tm0000100010
2018-01-06 09:34:26,914 INFO [com.netflix.discovery.shared.resolver.aws.ConfigClusterResolver:43] Resolving eureka endpoints via configuration
2018-01-06 09:35:00,005 INFO [com.atomikos.logging.Slf4jLogger:16] createCompositeTransaction ( 10000 ): created new ROOT transaction with id 192.168.29.54.tm0000200010
2018-01-06 09:35:00,027 INFO [com.atomikos.logging.Slf4jLogger:16] commit() done (by application) of transaction 192.168.29.54.tm0000200010
2018-01-06 09:39:26,922 INFO [com.netflix.discovery.shared.resolver.aws.ConfigClusterResolver:43] Resolving eureka endpoints via configuration
2018-01-06 09:40:00,006 INFO [com.atomikos.logging.Slf4jLogger:16] createCompositeTransaction ( 10000 ): created new ROOT transaction with id 192.168.29.54.tm0000300010
2018-01-06 09:40:00,020 INFO [com.atomikos.logging.Slf4jLogger:16] commit() done (by application) of transaction 192.168.29.54.tm0000300010
2018-01-06 09:44:26,929 INFO [com.netflix.discovery.shared.resolver.aws.ConfigClusterResolver:43] Resolving eureka endpoints via configuration
2018-01-06 09:45:00,006 INFO [com.atomikos.logging.Slf4jLogger:16] createCompositeTransaction ( 10000 ): created new ROOT transaction with id 192.168.29.54.tm0000400010
2018-01-06 09:45:00,026 INFO [com.atomikos.logging.Slf4jLogger:16] commit() done (by application) of transaction 192.168.29.54.tm0000400010
2018-01-06 09:49:26,936 INFO [com.netflix.discovery.shared.resolver.aws.ConfigClusterResolver:43] Resolving eureka endpoints via configuration
2018-01-06 09:50:00,006 INFO [com.atomikos.logging.Slf4jLogger:16] createCompositeTransaction ( 10000 ): created new ROOT transaction with id 192.168.29.54.tm0000500010
2018-01-06 09:50:00,019 INFO [com.atomikos.logging.Slf4jLogger:16] commit() done (by application) of transaction 192.168.29.54.tm0000500010
2018-01-06 09:54:26,942 INFO [com.netflix.discovery.shared.resolver.aws.ConfigClusterResolver:43] Resolving eureka endpoints via configuration
2018-01-06 09:54:44,635 INFO [org.apache.juli.logging.DirectJDKLog:179] Initializing Spring FrameworkServlet 'dispatcherServlet'
2018-01-06 09:54:44,635 INFO [org.springframework.web.servlet.FrameworkServlet:489] FrameworkServlet 'dispatcherServlet': initialization started
2018-01-06 09:54:44,782 INFO [org.springframework.web.servlet.FrameworkServlet:508] FrameworkServlet 'dispatcherServlet': initialization completed in 146 ms
2018-01-06 09:54:45,027 INFO [com.atomikos.logging.Slf4jLogger:16] createCompositeTransaction ( 10000 ): created new ROOT transaction with id 192.168.29.54.tm0000600010
2018-01-06 09:54:45,093 INFO [com.atomikos.logging.Slf4jLogger:16] commit() done (by application) of transaction 192.168.29.54.tm0000600010
2018-01-06 09:55:00,005 INFO [com.atomikos.logging.Slf4jLogger:16] createCompositeTransaction ( 10000 ): created new ROOT transaction with id 192.168.29.54.tm0000700010
2018-01-06 09:55:00,027 INFO [com.atomikos.logging.Slf4jLogger:16] commit() done (by application) of transaction 192.168.29.54.tm0000700010
2018-01-06 09:57:42,819 INFO [com.atomikos.logging.Slf4jLogger:16] createCompositeTransaction ( 10000 ): created new ROOT transaction with id 192.168.29.54.tm0000800010
2018-01-06 09:57:42,827 INFO [com.atomikos.logging.Slf4jLogger:16] commit() done (by application) of transaction 192.168.29.54.tm0000800010
2018-01-06 09:59:26,968 INFO [com.netflix.discovery.shared.resolver.aws.ConfigClusterResolver:43] Resolving eureka endpoints via configuration
