2017-10-18 15:00:35,864 ERROR [org.apache.juli.logging.DirectJDKLog:181] Servlet.service() for servlet [dispatcherServlet] in context with path [] threw exception [Request processing failed; nested exception is java.time.temporal.UnsupportedTemporalTypeException: Unsupported field: HourOfDay] with root cause
java.time.temporal.UnsupportedTemporalTypeException: Unsupported field: HourOfDay
	at java.time.LocalDate.get0(LocalDate.java:680)
	at java.time.LocalDate.getLong(LocalDate.java:659)
	at java.time.format.DateTimePrintContext.getValue(DateTimePrintContext.java:298)
	at java.time.format.DateTimeFormatterBuilder$NumberPrinterParser.format(DateTimeFormatterBuilder.java:2540)
	at java.time.format.DateTimeFormatterBuilder$CompositePrinterParser.format(DateTimeFormatterBuilder.java:2179)
	at java.time.format.DateTimeFormatter.formatTo(DateTimeFormatter.java:1746)
	at java.time.format.DateTimeFormatter.format(DateTimeFormatter.java:1720)
	at java.time.LocalDate.format(LocalDate.java:1691)
	at com.alpha.commons.util.DateUtils.date2String(DateUtils.java:135)
	at com.alpha.user.service.impl.UserInfoServiceImpl.getThirdUser(UserInfoServiceImpl.java:298)
	at com.alpha.user.service.impl.UserInfoServiceImpl.queryUserInfoFromHis(UserInfoServiceImpl.java:209)
	at com.alpha.user.service.impl.UserInfoServiceImpl$$FastClassBySpringCGLIB$$a6b54a0d.invoke(<generated>)
	at org.springframework.cglib.proxy.MethodProxy.invoke(MethodProxy.java:204)
	at org.springframework.aop.framework.CglibAopProxy$CglibMethodInvocation.invokeJoinpoint(CglibAopProxy.java:738)
	at org.springframework.aop.framework.ReflectiveMethodInvocation.proceed(ReflectiveMethodInvocation.java:157)
	at org.springframework.transaction.interceptor.TransactionInterceptor$1.proceedWithInvocation(TransactionInterceptor.java:99)
	at org.springframework.transaction.interceptor.TransactionAspectSupport.invokeWithinTransaction(TransactionAspectSupport.java:282)
	at org.springframework.transaction.interceptor.TransactionInterceptor.invoke(TransactionInterceptor.java:96)
	at org.springframework.aop.framework.ReflectiveMethodInvocation.proceed(ReflectiveMethodInvocation.java:179)
	at org.springframework.aop.framework.CglibAopProxy$DynamicAdvisedInterceptor.intercept(CglibAopProxy.java:673)
	at com.alpha.user.service.impl.UserInfoServiceImpl$$EnhancerBySpringCGLIB$$4a6ccfc.queryUserInfoFromHis(<generated>)
	at com.alpha.user.controller.UserController.query(UserController.java:80)
	at sun.reflect.NativeMethodAccessorImpl.invoke0(Native Method)
	at sun.reflect.NativeMethodAccessorImpl.invoke(NativeMethodAccessorImpl.java:62)
	at sun.reflect.DelegatingMethodAccessorImpl.invoke(DelegatingMethodAccessorImpl.java:43)
	at java.lang.reflect.Method.invoke(Method.java:498)
	at org.springframework.web.method.support.InvocableHandlerMethod.doInvoke(InvocableHandlerMethod.java:205)
	at org.springframework.web.method.support.InvocableHandlerMethod.invokeForRequest(InvocableHandlerMethod.java:133)
	at org.springframework.web.servlet.mvc.method.annotation.ServletInvocableHandlerMethod.invokeAndHandle(ServletInvocableHandlerMethod.java:97)
	at org.springframework.web.servlet.mvc.method.annotation.RequestMappingHandlerAdapter.invokeHandlerMethod(RequestMappingHandlerAdapter.java:827)
	at org.springframework.web.servlet.mvc.method.annotation.RequestMappingHandlerAdapter.handleInternal(RequestMappingHandlerAdapter.java:738)
	at org.springframework.web.servlet.mvc.method.AbstractHandlerMethodAdapter.handle(AbstractHandlerMethodAdapter.java:85)
	at org.springframework.web.servlet.DispatcherServlet.doDispatch(DispatcherServlet.java:967)
	at org.springframework.web.servlet.DispatcherServlet.doService(DispatcherServlet.java:901)
	at org.springframework.web.servlet.FrameworkServlet.processRequest(FrameworkServlet.java:970)
	at org.springframework.web.servlet.FrameworkServlet.doPost(FrameworkServlet.java:872)
	at javax.servlet.http.HttpServlet.service(HttpServlet.java:661)
	at org.springframework.web.servlet.FrameworkServlet.service(FrameworkServlet.java:846)
	at javax.servlet.http.HttpServlet.service(HttpServlet.java:742)
	at org.apache.catalina.core.ApplicationFilterChain.internalDoFilter(ApplicationFilterChain.java:231)
	at org.apache.catalina.core.ApplicationFilterChain.doFilter(ApplicationFilterChain.java:166)
	at org.apache.tomcat.websocket.server.WsFilter.doFilter(WsFilter.java:52)
	at org.apache.catalina.core.ApplicationFilterChain.internalDoFilter(ApplicationFilterChain.java:193)
	at org.apache.catalina.core.ApplicationFilterChain.doFilter(ApplicationFilterChain.java:166)
	at com.alibaba.druid.support.http.WebStatFilter.doFilter(WebStatFilter.java:123)
	at org.apache.catalina.core.ApplicationFilterChain.internalDoFilter(ApplicationFilterChain.java:193)
	at org.apache.catalina.core.ApplicationFilterChain.doFilter(ApplicationFilterChain.java:166)
	at com.alpha.commons.config.filter.CorsFilter.doFilterInternal(CorsFilter.java:30)
	at org.springframework.web.filter.OncePerRequestFilter.doFilter(OncePerRequestFilter.java:107)
	at org.apache.catalina.core.ApplicationFilterChain.internalDoFilter(ApplicationFilterChain.java:193)
	at org.apache.catalina.core.ApplicationFilterChain.doFilter(ApplicationFilterChain.java:166)
	at org.springframework.web.filter.RequestContextFilter.doFilterInternal(RequestContextFilter.java:99)
	at org.springframework.web.filter.OncePerRequestFilter.doFilter(OncePerRequestFilter.java:107)
	at org.apache.catalina.core.ApplicationFilterChain.internalDoFilter(ApplicationFilterChain.java:193)
	at org.apache.catalina.core.ApplicationFilterChain.doFilter(ApplicationFilterChain.java:166)
	at org.springframework.web.filter.HttpPutFormContentFilter.doFilterInternal(HttpPutFormContentFilter.java:108)
	at org.springframework.web.filter.OncePerRequestFilter.doFilter(OncePerRequestFilter.java:107)
	at org.apache.catalina.core.ApplicationFilterChain.internalDoFilter(ApplicationFilterChain.java:193)
	at org.apache.catalina.core.ApplicationFilterChain.doFilter(ApplicationFilterChain.java:166)
	at org.springframework.web.filter.HiddenHttpMethodFilter.doFilterInternal(HiddenHttpMethodFilter.java:81)
	at org.springframework.web.filter.OncePerRequestFilter.doFilter(OncePerRequestFilter.java:107)
	at org.apache.catalina.core.ApplicationFilterChain.internalDoFilter(ApplicationFilterChain.java:193)
	at org.apache.catalina.core.ApplicationFilterChain.doFilter(ApplicationFilterChain.java:166)
	at org.springframework.web.filter.CharacterEncodingFilter.doFilterInternal(CharacterEncodingFilter.java:197)
	at org.springframework.web.filter.OncePerRequestFilter.doFilter(OncePerRequestFilter.java:107)
	at org.apache.catalina.core.ApplicationFilterChain.internalDoFilter(ApplicationFilterChain.java:193)
	at org.apache.catalina.core.ApplicationFilterChain.doFilter(ApplicationFilterChain.java:166)
	at org.apache.catalina.core.StandardWrapperValve.invoke(StandardWrapperValve.java:198)
	at org.apache.catalina.core.StandardContextValve.invoke(StandardContextValve.java:96)
	at org.apache.catalina.authenticator.AuthenticatorBase.invoke(AuthenticatorBase.java:478)
	at org.apache.catalina.core.StandardHostValve.invoke(StandardHostValve.java:140)
	at org.apache.catalina.valves.ErrorReportValve.invoke(ErrorReportValve.java:80)
	at org.apache.catalina.core.StandardEngineValve.invoke(StandardEngineValve.java:87)
	at org.apache.catalina.connector.CoyoteAdapter.service(CoyoteAdapter.java:342)
	at org.apache.coyote.http11.Http11Processor.service(Http11Processor.java:799)
	at org.apache.coyote.AbstractProcessorLight.process(AbstractProcessorLight.java:66)
	at org.apache.coyote.AbstractProtocol$ConnectionHandler.process(AbstractProtocol.java:868)
	at org.apache.tomcat.util.net.NioEndpoint$SocketProcessor.doRun(NioEndpoint.java:1457)
	at org.apache.tomcat.util.net.SocketProcessorBase.run(SocketProcessorBase.java:49)
	at java.util.concurrent.ThreadPoolExecutor.runWorker(ThreadPoolExecutor.java:1142)
	at java.util.concurrent.ThreadPoolExecutor$Worker.run(ThreadPoolExecutor.java:617)
	at org.apache.tomcat.util.threads.TaskThread$WrappingRunnable.run(TaskThread.java:61)
	at java.lang.Thread.run(Thread.java:745)
2017-10-18 15:02:32,425 INFO [com.netflix.discovery.shared.resolver.aws.ConfigClusterResolver:43] Resolving eureka endpoints via configuration
2017-10-18 15:07:32,433 INFO [com.netflix.discovery.shared.resolver.aws.ConfigClusterResolver:43] Resolving eureka endpoints via configuration
2017-10-18 15:12:32,440 INFO [com.netflix.discovery.shared.resolver.aws.ConfigClusterResolver:43] Resolving eureka endpoints via configuration
2017-10-18 15:17:32,447 INFO [com.netflix.discovery.shared.resolver.aws.ConfigClusterResolver:43] Resolving eureka endpoints via configuration
2017-10-18 15:22:32,453 INFO [com.netflix.discovery.shared.resolver.aws.ConfigClusterResolver:43] Resolving eureka endpoints via configuration
2017-10-18 15:27:32,460 INFO [com.netflix.discovery.shared.resolver.aws.ConfigClusterResolver:43] Resolving eureka endpoints via configuration
2017-10-18 15:31:20,040 INFO [org.springframework.boot.SpringApplication:597] The following profiles are active: core
2017-10-18 15:31:20,082 INFO [org.springframework.context.support.AbstractApplicationContext:583] Refreshing org.springframework.boot.context.embedded.AnnotationConfigEmbeddedWebApplicationContext@6ac97b84: startup date [Wed Oct 18 15:31:20 CST 2017]; parent: org.springframework.context.annotation.AnnotationConfigApplicationContext@34129c78
2017-10-18 15:31:22,125 INFO [org.springframework.cloud.context.scope.GenericScope:263] BeanFactory id=93ea8e31-797c-3bde-a984-b3bfc135cce8
2017-10-18 15:31:22,179 INFO [com.alpha.self.diagnosis.processor.spring.BeanScannerConfigurer:28] 初始化 BasicAnswerProcessor  服务配置
2017-10-18 15:31:22,208 INFO [org.springframework.beans.factory.support.DefaultListableBeanFactory:828] Overriding bean definition for bean 'allergicHistoryAnswerProcessor' with a different definition: replacing [Generic bean: class [com.alpha.self.diagnosis.processor.AllergicHistoryAnswerProcessor]; scope=singleton; abstract=false; lazyInit=false; autowireMode=0; dependencyCheck=0; autowireCandidate=true; primary=false; factoryBeanName=null; factoryMethodName=null; initMethodName=null; destroyMethodName=null; defined in file [F:\iebm\workspace\alpha\alpha\alpha-self-diagnosis\target\classes\com\alpha\self\diagnosis\processor\AllergicHistoryAnswerProcessor.class]] with [Generic bean: class [com.alpha.self.diagnosis.processor.AllergicHistoryAnswerProcessor]; scope=singleton; abstract=false; lazyInit=false; autowireMode=0; dependencyCheck=0; autowireCandidate=true; primary=false; factoryBeanName=null; factoryMethodName=null; initMethodName=null; destroyMethodName=null; defined in file [F:\iebm\workspace\alpha\alpha\alpha-self-diagnosis\target\classes\com\alpha\self\diagnosis\processor\AllergicHistoryAnswerProcessor.class]]
2017-10-18 15:31:22,209 INFO [org.springframework.beans.factory.support.DefaultListableBeanFactory:828] Overriding bean definition for bean 'birthProcessor' with a different definition: replacing [Generic bean: class [com.alpha.self.diagnosis.processor.BirthProcessor]; scope=singleton; abstract=false; lazyInit=false; autowireMode=0; dependencyCheck=0; autowireCandidate=true; primary=false; factoryBeanName=null; factoryMethodName=null; initMethodName=null; destroyMethodName=null; defined in file [F:\iebm\workspace\alpha\alpha\alpha-self-diagnosis\target\classes\com\alpha\self\diagnosis\processor\BirthProcessor.class]] with [Generic bean: class [com.alpha.self.diagnosis.processor.BirthProcessor]; scope=singleton; abstract=false; lazyInit=false; autowireMode=0; dependencyCheck=0; autowireCandidate=true; primary=false; factoryBeanName=null; factoryMethodName=null; initMethodName=null; destroyMethodName=null; defined in file [F:\iebm\workspace\alpha\alpha\alpha-self-diagnosis\target\classes\com\alpha\self\diagnosis\processor\BirthProcessor.class]]
2017-10-18 15:31:22,210 INFO [org.springframework.beans.factory.support.DefaultListableBeanFactory:828] Overriding bean definition for bean 'liverRenalProcessor' with a different definition: replacing [Generic bean: class [com.alpha.self.diagnosis.processor.LiverRenalProcessor]; scope=singleton; abstract=false; lazyInit=false; autowireMode=0; dependencyCheck=0; autowireCandidate=true; primary=false; factoryBeanName=null; factoryMethodName=null; initMethodName=null; destroyMethodName=null; defined in file [F:\iebm\workspace\alpha\alpha\alpha-self-diagnosis\target\classes\com\alpha\self\diagnosis\processor\LiverRenalProcessor.class]] with [Generic bean: class [com.alpha.self.diagnosis.processor.LiverRenalProcessor]; scope=singleton; abstract=false; lazyInit=false; autowireMode=0; dependencyCheck=0; autowireCandidate=true; primary=false; factoryBeanName=null; factoryMethodName=null; initMethodName=null; destroyMethodName=null; defined in file [F:\iebm\workspace\alpha\alpha\alpha-self-diagnosis\target\classes\com\alpha\self\diagnosis\processor\LiverRenalProcessor.class]]
2017-10-18 15:31:22,211 INFO [org.springframework.beans.factory.support.DefaultListableBeanFactory:828] Overriding bean definition for bean 'normalAnswerProcessor' with a different definition: replacing [Generic bean: class [com.alpha.self.diagnosis.processor.NormalAnswerProcessor]; scope=singleton; abstract=false; lazyInit=false; autowireMode=0; dependencyCheck=0; autowireCandidate=true; primary=false; factoryBeanName=null; factoryMethodName=null; initMethodName=null; destroyMethodName=null; defined in file [F:\iebm\workspace\alpha\alpha\alpha-self-diagnosis\target\classes\com\alpha\self\diagnosis\processor\NormalAnswerProcessor.class]] with [Generic bean: class [com.alpha.self.diagnosis.processor.NormalAnswerProcessor]; scope=singleton; abstract=false; lazyInit=false; autowireMode=0; dependencyCheck=0; autowireCandidate=true; primary=false; factoryBeanName=null; factoryMethodName=null; initMethodName=null; destroyMethodName=null; defined in file [F:\iebm\workspace\alpha\alpha\alpha-self-diagnosis\target\classes\com\alpha\self\diagnosis\processor\NormalAnswerProcessor.class]]
2017-10-18 15:31:22,212 INFO [org.springframework.beans.factory.support.DefaultListableBeanFactory:828] Overriding bean definition for bean 'pastmedicalHistoryProcessor' with a different definition: replacing [Generic bean: class [com.alpha.self.diagnosis.processor.PastmedicalHistoryProcessor]; scope=singleton; abstract=false; lazyInit=false; autowireMode=0; dependencyCheck=0; autowireCandidate=true; primary=false; factoryBeanName=null; factoryMethodName=null; initMethodName=null; destroyMethodName=null; defined in file [F:\iebm\workspace\alpha\alpha\alpha-self-diagnosis\target\classes\com\alpha\self\diagnosis\processor\PastmedicalHistoryProcessor.class]] with [Generic bean: class [com.alpha.self.diagnosis.processor.PastmedicalHistoryProcessor]; scope=singleton; abstract=false; lazyInit=false; autowireMode=0; dependencyCheck=0; autowireCandidate=true; primary=false; factoryBeanName=null; factoryMethodName=null; initMethodName=null; destroyMethodName=null; defined in file [F:\iebm\workspace\alpha\alpha\alpha-self-diagnosis\target\classes\com\alpha\self\diagnosis\processor\PastmedicalHistoryProcessor.class]]
2017-10-18 15:31:22,215 INFO [org.springframework.beans.factory.support.DefaultListableBeanFactory:828] Overriding bean definition for bean 'weightProcessor' with a different definition: replacing [Generic bean: class [com.alpha.self.diagnosis.processor.WeightProcessor]; scope=singleton; abstract=false; lazyInit=false; autowireMode=0; dependencyCheck=0; autowireCandidate=true; primary=false; factoryBeanName=null; factoryMethodName=null; initMethodName=null; destroyMethodName=null; defined in file [F:\iebm\workspace\alpha\alpha\alpha-self-diagnosis\target\classes\com\alpha\self\diagnosis\processor\WeightProcessor.class]] with [Generic bean: class [com.alpha.self.diagnosis.processor.WeightProcessor]; scope=singleton; abstract=false; lazyInit=false; autowireMode=0; dependencyCheck=0; autowireCandidate=true; primary=false; factoryBeanName=null; factoryMethodName=null; initMethodName=null; destroyMethodName=null; defined in file [F:\iebm\workspace\alpha\alpha\alpha-self-diagnosis\target\classes\com\alpha\self\diagnosis\processor\WeightProcessor.class]]
2017-10-18 15:31:22,216 INFO [com.alpha.self.diagnosis.processor.spring.BeanScannerConfigurer:32] 初始化 BasicAnswerProcessor 完成
2017-10-18 15:31:22,412 INFO [org.springframework.beans.factory.annotation.AutowiredAnnotationBeanPostProcessor:155] JSR-330 'javax.inject.Inject' annotation found and supported for autowiring
2017-10-18 15:31:22,522 INFO [org.springframework.context.support.PostProcessorRegistrationDelegate$BeanPostProcessorChecker:325] Bean 'com.alpha.server.rpc.user.SelfDiagnosisFeign' of type [org.springframework.cloud.netflix.feign.FeignClientFactoryBean] is not eligible for getting processed by all BeanPostProcessors (for example: not eligible for auto-proxying)
2017-10-18 15:31:22,908 INFO [org.springframework.context.support.PostProcessorRegistrationDelegate$BeanPostProcessorChecker:325] Bean 'org.springframework.transaction.annotation.ProxyTransactionManagementConfiguration' of type [org.springframework.transaction.annotation.ProxyTransactionManagementConfiguration$$EnhancerBySpringCGLIB$$95be508b] is not eligible for getting processed by all BeanPostProcessors (for example: not eligible for auto-proxying)
2017-10-18 15:31:23,333 INFO [org.springframework.context.support.PostProcessorRegistrationDelegate$BeanPostProcessorChecker:325] Bean 'org.springframework.cloud.autoconfigure.ConfigurationPropertiesRebinderAutoConfiguration' of type [org.springframework.cloud.autoconfigure.ConfigurationPropertiesRebinderAutoConfiguration$$EnhancerBySpringCGLIB$$b1d85388] is not eligible for getting processed by all BeanPostProcessors (for example: not eligible for auto-proxying)
2017-10-18 15:31:24,333 INFO [org.springframework.boot.context.embedded.tomcat.TomcatEmbeddedServletContainer:89] Tomcat initialized with port(s): 19092 (http)
2017-10-18 15:31:24,353 INFO [org.apache.juli.logging.DirectJDKLog:179] Starting service [Tomcat]
2017-10-18 15:31:24,355 INFO [org.apache.juli.logging.DirectJDKLog:179] Starting Servlet Engine: Apache Tomcat/8.5.20
2017-10-18 15:31:24,591 INFO [org.apache.juli.logging.DirectJDKLog:179] Initializing Spring embedded WebApplicationContext
2017-10-18 15:31:24,592 INFO [org.springframework.boot.context.embedded.EmbeddedWebApplicationContext:276] Root WebApplicationContext: initialization completed in 4510 ms
2017-10-18 15:31:25,341 INFO [org.springframework.boot.web.servlet.ServletRegistrationBean:190] Mapping servlet: 'dispatcherServlet' to [/]
2017-10-18 15:31:25,343 INFO [org.springframework.boot.web.servlet.ServletRegistrationBean:190] Mapping servlet: 'com.alpha.commons.config.servlet.DruidStatViewServlet' to [/druid/*]
2017-10-18 15:31:25,352 INFO [org.springframework.boot.web.servlet.AbstractFilterRegistrationBean:258] Mapping filter: 'characterEncodingFilter' to: [/*]
2017-10-18 15:31:25,353 INFO [org.springframework.boot.web.servlet.AbstractFilterRegistrationBean:258] Mapping filter: 'hiddenHttpMethodFilter' to: [/*]
2017-10-18 15:31:25,354 INFO [org.springframework.boot.web.servlet.AbstractFilterRegistrationBean:258] Mapping filter: 'httpPutFormContentFilter' to: [/*]
2017-10-18 15:31:25,354 INFO [org.springframework.boot.web.servlet.AbstractFilterRegistrationBean:258] Mapping filter: 'requestContextFilter' to: [/*]
2017-10-18 15:31:25,354 INFO [org.springframework.boot.web.servlet.AbstractFilterRegistrationBean:271] Mapping filter: 'com.alpha.commons.config.filter.CorsFilter' to urls: [/*]
2017-10-18 15:31:25,354 INFO [org.springframework.boot.web.servlet.AbstractFilterRegistrationBean:271] Mapping filter: 'druidWebStatFilter' to urls: [/*]
2017-10-18 15:31:25,395 INFO [com.alpha.self.diagnosis.listener.DiagnosisContextListener:27] DiagnosisContextListener contextInitialized starting...
2017-10-18 15:31:25,401 INFO [com.alpha.self.diagnosis.processor.BasicAnswerProcessorAdaptor:154] 6 processor will be register.
2017-10-18 15:31:25,826 INFO [com.alpha.commons.config.DruidConfiguration$Druid:66] DruidConfiguration init completed................
2017-10-18 15:31:28,379 INFO [com.alpha.self.diagnosis.listener.DiagnosisContextListener:34] DiagnosisContextListener contextInitialized completed
2017-10-18 15:31:30,502 WARN [com.netflix.config.sources.URLConfigurationSource:121] No URLs will be polled as dynamic configuration sources.
2017-10-18 15:31:30,502 INFO [com.netflix.config.sources.URLConfigurationSource:122] To enable URLs as dynamic configuration sources, define System property archaius.configurationSource.additionalUrls or make config.properties available on classpath.
2017-10-18 15:31:30,516 WARN [com.netflix.config.sources.URLConfigurationSource:121] No URLs will be polled as dynamic configuration sources.
2017-10-18 15:31:30,516 INFO [com.netflix.config.sources.URLConfigurationSource:122] To enable URLs as dynamic configuration sources, define System property archaius.configurationSource.additionalUrls or make config.properties available on classpath.
2017-10-18 15:31:31,330 INFO [org.springframework.web.servlet.mvc.method.annotation.RequestMappingHandlerAdapter:534] Looking for @ControllerAdvice: org.springframework.boot.context.embedded.AnnotationConfigEmbeddedWebApplicationContext@6ac97b84: startup date [Wed Oct 18 15:31:20 CST 2017]; parent: org.springframework.context.annotation.AnnotationConfigApplicationContext@34129c78
2017-10-18 15:31:31,545 INFO [org.springframework.web.servlet.handler.AbstractHandlerMethodMapping$MappingRegistry:543] Mapped "{[/data/search/weight/{userId}],methods=[POST]}" onto public com.alpha.commons.web.ResponseMessage com.alpha.self.diagnosis.controller.DataSearchController.weightSearch(java.lang.Long)
2017-10-18 15:31:31,547 INFO [org.springframework.web.servlet.handler.AbstractHandlerMethodMapping$MappingRegistry:543] Mapped "{[/data/search/concsymp],methods=[POST]}" onto public com.alpha.commons.web.ResponseMessage com.alpha.self.diagnosis.controller.DataSearchController.diagnosisStart(com.alpha.self.diagnosis.pojo.vo.SearchRequestVo)
2017-10-18 15:31:31,548 INFO [org.springframework.web.servlet.handler.AbstractHandlerMethodMapping$MappingRegistry:543] Mapped "{[/data/search/pastmedicalHistory],methods=[POST]}" onto public com.alpha.commons.web.ResponseMessage com.alpha.self.diagnosis.controller.DataSearchController.pastmedicalHistorySearch(com.alpha.self.diagnosis.pojo.vo.SearchRequestVo)
2017-10-18 15:31:31,550 INFO [org.springframework.web.servlet.handler.AbstractHandlerMethodMapping$MappingRegistry:543] Mapped "{[/data/search/allergicHistory],methods=[POST]}" onto public com.alpha.commons.web.ResponseMessage com.alpha.self.diagnosis.controller.DataSearchController.allergicHistorySearch(com.alpha.self.diagnosis.pojo.vo.SearchRequestVo)
2017-10-18 15:31:31,556 INFO [org.springframework.web.servlet.handler.AbstractHandlerMethodMapping$MappingRegistry:543] Mapped "{[/diagnosis/outcome/get],methods=[POST]}" onto public com.alpha.commons.web.ResponseMessage com.alpha.self.diagnosis.controller.DiagnosisController.getOutcome(java.lang.Long)
2017-10-18 15:31:31,557 INFO [org.springframework.web.servlet.handler.AbstractHandlerMethodMapping$MappingRegistry:543] Mapped "{[/diagnosis/start],methods=[POST],consumes=[application/json || application/x-www-form-urlencoded]}" onto public com.alpha.commons.web.ResponseMessage com.alpha.self.diagnosis.controller.DiagnosisController.diagnosisStart(com.alpha.self.diagnosis.pojo.vo.DiagnosisStartReqeustVo)
2017-10-18 15:31:31,559 INFO [org.springframework.web.servlet.handler.AbstractHandlerMethodMapping$MappingRegistry:543] Mapped "{[/diagnosis/basic/next],methods=[POST]}" onto public com.alpha.commons.web.ResponseMessage com.alpha.self.diagnosis.controller.DiagnosisController.diagnosisNext(com.alpha.self.diagnosis.pojo.vo.QuestionRequestVo)
2017-10-18 15:31:31,560 INFO [org.springframework.web.servlet.handler.AbstractHandlerMethodMapping$MappingRegistry:543] Mapped "{[/diagnosis/outcome/confirm],methods=[POST]}" onto public com.alpha.commons.web.ResponseMessage com.alpha.self.diagnosis.controller.DiagnosisController.confirmOutcome(java.lang.Long,java.lang.String)
2017-10-18 15:31:31,561 INFO [org.springframework.web.servlet.handler.AbstractHandlerMethodMapping$MappingRegistry:543] Mapped "{[/diagnosis/diseaseHistory],methods=[POST]}" onto public com.alpha.commons.web.ResponseMessage com.alpha.self.diagnosis.controller.DiagnosisController.diseaseHistory(com.alpha.self.diagnosis.pojo.vo.DiseaseHistoryRequestVo)
2017-10-18 15:31:31,562 INFO [org.springframework.web.servlet.handler.AbstractHandlerMethodMapping$MappingRegistry:543] Mapped "{[/diagnosis/medicine/next],methods=[POST]}" onto public com.alpha.commons.web.ResponseMessage com.alpha.self.diagnosis.controller.DiagnosisController.diagnosisMedicineNext(com.alpha.self.diagnosis.pojo.vo.QuestionRequestVo)
2017-10-18 15:31:31,562 INFO [org.springframework.web.servlet.handler.AbstractHandlerMethodMapping$MappingRegistry:543] Mapped "{[/diagnosis/showResult],methods=[POST]}" onto public com.alpha.commons.web.ResponseMessage com.alpha.self.diagnosis.controller.DiagnosisController.showDiagnosisResult(com.alpha.self.diagnosis.pojo.vo.BasicRequestVo)
2017-10-18 15:31:31,563 INFO [org.springframework.web.servlet.handler.AbstractHandlerMethodMapping$MappingRegistry:543] Mapped "{[/diagnosis/queryBasicQuestion],methods=[POST]}" onto public com.alpha.commons.web.ResponseMessage com.alpha.self.diagnosis.controller.DiagnosisController.queryBasicQuestion(com.alpha.user.controller.req.vo.PatientInfo)
2017-10-18 15:31:31,569 INFO [org.springframework.web.servlet.handler.AbstractHandlerMethodMapping$MappingRegistry:543] Mapped "{[/info],methods=[GET]}" onto public java.lang.String com.alpha.self.diagnosis.controller.MainController.test()
2017-10-18 15:31:31,569 INFO [org.springframework.web.servlet.handler.AbstractHandlerMethodMapping$MappingRegistry:543] Mapped "{[/test/question],methods=[POST]}" onto public com.alpha.commons.web.ResponseMessage com.alpha.self.diagnosis.controller.MainController.medicineQuestion(java.lang.Integer)
2017-10-18 15:31:31,570 INFO [org.springframework.web.servlet.handler.AbstractHandlerMethodMapping$MappingRegistry:543] Mapped "{[/test/question2],methods=[POST]}" onto public com.alpha.commons.web.ResponseMessage com.alpha.self.diagnosis.controller.MainController.medicineQuestion(com.alpha.self.diagnosis.pojo.vo.QuestionRequestVo,java.lang.String)
2017-10-18 15:31:31,571 INFO [org.springframework.web.servlet.handler.AbstractHandlerMethodMapping$MappingRegistry:543] Mapped "{[/getMedicalRecord],methods=[POST]}" onto public com.alpha.commons.web.ResponseMessage com.alpha.self.diagnosis.controller.MainController.getMedicalRecord()
2017-10-18 15:31:31,576 INFO [org.springframework.web.servlet.handler.AbstractHandlerMethodMapping$MappingRegistry:543] Mapped "{[/treatscheme/diseaseList],methods=[POST]}" onto public com.alpha.commons.web.ResponseMessage com.alpha.self.diagnosis.controller.TreatSchemeController.diseaseList(com.alpha.self.diagnosis.pojo.vo.SearchRequestVo)
2017-10-18 15:31:31,577 INFO [org.springframework.web.servlet.handler.AbstractHandlerMethodMapping$MappingRegistry:543] Mapped "{[/treatscheme/get],methods=[POST]}" onto public com.alpha.commons.web.ResponseMessage com.alpha.self.diagnosis.controller.TreatSchemeController.treatScheme(java.lang.String,java.lang.String)
2017-10-18 15:31:31,580 INFO [org.springframework.web.servlet.handler.AbstractHandlerMethodMapping$MappingRegistry:543] Mapped "{[/feedback/put],methods=[POST]}" onto public com.alpha.commons.web.ResponseMessage com.alpha.user.controller.FeedBackController.authorization(com.alpha.server.rpc.user.pojo.UserFeedback)
2017-10-18 15:31:31,583 INFO [org.springframework.web.servlet.handler.AbstractHandlerMethodMapping$MappingRegistry:543] Mapped "{[/user/query/{cardNo}],methods=[POST]}" onto public com.alpha.commons.web.ResponseMessage com.alpha.user.controller.UserController.query(java.lang.String)
2017-10-18 15:31:31,584 INFO [org.springframework.web.servlet.handler.AbstractHandlerMethodMapping$MappingRegistry:543] Mapped "{[/user/auth],methods=[POST]}" onto public com.alpha.commons.web.ResponseMessage com.alpha.user.controller.UserController.authorization(java.lang.String,java.lang.Integer,java.lang.Integer)
2017-10-18 15:31:31,585 INFO [org.springframework.web.servlet.handler.AbstractHandlerMethodMapping$MappingRegistry:543] Mapped "{[/user/save],methods=[POST]}" onto public com.alpha.commons.web.ResponseMessage com.alpha.user.controller.UserController.saveUserInfo(com.alpha.user.pojo.vo.UserInfoRequestVo)
2017-10-18 15:31:31,590 INFO [org.springframework.web.servlet.handler.AbstractHandlerMethodMapping$MappingRegistry:543] Mapped "{[/error]}" onto public org.springframework.http.ResponseEntity<java.util.Map<java.lang.String, java.lang.Object>> org.springframework.boot.autoconfigure.web.BasicErrorController.error(javax.servlet.http.HttpServletRequest)
2017-10-18 15:31:31,591 INFO [org.springframework.web.servlet.handler.AbstractHandlerMethodMapping$MappingRegistry:543] Mapped "{[/error],produces=[text/html]}" onto public org.springframework.web.servlet.ModelAndView org.springframework.boot.autoconfigure.web.BasicErrorController.errorHtml(javax.servlet.http.HttpServletRequest,javax.servlet.http.HttpServletResponse)
2017-10-18 15:31:31,782 INFO [org.springframework.web.servlet.handler.AbstractUrlHandlerMapping:362] Mapped URL path [/webjars/**] onto handler of type [class org.springframework.web.servlet.resource.ResourceHttpRequestHandler]
2017-10-18 15:31:31,782 INFO [org.springframework.web.servlet.handler.AbstractUrlHandlerMapping:362] Mapped URL path [/**] onto handler of type [class org.springframework.web.servlet.resource.ResourceHttpRequestHandler]
2017-10-18 15:31:31,832 INFO [org.springframework.web.servlet.mvc.method.annotation.ExceptionHandlerExceptionResolver:273] Detected @ExceptionHandler methods in controllerEnhancerment
2017-10-18 15:31:31,931 INFO [org.springframework.web.servlet.handler.AbstractUrlHandlerMapping:362] Mapped URL path [/**/favicon.ico] onto handler of type [class org.springframework.web.servlet.resource.ResourceHttpRequestHandler]
2017-10-18 15:31:34,677 INFO [org.springframework.jmx.export.MBeanExporter:431] Registering beans for JMX exposure on startup
2017-10-18 15:31:34,680 INFO [org.springframework.jmx.export.MBeanExporter:916] Bean with name 'dataSource' has been autodetected for JMX exposure
2017-10-18 15:31:34,698 INFO [org.springframework.jmx.export.MBeanExporter:916] Bean with name 'environmentManager' has been autodetected for JMX exposure
2017-10-18 15:31:34,701 INFO [org.springframework.jmx.export.MBeanExporter:916] Bean with name 'configurationPropertiesRebinder' has been autodetected for JMX exposure
2017-10-18 15:31:34,703 INFO [org.springframework.jmx.export.MBeanExporter:916] Bean with name 'refreshScope' has been autodetected for JMX exposure
2017-10-18 15:31:34,708 INFO [org.springframework.jmx.export.MBeanExporter:678] Located managed bean 'environmentManager': registering with JMX server as MBean [org.springframework.cloud.context.environment:name=environmentManager,type=EnvironmentManager]
2017-10-18 15:31:34,730 INFO [org.springframework.jmx.export.MBeanExporter:678] Located managed bean 'refreshScope': registering with JMX server as MBean [org.springframework.cloud.context.scope.refresh:name=refreshScope,type=RefreshScope]
2017-10-18 15:31:34,768 INFO [org.springframework.jmx.export.MBeanExporter:678] Located managed bean 'configurationPropertiesRebinder': registering with JMX server as MBean [org.springframework.cloud.context.properties:name=configurationPropertiesRebinder,context=6ac97b84,type=ConfigurationPropertiesRebinder]
2017-10-18 15:31:34,791 INFO [org.springframework.jmx.export.MBeanExporter:671] Located MBean 'dataSource': registering with JMX server as MBean [com.alibaba.druid.pool:name=dataSource,type=DruidDataSource]
2017-10-18 15:31:35,065 INFO [org.springframework.context.support.DefaultLifecycleProcessor$LifecycleGroup:343] Starting beans in phase 0
2017-10-18 15:31:35,085 INFO [org.springframework.cloud.netflix.eureka.InstanceInfoFactory:70] Setting initial instance status as: STARTING
2017-10-18 15:31:35,196 INFO [com.netflix.discovery.DiscoveryClient:344] Initializing Eureka in region us-east-1
2017-10-18 15:31:35,932 INFO [com.netflix.discovery.provider.DiscoveryJerseyProvider:70] Using JSON encoding codec LegacyJacksonJson
2017-10-18 15:31:35,933 INFO [com.netflix.discovery.provider.DiscoveryJerseyProvider:71] Using JSON decoding codec LegacyJacksonJson
2017-10-18 15:31:36,234 INFO [com.netflix.discovery.provider.DiscoveryJerseyProvider:80] Using XML encoding codec XStreamXml
2017-10-18 15:31:36,235 INFO [com.netflix.discovery.provider.DiscoveryJerseyProvider:81] Using XML decoding codec XStreamXml
2017-10-18 15:31:37,674 INFO [com.netflix.discovery.shared.resolver.aws.ConfigClusterResolver:43] Resolving eureka endpoints via configuration
2017-10-18 15:31:37,919 INFO [com.netflix.discovery.DiscoveryClient:920] Disable delta property : false
2017-10-18 15:31:37,922 INFO [com.netflix.discovery.DiscoveryClient:921] Single vip registry refresh property : null
2017-10-18 15:31:37,923 INFO [com.netflix.discovery.DiscoveryClient:922] Force full registry fetch : false
2017-10-18 15:31:37,923 INFO [com.netflix.discovery.DiscoveryClient:923] Application is null : false
2017-10-18 15:31:37,924 INFO [com.netflix.discovery.DiscoveryClient:924] Registered Applications size is zero : true
2017-10-18 15:31:37,925 INFO [com.netflix.discovery.DiscoveryClient:926] Application version is -1: true
2017-10-18 15:31:37,925 INFO [com.netflix.discovery.DiscoveryClient:1009] Getting all instance registry info from the eureka server
2017-10-18 15:31:38,266 INFO [com.netflix.discovery.DiscoveryClient:1018] The response status is 200
2017-10-18 15:31:38,269 INFO [com.netflix.discovery.DiscoveryClient:1244] Starting heartbeat executor: renew interval is: 5
2017-10-18 15:31:38,275 INFO [com.netflix.discovery.InstanceInfoReplicator:59] InstanceInfoReplicator onDemand update allowed rate per min is 4
2017-10-18 15:31:38,285 INFO [com.netflix.discovery.DiscoveryClient:425] Discovery Client initialized at timestamp 1508311898285 with initial instances count: 1
2017-10-18 15:31:38,415 INFO [org.springframework.cloud.netflix.eureka.serviceregistry.EurekaServiceRegistry:40] Registering application alpha-self-diagnosis with eureka with status UP
2017-10-18 15:31:38,416 INFO [com.netflix.discovery.DiscoveryClient$3:1279] Saw local status change event StatusChangeEvent [timestamp=1508311898416, current=UP, previous=STARTING]
2017-10-18 15:31:38,460 INFO [com.netflix.discovery.DiscoveryClient:795] DiscoveryClient_ALPHA-SELF-DIAGNOSIS/PC-20160606PUVI:alpha-self-diagnosis:19092: registering service...
2017-10-18 15:31:38,549 INFO [com.netflix.discovery.DiscoveryClient:804] DiscoveryClient_ALPHA-SELF-DIAGNOSIS/PC-20160606PUVI:alpha-self-diagnosis:19092 - registration status: 204
2017-10-18 15:31:38,612 INFO [org.springframework.boot.context.embedded.tomcat.TomcatEmbeddedServletContainer:201] Tomcat started on port(s): 19092 (http)
2017-10-18 15:31:38,615 INFO [org.springframework.cloud.netflix.eureka.serviceregistry.EurekaAutoServiceRegistration:117] Updating port to 19092
2017-10-18 15:31:38,623 INFO [org.springframework.boot.StartupInfoLogger:57] Started AlphaApplication in 21.074 seconds (JVM running for 21.728)
2017-10-18 15:31:48,693 INFO [org.apache.juli.logging.DirectJDKLog:179] Initializing Spring FrameworkServlet 'dispatcherServlet'
2017-10-18 15:31:48,693 INFO [org.springframework.web.servlet.FrameworkServlet:489] FrameworkServlet 'dispatcherServlet': initialization started
2017-10-18 15:31:48,760 INFO [org.springframework.web.servlet.FrameworkServlet:508] FrameworkServlet 'dispatcherServlet': initialization completed in 66 ms
2017-10-18 15:31:49,457 INFO [com.alibaba.druid.pool.DruidDataSource:715] {dataSource-1} inited
2017-10-18 15:31:58,730 ERROR [org.apache.juli.logging.DirectJDKLog:181] Servlet.service() for servlet [dispatcherServlet] in context with path [] threw exception [Request processing failed; nested exception is java.time.temporal.UnsupportedTemporalTypeException: Unsupported field: HourOfDay] with root cause
java.time.temporal.UnsupportedTemporalTypeException: Unsupported field: HourOfDay
	at java.time.LocalDate.get0(LocalDate.java:680)
	at java.time.LocalDate.getLong(LocalDate.java:659)
	at java.time.format.DateTimePrintContext.getValue(DateTimePrintContext.java:298)
	at java.time.format.DateTimeFormatterBuilder$NumberPrinterParser.format(DateTimeFormatterBuilder.java:2540)
	at java.time.format.DateTimeFormatterBuilder$CompositePrinterParser.format(DateTimeFormatterBuilder.java:2179)
	at java.time.format.DateTimeFormatter.formatTo(DateTimeFormatter.java:1746)
	at java.time.format.DateTimeFormatter.format(DateTimeFormatter.java:1720)
	at java.time.LocalDate.format(LocalDate.java:1691)
	at com.alpha.commons.util.DateUtils.date2String(DateUtils.java:135)
	at com.alpha.user.service.impl.UserInfoServiceImpl.getThirdUser(UserInfoServiceImpl.java:301)
	at com.alpha.user.service.impl.UserInfoServiceImpl.queryUserInfoFromHis(UserInfoServiceImpl.java:209)
	at com.alpha.user.service.impl.UserInfoServiceImpl$$FastClassBySpringCGLIB$$a6b54a0d.invoke(<generated>)
	at org.springframework.cglib.proxy.MethodProxy.invoke(MethodProxy.java:204)
	at org.springframework.aop.framework.CglibAopProxy$CglibMethodInvocation.invokeJoinpoint(CglibAopProxy.java:738)
	at org.springframework.aop.framework.ReflectiveMethodInvocation.proceed(ReflectiveMethodInvocation.java:157)
	at org.springframework.transaction.interceptor.TransactionInterceptor$1.proceedWithInvocation(TransactionInterceptor.java:99)
	at org.springframework.transaction.interceptor.TransactionAspectSupport.invokeWithinTransaction(TransactionAspectSupport.java:282)
	at org.springframework.transaction.interceptor.TransactionInterceptor.invoke(TransactionInterceptor.java:96)
	at org.springframework.aop.framework.ReflectiveMethodInvocation.proceed(ReflectiveMethodInvocation.java:179)
	at org.springframework.aop.framework.CglibAopProxy$DynamicAdvisedInterceptor.intercept(CglibAopProxy.java:673)
	at com.alpha.user.service.impl.UserInfoServiceImpl$$EnhancerBySpringCGLIB$$5ba9e7ac.queryUserInfoFromHis(<generated>)
	at com.alpha.user.controller.UserController.query(UserController.java:80)
	at sun.reflect.NativeMethodAccessorImpl.invoke0(Native Method)
	at sun.reflect.NativeMethodAccessorImpl.invoke(NativeMethodAccessorImpl.java:62)
	at sun.reflect.DelegatingMethodAccessorImpl.invoke(DelegatingMethodAccessorImpl.java:43)
	at java.lang.reflect.Method.invoke(Method.java:498)
	at org.springframework.web.method.support.InvocableHandlerMethod.doInvoke(InvocableHandlerMethod.java:205)
	at org.springframework.web.method.support.InvocableHandlerMethod.invokeForRequest(InvocableHandlerMethod.java:133)
	at org.springframework.web.servlet.mvc.method.annotation.ServletInvocableHandlerMethod.invokeAndHandle(ServletInvocableHandlerMethod.java:97)
	at org.springframework.web.servlet.mvc.method.annotation.RequestMappingHandlerAdapter.invokeHandlerMethod(RequestMappingHandlerAdapter.java:827)
	at org.springframework.web.servlet.mvc.method.annotation.RequestMappingHandlerAdapter.handleInternal(RequestMappingHandlerAdapter.java:738)
	at org.springframework.web.servlet.mvc.method.AbstractHandlerMethodAdapter.handle(AbstractHandlerMethodAdapter.java:85)
	at org.springframework.web.servlet.DispatcherServlet.doDispatch(DispatcherServlet.java:967)
	at org.springframework.web.servlet.DispatcherServlet.doService(DispatcherServlet.java:901)
	at org.springframework.web.servlet.FrameworkServlet.processRequest(FrameworkServlet.java:970)
	at org.springframework.web.servlet.FrameworkServlet.doPost(FrameworkServlet.java:872)
	at javax.servlet.http.HttpServlet.service(HttpServlet.java:661)
	at org.springframework.web.servlet.FrameworkServlet.service(FrameworkServlet.java:846)
	at javax.servlet.http.HttpServlet.service(HttpServlet.java:742)
	at org.apache.catalina.core.ApplicationFilterChain.internalDoFilter(ApplicationFilterChain.java:231)
	at org.apache.catalina.core.ApplicationFilterChain.doFilter(ApplicationFilterChain.java:166)
	at org.apache.tomcat.websocket.server.WsFilter.doFilter(WsFilter.java:52)
	at org.apache.catalina.core.ApplicationFilterChain.internalDoFilter(ApplicationFilterChain.java:193)
	at org.apache.catalina.core.ApplicationFilterChain.doFilter(ApplicationFilterChain.java:166)
	at com.alibaba.druid.support.http.WebStatFilter.doFilter(WebStatFilter.java:123)
	at org.apache.catalina.core.ApplicationFilterChain.internalDoFilter(ApplicationFilterChain.java:193)
	at org.apache.catalina.core.ApplicationFilterChain.doFilter(ApplicationFilterChain.java:166)
	at com.alpha.commons.config.filter.CorsFilter.doFilterInternal(CorsFilter.java:30)
	at org.springframework.web.filter.OncePerRequestFilter.doFilter(OncePerRequestFilter.java:107)
	at org.apache.catalina.core.ApplicationFilterChain.internalDoFilter(ApplicationFilterChain.java:193)
	at org.apache.catalina.core.ApplicationFilterChain.doFilter(ApplicationFilterChain.java:166)
	at org.springframework.web.filter.RequestContextFilter.doFilterInternal(RequestContextFilter.java:99)
	at org.springframework.web.filter.OncePerRequestFilter.doFilter(OncePerRequestFilter.java:107)
	at org.apache.catalina.core.ApplicationFilterChain.internalDoFilter(ApplicationFilterChain.java:193)
	at org.apache.catalina.core.ApplicationFilterChain.doFilter(ApplicationFilterChain.java:166)
	at org.springframework.web.filter.HttpPutFormContentFilter.doFilterInternal(HttpPutFormContentFilter.java:108)
	at org.springframework.web.filter.OncePerRequestFilter.doFilter(OncePerRequestFilter.java:107)
	at org.apache.catalina.core.ApplicationFilterChain.internalDoFilter(ApplicationFilterChain.java:193)
	at org.apache.catalina.core.ApplicationFilterChain.doFilter(ApplicationFilterChain.java:166)
	at org.springframework.web.filter.HiddenHttpMethodFilter.doFilterInternal(HiddenHttpMethodFilter.java:81)
	at org.springframework.web.filter.OncePerRequestFilter.doFilter(OncePerRequestFilter.java:107)
	at org.apache.catalina.core.ApplicationFilterChain.internalDoFilter(ApplicationFilterChain.java:193)
	at org.apache.catalina.core.ApplicationFilterChain.doFilter(ApplicationFilterChain.java:166)
	at org.springframework.web.filter.CharacterEncodingFilter.doFilterInternal(CharacterEncodingFilter.java:197)
	at org.springframework.web.filter.OncePerRequestFilter.doFilter(OncePerRequestFilter.java:107)
	at org.apache.catalina.core.ApplicationFilterChain.internalDoFilter(ApplicationFilterChain.java:193)
	at org.apache.catalina.core.ApplicationFilterChain.doFilter(ApplicationFilterChain.java:166)
	at org.apache.catalina.core.StandardWrapperValve.invoke(StandardWrapperValve.java:198)
	at org.apache.catalina.core.StandardContextValve.invoke(StandardContextValve.java:96)
	at org.apache.catalina.authenticator.AuthenticatorBase.invoke(AuthenticatorBase.java:478)
	at org.apache.catalina.core.StandardHostValve.invoke(StandardHostValve.java:140)
	at org.apache.catalina.valves.ErrorReportValve.invoke(ErrorReportValve.java:80)
	at org.apache.catalina.core.StandardEngineValve.invoke(StandardEngineValve.java:87)
	at org.apache.catalina.connector.CoyoteAdapter.service(CoyoteAdapter.java:342)
	at org.apache.coyote.http11.Http11Processor.service(Http11Processor.java:799)
	at org.apache.coyote.AbstractProcessorLight.process(AbstractProcessorLight.java:66)
	at org.apache.coyote.AbstractProtocol$ConnectionHandler.process(AbstractProtocol.java:868)
	at org.apache.tomcat.util.net.NioEndpoint$SocketProcessor.doRun(NioEndpoint.java:1457)
	at org.apache.tomcat.util.net.SocketProcessorBase.run(SocketProcessorBase.java:49)
	at java.util.concurrent.ThreadPoolExecutor.runWorker(ThreadPoolExecutor.java:1142)
	at java.util.concurrent.ThreadPoolExecutor$Worker.run(ThreadPoolExecutor.java:617)
	at org.apache.tomcat.util.threads.TaskThread$WrappingRunnable.run(TaskThread.java:61)
	at java.lang.Thread.run(Thread.java:745)
2017-10-18 15:34:54,122 ERROR [org.apache.juli.logging.DirectJDKLog:181] Servlet.service() for servlet [dispatcherServlet] in context with path [] threw exception [Request processing failed; nested exception is java.time.temporal.UnsupportedTemporalTypeException: Unsupported field: HourOfDay] with root cause
java.time.temporal.UnsupportedTemporalTypeException: Unsupported field: HourOfDay
	at java.time.LocalDate.get0(LocalDate.java:680)
	at java.time.LocalDate.getLong(LocalDate.java:659)
	at java.time.format.DateTimePrintContext.getValue(DateTimePrintContext.java:298)
	at java.time.format.DateTimeFormatterBuilder$NumberPrinterParser.format(DateTimeFormatterBuilder.java:2540)
	at java.time.format.DateTimeFormatterBuilder$CompositePrinterParser.format(DateTimeFormatterBuilder.java:2179)
	at java.time.format.DateTimeFormatter.formatTo(DateTimeFormatter.java:1746)
	at java.time.format.DateTimeFormatter.format(DateTimeFormatter.java:1720)
	at java.time.LocalDate.format(LocalDate.java:1691)
	at com.alpha.commons.util.DateUtils.date2String(DateUtils.java:135)
	at com.alpha.user.service.impl.UserInfoServiceImpl.getThirdUser(UserInfoServiceImpl.java:301)
	at com.alpha.user.service.impl.UserInfoServiceImpl.queryUserInfoFromHis(UserInfoServiceImpl.java:209)
	at com.alpha.user.service.impl.UserInfoServiceImpl$$FastClassBySpringCGLIB$$a6b54a0d.invoke(<generated>)
	at org.springframework.cglib.proxy.MethodProxy.invoke(MethodProxy.java:204)
	at org.springframework.aop.framework.CglibAopProxy$CglibMethodInvocation.invokeJoinpoint(CglibAopProxy.java:738)
	at org.springframework.aop.framework.ReflectiveMethodInvocation.proceed(ReflectiveMethodInvocation.java:157)
	at org.springframework.transaction.interceptor.TransactionInterceptor$1.proceedWithInvocation(TransactionInterceptor.java:99)
	at org.springframework.transaction.interceptor.TransactionAspectSupport.invokeWithinTransaction(TransactionAspectSupport.java:282)
	at org.springframework.transaction.interceptor.TransactionInterceptor.invoke(TransactionInterceptor.java:96)
	at org.springframework.aop.framework.ReflectiveMethodInvocation.proceed(ReflectiveMethodInvocation.java:179)
	at org.springframework.aop.framework.CglibAopProxy$DynamicAdvisedInterceptor.intercept(CglibAopProxy.java:673)
	at com.alpha.user.service.impl.UserInfoServiceImpl$$EnhancerBySpringCGLIB$$5ba9e7ac.queryUserInfoFromHis(<generated>)
	at com.alpha.user.controller.UserController.query(UserController.java:80)
	at sun.reflect.NativeMethodAccessorImpl.invoke0(Native Method)
	at sun.reflect.NativeMethodAccessorImpl.invoke(NativeMethodAccessorImpl.java:62)
	at sun.reflect.DelegatingMethodAccessorImpl.invoke(DelegatingMethodAccessorImpl.java:43)
	at java.lang.reflect.Method.invoke(Method.java:498)
	at org.springframework.web.method.support.InvocableHandlerMethod.doInvoke(InvocableHandlerMethod.java:205)
	at org.springframework.web.method.support.InvocableHandlerMethod.invokeForRequest(InvocableHandlerMethod.java:133)
	at org.springframework.web.servlet.mvc.method.annotation.ServletInvocableHandlerMethod.invokeAndHandle(ServletInvocableHandlerMethod.java:97)
	at org.springframework.web.servlet.mvc.method.annotation.RequestMappingHandlerAdapter.invokeHandlerMethod(RequestMappingHandlerAdapter.java:827)
	at org.springframework.web.servlet.mvc.method.annotation.RequestMappingHandlerAdapter.handleInternal(RequestMappingHandlerAdapter.java:738)
	at org.springframework.web.servlet.mvc.method.AbstractHandlerMethodAdapter.handle(AbstractHandlerMethodAdapter.java:85)
	at org.springframework.web.servlet.DispatcherServlet.doDispatch(DispatcherServlet.java:967)
	at org.springframework.web.servlet.DispatcherServlet.doService(DispatcherServlet.java:901)
	at org.springframework.web.servlet.FrameworkServlet.processRequest(FrameworkServlet.java:970)
	at org.springframework.web.servlet.FrameworkServlet.doPost(FrameworkServlet.java:872)
	at javax.servlet.http.HttpServlet.service(HttpServlet.java:661)
	at org.springframework.web.servlet.FrameworkServlet.service(FrameworkServlet.java:846)
	at javax.servlet.http.HttpServlet.service(HttpServlet.java:742)
	at org.apache.catalina.core.ApplicationFilterChain.internalDoFilter(ApplicationFilterChain.java:231)
	at org.apache.catalina.core.ApplicationFilterChain.doFilter(ApplicationFilterChain.java:166)
	at org.apache.tomcat.websocket.server.WsFilter.doFilter(WsFilter.java:52)
	at org.apache.catalina.core.ApplicationFilterChain.internalDoFilter(ApplicationFilterChain.java:193)
	at org.apache.catalina.core.ApplicationFilterChain.doFilter(ApplicationFilterChain.java:166)
	at com.alibaba.druid.support.http.WebStatFilter.doFilter(WebStatFilter.java:123)
	at org.apache.catalina.core.ApplicationFilterChain.internalDoFilter(ApplicationFilterChain.java:193)
	at org.apache.catalina.core.ApplicationFilterChain.doFilter(ApplicationFilterChain.java:166)
	at com.alpha.commons.config.filter.CorsFilter.doFilterInternal(CorsFilter.java:30)
	at org.springframework.web.filter.OncePerRequestFilter.doFilter(OncePerRequestFilter.java:107)
	at org.apache.catalina.core.ApplicationFilterChain.internalDoFilter(ApplicationFilterChain.java:193)
	at org.apache.catalina.core.ApplicationFilterChain.doFilter(ApplicationFilterChain.java:166)
	at org.springframework.web.filter.RequestContextFilter.doFilterInternal(RequestContextFilter.java:99)
	at org.springframework.web.filter.OncePerRequestFilter.doFilter(OncePerRequestFilter.java:107)
	at org.apache.catalina.core.ApplicationFilterChain.internalDoFilter(ApplicationFilterChain.java:193)
	at org.apache.catalina.core.ApplicationFilterChain.doFilter(ApplicationFilterChain.java:166)
	at org.springframework.web.filter.HttpPutFormContentFilter.doFilterInternal(HttpPutFormContentFilter.java:108)
	at org.springframework.web.filter.OncePerRequestFilter.doFilter(OncePerRequestFilter.java:107)
	at org.apache.catalina.core.ApplicationFilterChain.internalDoFilter(ApplicationFilterChain.java:193)
	at org.apache.catalina.core.ApplicationFilterChain.doFilter(ApplicationFilterChain.java:166)
	at org.springframework.web.filter.HiddenHttpMethodFilter.doFilterInternal(HiddenHttpMethodFilter.java:81)
	at org.springframework.web.filter.OncePerRequestFilter.doFilter(OncePerRequestFilter.java:107)
	at org.apache.catalina.core.ApplicationFilterChain.internalDoFilter(ApplicationFilterChain.java:193)
	at org.apache.catalina.core.ApplicationFilterChain.doFilter(ApplicationFilterChain.java:166)
	at org.springframework.web.filter.CharacterEncodingFilter.doFilterInternal(CharacterEncodingFilter.java:197)
	at org.springframework.web.filter.OncePerRequestFilter.doFilter(OncePerRequestFilter.java:107)
	at org.apache.catalina.core.ApplicationFilterChain.internalDoFilter(ApplicationFilterChain.java:193)
	at org.apache.catalina.core.ApplicationFilterChain.doFilter(ApplicationFilterChain.java:166)
	at org.apache.catalina.core.StandardWrapperValve.invoke(StandardWrapperValve.java:198)
	at org.apache.catalina.core.StandardContextValve.invoke(StandardContextValve.java:96)
	at org.apache.catalina.authenticator.AuthenticatorBase.invoke(AuthenticatorBase.java:478)
	at org.apache.catalina.core.StandardHostValve.invoke(StandardHostValve.java:140)
	at org.apache.catalina.valves.ErrorReportValve.invoke(ErrorReportValve.java:80)
	at org.apache.catalina.core.StandardEngineValve.invoke(StandardEngineValve.java:87)
	at org.apache.catalina.connector.CoyoteAdapter.service(CoyoteAdapter.java:342)
	at org.apache.coyote.http11.Http11Processor.service(Http11Processor.java:799)
	at org.apache.coyote.AbstractProcessorLight.process(AbstractProcessorLight.java:66)
	at org.apache.coyote.AbstractProtocol$ConnectionHandler.process(AbstractProtocol.java:868)
	at org.apache.tomcat.util.net.NioEndpoint$SocketProcessor.doRun(NioEndpoint.java:1457)
	at org.apache.tomcat.util.net.SocketProcessorBase.run(SocketProcessorBase.java:49)
	at java.util.concurrent.ThreadPoolExecutor.runWorker(ThreadPoolExecutor.java:1142)
	at java.util.concurrent.ThreadPoolExecutor$Worker.run(ThreadPoolExecutor.java:617)
	at org.apache.tomcat.util.threads.TaskThread$WrappingRunnable.run(TaskThread.java:61)
	at java.lang.Thread.run(Thread.java:745)
2017-10-18 15:36:37,934 INFO [com.netflix.discovery.shared.resolver.aws.ConfigClusterResolver:43] Resolving eureka endpoints via configuration
2017-10-18 15:41:37,942 INFO [com.netflix.discovery.shared.resolver.aws.ConfigClusterResolver:43] Resolving eureka endpoints via configuration
2017-10-18 15:42:37,626 INFO [org.springframework.boot.SpringApplication:597] The following profiles are active: core
2017-10-18 15:42:37,669 INFO [org.springframework.context.support.AbstractApplicationContext:583] Refreshing org.springframework.boot.context.embedded.AnnotationConfigEmbeddedWebApplicationContext@417d6615: startup date [Wed Oct 18 15:42:37 CST 2017]; parent: org.springframework.context.annotation.AnnotationConfigApplicationContext@34129c78
2017-10-18 15:42:39,470 INFO [org.springframework.cloud.context.scope.GenericScope:263] BeanFactory id=93ea8e31-797c-3bde-a984-b3bfc135cce8
2017-10-18 15:42:39,522 INFO [com.alpha.self.diagnosis.processor.spring.BeanScannerConfigurer:28] 初始化 BasicAnswerProcessor  服务配置
2017-10-18 15:42:39,535 INFO [org.springframework.beans.factory.support.DefaultListableBeanFactory:828] Overriding bean definition for bean 'allergicHistoryAnswerProcessor' with a different definition: replacing [Generic bean: class [com.alpha.self.diagnosis.processor.AllergicHistoryAnswerProcessor]; scope=singleton; abstract=false; lazyInit=false; autowireMode=0; dependencyCheck=0; autowireCandidate=true; primary=false; factoryBeanName=null; factoryMethodName=null; initMethodName=null; destroyMethodName=null; defined in file [F:\iebm\workspace\alpha\alpha\alpha-self-diagnosis\target\classes\com\alpha\self\diagnosis\processor\AllergicHistoryAnswerProcessor.class]] with [Generic bean: class [com.alpha.self.diagnosis.processor.AllergicHistoryAnswerProcessor]; scope=singleton; abstract=false; lazyInit=false; autowireMode=0; dependencyCheck=0; autowireCandidate=true; primary=false; factoryBeanName=null; factoryMethodName=null; initMethodName=null; destroyMethodName=null; defined in file [F:\iebm\workspace\alpha\alpha\alpha-self-diagnosis\target\classes\com\alpha\self\diagnosis\processor\AllergicHistoryAnswerProcessor.class]]
2017-10-18 15:42:39,536 INFO [org.springframework.beans.factory.support.DefaultListableBeanFactory:828] Overriding bean definition for bean 'birthProcessor' with a different definition: replacing [Generic bean: class [com.alpha.self.diagnosis.processor.BirthProcessor]; scope=singleton; abstract=false; lazyInit=false; autowireMode=0; dependencyCheck=0; autowireCandidate=true; primary=false; factoryBeanName=null; factoryMethodName=null; initMethodName=null; destroyMethodName=null; defined in file [F:\iebm\workspace\alpha\alpha\alpha-self-diagnosis\target\classes\com\alpha\self\diagnosis\processor\BirthProcessor.class]] with [Generic bean: class [com.alpha.self.diagnosis.processor.BirthProcessor]; scope=singleton; abstract=false; lazyInit=false; autowireMode=0; dependencyCheck=0; autowireCandidate=true; primary=false; factoryBeanName=null; factoryMethodName=null; initMethodName=null; destroyMethodName=null; defined in file [F:\iebm\workspace\alpha\alpha\alpha-self-diagnosis\target\classes\com\alpha\self\diagnosis\processor\BirthProcessor.class]]
2017-10-18 15:42:39,537 INFO [org.springframework.beans.factory.support.DefaultListableBeanFactory:828] Overriding bean definition for bean 'liverRenalProcessor' with a different definition: replacing [Generic bean: class [com.alpha.self.diagnosis.processor.LiverRenalProcessor]; scope=singleton; abstract=false; lazyInit=false; autowireMode=0; dependencyCheck=0; autowireCandidate=true; primary=false; factoryBeanName=null; factoryMethodName=null; initMethodName=null; destroyMethodName=null; defined in file [F:\iebm\workspace\alpha\alpha\alpha-self-diagnosis\target\classes\com\alpha\self\diagnosis\processor\LiverRenalProcessor.class]] with [Generic bean: class [com.alpha.self.diagnosis.processor.LiverRenalProcessor]; scope=singleton; abstract=false; lazyInit=false; autowireMode=0; dependencyCheck=0; autowireCandidate=true; primary=false; factoryBeanName=null; factoryMethodName=null; initMethodName=null; destroyMethodName=null; defined in file [F:\iebm\workspace\alpha\alpha\alpha-self-diagnosis\target\classes\com\alpha\self\diagnosis\processor\LiverRenalProcessor.class]]
2017-10-18 15:42:39,538 INFO [org.springframework.beans.factory.support.DefaultListableBeanFactory:828] Overriding bean definition for bean 'normalAnswerProcessor' with a different definition: replacing [Generic bean: class [com.alpha.self.diagnosis.processor.NormalAnswerProcessor]; scope=singleton; abstract=false; lazyInit=false; autowireMode=0; dependencyCheck=0; autowireCandidate=true; primary=false; factoryBeanName=null; factoryMethodName=null; initMethodName=null; destroyMethodName=null; defined in file [F:\iebm\workspace\alpha\alpha\alpha-self-diagnosis\target\classes\com\alpha\self\diagnosis\processor\NormalAnswerProcessor.class]] with [Generic bean: class [com.alpha.self.diagnosis.processor.NormalAnswerProcessor]; scope=singleton; abstract=false; lazyInit=false; autowireMode=0; dependencyCheck=0; autowireCandidate=true; primary=false; factoryBeanName=null; factoryMethodName=null; initMethodName=null; destroyMethodName=null; defined in file [F:\iebm\workspace\alpha\alpha\alpha-self-diagnosis\target\classes\com\alpha\self\diagnosis\processor\NormalAnswerProcessor.class]]
2017-10-18 15:42:39,539 INFO [org.springframework.beans.factory.support.DefaultListableBeanFactory:828] Overriding bean definition for bean 'pastmedicalHistoryProcessor' with a different definition: replacing [Generic bean: class [com.alpha.self.diagnosis.processor.PastmedicalHistoryProcessor]; scope=singleton; abstract=false; lazyInit=false; autowireMode=0; dependencyCheck=0; autowireCandidate=true; primary=false; factoryBeanName=null; factoryMethodName=null; initMethodName=null; destroyMethodName=null; defined in file [F:\iebm\workspace\alpha\alpha\alpha-self-diagnosis\target\classes\com\alpha\self\diagnosis\processor\PastmedicalHistoryProcessor.class]] with [Generic bean: class [com.alpha.self.diagnosis.processor.PastmedicalHistoryProcessor]; scope=singleton; abstract=false; lazyInit=false; autowireMode=0; dependencyCheck=0; autowireCandidate=true; primary=false; factoryBeanName=null; factoryMethodName=null; initMethodName=null; destroyMethodName=null; defined in file [F:\iebm\workspace\alpha\alpha\alpha-self-diagnosis\target\classes\com\alpha\self\diagnosis\processor\PastmedicalHistoryProcessor.class]]
2017-10-18 15:42:39,540 INFO [org.springframework.beans.factory.support.DefaultListableBeanFactory:828] Overriding bean definition for bean 'weightProcessor' with a different definition: replacing [Generic bean: class [com.alpha.self.diagnosis.processor.WeightProcessor]; scope=singleton; abstract=false; lazyInit=false; autowireMode=0; dependencyCheck=0; autowireCandidate=true; primary=false; factoryBeanName=null; factoryMethodName=null; initMethodName=null; destroyMethodName=null; defined in file [F:\iebm\workspace\alpha\alpha\alpha-self-diagnosis\target\classes\com\alpha\self\diagnosis\processor\WeightProcessor.class]] with [Generic bean: class [com.alpha.self.diagnosis.processor.WeightProcessor]; scope=singleton; abstract=false; lazyInit=false; autowireMode=0; dependencyCheck=0; autowireCandidate=true; primary=false; factoryBeanName=null; factoryMethodName=null; initMethodName=null; destroyMethodName=null; defined in file [F:\iebm\workspace\alpha\alpha\alpha-self-diagnosis\target\classes\com\alpha\self\diagnosis\processor\WeightProcessor.class]]
2017-10-18 15:42:39,541 INFO [com.alpha.self.diagnosis.processor.spring.BeanScannerConfigurer:32] 初始化 BasicAnswerProcessor 完成
2017-10-18 15:42:39,688 INFO [org.springframework.beans.factory.annotation.AutowiredAnnotationBeanPostProcessor:155] JSR-330 'javax.inject.Inject' annotation found and supported for autowiring
2017-10-18 15:42:39,776 INFO [org.springframework.context.support.PostProcessorRegistrationDelegate$BeanPostProcessorChecker:325] Bean 'com.alpha.server.rpc.user.SelfDiagnosisFeign' of type [org.springframework.cloud.netflix.feign.FeignClientFactoryBean] is not eligible for getting processed by all BeanPostProcessors (for example: not eligible for auto-proxying)
2017-10-18 15:42:40,063 INFO [org.springframework.context.support.PostProcessorRegistrationDelegate$BeanPostProcessorChecker:325] Bean 'org.springframework.transaction.annotation.ProxyTransactionManagementConfiguration' of type [org.springframework.transaction.annotation.ProxyTransactionManagementConfiguration$$EnhancerBySpringCGLIB$$44728c68] is not eligible for getting processed by all BeanPostProcessors (for example: not eligible for auto-proxying)
2017-10-18 15:42:40,402 INFO [org.springframework.context.support.PostProcessorRegistrationDelegate$BeanPostProcessorChecker:325] Bean 'org.springframework.cloud.autoconfigure.ConfigurationPropertiesRebinderAutoConfiguration' of type [org.springframework.cloud.autoconfigure.ConfigurationPropertiesRebinderAutoConfiguration$$EnhancerBySpringCGLIB$$608c8f65] is not eligible for getting processed by all BeanPostProcessors (for example: not eligible for auto-proxying)
2017-10-18 15:42:41,353 INFO [org.springframework.boot.context.embedded.tomcat.TomcatEmbeddedServletContainer:89] Tomcat initialized with port(s): 19092 (http)
2017-10-18 15:42:41,377 INFO [org.apache.juli.logging.DirectJDKLog:179] Starting service [Tomcat]
2017-10-18 15:42:41,378 INFO [org.apache.juli.logging.DirectJDKLog:179] Starting Servlet Engine: Apache Tomcat/8.5.20
2017-10-18 15:42:41,616 INFO [org.apache.juli.logging.DirectJDKLog:179] Initializing Spring embedded WebApplicationContext
2017-10-18 15:42:41,616 INFO [org.springframework.boot.context.embedded.EmbeddedWebApplicationContext:276] Root WebApplicationContext: initialization completed in 3947 ms
2017-10-18 15:42:42,270 INFO [org.springframework.boot.web.servlet.ServletRegistrationBean:190] Mapping servlet: 'dispatcherServlet' to [/]
2017-10-18 15:42:42,272 INFO [org.springframework.boot.web.servlet.ServletRegistrationBean:190] Mapping servlet: 'com.alpha.commons.config.servlet.DruidStatViewServlet' to [/druid/*]
2017-10-18 15:42:42,281 INFO [org.springframework.boot.web.servlet.AbstractFilterRegistrationBean:258] Mapping filter: 'characterEncodingFilter' to: [/*]
2017-10-18 15:42:42,282 INFO [org.springframework.boot.web.servlet.AbstractFilterRegistrationBean:258] Mapping filter: 'hiddenHttpMethodFilter' to: [/*]
2017-10-18 15:42:42,282 INFO [org.springframework.boot.web.servlet.AbstractFilterRegistrationBean:258] Mapping filter: 'httpPutFormContentFilter' to: [/*]
2017-10-18 15:42:42,283 INFO [org.springframework.boot.web.servlet.AbstractFilterRegistrationBean:258] Mapping filter: 'requestContextFilter' to: [/*]
2017-10-18 15:42:42,283 INFO [org.springframework.boot.web.servlet.AbstractFilterRegistrationBean:271] Mapping filter: 'com.alpha.commons.config.filter.CorsFilter' to urls: [/*]
2017-10-18 15:42:42,283 INFO [org.springframework.boot.web.servlet.AbstractFilterRegistrationBean:271] Mapping filter: 'druidWebStatFilter' to urls: [/*]
2017-10-18 15:42:42,317 INFO [com.alpha.self.diagnosis.listener.DiagnosisContextListener:27] DiagnosisContextListener contextInitialized starting...
2017-10-18 15:42:42,322 INFO [com.alpha.self.diagnosis.processor.BasicAnswerProcessorAdaptor:154] 6 processor will be register.
2017-10-18 15:42:42,693 INFO [com.alpha.commons.config.DruidConfiguration$Druid:66] DruidConfiguration init completed................
2017-10-18 15:42:45,138 INFO [com.alpha.self.diagnosis.listener.DiagnosisContextListener:34] DiagnosisContextListener contextInitialized completed
2017-10-18 15:42:47,234 WARN [com.netflix.config.sources.URLConfigurationSource:121] No URLs will be polled as dynamic configuration sources.
2017-10-18 15:42:47,235 INFO [com.netflix.config.sources.URLConfigurationSource:122] To enable URLs as dynamic configuration sources, define System property archaius.configurationSource.additionalUrls or make config.properties available on classpath.
2017-10-18 15:42:47,248 WARN [com.netflix.config.sources.URLConfigurationSource:121] No URLs will be polled as dynamic configuration sources.
2017-10-18 15:42:47,249 INFO [com.netflix.config.sources.URLConfigurationSource:122] To enable URLs as dynamic configuration sources, define System property archaius.configurationSource.additionalUrls or make config.properties available on classpath.
2017-10-18 15:42:47,921 INFO [org.springframework.web.servlet.mvc.method.annotation.RequestMappingHandlerAdapter:534] Looking for @ControllerAdvice: org.springframework.boot.context.embedded.AnnotationConfigEmbeddedWebApplicationContext@417d6615: startup date [Wed Oct 18 15:42:37 CST 2017]; parent: org.springframework.context.annotation.AnnotationConfigApplicationContext@34129c78
2017-10-18 15:42:48,118 INFO [org.springframework.web.servlet.handler.AbstractHandlerMethodMapping$MappingRegistry:543] Mapped "{[/data/search/pastmedicalHistory],methods=[POST]}" onto public com.alpha.commons.web.ResponseMessage com.alpha.self.diagnosis.controller.DataSearchController.pastmedicalHistorySearch(com.alpha.self.diagnosis.pojo.vo.SearchRequestVo)
2017-10-18 15:42:48,120 INFO [org.springframework.web.servlet.handler.AbstractHandlerMethodMapping$MappingRegistry:543] Mapped "{[/data/search/allergicHistory],methods=[POST]}" onto public com.alpha.commons.web.ResponseMessage com.alpha.self.diagnosis.controller.DataSearchController.allergicHistorySearch(com.alpha.self.diagnosis.pojo.vo.SearchRequestVo)
2017-10-18 15:42:48,121 INFO [org.springframework.web.servlet.handler.AbstractHandlerMethodMapping$MappingRegistry:543] Mapped "{[/data/search/concsymp],methods=[POST]}" onto public com.alpha.commons.web.ResponseMessage com.alpha.self.diagnosis.controller.DataSearchController.diagnosisStart(com.alpha.self.diagnosis.pojo.vo.SearchRequestVo)
2017-10-18 15:42:48,122 INFO [org.springframework.web.servlet.handler.AbstractHandlerMethodMapping$MappingRegistry:543] Mapped "{[/data/search/weight/{userId}],methods=[POST]}" onto public com.alpha.commons.web.ResponseMessage com.alpha.self.diagnosis.controller.DataSearchController.weightSearch(java.lang.Long)
2017-10-18 15:42:48,130 INFO [org.springframework.web.servlet.handler.AbstractHandlerMethodMapping$MappingRegistry:543] Mapped "{[/diagnosis/outcome/get],methods=[POST]}" onto public com.alpha.commons.web.ResponseMessage com.alpha.self.diagnosis.controller.DiagnosisController.getOutcome(java.lang.Long)
2017-10-18 15:42:48,131 INFO [org.springframework.web.servlet.handler.AbstractHandlerMethodMapping$MappingRegistry:543] Mapped "{[/diagnosis/medicine/next],methods=[POST]}" onto public com.alpha.commons.web.ResponseMessage com.alpha.self.diagnosis.controller.DiagnosisController.diagnosisMedicineNext(com.alpha.self.diagnosis.pojo.vo.QuestionRequestVo)
2017-10-18 15:42:48,133 INFO [org.springframework.web.servlet.handler.AbstractHandlerMethodMapping$MappingRegistry:543] Mapped "{[/diagnosis/showResult],methods=[POST]}" onto public com.alpha.commons.web.ResponseMessage com.alpha.self.diagnosis.controller.DiagnosisController.showDiagnosisResult(com.alpha.self.diagnosis.pojo.vo.BasicRequestVo)
2017-10-18 15:42:48,134 INFO [org.springframework.web.servlet.handler.AbstractHandlerMethodMapping$MappingRegistry:543] Mapped "{[/diagnosis/queryBasicQuestion],methods=[POST]}" onto public com.alpha.commons.web.ResponseMessage com.alpha.self.diagnosis.controller.DiagnosisController.queryBasicQuestion(com.alpha.user.controller.req.vo.PatientInfo)
2017-10-18 15:42:48,135 INFO [org.springframework.web.servlet.handler.AbstractHandlerMethodMapping$MappingRegistry:543] Mapped "{[/diagnosis/start],methods=[POST],consumes=[application/json || application/x-www-form-urlencoded]}" onto public com.alpha.commons.web.ResponseMessage com.alpha.self.diagnosis.controller.DiagnosisController.diagnosisStart(com.alpha.self.diagnosis.pojo.vo.DiagnosisStartReqeustVo)
2017-10-18 15:42:48,136 INFO [org.springframework.web.servlet.handler.AbstractHandlerMethodMapping$MappingRegistry:543] Mapped "{[/diagnosis/basic/next],methods=[POST]}" onto public com.alpha.commons.web.ResponseMessage com.alpha.self.diagnosis.controller.DiagnosisController.diagnosisNext(com.alpha.self.diagnosis.pojo.vo.QuestionRequestVo)
2017-10-18 15:42:48,136 INFO [org.springframework.web.servlet.handler.AbstractHandlerMethodMapping$MappingRegistry:543] Mapped "{[/diagnosis/outcome/confirm],methods=[POST]}" onto public com.alpha.commons.web.ResponseMessage com.alpha.self.diagnosis.controller.DiagnosisController.confirmOutcome(java.lang.Long,java.lang.String)
2017-10-18 15:42:48,137 INFO [org.springframework.web.servlet.handler.AbstractHandlerMethodMapping$MappingRegistry:543] Mapped "{[/diagnosis/diseaseHistory],methods=[POST]}" onto public com.alpha.commons.web.ResponseMessage com.alpha.self.diagnosis.controller.DiagnosisController.diseaseHistory(com.alpha.self.diagnosis.pojo.vo.DiseaseHistoryRequestVo)
2017-10-18 15:42:48,143 INFO [org.springframework.web.servlet.handler.AbstractHandlerMethodMapping$MappingRegistry:543] Mapped "{[/info],methods=[GET]}" onto public java.lang.String com.alpha.self.diagnosis.controller.MainController.test()
2017-10-18 15:42:48,144 INFO [org.springframework.web.servlet.handler.AbstractHandlerMethodMapping$MappingRegistry:543] Mapped "{[/getMedicalRecord],methods=[POST]}" onto public com.alpha.commons.web.ResponseMessage com.alpha.self.diagnosis.controller.MainController.getMedicalRecord()
2017-10-18 15:42:48,145 INFO [org.springframework.web.servlet.handler.AbstractHandlerMethodMapping$MappingRegistry:543] Mapped "{[/test/question],methods=[POST]}" onto public com.alpha.commons.web.ResponseMessage com.alpha.self.diagnosis.controller.MainController.medicineQuestion(java.lang.Integer)
2017-10-18 15:42:48,145 INFO [org.springframework.web.servlet.handler.AbstractHandlerMethodMapping$MappingRegistry:543] Mapped "{[/test/question2],methods=[POST]}" onto public com.alpha.commons.web.ResponseMessage com.alpha.self.diagnosis.controller.MainController.medicineQuestion(com.alpha.self.diagnosis.pojo.vo.QuestionRequestVo,java.lang.String)
2017-10-18 15:42:48,150 INFO [org.springframework.web.servlet.handler.AbstractHandlerMethodMapping$MappingRegistry:543] Mapped "{[/treatscheme/diseaseList],methods=[POST]}" onto public com.alpha.commons.web.ResponseMessage com.alpha.self.diagnosis.controller.TreatSchemeController.diseaseList(com.alpha.self.diagnosis.pojo.vo.SearchRequestVo)
2017-10-18 15:42:48,151 INFO [org.springframework.web.servlet.handler.AbstractHandlerMethodMapping$MappingRegistry:543] Mapped "{[/treatscheme/get],methods=[POST]}" onto public com.alpha.commons.web.ResponseMessage com.alpha.self.diagnosis.controller.TreatSchemeController.treatScheme(java.lang.String,java.lang.String)
2017-10-18 15:42:48,153 INFO [org.springframework.web.servlet.handler.AbstractHandlerMethodMapping$MappingRegistry:543] Mapped "{[/feedback/put],methods=[POST]}" onto public com.alpha.commons.web.ResponseMessage com.alpha.user.controller.FeedBackController.authorization(com.alpha.server.rpc.user.pojo.UserFeedback)
2017-10-18 15:42:48,156 INFO [org.springframework.web.servlet.handler.AbstractHandlerMethodMapping$MappingRegistry:543] Mapped "{[/user/query/{cardNo}],methods=[POST]}" onto public com.alpha.commons.web.ResponseMessage com.alpha.user.controller.UserController.query(java.lang.String)
2017-10-18 15:42:48,157 INFO [org.springframework.web.servlet.handler.AbstractHandlerMethodMapping$MappingRegistry:543] Mapped "{[/user/auth],methods=[POST]}" onto public com.alpha.commons.web.ResponseMessage com.alpha.user.controller.UserController.authorization(java.lang.String,java.lang.Integer,java.lang.Integer)
2017-10-18 15:42:48,157 INFO [org.springframework.web.servlet.handler.AbstractHandlerMethodMapping$MappingRegistry:543] Mapped "{[/user/save],methods=[POST]}" onto public com.alpha.commons.web.ResponseMessage com.alpha.user.controller.UserController.saveUserInfo(com.alpha.user.pojo.vo.UserInfoRequestVo)
2017-10-18 15:42:48,161 INFO [org.springframework.web.servlet.handler.AbstractHandlerMethodMapping$MappingRegistry:543] Mapped "{[/error]}" onto public org.springframework.http.ResponseEntity<java.util.Map<java.lang.String, java.lang.Object>> org.springframework.boot.autoconfigure.web.BasicErrorController.error(javax.servlet.http.HttpServletRequest)
2017-10-18 15:42:48,162 INFO [org.springframework.web.servlet.handler.AbstractHandlerMethodMapping$MappingRegistry:543] Mapped "{[/error],produces=[text/html]}" onto public org.springframework.web.servlet.ModelAndView org.springframework.boot.autoconfigure.web.BasicErrorController.errorHtml(javax.servlet.http.HttpServletRequest,javax.servlet.http.HttpServletResponse)
2017-10-18 15:42:48,329 INFO [org.springframework.web.servlet.handler.AbstractUrlHandlerMapping:362] Mapped URL path [/webjars/**] onto handler of type [class org.springframework.web.servlet.resource.ResourceHttpRequestHandler]
2017-10-18 15:42:48,330 INFO [org.springframework.web.servlet.handler.AbstractUrlHandlerMapping:362] Mapped URL path [/**] onto handler of type [class org.springframework.web.servlet.resource.ResourceHttpRequestHandler]
2017-10-18 15:42:48,382 INFO [org.springframework.web.servlet.mvc.method.annotation.ExceptionHandlerExceptionResolver:273] Detected @ExceptionHandler methods in controllerEnhancerment
2017-10-18 15:42:48,478 INFO [org.springframework.web.servlet.handler.AbstractUrlHandlerMapping:362] Mapped URL path [/**/favicon.ico] onto handler of type [class org.springframework.web.servlet.resource.ResourceHttpRequestHandler]
2017-10-18 15:42:51,007 INFO [org.springframework.jmx.export.MBeanExporter:431] Registering beans for JMX exposure on startup
2017-10-18 15:42:51,011 INFO [org.springframework.jmx.export.MBeanExporter:916] Bean with name 'dataSource' has been autodetected for JMX exposure
2017-10-18 15:42:51,030 INFO [org.springframework.jmx.export.MBeanExporter:916] Bean with name 'environmentManager' has been autodetected for JMX exposure
2017-10-18 15:42:51,034 INFO [org.springframework.jmx.export.MBeanExporter:916] Bean with name 'configurationPropertiesRebinder' has been autodetected for JMX exposure
2017-10-18 15:42:51,035 INFO [org.springframework.jmx.export.MBeanExporter:916] Bean with name 'refreshScope' has been autodetected for JMX exposure
2017-10-18 15:42:51,042 INFO [org.springframework.jmx.export.MBeanExporter:678] Located managed bean 'environmentManager': registering with JMX server as MBean [org.springframework.cloud.context.environment:name=environmentManager,type=EnvironmentManager]
2017-10-18 15:42:51,066 INFO [org.springframework.jmx.export.MBeanExporter:678] Located managed bean 'refreshScope': registering with JMX server as MBean [org.springframework.cloud.context.scope.refresh:name=refreshScope,type=RefreshScope]
2017-10-18 15:42:51,102 INFO [org.springframework.jmx.export.MBeanExporter:678] Located managed bean 'configurationPropertiesRebinder': registering with JMX server as MBean [org.springframework.cloud.context.properties:name=configurationPropertiesRebinder,context=417d6615,type=ConfigurationPropertiesRebinder]
2017-10-18 15:42:51,120 INFO [org.springframework.jmx.export.MBeanExporter:671] Located MBean 'dataSource': registering with JMX server as MBean [com.alibaba.druid.pool:name=dataSource,type=DruidDataSource]
2017-10-18 15:42:51,392 INFO [org.springframework.context.support.DefaultLifecycleProcessor$LifecycleGroup:343] Starting beans in phase 0
2017-10-18 15:42:51,410 INFO [org.springframework.cloud.netflix.eureka.InstanceInfoFactory:70] Setting initial instance status as: STARTING
2017-10-18 15:42:51,526 INFO [com.netflix.discovery.DiscoveryClient:344] Initializing Eureka in region us-east-1
2017-10-18 15:42:52,138 INFO [com.netflix.discovery.provider.DiscoveryJerseyProvider:70] Using JSON encoding codec LegacyJacksonJson
2017-10-18 15:42:52,139 INFO [com.netflix.discovery.provider.DiscoveryJerseyProvider:71] Using JSON decoding codec LegacyJacksonJson
2017-10-18 15:42:52,378 INFO [com.netflix.discovery.provider.DiscoveryJerseyProvider:80] Using XML encoding codec XStreamXml
2017-10-18 15:42:52,380 INFO [com.netflix.discovery.provider.DiscoveryJerseyProvider:81] Using XML decoding codec XStreamXml
2017-10-18 15:42:53,398 INFO [com.netflix.discovery.shared.resolver.aws.ConfigClusterResolver:43] Resolving eureka endpoints via configuration
2017-10-18 15:42:53,540 INFO [com.netflix.discovery.DiscoveryClient:920] Disable delta property : false
2017-10-18 15:42:53,541 INFO [com.netflix.discovery.DiscoveryClient:921] Single vip registry refresh property : null
2017-10-18 15:42:53,541 INFO [com.netflix.discovery.DiscoveryClient:922] Force full registry fetch : false
2017-10-18 15:42:53,541 INFO [com.netflix.discovery.DiscoveryClient:923] Application is null : false
2017-10-18 15:42:53,541 INFO [com.netflix.discovery.DiscoveryClient:924] Registered Applications size is zero : true
2017-10-18 15:42:53,542 INFO [com.netflix.discovery.DiscoveryClient:926] Application version is -1: true
2017-10-18 15:42:53,542 INFO [com.netflix.discovery.DiscoveryClient:1009] Getting all instance registry info from the eureka server
2017-10-18 15:42:53,701 INFO [com.netflix.discovery.DiscoveryClient:1018] The response status is 200
2017-10-18 15:42:53,704 INFO [com.netflix.discovery.DiscoveryClient:1244] Starting heartbeat executor: renew interval is: 5
2017-10-18 15:42:53,712 INFO [com.netflix.discovery.InstanceInfoReplicator:59] InstanceInfoReplicator onDemand update allowed rate per min is 4
2017-10-18 15:42:53,727 INFO [com.netflix.discovery.DiscoveryClient:425] Discovery Client initialized at timestamp 1508312573726 with initial instances count: 0
2017-10-18 15:42:53,929 INFO [org.springframework.cloud.netflix.eureka.serviceregistry.EurekaServiceRegistry:40] Registering application alpha-self-diagnosis with eureka with status UP
2017-10-18 15:42:53,931 INFO [com.netflix.discovery.DiscoveryClient$3:1279] Saw local status change event StatusChangeEvent [timestamp=1508312573931, current=UP, previous=STARTING]
2017-10-18 15:42:53,934 INFO [com.netflix.discovery.DiscoveryClient:795] DiscoveryClient_ALPHA-SELF-DIAGNOSIS/PC-20160606PUVI:alpha-self-diagnosis:19092: registering service...
2017-10-18 15:42:54,110 INFO [org.springframework.boot.context.embedded.tomcat.TomcatEmbeddedServletContainer:201] Tomcat started on port(s): 19092 (http)
2017-10-18 15:42:54,113 INFO [org.springframework.cloud.netflix.eureka.serviceregistry.EurekaAutoServiceRegistration:117] Updating port to 19092
2017-10-18 15:42:54,127 INFO [org.springframework.boot.StartupInfoLogger:57] Started AlphaApplication in 18.917 seconds (JVM running for 19.576)
2017-10-18 15:42:54,131 INFO [com.netflix.discovery.DiscoveryClient:804] DiscoveryClient_ALPHA-SELF-DIAGNOSIS/PC-20160606PUVI:alpha-self-diagnosis:19092 - registration status: 204
2017-10-18 15:42:58,705 INFO [com.netflix.discovery.DiscoveryClient:920] Disable delta property : false
2017-10-18 15:42:58,706 INFO [com.netflix.discovery.DiscoveryClient:921] Single vip registry refresh property : null
2017-10-18 15:42:58,707 INFO [com.netflix.discovery.DiscoveryClient:922] Force full registry fetch : false
2017-10-18 15:42:58,707 INFO [com.netflix.discovery.DiscoveryClient:923] Application is null : false
2017-10-18 15:42:58,707 INFO [com.netflix.discovery.DiscoveryClient:924] Registered Applications size is zero : true
2017-10-18 15:42:58,707 INFO [com.netflix.discovery.DiscoveryClient:926] Application version is -1: false
2017-10-18 15:42:58,707 INFO [com.netflix.discovery.DiscoveryClient:1009] Getting all instance registry info from the eureka server
2017-10-18 15:42:58,712 INFO [com.netflix.discovery.DiscoveryClient:1018] The response status is 200
2017-10-18 15:43:03,728 INFO [com.netflix.discovery.DiscoveryClient:920] Disable delta property : false
2017-10-18 15:43:03,728 INFO [com.netflix.discovery.DiscoveryClient:921] Single vip registry refresh property : null
2017-10-18 15:43:03,729 INFO [com.netflix.discovery.DiscoveryClient:922] Force full registry fetch : false
2017-10-18 15:43:03,729 INFO [com.netflix.discovery.DiscoveryClient:923] Application is null : false
2017-10-18 15:43:03,729 INFO [com.netflix.discovery.DiscoveryClient:924] Registered Applications size is zero : true
2017-10-18 15:43:03,729 INFO [com.netflix.discovery.DiscoveryClient:926] Application version is -1: false
2017-10-18 15:43:03,730 INFO [com.netflix.discovery.DiscoveryClient:1009] Getting all instance registry info from the eureka server
2017-10-18 15:43:03,792 INFO [com.netflix.discovery.DiscoveryClient:1018] The response status is 200
2017-10-18 15:43:04,839 INFO [org.apache.juli.logging.DirectJDKLog:179] Initializing Spring FrameworkServlet 'dispatcherServlet'
2017-10-18 15:43:04,839 INFO [org.springframework.web.servlet.FrameworkServlet:489] FrameworkServlet 'dispatcherServlet': initialization started
2017-10-18 15:43:04,905 INFO [org.springframework.web.servlet.FrameworkServlet:508] FrameworkServlet 'dispatcherServlet': initialization completed in 65 ms
2017-10-18 15:43:05,374 INFO [com.alibaba.druid.pool.DruidDataSource:715] {dataSource-1} inited
2017-10-18 15:43:17,278 INFO [com.alpha.user.service.impl.UserInfoServiceImpl:210] third user is {"gender":2,"idcard":"44092118795457878545","birth":"1953-04-10","userName":"王星星","department":"小儿消化内科","inType":"1","cureTime":"2017-10-18 15:43:13"}
2017-10-18 15:45:12,414 INFO [com.alpha.user.service.impl.UserInfoServiceImpl:210] third user is {"gender":1,"idcard":"44092118795457878545","birth":"1946-10-18","userName":"王星星","department":"小儿消化内科","inType":"1","cureTime":"2017-10-18 15:45:12"}
2017-10-18 15:47:53,550 INFO [com.netflix.discovery.shared.resolver.aws.ConfigClusterResolver:43] Resolving eureka endpoints via configuration
2017-10-18 15:52:53,559 INFO [com.netflix.discovery.shared.resolver.aws.ConfigClusterResolver:43] Resolving eureka endpoints via configuration
2017-10-18 15:57:53,565 INFO [com.netflix.discovery.shared.resolver.aws.ConfigClusterResolver:43] Resolving eureka endpoints via configuration
