2017-12-19 09:00:28,346 INFO [com.alpha.self.diagnosis.AlphaApplication:39] SpringApplicationBuilder run .... 
2017-12-19 09:00:28,959 INFO [com.alpha.self.diagnosis.AlphaApplication:39] SpringApplicationBuilder run .... 
2017-12-19 09:00:30,301 INFO [org.springframework.context.support.AbstractApplicationContext:583] Refreshing org.springframework.context.annotation.AnnotationConfigApplicationContext@521ffb63: startup date [Tue Dec 19 09:00:30 CST 2017]; root of context hierarchy
2017-12-19 09:00:30,750 INFO [org.hibernate.validator.internal.util.Version:30] HV000001: Hibernate Validator 5.3.5.Final
2017-12-19 09:00:31,154 INFO [org.springframework.beans.factory.annotation.AutowiredAnnotationBeanPostProcessor:155] JSR-330 'javax.inject.Inject' annotation found and supported for autowiring
2017-12-19 09:00:31,336 INFO [org.springframework.context.support.PostProcessorRegistrationDelegate$BeanPostProcessorChecker:325] Bean 'configurationPropertiesRebinderAutoConfiguration' of type [org.springframework.cloud.autoconfigure.ConfigurationPropertiesRebinderAutoConfiguration$$EnhancerBySpringCGLIB$$7de56200] is not eligible for getting processed by all BeanPostProcessors (for example: not eligible for auto-proxying)
2017-12-19 09:00:32,465 INFO [org.springframework.boot.SpringApplication:597] The following profiles are active: core
2017-12-19 09:00:32,547 INFO [org.springframework.context.support.AbstractApplicationContext:583] Refreshing org.springframework.boot.context.embedded.AnnotationConfigEmbeddedWebApplicationContext@342493b3: startup date [Tue Dec 19 09:00:32 CST 2017]; parent: org.springframework.context.annotation.AnnotationConfigApplicationContext@521ffb63
2017-12-19 09:00:40,567 INFO [org.springframework.cloud.context.scope.GenericScope:263] BeanFactory id=e1454411-bbdc-3bab-930f-56a69686bbf8
2017-12-19 09:00:40,631 INFO [com.alpha.self.diagnosis.processor.spring.BeanScannerConfigurer:28] 初始化 BasicAnswerProcessor  服务配置
2017-12-19 09:00:40,683 INFO [org.springframework.beans.factory.support.DefaultListableBeanFactory:828] Overriding bean definition for bean 'allergicHistoryAnswerProcessor' with a different definition: replacing [Generic bean: class [com.alpha.self.diagnosis.processor.AllergicHistoryAnswerProcessor]; scope=singleton; abstract=false; lazyInit=false; autowireMode=0; dependencyCheck=0; autowireCandidate=true; primary=false; factoryBeanName=null; factoryMethodName=null; initMethodName=null; destroyMethodName=null; defined in file [F:\iebm\workspace\alpha\branch\v1.0.3\alpha\alpha-self-diagnosis\target\classes\com\alpha\self\diagnosis\processor\AllergicHistoryAnswerProcessor.class]] with [Generic bean: class [com.alpha.self.diagnosis.processor.AllergicHistoryAnswerProcessor]; scope=singleton; abstract=false; lazyInit=false; autowireMode=0; dependencyCheck=0; autowireCandidate=true; primary=false; factoryBeanName=null; factoryMethodName=null; initMethodName=null; destroyMethodName=null; defined in file [F:\iebm\workspace\alpha\branch\v1.0.3\alpha\alpha-self-diagnosis\target\classes\com\alpha\self\diagnosis\processor\AllergicHistoryAnswerProcessor.class]]
2017-12-19 09:00:40,684 INFO [org.springframework.beans.factory.support.DefaultListableBeanFactory:828] Overriding bean definition for bean 'birthProcessor' with a different definition: replacing [Generic bean: class [com.alpha.self.diagnosis.processor.BirthProcessor]; scope=singleton; abstract=false; lazyInit=false; autowireMode=0; dependencyCheck=0; autowireCandidate=true; primary=false; factoryBeanName=null; factoryMethodName=null; initMethodName=null; destroyMethodName=null; defined in file [F:\iebm\workspace\alpha\branch\v1.0.3\alpha\alpha-self-diagnosis\target\classes\com\alpha\self\diagnosis\processor\BirthProcessor.class]] with [Generic bean: class [com.alpha.self.diagnosis.processor.BirthProcessor]; scope=singleton; abstract=false; lazyInit=false; autowireMode=0; dependencyCheck=0; autowireCandidate=true; primary=false; factoryBeanName=null; factoryMethodName=null; initMethodName=null; destroyMethodName=null; defined in file [F:\iebm\workspace\alpha\branch\v1.0.3\alpha\alpha-self-diagnosis\target\classes\com\alpha\self\diagnosis\processor\BirthProcessor.class]]
2017-12-19 09:00:40,686 INFO [org.springframework.beans.factory.support.DefaultListableBeanFactory:828] Overriding bean definition for bean 'liverRenalProcessor' with a different definition: replacing [Generic bean: class [com.alpha.self.diagnosis.processor.LiverRenalProcessor]; scope=singleton; abstract=false; lazyInit=false; autowireMode=0; dependencyCheck=0; autowireCandidate=true; primary=false; factoryBeanName=null; factoryMethodName=null; initMethodName=null; destroyMethodName=null; defined in file [F:\iebm\workspace\alpha\branch\v1.0.3\alpha\alpha-self-diagnosis\target\classes\com\alpha\self\diagnosis\processor\LiverRenalProcessor.class]] with [Generic bean: class [com.alpha.self.diagnosis.processor.LiverRenalProcessor]; scope=singleton; abstract=false; lazyInit=false; autowireMode=0; dependencyCheck=0; autowireCandidate=true; primary=false; factoryBeanName=null; factoryMethodName=null; initMethodName=null; destroyMethodName=null; defined in file [F:\iebm\workspace\alpha\branch\v1.0.3\alpha\alpha-self-diagnosis\target\classes\com\alpha\self\diagnosis\processor\LiverRenalProcessor.class]]
2017-12-19 09:00:40,686 INFO [org.springframework.beans.factory.support.DefaultListableBeanFactory:828] Overriding bean definition for bean 'normalAnswerProcessor' with a different definition: replacing [Generic bean: class [com.alpha.self.diagnosis.processor.NormalAnswerProcessor]; scope=singleton; abstract=false; lazyInit=false; autowireMode=0; dependencyCheck=0; autowireCandidate=true; primary=false; factoryBeanName=null; factoryMethodName=null; initMethodName=null; destroyMethodName=null; defined in file [F:\iebm\workspace\alpha\branch\v1.0.3\alpha\alpha-self-diagnosis\target\classes\com\alpha\self\diagnosis\processor\NormalAnswerProcessor.class]] with [Generic bean: class [com.alpha.self.diagnosis.processor.NormalAnswerProcessor]; scope=singleton; abstract=false; lazyInit=false; autowireMode=0; dependencyCheck=0; autowireCandidate=true; primary=false; factoryBeanName=null; factoryMethodName=null; initMethodName=null; destroyMethodName=null; defined in file [F:\iebm\workspace\alpha\branch\v1.0.3\alpha\alpha-self-diagnosis\target\classes\com\alpha\self\diagnosis\processor\NormalAnswerProcessor.class]]
2017-12-19 09:00:40,687 INFO [org.springframework.beans.factory.support.DefaultListableBeanFactory:828] Overriding bean definition for bean 'pastmedicalHistoryProcessor' with a different definition: replacing [Generic bean: class [com.alpha.self.diagnosis.processor.PastmedicalHistoryProcessor]; scope=singleton; abstract=false; lazyInit=false; autowireMode=0; dependencyCheck=0; autowireCandidate=true; primary=false; factoryBeanName=null; factoryMethodName=null; initMethodName=null; destroyMethodName=null; defined in file [F:\iebm\workspace\alpha\branch\v1.0.3\alpha\alpha-self-diagnosis\target\classes\com\alpha\self\diagnosis\processor\PastmedicalHistoryProcessor.class]] with [Generic bean: class [com.alpha.self.diagnosis.processor.PastmedicalHistoryProcessor]; scope=singleton; abstract=false; lazyInit=false; autowireMode=0; dependencyCheck=0; autowireCandidate=true; primary=false; factoryBeanName=null; factoryMethodName=null; initMethodName=null; destroyMethodName=null; defined in file [F:\iebm\workspace\alpha\branch\v1.0.3\alpha\alpha-self-diagnosis\target\classes\com\alpha\self\diagnosis\processor\PastmedicalHistoryProcessor.class]]
2017-12-19 09:00:40,688 INFO [org.springframework.beans.factory.support.DefaultListableBeanFactory:828] Overriding bean definition for bean 'weightProcessor' with a different definition: replacing [Generic bean: class [com.alpha.self.diagnosis.processor.WeightProcessor]; scope=singleton; abstract=false; lazyInit=false; autowireMode=0; dependencyCheck=0; autowireCandidate=true; primary=false; factoryBeanName=null; factoryMethodName=null; initMethodName=null; destroyMethodName=null; defined in file [F:\iebm\workspace\alpha\branch\v1.0.3\alpha\alpha-self-diagnosis\target\classes\com\alpha\self\diagnosis\processor\WeightProcessor.class]] with [Generic bean: class [com.alpha.self.diagnosis.processor.WeightProcessor]; scope=singleton; abstract=false; lazyInit=false; autowireMode=0; dependencyCheck=0; autowireCandidate=true; primary=false; factoryBeanName=null; factoryMethodName=null; initMethodName=null; destroyMethodName=null; defined in file [F:\iebm\workspace\alpha\branch\v1.0.3\alpha\alpha-self-diagnosis\target\classes\com\alpha\self\diagnosis\processor\WeightProcessor.class]]
2017-12-19 09:00:40,706 INFO [com.alpha.self.diagnosis.processor.spring.BeanScannerConfigurer:32] 初始化 BasicAnswerProcessor 完成
2017-12-19 09:00:41,362 INFO [org.springframework.beans.factory.annotation.AutowiredAnnotationBeanPostProcessor:155] JSR-330 'javax.inject.Inject' annotation found and supported for autowiring
2017-12-19 09:00:41,811 INFO [org.springframework.context.support.PostProcessorRegistrationDelegate$BeanPostProcessorChecker:325] Bean 'org.springframework.transaction.annotation.ProxyTransactionManagementConfiguration' of type [org.springframework.transaction.annotation.ProxyTransactionManagementConfiguration$$EnhancerBySpringCGLIB$$61cb5f03] is not eligible for getting processed by all BeanPostProcessors (for example: not eligible for auto-proxying)
2017-12-19 09:00:42,316 INFO [org.springframework.context.support.PostProcessorRegistrationDelegate$BeanPostProcessorChecker:325] Bean 'org.springframework.cloud.autoconfigure.ConfigurationPropertiesRebinderAutoConfiguration' of type [org.springframework.cloud.autoconfigure.ConfigurationPropertiesRebinderAutoConfiguration$$EnhancerBySpringCGLIB$$7de56200] is not eligible for getting processed by all BeanPostProcessors (for example: not eligible for auto-proxying)
2017-12-19 09:00:44,027 INFO [org.springframework.boot.context.embedded.tomcat.TomcatEmbeddedServletContainer:89] Tomcat initialized with port(s): 19092 (http)
2017-12-19 09:00:44,044 INFO [org.apache.juli.logging.DirectJDKLog:179] Starting service [Tomcat]
2017-12-19 09:00:44,046 INFO [org.apache.juli.logging.DirectJDKLog:179] Starting Servlet Engine: Apache Tomcat/8.5.20
2017-12-19 09:00:44,446 INFO [org.apache.juli.logging.DirectJDKLog:179] Initializing Spring embedded WebApplicationContext
2017-12-19 09:00:44,447 INFO [org.springframework.boot.context.embedded.EmbeddedWebApplicationContext:276] Root WebApplicationContext: initialization completed in 11900 ms
2017-12-19 09:00:45,762 INFO [org.springframework.boot.web.servlet.ServletRegistrationBean:190] Mapping servlet: 'dispatcherServlet' to [/]
2017-12-19 09:00:45,765 INFO [org.springframework.boot.web.servlet.ServletRegistrationBean:190] Mapping servlet: 'com.alpha.commons.config.servlet.DruidStatViewServlet' to [/druid/*]
2017-12-19 09:00:45,781 INFO [org.springframework.boot.web.servlet.AbstractFilterRegistrationBean:258] Mapping filter: 'characterEncodingFilter' to: [/*]
2017-12-19 09:00:45,782 INFO [org.springframework.boot.web.servlet.AbstractFilterRegistrationBean:258] Mapping filter: 'hiddenHttpMethodFilter' to: [/*]
2017-12-19 09:00:45,782 INFO [org.springframework.boot.web.servlet.AbstractFilterRegistrationBean:258] Mapping filter: 'httpPutFormContentFilter' to: [/*]
2017-12-19 09:00:45,783 INFO [org.springframework.boot.web.servlet.AbstractFilterRegistrationBean:258] Mapping filter: 'requestContextFilter' to: [/*]
2017-12-19 09:00:45,783 INFO [org.springframework.boot.web.servlet.AbstractFilterRegistrationBean:271] Mapping filter: 'com.alpha.self.diagnosis.converter.ParamDecryptServletRequestFilter' to urls: [/*]
2017-12-19 09:00:45,784 INFO [org.springframework.boot.web.servlet.AbstractFilterRegistrationBean:271] Mapping filter: 'com.alpha.commons.config.filter.CorsFilter' to urls: [/*]
2017-12-19 09:00:45,784 INFO [org.springframework.boot.web.servlet.AbstractFilterRegistrationBean:271] Mapping filter: 'druidWebStatFilter' to urls: [/*]
2017-12-19 09:00:45,831 INFO [com.alpha.self.diagnosis.listener.DiagnosisContextListener:27] DiagnosisContextListener contextInitialized starting...
2017-12-19 09:00:45,845 INFO [com.alpha.self.diagnosis.processor.BasicAnswerProcessorAdaptor:154] 6 processor will be register.
2017-12-19 09:00:46,376 INFO [com.alpha.commons.config.DruidConfiguration$Druid:66] DruidConfiguration init completed................
2017-12-19 09:00:50,407 INFO [com.alpha.self.diagnosis.listener.DiagnosisContextListener:34] DiagnosisContextListener contextInitialized completed
2017-12-19 09:00:50,421 INFO [com.alpha.self.diagnosis.converter.ParamDecryptServletRequestFilter:33] 需要解密的参数字段 --> null
2017-12-19 09:00:54,467 WARN [com.netflix.config.sources.URLConfigurationSource:121] No URLs will be polled as dynamic configuration sources.
2017-12-19 09:00:54,468 INFO [com.netflix.config.sources.URLConfigurationSource:122] To enable URLs as dynamic configuration sources, define System property archaius.configurationSource.additionalUrls or make config.properties available on classpath.
2017-12-19 09:00:54,482 WARN [com.netflix.config.sources.URLConfigurationSource:121] No URLs will be polled as dynamic configuration sources.
2017-12-19 09:00:54,483 INFO [com.netflix.config.sources.URLConfigurationSource:122] To enable URLs as dynamic configuration sources, define System property archaius.configurationSource.additionalUrls or make config.properties available on classpath.
2017-12-19 09:00:56,347 INFO [org.springframework.web.servlet.mvc.method.annotation.RequestMappingHandlerAdapter:534] Looking for @ControllerAdvice: org.springframework.boot.context.embedded.AnnotationConfigEmbeddedWebApplicationContext@342493b3: startup date [Tue Dec 19 09:00:32 CST 2017]; parent: org.springframework.context.annotation.AnnotationConfigApplicationContext@521ffb63
2017-12-19 09:00:56,832 INFO [org.springframework.web.servlet.handler.AbstractHandlerMethodMapping$MappingRegistry:543] Mapped "{[/data/search/pastmedicalHistory],methods=[POST]}" onto public com.alpha.commons.web.ResponseMessage com.alpha.self.diagnosis.controller.DataSearchController.pastmedicalHistorySearch(com.alpha.self.diagnosis.pojo.vo.SearchRequestVo)
2017-12-19 09:00:56,835 INFO [org.springframework.web.servlet.handler.AbstractHandlerMethodMapping$MappingRegistry:543] Mapped "{[/data/search/allergicHistory],methods=[POST]}" onto public com.alpha.commons.web.ResponseMessage com.alpha.self.diagnosis.controller.DataSearchController.allergicHistorySearch(com.alpha.self.diagnosis.pojo.vo.SearchRequestVo)
2017-12-19 09:00:56,838 INFO [org.springframework.web.servlet.handler.AbstractHandlerMethodMapping$MappingRegistry:543] Mapped "{[/data/search/mainSymptom],methods=[POST]}" onto public com.alpha.commons.web.ResponseMessage com.alpha.self.diagnosis.controller.DataSearchController.mainSymptomSearch(java.lang.Long,java.lang.Integer,java.lang.String)
2017-12-19 09:00:56,840 INFO [org.springframework.web.servlet.handler.AbstractHandlerMethodMapping$MappingRegistry:543] Mapped "{[/data/search/concsymp],methods=[POST]}" onto public com.alpha.commons.web.ResponseMessage com.alpha.self.diagnosis.controller.DataSearchController.diagnosisStart(com.alpha.self.diagnosis.pojo.vo.SearchRequestVo)
2017-12-19 09:00:56,841 INFO [org.springframework.web.servlet.handler.AbstractHandlerMethodMapping$MappingRegistry:543] Mapped "{[/data/search/weight],methods=[POST]}" onto public com.alpha.commons.web.ResponseMessage com.alpha.self.diagnosis.controller.DataSearchController.weightSearch(com.alpha.user.pojo.vo.HisUserInfoVo)
2017-12-19 09:00:56,848 INFO [org.springframework.web.servlet.handler.AbstractHandlerMethodMapping$MappingRegistry:543] Mapped "{[/diagnosis/medicine/next],methods=[POST]}" onto public com.alpha.commons.web.ResponseMessage com.alpha.self.diagnosis.controller.DiagnosisController.diagnosisMedicineNext(java.lang.String)
2017-12-19 09:00:56,850 INFO [org.springframework.web.servlet.handler.AbstractHandlerMethodMapping$MappingRegistry:543] Mapped "{[/diagnosis/showResult],methods=[POST]}" onto public com.alpha.commons.web.ResponseMessage com.alpha.self.diagnosis.controller.DiagnosisController.showDiagnosisResult(com.alpha.self.diagnosis.pojo.vo.BasicRequestVo)
2017-12-19 09:00:56,851 INFO [org.springframework.web.servlet.handler.AbstractHandlerMethodMapping$MappingRegistry:543] Mapped "{[/diagnosis/queryMedicalRecord4His/{idcard}],methods=[POST]}" onto public com.alpha.commons.web.ResponseMessage com.alpha.self.diagnosis.controller.DiagnosisController.queryMedicalRecord4His(java.lang.String)
2017-12-19 09:00:56,852 INFO [org.springframework.web.servlet.handler.AbstractHandlerMethodMapping$MappingRegistry:543] Mapped "{[/diagnosis/queryBasicQuestion],methods=[POST]}" onto public com.alpha.commons.web.ResponseMessage com.alpha.self.diagnosis.controller.DiagnosisController.queryBasicQuestion(com.alpha.user.controller.req.vo.PatientInfo)
2017-12-19 09:00:56,852 INFO [org.springframework.web.servlet.handler.AbstractHandlerMethodMapping$MappingRegistry:543] Mapped "{[/diagnosis/outcome/get],methods=[POST]}" onto public com.alpha.commons.web.ResponseMessage com.alpha.self.diagnosis.controller.DiagnosisController.getOutcome(java.lang.Long)
2017-12-19 09:00:56,854 INFO [org.springframework.web.servlet.handler.AbstractHandlerMethodMapping$MappingRegistry:543] Mapped "{[/diagnosis/start],methods=[POST],consumes=[application/json || application/x-www-form-urlencoded]}" onto public com.alpha.commons.web.ResponseMessage com.alpha.self.diagnosis.controller.DiagnosisController.diagnosisStart(com.alpha.self.diagnosis.pojo.vo.DiagnosisStartReqeustVo)
2017-12-19 09:00:56,855 INFO [org.springframework.web.servlet.handler.AbstractHandlerMethodMapping$MappingRegistry:543] Mapped "{[/diagnosis/basic/next],methods=[POST]}" onto public com.alpha.commons.web.ResponseMessage com.alpha.self.diagnosis.controller.DiagnosisController.diagnosisNext(com.alpha.self.diagnosis.pojo.vo.QuestionRequestVo)
2017-12-19 09:00:56,857 INFO [org.springframework.web.servlet.handler.AbstractHandlerMethodMapping$MappingRegistry:543] Mapped "{[/diagnosis/outcome/confirm],methods=[POST]}" onto public com.alpha.commons.web.ResponseMessage com.alpha.self.diagnosis.controller.DiagnosisController.confirmOutcome(java.lang.Long,java.lang.String)
2017-12-19 09:00:56,857 INFO [org.springframework.web.servlet.handler.AbstractHandlerMethodMapping$MappingRegistry:543] Mapped "{[/diagnosis/diseaseHistory],methods=[POST]}" onto public com.alpha.commons.web.ResponseMessage com.alpha.self.diagnosis.controller.DiagnosisController.diseaseHistory(com.alpha.self.diagnosis.pojo.vo.DiseaseHistoryRequestVo)
2017-12-19 09:00:56,863 INFO [org.springframework.web.servlet.handler.AbstractHandlerMethodMapping$MappingRegistry:543] Mapped "{[/disease/treatmentadvice/query/{diseaseCode}],methods=[POST]}" onto public com.alpha.commons.web.ResponseMessage com.alpha.self.diagnosis.controller.DiseaseController.queryTreatmentAdvice(java.lang.String)
2017-12-19 09:00:56,864 INFO [org.springframework.web.servlet.handler.AbstractHandlerMethodMapping$MappingRegistry:543] Mapped "{[/disease/check/query/{diseaseCode}],methods=[POST]}" onto public com.alpha.commons.web.ResponseMessage com.alpha.self.diagnosis.controller.DiseaseController.queryDiseaseCheck(java.lang.String)
2017-12-19 09:00:56,865 INFO [org.springframework.web.servlet.handler.AbstractHandlerMethodMapping$MappingRegistry:543] Mapped "{[/disease/dept/query/{diseaseCode}],methods=[POST]}" onto public com.alpha.commons.web.ResponseMessage com.alpha.self.diagnosis.controller.DiseaseController.queryDepartment(java.lang.String)
2017-12-19 09:00:56,871 INFO [org.springframework.web.servlet.handler.AbstractHandlerMethodMapping$MappingRegistry:543] Mapped "{[/info],methods=[GET]}" onto public java.lang.String com.alpha.self.diagnosis.controller.MainController.test()
2017-12-19 09:00:56,872 INFO [org.springframework.web.servlet.handler.AbstractHandlerMethodMapping$MappingRegistry:543] Mapped "{[/getMedicalRecord],methods=[POST]}" onto public com.alpha.commons.web.ResponseMessage com.alpha.self.diagnosis.controller.MainController.getMedicalRecord()
2017-12-19 09:00:56,873 INFO [org.springframework.web.servlet.handler.AbstractHandlerMethodMapping$MappingRegistry:543] Mapped "{[/test/question],methods=[POST]}" onto public com.alpha.commons.web.ResponseMessage com.alpha.self.diagnosis.controller.MainController.medicineQuestion(java.lang.Integer)
2017-12-19 09:00:56,874 INFO [org.springframework.web.servlet.handler.AbstractHandlerMethodMapping$MappingRegistry:543] Mapped "{[/test/question2],methods=[POST],produces=[application/json;charset=UTF-8]}" onto public com.alpha.commons.web.ResponseMessage com.alpha.self.diagnosis.controller.MainController.medicineQuestion(java.lang.String,java.lang.String)
2017-12-19 09:00:56,877 INFO [org.springframework.web.servlet.handler.AbstractHandlerMethodMapping$MappingRegistry:543] Mapped "{[/treatscheme/get],methods=[POST]}" onto public com.alpha.commons.web.ResponseMessage com.alpha.self.diagnosis.controller.TreatSchemeController.treatScheme(com.alpha.self.diagnosis.pojo.vo.SearchRequestVo)
2017-12-19 09:00:56,878 INFO [org.springframework.web.servlet.handler.AbstractHandlerMethodMapping$MappingRegistry:543] Mapped "{[/treatscheme/diseaseList],methods=[POST]}" onto public com.alpha.commons.web.ResponseMessage com.alpha.self.diagnosis.controller.TreatSchemeController.diseaseList(com.alpha.self.diagnosis.pojo.vo.SearchRequestVo)
2017-12-19 09:00:56,883 INFO [org.springframework.web.servlet.handler.AbstractHandlerMethodMapping$MappingRegistry:543] Mapped "{[/feedback/put],methods=[POST]}" onto public com.alpha.commons.web.ResponseMessage com.alpha.user.controller.FeedBackController.authorization(com.alpha.server.rpc.user.pojo.UserFeedback)
2017-12-19 09:00:56,883 INFO [org.springframework.web.servlet.handler.AbstractHandlerMethodMapping$MappingRegistry:543] Mapped "{[/feedback/useful/query/{diagnosisId}],methods=[POST]}" onto public com.alpha.commons.web.ResponseMessage com.alpha.user.controller.FeedBackController.queryUseful(java.lang.Long)
2017-12-19 09:00:56,884 INFO [org.springframework.web.servlet.handler.AbstractHandlerMethodMapping$MappingRegistry:543] Mapped "{[/feedback/items/query],methods=[POST]}" onto public com.alpha.commons.web.ResponseMessage com.alpha.user.controller.FeedBackController.queryItems()
2017-12-19 09:00:56,887 INFO [org.springframework.web.servlet.handler.AbstractHandlerMethodMapping$MappingRegistry:543] Mapped "{[/user/query],methods=[POST]}" onto public com.alpha.commons.web.ResponseMessage com.alpha.user.controller.UserController.query(com.alpha.user.pojo.vo.HisUserInfoVo)
2017-12-19 09:00:56,888 INFO [org.springframework.web.servlet.handler.AbstractHandlerMethodMapping$MappingRegistry:543] Mapped "{[/user/auth],methods=[POST]}" onto public com.alpha.commons.web.ResponseMessage com.alpha.user.controller.UserController.authorization(java.lang.String,java.lang.Integer,java.lang.Integer)
2017-12-19 09:00:56,889 INFO [org.springframework.web.servlet.handler.AbstractHandlerMethodMapping$MappingRegistry:543] Mapped "{[/user/save],methods=[POST]}" onto public com.alpha.commons.web.ResponseMessage com.alpha.user.controller.UserController.saveUserInfo(java.lang.String)
2017-12-19 09:00:56,894 INFO [org.springframework.web.servlet.handler.AbstractHandlerMethodMapping$MappingRegistry:543] Mapped "{[/error]}" onto public org.springframework.http.ResponseEntity<java.util.Map<java.lang.String, java.lang.Object>> org.springframework.boot.autoconfigure.web.BasicErrorController.error(javax.servlet.http.HttpServletRequest)
2017-12-19 09:00:56,895 INFO [org.springframework.web.servlet.handler.AbstractHandlerMethodMapping$MappingRegistry:543] Mapped "{[/error],produces=[text/html]}" onto public org.springframework.web.servlet.ModelAndView org.springframework.boot.autoconfigure.web.BasicErrorController.errorHtml(javax.servlet.http.HttpServletRequest,javax.servlet.http.HttpServletResponse)
2017-12-19 09:00:57,482 INFO [org.springframework.web.servlet.handler.AbstractUrlHandlerMapping:362] Mapped URL path [/webjars/**] onto handler of type [class org.springframework.web.servlet.resource.ResourceHttpRequestHandler]
2017-12-19 09:00:57,482 INFO [org.springframework.web.servlet.handler.AbstractUrlHandlerMapping:362] Mapped URL path [/**] onto handler of type [class org.springframework.web.servlet.resource.ResourceHttpRequestHandler]
2017-12-19 09:00:57,609 INFO [org.springframework.web.servlet.mvc.method.annotation.ExceptionHandlerExceptionResolver:273] Detected @ExceptionHandler methods in controllerEnhancerment
2017-12-19 09:00:57,909 INFO [org.springframework.web.servlet.handler.AbstractUrlHandlerMapping:362] Mapped URL path [/**/favicon.ico] onto handler of type [class org.springframework.web.servlet.resource.ResourceHttpRequestHandler]
2017-12-19 09:01:03,212 INFO [org.springframework.boot.devtools.autoconfigure.OptionalLiveReloadServer:58] LiveReload server is running on port 35729
2017-12-19 09:01:05,580 INFO [org.springframework.jmx.export.MBeanExporter:431] Registering beans for JMX exposure on startup
2017-12-19 09:01:05,591 INFO [org.springframework.jmx.export.MBeanExporter:916] Bean with name 'dataSource' has been autodetected for JMX exposure
2017-12-19 09:01:05,645 INFO [org.springframework.jmx.export.MBeanExporter:916] Bean with name 'environmentManager' has been autodetected for JMX exposure
2017-12-19 09:01:05,649 INFO [org.springframework.jmx.export.MBeanExporter:916] Bean with name 'configurationPropertiesRebinder' has been autodetected for JMX exposure
2017-12-19 09:01:05,654 INFO [org.springframework.jmx.export.MBeanExporter:916] Bean with name 'refreshScope' has been autodetected for JMX exposure
2017-12-19 09:01:05,664 INFO [org.springframework.jmx.export.MBeanExporter:678] Located managed bean 'environmentManager': registering with JMX server as MBean [org.springframework.cloud.context.environment:name=environmentManager,type=EnvironmentManager]
2017-12-19 09:01:05,732 INFO [org.springframework.jmx.export.MBeanExporter:678] Located managed bean 'refreshScope': registering with JMX server as MBean [org.springframework.cloud.context.scope.refresh:name=refreshScope,type=RefreshScope]
2017-12-19 09:01:05,866 INFO [org.springframework.jmx.export.MBeanExporter:678] Located managed bean 'configurationPropertiesRebinder': registering with JMX server as MBean [org.springframework.cloud.context.properties:name=configurationPropertiesRebinder,context=342493b3,type=ConfigurationPropertiesRebinder]
2017-12-19 09:01:05,899 INFO [org.springframework.jmx.export.MBeanExporter:671] Located MBean 'dataSource': registering with JMX server as MBean [com.alibaba.druid.pool:name=dataSource,type=DruidDataSource]
2017-12-19 09:01:06,288 INFO [org.springframework.context.support.DefaultLifecycleProcessor$LifecycleGroup:343] Starting beans in phase 0
2017-12-19 09:01:06,308 INFO [org.springframework.cloud.netflix.eureka.InstanceInfoFactory:70] Setting initial instance status as: STARTING
2017-12-19 09:01:06,458 INFO [com.netflix.discovery.DiscoveryClient:344] Initializing Eureka in region us-east-1
2017-12-19 09:01:07,025 INFO [com.netflix.discovery.provider.DiscoveryJerseyProvider:70] Using JSON encoding codec LegacyJacksonJson
2017-12-19 09:01:07,026 INFO [com.netflix.discovery.provider.DiscoveryJerseyProvider:71] Using JSON decoding codec LegacyJacksonJson
2017-12-19 09:01:07,364 INFO [com.netflix.discovery.provider.DiscoveryJerseyProvider:80] Using XML encoding codec XStreamXml
2017-12-19 09:01:07,364 INFO [com.netflix.discovery.provider.DiscoveryJerseyProvider:81] Using XML decoding codec XStreamXml
2017-12-19 09:01:08,753 INFO [com.netflix.discovery.shared.resolver.aws.ConfigClusterResolver:43] Resolving eureka endpoints via configuration
2017-12-19 09:01:08,884 INFO [com.netflix.discovery.DiscoveryClient:920] Disable delta property : false
2017-12-19 09:01:08,886 INFO [com.netflix.discovery.DiscoveryClient:921] Single vip registry refresh property : null
2017-12-19 09:01:08,888 INFO [com.netflix.discovery.DiscoveryClient:922] Force full registry fetch : false
2017-12-19 09:01:08,889 INFO [com.netflix.discovery.DiscoveryClient:923] Application is null : false
2017-12-19 09:01:08,890 INFO [com.netflix.discovery.DiscoveryClient:924] Registered Applications size is zero : true
2017-12-19 09:01:08,891 INFO [com.netflix.discovery.DiscoveryClient:926] Application version is -1: true
2017-12-19 09:01:08,891 INFO [com.netflix.discovery.DiscoveryClient:1009] Getting all instance registry info from the eureka server
2017-12-19 09:01:09,254 INFO [com.netflix.discovery.DiscoveryClient:1018] The response status is 200
2017-12-19 09:01:09,257 INFO [com.netflix.discovery.DiscoveryClient:1244] Starting heartbeat executor: renew interval is: 5
2017-12-19 09:01:09,270 INFO [com.netflix.discovery.InstanceInfoReplicator:59] InstanceInfoReplicator onDemand update allowed rate per min is 4
2017-12-19 09:01:09,281 INFO [com.netflix.discovery.DiscoveryClient:425] Discovery Client initialized at timestamp 1513645269281 with initial instances count: 0
2017-12-19 09:01:09,644 INFO [org.springframework.cloud.netflix.eureka.serviceregistry.EurekaServiceRegistry:40] Registering application alpha-self-diagnosis with eureka with status UP
2017-12-19 09:01:09,647 INFO [com.netflix.discovery.DiscoveryClient$3:1279] Saw local status change event StatusChangeEvent [timestamp=1513645269647, current=UP, previous=STARTING]
2017-12-19 09:01:09,694 INFO [org.apache.juli.logging.DirectJDKLog:179] Initializing ProtocolHandler ["http-nio-19092"]
2017-12-19 09:01:09,750 INFO [org.apache.juli.logging.DirectJDKLog:179] Starting ProtocolHandler ["http-nio-19092"]
2017-12-19 09:01:09,777 INFO [org.apache.juli.logging.DirectJDKLog:179] Using a shared selector for servlet write/read
2017-12-19 09:01:09,795 INFO [com.netflix.discovery.DiscoveryClient:795] DiscoveryClient_ALPHA-SELF-DIAGNOSIS/PC-20160606PUVI:alpha-self-diagnosis:19092: registering service...
2017-12-19 09:01:09,890 INFO [org.springframework.boot.context.embedded.tomcat.TomcatEmbeddedServletContainer:201] Tomcat started on port(s): 19092 (http)
2017-12-19 09:01:09,892 INFO [org.springframework.cloud.netflix.eureka.serviceregistry.EurekaAutoServiceRegistration:117] Updating port to 19092
2017-12-19 09:01:09,903 INFO [org.springframework.boot.StartupInfoLogger:57] Started AlphaApplication in 40.895 seconds (JVM running for 42.374)
2017-12-19 09:01:10,352 INFO [com.netflix.discovery.DiscoveryClient:804] DiscoveryClient_ALPHA-SELF-DIAGNOSIS/PC-20160606PUVI:alpha-self-diagnosis:19092 - registration status: 204
2017-12-19 09:01:14,258 INFO [com.netflix.discovery.DiscoveryClient:920] Disable delta property : false
2017-12-19 09:01:14,260 INFO [com.netflix.discovery.DiscoveryClient:921] Single vip registry refresh property : null
2017-12-19 09:01:14,261 INFO [com.netflix.discovery.DiscoveryClient:922] Force full registry fetch : false
2017-12-19 09:01:14,262 INFO [com.netflix.discovery.DiscoveryClient:923] Application is null : false
2017-12-19 09:01:14,262 INFO [com.netflix.discovery.DiscoveryClient:924] Registered Applications size is zero : true
2017-12-19 09:01:14,263 INFO [com.netflix.discovery.DiscoveryClient:926] Application version is -1: false
2017-12-19 09:01:14,263 INFO [com.netflix.discovery.DiscoveryClient:1009] Getting all instance registry info from the eureka server
2017-12-19 09:01:14,272 INFO [com.netflix.discovery.DiscoveryClient:1018] The response status is 200
2017-12-19 09:01:19,278 INFO [com.netflix.discovery.DiscoveryClient:920] Disable delta property : false
2017-12-19 09:01:19,279 INFO [com.netflix.discovery.DiscoveryClient:921] Single vip registry refresh property : null
2017-12-19 09:01:19,279 INFO [com.netflix.discovery.DiscoveryClient:922] Force full registry fetch : false
2017-12-19 09:01:19,279 INFO [com.netflix.discovery.DiscoveryClient:923] Application is null : false
2017-12-19 09:01:19,280 INFO [com.netflix.discovery.DiscoveryClient:924] Registered Applications size is zero : true
2017-12-19 09:01:19,280 INFO [com.netflix.discovery.DiscoveryClient:926] Application version is -1: false
2017-12-19 09:01:19,280 INFO [com.netflix.discovery.DiscoveryClient:1009] Getting all instance registry info from the eureka server
2017-12-19 09:01:19,287 INFO [com.netflix.discovery.DiscoveryClient:1018] The response status is 200
2017-12-19 09:01:24,290 INFO [com.netflix.discovery.DiscoveryClient:920] Disable delta property : false
2017-12-19 09:01:24,291 INFO [com.netflix.discovery.DiscoveryClient:921] Single vip registry refresh property : null
2017-12-19 09:01:24,291 INFO [com.netflix.discovery.DiscoveryClient:922] Force full registry fetch : false
2017-12-19 09:01:24,291 INFO [com.netflix.discovery.DiscoveryClient:923] Application is null : false
2017-12-19 09:01:24,292 INFO [com.netflix.discovery.DiscoveryClient:924] Registered Applications size is zero : true
2017-12-19 09:01:24,292 INFO [com.netflix.discovery.DiscoveryClient:926] Application version is -1: false
2017-12-19 09:01:24,292 INFO [com.netflix.discovery.DiscoveryClient:1009] Getting all instance registry info from the eureka server
2017-12-19 09:01:24,297 INFO [com.netflix.discovery.DiscoveryClient:1018] The response status is 200
2017-12-19 09:01:28,348 INFO [org.apache.juli.logging.DirectJDKLog:179] Initializing Spring FrameworkServlet 'dispatcherServlet'
2017-12-19 09:01:28,349 INFO [org.springframework.web.servlet.FrameworkServlet:489] FrameworkServlet 'dispatcherServlet': initialization started
2017-12-19 09:01:28,581 INFO [org.springframework.web.servlet.FrameworkServlet:508] FrameworkServlet 'dispatcherServlet': initialization completed in 232 ms
2017-12-19 09:01:28,810 INFO [com.alpha.self.diagnosis.controller.DiagnosisController:133] 循环获取下一个问题: {"answers":[{"answerTitle":"20次","content":"20次"}],"diagnosisId":3856,"inType":1,"questionCode":"3320","sympCode":"54","type":101,"userId":"1012"}
2017-12-19 09:01:29,031 INFO [com.alibaba.druid.pool.DruidDataSource:715] {dataSource-1} inited
2017-12-19 09:01:29,328 INFO [com.netflix.discovery.DiscoveryClient:920] Disable delta property : false
2017-12-19 09:01:29,353 INFO [com.netflix.discovery.DiscoveryClient:921] Single vip registry refresh property : null
2017-12-19 09:01:29,353 INFO [com.netflix.discovery.DiscoveryClient:922] Force full registry fetch : false
2017-12-19 09:01:29,354 INFO [com.netflix.discovery.DiscoveryClient:923] Application is null : false
2017-12-19 09:01:29,356 INFO [com.netflix.discovery.DiscoveryClient:924] Registered Applications size is zero : true
2017-12-19 09:01:29,356 INFO [com.netflix.discovery.DiscoveryClient:926] Application version is -1: false
2017-12-19 09:01:29,356 INFO [com.netflix.discovery.DiscoveryClient:1009] Getting all instance registry info from the eureka server
2017-12-19 09:01:29,374 INFO [com.netflix.discovery.DiscoveryClient:1018] The response status is 200
2017-12-19 09:01:34,454 INFO [com.netflix.discovery.DiscoveryClient:920] Disable delta property : false
2017-12-19 09:01:34,455 INFO [com.netflix.discovery.DiscoveryClient:921] Single vip registry refresh property : null
2017-12-19 09:01:34,455 INFO [com.netflix.discovery.DiscoveryClient:922] Force full registry fetch : false
2017-12-19 09:01:34,456 INFO [com.netflix.discovery.DiscoveryClient:923] Application is null : false
2017-12-19 09:01:34,456 INFO [com.netflix.discovery.DiscoveryClient:924] Registered Applications size is zero : true
2017-12-19 09:01:34,457 INFO [com.netflix.discovery.DiscoveryClient:926] Application version is -1: false
2017-12-19 09:01:34,457 INFO [com.netflix.discovery.DiscoveryClient:1009] Getting all instance registry info from the eureka server
2017-12-19 09:01:34,591 INFO [com.netflix.discovery.DiscoveryClient:1018] The response status is 200
2017-12-19 09:01:35,308 INFO [com.alpha.self.diagnosis.utils.MedicineSortUtil:33] 首选疾病：白念珠菌肠炎
2017-12-19 09:01:50,971 INFO [com.alpha.self.diagnosis.service.impl.MedicineQuestionServiceImpl:604] 问题${3320}已回答的答案为20次,标准值为:20.0
2017-12-19 09:01:50,972 INFO [com.alpha.self.diagnosis.service.impl.MedicineQuestionServiceImpl:604] 问题${3319}已回答的答案为3天,标准值为:3.0
2017-12-19 09:01:50,973 INFO [com.alpha.self.diagnosis.service.impl.MedicineQuestionServiceImpl:608] 答案(14517)计算公式为:20.0/3.0<=3
2017-12-19 09:01:51,098 INFO [com.alpha.self.diagnosis.service.impl.MedicineQuestionServiceImpl:604] 问题${3320}已回答的答案为20次,标准值为:20.0
2017-12-19 09:01:51,099 INFO [com.alpha.self.diagnosis.service.impl.MedicineQuestionServiceImpl:604] 问题${3319}已回答的答案为3天,标准值为:3.0
2017-12-19 09:01:51,099 INFO [com.alpha.self.diagnosis.service.impl.MedicineQuestionServiceImpl:608] 答案(14516)计算公式为:20.0/3.0>3
2017-12-19 09:01:58,596 INFO [com.alpha.self.diagnosis.utils.MedicineSortUtil:33] 首选疾病：白念珠菌肠炎
2017-12-19 09:02:56,264 INFO [org.springframework.context.support.AbstractApplicationContext:984] Closing org.springframework.context.annotation.AnnotationConfigApplicationContext@521ffb63: startup date [Tue Dec 19 09:00:30 CST 2017]; root of context hierarchy
2017-12-19 09:02:56,268 INFO [org.springframework.context.support.AbstractApplicationContext:984] Closing org.springframework.boot.context.embedded.AnnotationConfigEmbeddedWebApplicationContext@342493b3: startup date [Tue Dec 19 09:00:32 CST 2017]; parent: org.springframework.context.annotation.AnnotationConfigApplicationContext@521ffb63
2017-12-19 09:02:56,269 INFO [org.springframework.cloud.netflix.eureka.serviceregistry.EurekaServiceRegistry:64] Unregistering application alpha-self-diagnosis with eureka with status DOWN
2017-12-19 09:02:56,270 WARN [com.netflix.discovery.DiscoveryClient$3:1277] Saw local status change event StatusChangeEvent [timestamp=1513645376270, current=DOWN, previous=UP]
2017-12-19 09:02:56,271 INFO [com.netflix.discovery.DiscoveryClient:852] Shutting down DiscoveryClient ...
2017-12-19 09:02:56,271 INFO [com.netflix.discovery.DiscoveryClient:884] Unregistering ...
2017-12-19 09:02:56,279 INFO [com.netflix.discovery.DiscoveryClient:886] DiscoveryClient_ALPHA-SELF-DIAGNOSIS/PC-20160606PUVI:alpha-self-diagnosis:19092 - deregister  status: 200
2017-12-19 09:02:56,292 INFO [com.netflix.discovery.DiscoveryClient:873] Completed shut down of DiscoveryClient
2017-12-19 09:02:56,295 INFO [org.springframework.context.support.DefaultLifecycleProcessor$LifecycleGroup:358] Stopping beans in phase 0
2017-12-19 09:02:56,296 INFO [org.springframework.jmx.export.MBeanExporter:449] Unregistering JMX-exposed beans on shutdown
2017-12-19 09:02:56,298 INFO [org.springframework.jmx.support.MBeanRegistrationSupport:241] Unregistering JMX-exposed beans
2017-12-19 09:02:56,358 WARN [com.netflix.config.sources.URLConfigurationSource:121] No URLs will be polled as dynamic configuration sources.
2017-12-19 09:02:56,359 INFO [com.netflix.config.sources.URLConfigurationSource:122] To enable URLs as dynamic configuration sources, define System property archaius.configurationSource.additionalUrls or make config.properties available on classpath.
2017-12-19 09:02:56,378 INFO [com.alibaba.druid.pool.DruidDataSource:1444] {dataSource-1} closed
2017-12-19 09:02:57,038 INFO [com.alpha.self.diagnosis.AlphaApplication:39] SpringApplicationBuilder run .... 
