2018-01-06 14:00:00,033 INFO [org.springframework.boot.web.servlet.ServletRegistrationBean:190] Mapping servlet: 'dispatcherServlet' to [/]
2018-01-06 14:00:00,048 INFO [org.springframework.boot.web.servlet.ServletRegistrationBean:190] Mapping servlet: 'com.alpha.commons.config.servlet.DruidStatViewServlet' to [/druid/*]
2018-01-06 14:00:00,078 INFO [org.springframework.boot.web.servlet.AbstractFilterRegistrationBean:258] Mapping filter: 'characterEncodingFilter' to: [/*]
2018-01-06 14:00:00,079 INFO [org.springframework.boot.web.servlet.AbstractFilterRegistrationBean:258] Mapping filter: 'hiddenHttpMethodFilter' to: [/*]
2018-01-06 14:00:00,080 INFO [org.springframework.boot.web.servlet.AbstractFilterRegistrationBean:258] Mapping filter: 'httpPutFormContentFilter' to: [/*]
2018-01-06 14:00:00,080 INFO [org.springframework.boot.web.servlet.AbstractFilterRegistrationBean:258] Mapping filter: 'requestContextFilter' to: [/*]
2018-01-06 14:00:00,081 INFO [org.springframework.boot.web.servlet.AbstractFilterRegistrationBean:271] Mapping filter: 'com.alpha.self.diagnosis.converter.ParamDecryptServletRequestFilter' to urls: [/*]
2018-01-06 14:00:00,081 INFO [org.springframework.boot.web.servlet.AbstractFilterRegistrationBean:271] Mapping filter: 'com.alpha.commons.config.filter.CorsFilter' to urls: [/*]
2018-01-06 14:00:00,082 INFO [org.springframework.boot.web.servlet.AbstractFilterRegistrationBean:271] Mapping filter: 'druidWebStatFilter' to urls: [/*]
2018-01-06 14:00:00,218 INFO [com.alpha.self.diagnosis.listener.DiagnosisContextListener:27] DiagnosisContextListener contextInitialized starting...
2018-01-06 14:00:00,241 INFO [com.alpha.self.diagnosis.processor.BasicAnswerProcessorAdaptor:154] 6 processor will be register.
2018-01-06 14:00:01,269 INFO [com.alpha.commons.config.DruidConfiguration$Druid:66] DruidConfiguration init completed................
2018-01-06 14:00:08,676 INFO [com.alpha.self.diagnosis.listener.DiagnosisContextListener:34] DiagnosisContextListener contextInitialized completed
2018-01-06 14:00:08,733 INFO [com.alpha.self.diagnosis.converter.ParamDecryptServletRequestFilter:33] 需要解密的参数字段 --> null
2018-01-06 14:00:15,414 WARN [com.netflix.config.sources.URLConfigurationSource:121] No URLs will be polled as dynamic configuration sources.
2018-01-06 14:00:15,416 INFO [com.netflix.config.sources.URLConfigurationSource:122] To enable URLs as dynamic configuration sources, define System property archaius.configurationSource.additionalUrls or make config.properties available on classpath.
2018-01-06 14:00:15,436 WARN [com.netflix.config.sources.URLConfigurationSource:121] No URLs will be polled as dynamic configuration sources.
2018-01-06 14:00:15,437 INFO [com.netflix.config.sources.URLConfigurationSource:122] To enable URLs as dynamic configuration sources, define System property archaius.configurationSource.additionalUrls or make config.properties available on classpath.
2018-01-06 14:00:18,162 INFO [org.springframework.web.servlet.mvc.method.annotation.RequestMappingHandlerAdapter:534] Looking for @ControllerAdvice: org.springframework.boot.context.embedded.AnnotationConfigEmbeddedWebApplicationContext@390124ce: startup date [Sat Jan 06 13:59:42 CST 2018]; parent: org.springframework.context.annotation.AnnotationConfigApplicationContext@60765981
2018-01-06 14:00:18,699 INFO [org.springframework.web.servlet.handler.AbstractHandlerMethodMapping$MappingRegistry:543] Mapped "{[/data/search/pastmedicalHistory],methods=[POST]}" onto public com.alpha.commons.web.ResponseMessage com.alpha.self.diagnosis.controller.DataSearchController.pastmedicalHistorySearch(com.alpha.self.diagnosis.pojo.vo.SearchRequestVo)
2018-01-06 14:00:18,702 INFO [org.springframework.web.servlet.handler.AbstractHandlerMethodMapping$MappingRegistry:543] Mapped "{[/data/search/allergicHistory],methods=[POST]}" onto public com.alpha.commons.web.ResponseMessage com.alpha.self.diagnosis.controller.DataSearchController.allergicHistorySearch(com.alpha.self.diagnosis.pojo.vo.SearchRequestVo)
2018-01-06 14:00:18,704 INFO [org.springframework.web.servlet.handler.AbstractHandlerMethodMapping$MappingRegistry:543] Mapped "{[/data/search/mainSymptom],methods=[POST]}" onto public com.alpha.commons.web.ResponseMessage com.alpha.self.diagnosis.controller.DataSearchController.mainSymptomSearch(java.lang.Long,java.lang.Integer,java.lang.String)
2018-01-06 14:00:18,705 INFO [org.springframework.web.servlet.handler.AbstractHandlerMethodMapping$MappingRegistry:543] Mapped "{[/data/search/concsymp],methods=[POST]}" onto public com.alpha.commons.web.ResponseMessage com.alpha.self.diagnosis.controller.DataSearchController.diagnosisStart(com.alpha.self.diagnosis.pojo.vo.SearchRequestVo)
2018-01-06 14:00:18,706 INFO [org.springframework.web.servlet.handler.AbstractHandlerMethodMapping$MappingRegistry:543] Mapped "{[/data/search/weight],methods=[POST]}" onto public com.alpha.commons.web.ResponseMessage com.alpha.self.diagnosis.controller.DataSearchController.weightSearch(com.alpha.user.pojo.vo.HisUserInfoVo)
2018-01-06 14:00:18,718 INFO [org.springframework.web.servlet.handler.AbstractHandlerMethodMapping$MappingRegistry:543] Mapped "{[/diagnosis/outcome/get],methods=[POST]}" onto public com.alpha.commons.web.ResponseMessage com.alpha.self.diagnosis.controller.DiagnosisController.getOutcome(java.lang.Long)
2018-01-06 14:00:18,719 INFO [org.springframework.web.servlet.handler.AbstractHandlerMethodMapping$MappingRegistry:543] Mapped "{[/diagnosis/medicine/next],methods=[POST]}" onto public com.alpha.commons.web.ResponseMessage com.alpha.self.diagnosis.controller.DiagnosisController.diagnosisMedicineNext(java.lang.String)
2018-01-06 14:00:18,722 INFO [org.springframework.web.servlet.handler.AbstractHandlerMethodMapping$MappingRegistry:543] Mapped "{[/diagnosis/drug/query],methods=[POST]}" onto public com.alpha.commons.web.ResponseMessage com.alpha.self.diagnosis.controller.DiagnosisController.diagnosisDrugQuery(java.lang.String)
2018-01-06 14:00:18,723 INFO [org.springframework.web.servlet.handler.AbstractHandlerMethodMapping$MappingRegistry:543] Mapped "{[/diagnosis/showResult],methods=[POST]}" onto public com.alpha.commons.web.ResponseMessage com.alpha.self.diagnosis.controller.DiagnosisController.showDiagnosisResult(com.alpha.self.diagnosis.pojo.vo.BasicRequestVo)
2018-01-06 14:00:18,725 INFO [org.springframework.web.servlet.handler.AbstractHandlerMethodMapping$MappingRegistry:543] Mapped "{[/diagnosis/queryMedicalRecord4His/{idcard}],methods=[POST]}" onto public com.alpha.commons.web.ResponseMessage com.alpha.self.diagnosis.controller.DiagnosisController.queryMedicalRecord4His(java.lang.String)
2018-01-06 14:00:18,726 INFO [org.springframework.web.servlet.handler.AbstractHandlerMethodMapping$MappingRegistry:543] Mapped "{[/diagnosis/result/confirm],methods=[POST]}" onto public com.alpha.commons.web.ResponseMessage com.alpha.self.diagnosis.controller.DiagnosisController.confirmDiagnosisResult(java.lang.String,java.lang.Long)
2018-01-06 14:00:18,728 INFO [org.springframework.web.servlet.handler.AbstractHandlerMethodMapping$MappingRegistry:543] Mapped "{[/diagnosis/queryBasicQuestion],methods=[POST]}" onto public com.alpha.commons.web.ResponseMessage com.alpha.self.diagnosis.controller.DiagnosisController.queryBasicQuestion(com.alpha.user.controller.req.vo.PatientInfo)
2018-01-06 14:00:18,732 INFO [org.springframework.web.servlet.handler.AbstractHandlerMethodMapping$MappingRegistry:543] Mapped "{[/diagnosis/start],methods=[POST],consumes=[application/json || application/x-www-form-urlencoded]}" onto public com.alpha.commons.web.ResponseMessage com.alpha.self.diagnosis.controller.DiagnosisController.diagnosisStart(com.alpha.self.diagnosis.pojo.vo.DiagnosisStartReqeustVo)
2018-01-06 14:00:18,734 INFO [org.springframework.web.servlet.handler.AbstractHandlerMethodMapping$MappingRegistry:543] Mapped "{[/diagnosis/basic/next],methods=[POST]}" onto public com.alpha.commons.web.ResponseMessage com.alpha.self.diagnosis.controller.DiagnosisController.diagnosisNext(com.alpha.self.diagnosis.pojo.vo.QuestionRequestVo)
2018-01-06 14:00:18,735 INFO [org.springframework.web.servlet.handler.AbstractHandlerMethodMapping$MappingRegistry:543] Mapped "{[/diagnosis/outcome/confirm],methods=[POST]}" onto public com.alpha.commons.web.ResponseMessage com.alpha.self.diagnosis.controller.DiagnosisController.confirmOutcome(java.lang.Long,java.lang.String)
2018-01-06 14:00:18,736 INFO [org.springframework.web.servlet.handler.AbstractHandlerMethodMapping$MappingRegistry:543] Mapped "{[/diagnosis/diseaseHistory],methods=[POST]}" onto public com.alpha.commons.web.ResponseMessage com.alpha.self.diagnosis.controller.DiagnosisController.diseaseHistory(com.alpha.self.diagnosis.pojo.vo.DiseaseHistoryRequestVo)
2018-01-06 14:00:18,747 INFO [org.springframework.web.servlet.handler.AbstractHandlerMethodMapping$MappingRegistry:543] Mapped "{[/disease/treatmentadvice/query/{diseaseCode}],methods=[POST]}" onto public com.alpha.commons.web.ResponseMessage com.alpha.self.diagnosis.controller.DiseaseController.queryTreatmentAdvice(java.lang.String)
2018-01-06 14:00:18,748 INFO [org.springframework.web.servlet.handler.AbstractHandlerMethodMapping$MappingRegistry:543] Mapped "{[/disease/check/query/{diseaseCode}],methods=[POST]}" onto public com.alpha.commons.web.ResponseMessage com.alpha.self.diagnosis.controller.DiseaseController.queryDiseaseCheck(java.lang.String)
2018-01-06 14:00:18,749 INFO [org.springframework.web.servlet.handler.AbstractHandlerMethodMapping$MappingRegistry:543] Mapped "{[/disease/dept/query/{diseaseCode}],methods=[POST]}" onto public com.alpha.commons.web.ResponseMessage com.alpha.self.diagnosis.controller.DiseaseController.queryDepartment(java.lang.String)
2018-01-06 14:00:18,756 INFO [org.springframework.web.servlet.handler.AbstractHandlerMethodMapping$MappingRegistry:543] Mapped "{[/info],methods=[GET]}" onto public java.lang.String com.alpha.self.diagnosis.controller.MainController.test()
2018-01-06 14:00:18,757 INFO [org.springframework.web.servlet.handler.AbstractHandlerMethodMapping$MappingRegistry:543] Mapped "{[/getMedicalRecord],methods=[POST]}" onto public com.alpha.commons.web.ResponseMessage com.alpha.self.diagnosis.controller.MainController.getMedicalRecord()
2018-01-06 14:00:18,758 INFO [org.springframework.web.servlet.handler.AbstractHandlerMethodMapping$MappingRegistry:543] Mapped "{[/test/question],methods=[POST]}" onto public com.alpha.commons.web.ResponseMessage com.alpha.self.diagnosis.controller.MainController.medicineQuestion(java.lang.Integer)
2018-01-06 14:00:18,759 INFO [org.springframework.web.servlet.handler.AbstractHandlerMethodMapping$MappingRegistry:543] Mapped "{[/test/question2],methods=[POST],produces=[application/json;charset=UTF-8]}" onto public com.alpha.commons.web.ResponseMessage com.alpha.self.diagnosis.controller.MainController.medicineQuestion(java.lang.String,java.lang.String)
2018-01-06 14:00:18,761 INFO [org.springframework.web.servlet.handler.AbstractHandlerMethodMapping$MappingRegistry:543] Mapped "{[/treatscheme/get],methods=[POST]}" onto public com.alpha.commons.web.ResponseMessage com.alpha.self.diagnosis.controller.TreatSchemeController.treatScheme(com.alpha.self.diagnosis.pojo.vo.SearchRequestVo)
2018-01-06 14:00:18,762 INFO [org.springframework.web.servlet.handler.AbstractHandlerMethodMapping$MappingRegistry:543] Mapped "{[/treatscheme/diseaseList],methods=[POST]}" onto public com.alpha.commons.web.ResponseMessage com.alpha.self.diagnosis.controller.TreatSchemeController.diseaseList(com.alpha.self.diagnosis.pojo.vo.SearchRequestVo)
2018-01-06 14:00:18,772 INFO [org.springframework.web.servlet.handler.AbstractHandlerMethodMapping$MappingRegistry:543] Mapped "{[/wechar/user/register],methods=[POST]}" onto public com.alpha.commons.web.ResponseMessage com.alpha.self.diagnosis.controller.WeCharController.register(java.lang.String)
2018-01-06 14:00:18,773 INFO [org.springframework.web.servlet.handler.AbstractHandlerMethodMapping$MappingRegistry:543] Mapped "{[/wechar/diagnosisRecord/list],methods=[POST]}" onto public com.alpha.commons.web.ResponseMessage com.alpha.self.diagnosis.controller.WeCharController.getUserDiagnosisRecord(java.lang.Long)
2018-01-06 14:00:18,774 INFO [org.springframework.web.servlet.handler.AbstractHandlerMethodMapping$MappingRegistry:543] Mapped "{[/wechar/member/healthFile],methods=[POST]}" onto public com.alpha.commons.web.ResponseMessage com.alpha.self.diagnosis.controller.WeCharController.memberHealthFiles(java.lang.String)
2018-01-06 14:00:18,775 INFO [org.springframework.web.servlet.handler.AbstractHandlerMethodMapping$MappingRegistry:543] Mapped "{[/wechar/member/list],methods=[POST]}" onto public com.alpha.commons.web.ResponseMessage com.alpha.self.diagnosis.controller.WeCharController.memberList(java.lang.String)
2018-01-06 14:00:18,776 INFO [org.springframework.web.servlet.handler.AbstractHandlerMethodMapping$MappingRegistry:543] Mapped "{[/wechar/disease/treatschema/show],methods=[POST]}" onto public com.alpha.commons.web.ResponseMessage com.alpha.self.diagnosis.controller.WeCharController.diseaseTreatSchema(java.lang.String)
2018-01-06 14:00:18,777 INFO [org.springframework.web.servlet.handler.AbstractHandlerMethodMapping$MappingRegistry:543] Mapped "{[/wechar/drug/list],methods=[POST]}" onto public com.alpha.commons.web.ResponseMessage com.alpha.self.diagnosis.controller.WeCharController.drugList(java.lang.String)
2018-01-06 14:00:18,778 INFO [org.springframework.web.servlet.handler.AbstractHandlerMethodMapping$MappingRegistry:543] Mapped "{[/wechar/disease/list],methods=[POST]}" onto public com.alpha.commons.web.ResponseMessage com.alpha.self.diagnosis.controller.WeCharController.diseaseList(java.lang.String)
2018-01-06 14:00:18,778 INFO [org.springframework.web.servlet.handler.AbstractHandlerMethodMapping$MappingRegistry:543] Mapped "{[/wechar/follow],methods=[POST]}" onto public com.alpha.commons.web.ResponseMessage com.alpha.self.diagnosis.controller.WeCharController.follow(java.lang.String,java.lang.Long)
2018-01-06 14:00:18,779 INFO [org.springframework.web.servlet.handler.AbstractHandlerMethodMapping$MappingRegistry:543] Mapped "{[/wechar/user/confirm],methods=[POST]}" onto public com.alpha.commons.web.ResponseMessage com.alpha.self.diagnosis.controller.WeCharController.userInfoConfirm(java.lang.Long)
2018-01-06 14:00:18,780 INFO [org.springframework.web.servlet.handler.AbstractHandlerMethodMapping$MappingRegistry:543] Mapped "{[/wechar/diagnosis/detail],methods=[POST]}" onto public com.alpha.commons.web.ResponseMessage com.alpha.self.diagnosis.controller.WeCharController.diagnosisDetail(java.lang.Long,java.lang.String,java.lang.Long)
2018-01-06 14:00:18,782 INFO [org.springframework.web.servlet.handler.AbstractHandlerMethodMapping$MappingRegistry:543] Mapped "{[/wechar/disease/hot/list],methods=[POST]}" onto public com.alpha.commons.web.ResponseMessage com.alpha.self.diagnosis.controller.WeCharController.hotDiseaseList()
2018-01-06 14:00:18,782 INFO [org.springframework.web.servlet.handler.AbstractHandlerMethodMapping$MappingRegistry:543] Mapped "{[/wechar/drug/hot/list],methods=[POST]}" onto public com.alpha.commons.web.ResponseMessage com.alpha.self.diagnosis.controller.WeCharController.hotDrugList()
2018-01-06 14:00:18,783 INFO [org.springframework.web.servlet.handler.AbstractHandlerMethodMapping$MappingRegistry:543] Mapped "{[/wechar/drug/detail],methods=[POST]}" onto public com.alpha.commons.web.ResponseMessage com.alpha.self.diagnosis.controller.WeCharController.drugDetail(java.lang.String)
2018-01-06 14:00:18,784 INFO [org.springframework.web.servlet.handler.AbstractHandlerMethodMapping$MappingRegistry:543] Mapped "{[/wechar/user/detail],methods=[POST]}" onto public com.alpha.commons.web.ResponseMessage com.alpha.self.diagnosis.controller.WeCharController.personalInfo(java.lang.Long)
2018-01-06 14:00:18,790 INFO [org.springframework.web.servlet.handler.AbstractHandlerMethodMapping$MappingRegistry:543] Mapped "{[/feedback/put],methods=[POST]}" onto public com.alpha.commons.web.ResponseMessage com.alpha.user.controller.FeedBackController.authorization(com.alpha.server.rpc.user.pojo.UserFeedback)
2018-01-06 14:00:18,791 INFO [org.springframework.web.servlet.handler.AbstractHandlerMethodMapping$MappingRegistry:543] Mapped "{[/feedback/useful/query/{diagnosisId}],methods=[POST]}" onto public com.alpha.commons.web.ResponseMessage com.alpha.user.controller.FeedBackController.queryUseful(java.lang.Long)
2018-01-06 14:00:18,792 INFO [org.springframework.web.servlet.handler.AbstractHandlerMethodMapping$MappingRegistry:543] Mapped "{[/feedback/items/query],methods=[POST]}" onto public com.alpha.commons.web.ResponseMessage com.alpha.user.controller.FeedBackController.queryItems(java.lang.String)
2018-01-06 14:00:18,798 INFO [org.springframework.web.servlet.handler.AbstractHandlerMethodMapping$MappingRegistry:543] Mapped "{[/sms/send],methods=[POST]}" onto public com.alpha.commons.web.ResponseMessage com.alpha.user.controller.SmsController.send(java.lang.String)
2018-01-06 14:00:18,803 INFO [org.springframework.web.servlet.handler.AbstractHandlerMethodMapping$MappingRegistry:543] Mapped "{[/user/list],methods=[POST]}" onto public com.alpha.commons.web.ResponseMessage com.alpha.user.controller.UserController.list(java.lang.String,int)
2018-01-06 14:00:18,804 INFO [org.springframework.web.servlet.handler.AbstractHandlerMethodMapping$MappingRegistry:543] Mapped "{[/user/query],methods=[POST]}" onto public com.alpha.commons.web.ResponseMessage com.alpha.user.controller.UserController.query(com.alpha.user.pojo.vo.HisUserInfoVo)
2018-01-06 14:00:18,805 INFO [org.springframework.web.servlet.handler.AbstractHandlerMethodMapping$MappingRegistry:543] Mapped "{[/user/auth],methods=[POST]}" onto public com.alpha.commons.web.ResponseMessage com.alpha.user.controller.UserController.authorization(java.lang.String,java.lang.Integer,java.lang.Integer)
2018-01-06 14:00:18,808 INFO [org.springframework.web.servlet.handler.AbstractHandlerMethodMapping$MappingRegistry:543] Mapped "{[/user/save],methods=[POST]}" onto public com.alpha.commons.web.ResponseMessage com.alpha.user.controller.UserController.saveUserInfo(java.lang.String)
2018-01-06 14:00:18,819 INFO [org.springframework.web.servlet.handler.AbstractHandlerMethodMapping$MappingRegistry:543] Mapped "{[/error]}" onto public org.springframework.http.ResponseEntity<java.util.Map<java.lang.String, java.lang.Object>> org.springframework.boot.autoconfigure.web.BasicErrorController.error(javax.servlet.http.HttpServletRequest)
2018-01-06 14:00:18,820 INFO [org.springframework.web.servlet.handler.AbstractHandlerMethodMapping$MappingRegistry:543] Mapped "{[/error],produces=[text/html]}" onto public org.springframework.web.servlet.ModelAndView org.springframework.boot.autoconfigure.web.BasicErrorController.errorHtml(javax.servlet.http.HttpServletRequest,javax.servlet.http.HttpServletResponse)
2018-01-06 14:00:19,660 INFO [org.springframework.web.servlet.handler.AbstractUrlHandlerMapping:362] Mapped URL path [/webjars/**] onto handler of type [class org.springframework.web.servlet.resource.ResourceHttpRequestHandler]
2018-01-06 14:00:19,662 INFO [org.springframework.web.servlet.handler.AbstractUrlHandlerMapping:362] Mapped URL path [/**] onto handler of type [class org.springframework.web.servlet.resource.ResourceHttpRequestHandler]
2018-01-06 14:00:19,830 INFO [org.springframework.web.servlet.mvc.method.annotation.ExceptionHandlerExceptionResolver:273] Detected @ExceptionHandler methods in controllerEnhancerment
2018-01-06 14:00:20,257 INFO [org.springframework.web.servlet.handler.AbstractUrlHandlerMapping:362] Mapped URL path [/**/favicon.ico] onto handler of type [class org.springframework.web.servlet.resource.ResourceHttpRequestHandler]
2018-01-06 14:00:22,360 INFO [com.atomikos.logging.Slf4jLogger:16] Using Slf4J for logging.
2018-01-06 14:00:22,362 WARN [com.atomikos.logging.Slf4jLogger:12] No properties path set - looking for transactions.properties in classpath...
2018-01-06 14:00:22,371 WARN [com.atomikos.logging.Slf4jLogger:12] transactions.properties not found - looking for jta.properties in classpath...
2018-01-06 14:00:22,374 WARN [com.atomikos.logging.Slf4jLogger:12] Failed to open transactions properties file - using default values
2018-01-06 14:00:22,636 INFO [com.atomikos.logging.Slf4jLogger:16] com.atomikos.persistence.imp.WriteAheadObjectLog instantiation failed - falling back to default
2018-01-06 14:00:22,643 INFO [com.atomikos.logging.Slf4jLogger:16] Starting read of logfile F:\iebm\workspace\alpha\branch\v1.0.3\alpha\alpha-self-diagnosis\transaction-logs\tmlog18.log
2018-01-06 14:00:22,645 INFO [com.atomikos.logging.Slf4jLogger:16] Done read of logfile
2018-01-06 14:00:22,646 INFO [com.atomikos.logging.Slf4jLogger:16] Logfile closed: F:\iebm\workspace\alpha\branch\v1.0.3\alpha\alpha-self-diagnosis\transaction-logs\tmlog18.log
2018-01-06 14:00:22,769 INFO [com.atomikos.logging.Slf4jLogger:16] USING core version: 3.9.3
2018-01-06 14:00:22,770 INFO [com.atomikos.logging.Slf4jLogger:16] USING com.atomikos.icatch.automatic_resource_registration = true
2018-01-06 14:00:22,771 INFO [com.atomikos.logging.Slf4jLogger:16] USING com.atomikos.icatch.client_demarcation = false
2018-01-06 14:00:22,771 INFO [com.atomikos.logging.Slf4jLogger:16] USING com.atomikos.icatch.threaded_2pc = false
2018-01-06 14:00:22,772 INFO [com.atomikos.logging.Slf4jLogger:16] USING com.atomikos.icatch.serial_jta_transactions = true
2018-01-06 14:00:22,772 INFO [com.atomikos.logging.Slf4jLogger:16] USING com.atomikos.icatch.serializable_logging = true
2018-01-06 14:00:22,773 INFO [com.atomikos.logging.Slf4jLogger:16] USING com.atomikos.icatch.log_base_dir = F:\iebm\workspace\alpha\branch\v1.0.3\alpha\alpha-self-diagnosis\transaction-logs
2018-01-06 14:00:22,776 INFO [com.atomikos.logging.Slf4jLogger:16] USING com.atomikos.icatch.max_actives = 50
2018-01-06 14:00:22,777 INFO [com.atomikos.logging.Slf4jLogger:16] USING com.atomikos.icatch.checkpoint_interval = 500
2018-01-06 14:00:22,777 INFO [com.atomikos.logging.Slf4jLogger:16] USING com.atomikos.icatch.enable_logging = true
2018-01-06 14:00:22,777 INFO [com.atomikos.logging.Slf4jLogger:16] USING com.atomikos.icatch.output_dir = .\
2018-01-06 14:00:22,777 INFO [com.atomikos.logging.Slf4jLogger:16] USING com.atomikos.icatch.log_base_name = tmlog
2018-01-06 14:00:22,778 INFO [com.atomikos.logging.Slf4jLogger:16] USING com.atomikos.icatch.max_timeout = 300000
2018-01-06 14:00:22,778 INFO [com.atomikos.logging.Slf4jLogger:16] USING com.atomikos.icatch.tm_unique_name = 192.168.29.54.tm
2018-01-06 14:00:22,779 INFO [com.atomikos.logging.Slf4jLogger:16] USING java.naming.factory.initial = com.sun.jndi.rmi.registry.RegistryContextFactory
2018-01-06 14:00:22,779 INFO [com.atomikos.logging.Slf4jLogger:16] USING java.naming.provider.url = rmi://localhost:1099
2018-01-06 14:00:22,780 INFO [com.atomikos.logging.Slf4jLogger:16] USING com.atomikos.icatch.service = com.atomikos.icatch.standalone.UserTransactionServiceFactory
2018-01-06 14:00:22,780 INFO [com.atomikos.logging.Slf4jLogger:16] USING com.atomikos.icatch.force_shutdown_on_vm_exit = false
2018-01-06 14:00:22,780 INFO [com.atomikos.logging.Slf4jLogger:16] USING com.atomikos.icatch.default_jta_timeout = 10000
2018-01-06 14:00:23,169 INFO [org.springframework.transaction.jta.JtaTransactionManager:490] Using JTA UserTransaction: com.atomikos.icatch.jta.UserTransactionManager@6c801951
2018-01-06 14:00:23,169 INFO [org.springframework.transaction.jta.JtaTransactionManager:501] Using JTA TransactionManager: com.atomikos.icatch.jta.UserTransactionManager@6c801951
2018-01-06 14:00:28,484 INFO [org.springframework.boot.devtools.autoconfigure.OptionalLiveReloadServer:58] LiveReload server is running on port 35729
2018-01-06 14:00:30,915 INFO [org.springframework.jmx.export.MBeanExporter:431] Registering beans for JMX exposure on startup
2018-01-06 14:00:30,946 INFO [org.springframework.jmx.export.MBeanExporter:916] Bean with name 'dataSource' has been autodetected for JMX exposure
2018-01-06 14:00:31,009 INFO [org.springframework.jmx.export.MBeanExporter:916] Bean with name 'environmentManager' has been autodetected for JMX exposure
2018-01-06 14:00:31,017 INFO [org.springframework.jmx.export.MBeanExporter:916] Bean with name 'configurationPropertiesRebinder' has been autodetected for JMX exposure
2018-01-06 14:00:31,022 INFO [org.springframework.jmx.export.MBeanExporter:916] Bean with name 'refreshScope' has been autodetected for JMX exposure
2018-01-06 14:00:31,070 INFO [org.springframework.jmx.export.MBeanExporter:678] Located managed bean 'environmentManager': registering with JMX server as MBean [org.springframework.cloud.context.environment:name=environmentManager,type=EnvironmentManager]
2018-01-06 14:00:31,146 INFO [org.springframework.jmx.export.MBeanExporter:678] Located managed bean 'refreshScope': registering with JMX server as MBean [org.springframework.cloud.context.scope.refresh:name=refreshScope,type=RefreshScope]
2018-01-06 14:00:31,277 INFO [org.springframework.jmx.export.MBeanExporter:678] Located managed bean 'configurationPropertiesRebinder': registering with JMX server as MBean [org.springframework.cloud.context.properties:name=configurationPropertiesRebinder,context=390124ce,type=ConfigurationPropertiesRebinder]
2018-01-06 14:00:31,313 INFO [org.springframework.jmx.export.MBeanExporter:671] Located MBean 'dataSource': registering with JMX server as MBean [com.alibaba.druid.pool:name=dataSource,type=DruidDataSource]
2018-01-06 14:00:31,964 INFO [org.springframework.context.support.DefaultLifecycleProcessor$LifecycleGroup:343] Starting beans in phase 0
2018-01-06 14:00:32,030 INFO [org.springframework.cloud.netflix.eureka.InstanceInfoFactory:70] Setting initial instance status as: STARTING
2018-01-06 14:00:32,261 INFO [com.netflix.discovery.DiscoveryClient:344] Initializing Eureka in region us-east-1
2018-01-06 14:00:32,973 INFO [com.netflix.discovery.provider.DiscoveryJerseyProvider:70] Using JSON encoding codec LegacyJacksonJson
2018-01-06 14:00:32,974 INFO [com.netflix.discovery.provider.DiscoveryJerseyProvider:71] Using JSON decoding codec LegacyJacksonJson
2018-01-06 14:00:33,306 INFO [com.netflix.discovery.provider.DiscoveryJerseyProvider:80] Using XML encoding codec XStreamXml
2018-01-06 14:00:33,307 INFO [com.netflix.discovery.provider.DiscoveryJerseyProvider:81] Using XML decoding codec XStreamXml
2018-01-06 14:00:34,931 INFO [com.netflix.discovery.shared.resolver.aws.ConfigClusterResolver:43] Resolving eureka endpoints via configuration
2018-01-06 14:00:35,262 INFO [com.netflix.discovery.DiscoveryClient:920] Disable delta property : false
2018-01-06 14:00:35,263 INFO [com.netflix.discovery.DiscoveryClient:921] Single vip registry refresh property : null
2018-01-06 14:00:35,264 INFO [com.netflix.discovery.DiscoveryClient:922] Force full registry fetch : false
2018-01-06 14:00:35,265 INFO [com.netflix.discovery.DiscoveryClient:923] Application is null : false
2018-01-06 14:00:35,265 INFO [com.netflix.discovery.DiscoveryClient:924] Registered Applications size is zero : true
2018-01-06 14:00:35,266 INFO [com.netflix.discovery.DiscoveryClient:926] Application version is -1: true
2018-01-06 14:00:35,267 INFO [com.netflix.discovery.DiscoveryClient:1009] Getting all instance registry info from the eureka server
2018-01-06 14:00:36,377 INFO [com.netflix.discovery.DiscoveryClient:1018] The response status is 200
2018-01-06 14:00:36,382 INFO [com.netflix.discovery.DiscoveryClient:1244] Starting heartbeat executor: renew interval is: 5
2018-01-06 14:00:36,395 INFO [com.netflix.discovery.InstanceInfoReplicator:59] InstanceInfoReplicator onDemand update allowed rate per min is 4
2018-01-06 14:00:36,407 INFO [com.netflix.discovery.DiscoveryClient:425] Discovery Client initialized at timestamp 1515218436407 with initial instances count: 0
2018-01-06 14:00:36,924 INFO [org.springframework.cloud.netflix.eureka.serviceregistry.EurekaServiceRegistry:40] Registering application alpha-self-diagnosis with eureka with status UP
2018-01-06 14:00:36,927 INFO [com.netflix.discovery.DiscoveryClient$3:1279] Saw local status change event StatusChangeEvent [timestamp=1515218436927, current=UP, previous=STARTING]
2018-01-06 14:00:36,949 INFO [com.netflix.discovery.DiscoveryClient:795] DiscoveryClient_ALPHA-SELF-DIAGNOSIS/PC-20160606PUVI:alpha-self-diagnosis:19092: registering service...
2018-01-06 14:00:37,028 INFO [org.springframework.scheduling.annotation.ScheduledAnnotationBeanPostProcessor:262] No TaskScheduler/ScheduledExecutorService bean found for scheduled processing
2018-01-06 14:00:37,110 INFO [org.apache.juli.logging.DirectJDKLog:179] Initializing ProtocolHandler ["http-nio-19092"]
2018-01-06 14:00:37,214 INFO [org.apache.juli.logging.DirectJDKLog:179] Starting ProtocolHandler ["http-nio-19092"]
2018-01-06 14:00:37,256 INFO [org.apache.juli.logging.DirectJDKLog:179] Using a shared selector for servlet write/read
2018-01-06 14:00:37,384 INFO [org.springframework.boot.context.embedded.tomcat.TomcatEmbeddedServletContainer:201] Tomcat started on port(s): 19092 (http)
2018-01-06 14:00:37,390 INFO [org.springframework.cloud.netflix.eureka.serviceregistry.EurekaAutoServiceRegistration:117] Updating port to 19092
2018-01-06 14:00:37,407 INFO [org.springframework.boot.StartupInfoLogger:57] Started AlphaApplication in 58.113 seconds (JVM running for 59.884)
2018-01-06 14:00:37,419 INFO [com.netflix.discovery.DiscoveryClient:804] DiscoveryClient_ALPHA-SELF-DIAGNOSIS/PC-20160606PUVI:alpha-self-diagnosis:19092 - registration status: 204
2018-01-06 14:00:41,383 INFO [com.netflix.discovery.DiscoveryClient:920] Disable delta property : false
2018-01-06 14:00:41,385 INFO [com.netflix.discovery.DiscoveryClient:921] Single vip registry refresh property : null
2018-01-06 14:00:41,386 INFO [com.netflix.discovery.DiscoveryClient:922] Force full registry fetch : false
2018-01-06 14:00:41,386 INFO [com.netflix.discovery.DiscoveryClient:923] Application is null : false
2018-01-06 14:00:41,386 INFO [com.netflix.discovery.DiscoveryClient:924] Registered Applications size is zero : true
2018-01-06 14:00:41,386 INFO [com.netflix.discovery.DiscoveryClient:926] Application version is -1: false
2018-01-06 14:00:41,387 INFO [com.netflix.discovery.DiscoveryClient:1009] Getting all instance registry info from the eureka server
2018-01-06 14:00:41,407 INFO [com.netflix.discovery.DiscoveryClient:1018] The response status is 200
2018-01-06 14:00:46,429 INFO [com.netflix.discovery.DiscoveryClient:920] Disable delta property : false
2018-01-06 14:00:46,430 INFO [com.netflix.discovery.DiscoveryClient:921] Single vip registry refresh property : null
2018-01-06 14:00:46,430 INFO [com.netflix.discovery.DiscoveryClient:922] Force full registry fetch : false
2018-01-06 14:00:46,430 INFO [com.netflix.discovery.DiscoveryClient:923] Application is null : false
2018-01-06 14:00:46,430 INFO [com.netflix.discovery.DiscoveryClient:924] Registered Applications size is zero : true
2018-01-06 14:00:46,430 INFO [com.netflix.discovery.DiscoveryClient:926] Application version is -1: false
2018-01-06 14:00:46,430 INFO [com.netflix.discovery.DiscoveryClient:1009] Getting all instance registry info from the eureka server
2018-01-06 14:00:46,434 INFO [com.netflix.discovery.DiscoveryClient:1018] The response status is 200
2018-01-06 14:00:51,438 INFO [com.netflix.discovery.DiscoveryClient:920] Disable delta property : false
2018-01-06 14:00:51,438 INFO [com.netflix.discovery.DiscoveryClient:921] Single vip registry refresh property : null
2018-01-06 14:00:51,438 INFO [com.netflix.discovery.DiscoveryClient:922] Force full registry fetch : false
2018-01-06 14:00:51,438 INFO [com.netflix.discovery.DiscoveryClient:923] Application is null : false
2018-01-06 14:00:51,438 INFO [com.netflix.discovery.DiscoveryClient:924] Registered Applications size is zero : true
2018-01-06 14:00:51,438 INFO [com.netflix.discovery.DiscoveryClient:926] Application version is -1: false
2018-01-06 14:00:51,439 INFO [com.netflix.discovery.DiscoveryClient:1009] Getting all instance registry info from the eureka server
2018-01-06 14:00:51,441 INFO [com.netflix.discovery.DiscoveryClient:1018] The response status is 200
2018-01-06 14:00:56,443 INFO [com.netflix.discovery.DiscoveryClient:920] Disable delta property : false
2018-01-06 14:00:56,444 INFO [com.netflix.discovery.DiscoveryClient:921] Single vip registry refresh property : null
2018-01-06 14:00:56,446 INFO [com.netflix.discovery.DiscoveryClient:922] Force full registry fetch : false
2018-01-06 14:00:56,446 INFO [com.netflix.discovery.DiscoveryClient:923] Application is null : false
2018-01-06 14:00:56,446 INFO [com.netflix.discovery.DiscoveryClient:924] Registered Applications size is zero : true
2018-01-06 14:00:56,446 INFO [com.netflix.discovery.DiscoveryClient:926] Application version is -1: false
2018-01-06 14:00:56,446 INFO [com.netflix.discovery.DiscoveryClient:1009] Getting all instance registry info from the eureka server
2018-01-06 14:00:56,453 INFO [com.netflix.discovery.DiscoveryClient:1018] The response status is 200
2018-01-06 14:01:01,456 INFO [com.netflix.discovery.DiscoveryClient:920] Disable delta property : false
2018-01-06 14:01:01,456 INFO [com.netflix.discovery.DiscoveryClient:921] Single vip registry refresh property : null
2018-01-06 14:01:01,456 INFO [com.netflix.discovery.DiscoveryClient:922] Force full registry fetch : false
2018-01-06 14:01:01,456 INFO [com.netflix.discovery.DiscoveryClient:923] Application is null : false
2018-01-06 14:01:01,456 INFO [com.netflix.discovery.DiscoveryClient:924] Registered Applications size is zero : true
2018-01-06 14:01:01,456 INFO [com.netflix.discovery.DiscoveryClient:926] Application version is -1: false
2018-01-06 14:01:01,457 INFO [com.netflix.discovery.DiscoveryClient:1009] Getting all instance registry info from the eureka server
2018-01-06 14:01:01,460 INFO [com.netflix.discovery.DiscoveryClient:1018] The response status is 200
2018-01-06 14:01:06,461 INFO [com.netflix.discovery.DiscoveryClient:920] Disable delta property : false
2018-01-06 14:01:06,461 INFO [com.netflix.discovery.DiscoveryClient:921] Single vip registry refresh property : null
2018-01-06 14:01:06,461 INFO [com.netflix.discovery.DiscoveryClient:922] Force full registry fetch : false
2018-01-06 14:01:06,461 INFO [com.netflix.discovery.DiscoveryClient:923] Application is null : false
2018-01-06 14:01:06,461 INFO [com.netflix.discovery.DiscoveryClient:924] Registered Applications size is zero : true
2018-01-06 14:01:06,461 INFO [com.netflix.discovery.DiscoveryClient:926] Application version is -1: false
2018-01-06 14:01:06,461 INFO [com.netflix.discovery.DiscoveryClient:1009] Getting all instance registry info from the eureka server
2018-01-06 14:01:06,500 INFO [com.netflix.discovery.DiscoveryClient:1018] The response status is 200
2018-01-06 14:01:16,834 INFO [org.apache.juli.logging.DirectJDKLog:179] Initializing Spring FrameworkServlet 'dispatcherServlet'
2018-01-06 14:01:16,834 INFO [org.springframework.web.servlet.FrameworkServlet:489] FrameworkServlet 'dispatcherServlet': initialization started
2018-01-06 14:01:17,029 INFO [org.springframework.web.servlet.FrameworkServlet:508] FrameworkServlet 'dispatcherServlet': initialization completed in 195 ms
2018-01-06 14:01:17,483 INFO [com.atomikos.logging.Slf4jLogger:16] THREADS: using JDK thread pooling...
2018-01-06 14:01:17,540 INFO [com.atomikos.logging.Slf4jLogger:16] createCompositeTransaction ( 10000 ): created new ROOT transaction with id 192.168.29.54.tm0000100020
2018-01-06 14:01:19,216 INFO [com.atomikos.logging.Slf4jLogger:16] commit() done (by application) of transaction 192.168.29.54.tm0000100020
