2017-12-18 15:46:16,062 INFO [com.alpha.self.diagnosis.AlphaApplication:39] SpringApplicationBuilder run .... 
2017-12-18 15:46:16,754 INFO [com.alpha.self.diagnosis.AlphaApplication:39] SpringApplicationBuilder run .... 
2017-12-18 15:46:18,154 INFO [org.springframework.context.support.AbstractApplicationContext:583] Refreshing org.springframework.context.annotation.AnnotationConfigApplicationContext@61de1c68: startup date [Mon Dec 18 15:46:18 CST 2017]; root of context hierarchy
2017-12-18 15:46:18,424 INFO [org.hibernate.validator.internal.util.Version:30] HV000001: Hibernate Validator 5.3.5.Final
2017-12-18 15:46:19,029 INFO [org.springframework.beans.factory.annotation.AutowiredAnnotationBeanPostProcessor:155] JSR-330 'javax.inject.Inject' annotation found and supported for autowiring
2017-12-18 15:46:19,221 INFO [org.springframework.context.support.PostProcessorRegistrationDelegate$BeanPostProcessorChecker:325] Bean 'configurationPropertiesRebinderAutoConfiguration' of type [org.springframework.cloud.autoconfigure.ConfigurationPropertiesRebinderAutoConfiguration$$EnhancerBySpringCGLIB$$6ebe0393] is not eligible for getting processed by all BeanPostProcessors (for example: not eligible for auto-proxying)
2017-12-18 15:46:20,454 INFO [org.springframework.boot.SpringApplication:597] The following profiles are active: core
2017-12-18 15:46:20,543 INFO [org.springframework.context.support.AbstractApplicationContext:583] Refreshing org.springframework.boot.context.embedded.AnnotationConfigEmbeddedWebApplicationContext@2e0d1d55: startup date [Mon Dec 18 15:46:20 CST 2017]; parent: org.springframework.context.annotation.AnnotationConfigApplicationContext@61de1c68
2017-12-18 15:46:28,691 INFO [org.springframework.cloud.context.scope.GenericScope:263] BeanFactory id=e1454411-bbdc-3bab-930f-56a69686bbf8
2017-12-18 15:46:28,752 INFO [com.alpha.self.diagnosis.processor.spring.BeanScannerConfigurer:28] 初始化 BasicAnswerProcessor  服务配置
2017-12-18 15:46:28,802 INFO [org.springframework.beans.factory.support.DefaultListableBeanFactory:828] Overriding bean definition for bean 'allergicHistoryAnswerProcessor' with a different definition: replacing [Generic bean: class [com.alpha.self.diagnosis.processor.AllergicHistoryAnswerProcessor]; scope=singleton; abstract=false; lazyInit=false; autowireMode=0; dependencyCheck=0; autowireCandidate=true; primary=false; factoryBeanName=null; factoryMethodName=null; initMethodName=null; destroyMethodName=null; defined in file [F:\iebm\workspace\alpha\branch\v1.0.3\alpha\alpha-self-diagnosis\target\classes\com\alpha\self\diagnosis\processor\AllergicHistoryAnswerProcessor.class]] with [Generic bean: class [com.alpha.self.diagnosis.processor.AllergicHistoryAnswerProcessor]; scope=singleton; abstract=false; lazyInit=false; autowireMode=0; dependencyCheck=0; autowireCandidate=true; primary=false; factoryBeanName=null; factoryMethodName=null; initMethodName=null; destroyMethodName=null; defined in file [F:\iebm\workspace\alpha\branch\v1.0.3\alpha\alpha-self-diagnosis\target\classes\com\alpha\self\diagnosis\processor\AllergicHistoryAnswerProcessor.class]]
2017-12-18 15:46:28,803 INFO [org.springframework.beans.factory.support.DefaultListableBeanFactory:828] Overriding bean definition for bean 'birthProcessor' with a different definition: replacing [Generic bean: class [com.alpha.self.diagnosis.processor.BirthProcessor]; scope=singleton; abstract=false; lazyInit=false; autowireMode=0; dependencyCheck=0; autowireCandidate=true; primary=false; factoryBeanName=null; factoryMethodName=null; initMethodName=null; destroyMethodName=null; defined in file [F:\iebm\workspace\alpha\branch\v1.0.3\alpha\alpha-self-diagnosis\target\classes\com\alpha\self\diagnosis\processor\BirthProcessor.class]] with [Generic bean: class [com.alpha.self.diagnosis.processor.BirthProcessor]; scope=singleton; abstract=false; lazyInit=false; autowireMode=0; dependencyCheck=0; autowireCandidate=true; primary=false; factoryBeanName=null; factoryMethodName=null; initMethodName=null; destroyMethodName=null; defined in file [F:\iebm\workspace\alpha\branch\v1.0.3\alpha\alpha-self-diagnosis\target\classes\com\alpha\self\diagnosis\processor\BirthProcessor.class]]
2017-12-18 15:46:28,805 INFO [org.springframework.beans.factory.support.DefaultListableBeanFactory:828] Overriding bean definition for bean 'liverRenalProcessor' with a different definition: replacing [Generic bean: class [com.alpha.self.diagnosis.processor.LiverRenalProcessor]; scope=singleton; abstract=false; lazyInit=false; autowireMode=0; dependencyCheck=0; autowireCandidate=true; primary=false; factoryBeanName=null; factoryMethodName=null; initMethodName=null; destroyMethodName=null; defined in file [F:\iebm\workspace\alpha\branch\v1.0.3\alpha\alpha-self-diagnosis\target\classes\com\alpha\self\diagnosis\processor\LiverRenalProcessor.class]] with [Generic bean: class [com.alpha.self.diagnosis.processor.LiverRenalProcessor]; scope=singleton; abstract=false; lazyInit=false; autowireMode=0; dependencyCheck=0; autowireCandidate=true; primary=false; factoryBeanName=null; factoryMethodName=null; initMethodName=null; destroyMethodName=null; defined in file [F:\iebm\workspace\alpha\branch\v1.0.3\alpha\alpha-self-diagnosis\target\classes\com\alpha\self\diagnosis\processor\LiverRenalProcessor.class]]
2017-12-18 15:46:28,806 INFO [org.springframework.beans.factory.support.DefaultListableBeanFactory:828] Overriding bean definition for bean 'normalAnswerProcessor' with a different definition: replacing [Generic bean: class [com.alpha.self.diagnosis.processor.NormalAnswerProcessor]; scope=singleton; abstract=false; lazyInit=false; autowireMode=0; dependencyCheck=0; autowireCandidate=true; primary=false; factoryBeanName=null; factoryMethodName=null; initMethodName=null; destroyMethodName=null; defined in file [F:\iebm\workspace\alpha\branch\v1.0.3\alpha\alpha-self-diagnosis\target\classes\com\alpha\self\diagnosis\processor\NormalAnswerProcessor.class]] with [Generic bean: class [com.alpha.self.diagnosis.processor.NormalAnswerProcessor]; scope=singleton; abstract=false; lazyInit=false; autowireMode=0; dependencyCheck=0; autowireCandidate=true; primary=false; factoryBeanName=null; factoryMethodName=null; initMethodName=null; destroyMethodName=null; defined in file [F:\iebm\workspace\alpha\branch\v1.0.3\alpha\alpha-self-diagnosis\target\classes\com\alpha\self\diagnosis\processor\NormalAnswerProcessor.class]]
2017-12-18 15:46:28,808 INFO [org.springframework.beans.factory.support.DefaultListableBeanFactory:828] Overriding bean definition for bean 'pastmedicalHistoryProcessor' with a different definition: replacing [Generic bean: class [com.alpha.self.diagnosis.processor.PastmedicalHistoryProcessor]; scope=singleton; abstract=false; lazyInit=false; autowireMode=0; dependencyCheck=0; autowireCandidate=true; primary=false; factoryBeanName=null; factoryMethodName=null; initMethodName=null; destroyMethodName=null; defined in file [F:\iebm\workspace\alpha\branch\v1.0.3\alpha\alpha-self-diagnosis\target\classes\com\alpha\self\diagnosis\processor\PastmedicalHistoryProcessor.class]] with [Generic bean: class [com.alpha.self.diagnosis.processor.PastmedicalHistoryProcessor]; scope=singleton; abstract=false; lazyInit=false; autowireMode=0; dependencyCheck=0; autowireCandidate=true; primary=false; factoryBeanName=null; factoryMethodName=null; initMethodName=null; destroyMethodName=null; defined in file [F:\iebm\workspace\alpha\branch\v1.0.3\alpha\alpha-self-diagnosis\target\classes\com\alpha\self\diagnosis\processor\PastmedicalHistoryProcessor.class]]
2017-12-18 15:46:28,809 INFO [org.springframework.beans.factory.support.DefaultListableBeanFactory:828] Overriding bean definition for bean 'weightProcessor' with a different definition: replacing [Generic bean: class [com.alpha.self.diagnosis.processor.WeightProcessor]; scope=singleton; abstract=false; lazyInit=false; autowireMode=0; dependencyCheck=0; autowireCandidate=true; primary=false; factoryBeanName=null; factoryMethodName=null; initMethodName=null; destroyMethodName=null; defined in file [F:\iebm\workspace\alpha\branch\v1.0.3\alpha\alpha-self-diagnosis\target\classes\com\alpha\self\diagnosis\processor\WeightProcessor.class]] with [Generic bean: class [com.alpha.self.diagnosis.processor.WeightProcessor]; scope=singleton; abstract=false; lazyInit=false; autowireMode=0; dependencyCheck=0; autowireCandidate=true; primary=false; factoryBeanName=null; factoryMethodName=null; initMethodName=null; destroyMethodName=null; defined in file [F:\iebm\workspace\alpha\branch\v1.0.3\alpha\alpha-self-diagnosis\target\classes\com\alpha\self\diagnosis\processor\WeightProcessor.class]]
2017-12-18 15:46:28,813 INFO [com.alpha.self.diagnosis.processor.spring.BeanScannerConfigurer:32] 初始化 BasicAnswerProcessor 完成
2017-12-18 15:46:29,398 INFO [org.springframework.beans.factory.annotation.AutowiredAnnotationBeanPostProcessor:155] JSR-330 'javax.inject.Inject' annotation found and supported for autowiring
2017-12-18 15:46:29,874 INFO [org.springframework.context.support.PostProcessorRegistrationDelegate$BeanPostProcessorChecker:325] Bean 'org.springframework.transaction.annotation.ProxyTransactionManagementConfiguration' of type [org.springframework.transaction.annotation.ProxyTransactionManagementConfiguration$$EnhancerBySpringCGLIB$$52a40096] is not eligible for getting processed by all BeanPostProcessors (for example: not eligible for auto-proxying)
2017-12-18 15:46:30,494 INFO [org.springframework.context.support.PostProcessorRegistrationDelegate$BeanPostProcessorChecker:325] Bean 'org.springframework.cloud.autoconfigure.ConfigurationPropertiesRebinderAutoConfiguration' of type [org.springframework.cloud.autoconfigure.ConfigurationPropertiesRebinderAutoConfiguration$$EnhancerBySpringCGLIB$$6ebe0393] is not eligible for getting processed by all BeanPostProcessors (for example: not eligible for auto-proxying)
2017-12-18 15:46:32,568 INFO [org.springframework.boot.context.embedded.tomcat.TomcatEmbeddedServletContainer:89] Tomcat initialized with port(s): 19092 (http)
2017-12-18 15:46:32,591 INFO [org.apache.juli.logging.DirectJDKLog:179] Starting service [Tomcat]
2017-12-18 15:46:32,593 INFO [org.apache.juli.logging.DirectJDKLog:179] Starting Servlet Engine: Apache Tomcat/8.5.20
2017-12-18 15:46:33,016 INFO [org.apache.juli.logging.DirectJDKLog:179] Initializing Spring embedded WebApplicationContext
2017-12-18 15:46:33,017 INFO [org.springframework.boot.context.embedded.EmbeddedWebApplicationContext:276] Root WebApplicationContext: initialization completed in 12474 ms
2017-12-18 15:46:34,577 INFO [org.springframework.boot.web.servlet.ServletRegistrationBean:190] Mapping servlet: 'dispatcherServlet' to [/]
2017-12-18 15:46:34,580 INFO [org.springframework.boot.web.servlet.ServletRegistrationBean:190] Mapping servlet: 'com.alpha.commons.config.servlet.DruidStatViewServlet' to [/druid/*]
2017-12-18 15:46:34,595 INFO [org.springframework.boot.web.servlet.AbstractFilterRegistrationBean:258] Mapping filter: 'characterEncodingFilter' to: [/*]
2017-12-18 15:46:34,596 INFO [org.springframework.boot.web.servlet.AbstractFilterRegistrationBean:258] Mapping filter: 'hiddenHttpMethodFilter' to: [/*]
2017-12-18 15:46:34,596 INFO [org.springframework.boot.web.servlet.AbstractFilterRegistrationBean:258] Mapping filter: 'httpPutFormContentFilter' to: [/*]
2017-12-18 15:46:34,597 INFO [org.springframework.boot.web.servlet.AbstractFilterRegistrationBean:258] Mapping filter: 'requestContextFilter' to: [/*]
2017-12-18 15:46:34,597 INFO [org.springframework.boot.web.servlet.AbstractFilterRegistrationBean:271] Mapping filter: 'com.alpha.self.diagnosis.converter.ParamDecryptServletRequestFilter' to urls: [/*]
2017-12-18 15:46:34,598 INFO [org.springframework.boot.web.servlet.AbstractFilterRegistrationBean:271] Mapping filter: 'com.alpha.commons.config.filter.CorsFilter' to urls: [/*]
2017-12-18 15:46:34,598 INFO [org.springframework.boot.web.servlet.AbstractFilterRegistrationBean:271] Mapping filter: 'druidWebStatFilter' to urls: [/*]
2017-12-18 15:46:34,652 INFO [com.alpha.self.diagnosis.listener.DiagnosisContextListener:27] DiagnosisContextListener contextInitialized starting...
2017-12-18 15:46:34,668 INFO [com.alpha.self.diagnosis.processor.BasicAnswerProcessorAdaptor:154] 6 processor will be register.
2017-12-18 15:46:35,239 INFO [com.alpha.commons.config.DruidConfiguration$Druid:66] DruidConfiguration init completed................
2017-12-18 15:46:40,114 INFO [com.alpha.self.diagnosis.listener.DiagnosisContextListener:34] DiagnosisContextListener contextInitialized completed
2017-12-18 15:46:40,127 INFO [com.alpha.self.diagnosis.converter.ParamDecryptServletRequestFilter:33] 需要解密的参数字段 --> null
2017-12-18 15:46:44,176 WARN [com.netflix.config.sources.URLConfigurationSource:121] No URLs will be polled as dynamic configuration sources.
2017-12-18 15:46:44,177 INFO [com.netflix.config.sources.URLConfigurationSource:122] To enable URLs as dynamic configuration sources, define System property archaius.configurationSource.additionalUrls or make config.properties available on classpath.
2017-12-18 15:46:44,187 WARN [com.netflix.config.sources.URLConfigurationSource:121] No URLs will be polled as dynamic configuration sources.
2017-12-18 15:46:44,188 INFO [com.netflix.config.sources.URLConfigurationSource:122] To enable URLs as dynamic configuration sources, define System property archaius.configurationSource.additionalUrls or make config.properties available on classpath.
2017-12-18 15:46:45,834 INFO [org.springframework.web.servlet.mvc.method.annotation.RequestMappingHandlerAdapter:534] Looking for @ControllerAdvice: org.springframework.boot.context.embedded.AnnotationConfigEmbeddedWebApplicationContext@2e0d1d55: startup date [Mon Dec 18 15:46:20 CST 2017]; parent: org.springframework.context.annotation.AnnotationConfigApplicationContext@61de1c68
2017-12-18 15:46:46,253 INFO [org.springframework.web.servlet.handler.AbstractHandlerMethodMapping$MappingRegistry:543] Mapped "{[/data/search/concsymp],methods=[POST]}" onto public com.alpha.commons.web.ResponseMessage com.alpha.self.diagnosis.controller.DataSearchController.diagnosisStart(com.alpha.self.diagnosis.pojo.vo.SearchRequestVo)
2017-12-18 15:46:46,256 INFO [org.springframework.web.servlet.handler.AbstractHandlerMethodMapping$MappingRegistry:543] Mapped "{[/data/search/weight],methods=[POST]}" onto public com.alpha.commons.web.ResponseMessage com.alpha.self.diagnosis.controller.DataSearchController.weightSearch(com.alpha.user.pojo.vo.HisUserInfoVo)
2017-12-18 15:46:46,258 INFO [org.springframework.web.servlet.handler.AbstractHandlerMethodMapping$MappingRegistry:543] Mapped "{[/data/search/pastmedicalHistory],methods=[POST]}" onto public com.alpha.commons.web.ResponseMessage com.alpha.self.diagnosis.controller.DataSearchController.pastmedicalHistorySearch(com.alpha.self.diagnosis.pojo.vo.SearchRequestVo)
2017-12-18 15:46:46,258 INFO [org.springframework.web.servlet.handler.AbstractHandlerMethodMapping$MappingRegistry:543] Mapped "{[/data/search/allergicHistory],methods=[POST]}" onto public com.alpha.commons.web.ResponseMessage com.alpha.self.diagnosis.controller.DataSearchController.allergicHistorySearch(com.alpha.self.diagnosis.pojo.vo.SearchRequestVo)
2017-12-18 15:46:46,259 INFO [org.springframework.web.servlet.handler.AbstractHandlerMethodMapping$MappingRegistry:543] Mapped "{[/data/search/mainSymptom],methods=[POST]}" onto public com.alpha.commons.web.ResponseMessage com.alpha.self.diagnosis.controller.DataSearchController.mainSymptomSearch(java.lang.Long,java.lang.Integer,java.lang.String)
2017-12-18 15:46:46,267 INFO [org.springframework.web.servlet.handler.AbstractHandlerMethodMapping$MappingRegistry:543] Mapped "{[/diagnosis/start],methods=[POST],consumes=[application/json || application/x-www-form-urlencoded]}" onto public com.alpha.commons.web.ResponseMessage com.alpha.self.diagnosis.controller.DiagnosisController.diagnosisStart(com.alpha.self.diagnosis.pojo.vo.DiagnosisStartReqeustVo)
2017-12-18 15:46:46,268 INFO [org.springframework.web.servlet.handler.AbstractHandlerMethodMapping$MappingRegistry:543] Mapped "{[/diagnosis/basic/next],methods=[POST]}" onto public com.alpha.commons.web.ResponseMessage com.alpha.self.diagnosis.controller.DiagnosisController.diagnosisNext(com.alpha.self.diagnosis.pojo.vo.QuestionRequestVo)
2017-12-18 15:46:46,269 INFO [org.springframework.web.servlet.handler.AbstractHandlerMethodMapping$MappingRegistry:543] Mapped "{[/diagnosis/outcome/confirm],methods=[POST]}" onto public com.alpha.commons.web.ResponseMessage com.alpha.self.diagnosis.controller.DiagnosisController.confirmOutcome(java.lang.Long,java.lang.String)
2017-12-18 15:46:46,270 INFO [org.springframework.web.servlet.handler.AbstractHandlerMethodMapping$MappingRegistry:543] Mapped "{[/diagnosis/diseaseHistory],methods=[POST]}" onto public com.alpha.commons.web.ResponseMessage com.alpha.self.diagnosis.controller.DiagnosisController.diseaseHistory(com.alpha.self.diagnosis.pojo.vo.DiseaseHistoryRequestVo)
2017-12-18 15:46:46,271 INFO [org.springframework.web.servlet.handler.AbstractHandlerMethodMapping$MappingRegistry:543] Mapped "{[/diagnosis/outcome/get],methods=[POST]}" onto public com.alpha.commons.web.ResponseMessage com.alpha.self.diagnosis.controller.DiagnosisController.getOutcome(java.lang.Long)
2017-12-18 15:46:46,272 INFO [org.springframework.web.servlet.handler.AbstractHandlerMethodMapping$MappingRegistry:543] Mapped "{[/diagnosis/medicine/next],methods=[POST]}" onto public com.alpha.commons.web.ResponseMessage com.alpha.self.diagnosis.controller.DiagnosisController.diagnosisMedicineNext(java.lang.String)
2017-12-18 15:46:46,273 INFO [org.springframework.web.servlet.handler.AbstractHandlerMethodMapping$MappingRegistry:543] Mapped "{[/diagnosis/showResult],methods=[POST]}" onto public com.alpha.commons.web.ResponseMessage com.alpha.self.diagnosis.controller.DiagnosisController.showDiagnosisResult(com.alpha.self.diagnosis.pojo.vo.BasicRequestVo)
2017-12-18 15:46:46,274 INFO [org.springframework.web.servlet.handler.AbstractHandlerMethodMapping$MappingRegistry:543] Mapped "{[/diagnosis/queryMedicalRecord4His/{idcard}],methods=[POST]}" onto public com.alpha.commons.web.ResponseMessage com.alpha.self.diagnosis.controller.DiagnosisController.queryMedicalRecord4His(java.lang.String)
2017-12-18 15:46:46,275 INFO [org.springframework.web.servlet.handler.AbstractHandlerMethodMapping$MappingRegistry:543] Mapped "{[/diagnosis/queryBasicQuestion],methods=[POST]}" onto public com.alpha.commons.web.ResponseMessage com.alpha.self.diagnosis.controller.DiagnosisController.queryBasicQuestion(com.alpha.user.controller.req.vo.PatientInfo)
2017-12-18 15:46:46,281 INFO [org.springframework.web.servlet.handler.AbstractHandlerMethodMapping$MappingRegistry:543] Mapped "{[/disease/dept/query/{diseaseCode}],methods=[POST]}" onto public com.alpha.commons.web.ResponseMessage com.alpha.self.diagnosis.controller.DiseaseController.queryDepartment(java.lang.String)
2017-12-18 15:46:46,281 INFO [org.springframework.web.servlet.handler.AbstractHandlerMethodMapping$MappingRegistry:543] Mapped "{[/disease/treatmentadvice/query/{diseaseCode}],methods=[POST]}" onto public com.alpha.commons.web.ResponseMessage com.alpha.self.diagnosis.controller.DiseaseController.queryTreatmentAdvice(java.lang.String)
2017-12-18 15:46:46,282 INFO [org.springframework.web.servlet.handler.AbstractHandlerMethodMapping$MappingRegistry:543] Mapped "{[/disease/check/query/{diseaseCode}],methods=[POST]}" onto public com.alpha.commons.web.ResponseMessage com.alpha.self.diagnosis.controller.DiseaseController.queryDiseaseCheck(java.lang.String)
2017-12-18 15:46:46,288 INFO [org.springframework.web.servlet.handler.AbstractHandlerMethodMapping$MappingRegistry:543] Mapped "{[/info],methods=[GET]}" onto public java.lang.String com.alpha.self.diagnosis.controller.MainController.test()
2017-12-18 15:46:46,289 INFO [org.springframework.web.servlet.handler.AbstractHandlerMethodMapping$MappingRegistry:543] Mapped "{[/getMedicalRecord],methods=[POST]}" onto public com.alpha.commons.web.ResponseMessage com.alpha.self.diagnosis.controller.MainController.getMedicalRecord()
2017-12-18 15:46:46,290 INFO [org.springframework.web.servlet.handler.AbstractHandlerMethodMapping$MappingRegistry:543] Mapped "{[/test/question],methods=[POST]}" onto public com.alpha.commons.web.ResponseMessage com.alpha.self.diagnosis.controller.MainController.medicineQuestion(java.lang.Integer)
2017-12-18 15:46:46,291 INFO [org.springframework.web.servlet.handler.AbstractHandlerMethodMapping$MappingRegistry:543] Mapped "{[/test/question2],methods=[POST],produces=[application/json;charset=UTF-8]}" onto public com.alpha.commons.web.ResponseMessage com.alpha.self.diagnosis.controller.MainController.medicineQuestion(java.lang.String,java.lang.String)
2017-12-18 15:46:46,294 INFO [org.springframework.web.servlet.handler.AbstractHandlerMethodMapping$MappingRegistry:543] Mapped "{[/treatscheme/get],methods=[POST]}" onto public com.alpha.commons.web.ResponseMessage com.alpha.self.diagnosis.controller.TreatSchemeController.treatScheme(com.alpha.self.diagnosis.pojo.vo.SearchRequestVo)
2017-12-18 15:46:46,294 INFO [org.springframework.web.servlet.handler.AbstractHandlerMethodMapping$MappingRegistry:543] Mapped "{[/treatscheme/diseaseList],methods=[POST]}" onto public com.alpha.commons.web.ResponseMessage com.alpha.self.diagnosis.controller.TreatSchemeController.diseaseList(com.alpha.self.diagnosis.pojo.vo.SearchRequestVo)
2017-12-18 15:46:46,298 INFO [org.springframework.web.servlet.handler.AbstractHandlerMethodMapping$MappingRegistry:543] Mapped "{[/feedback/put],methods=[POST]}" onto public com.alpha.commons.web.ResponseMessage com.alpha.user.controller.FeedBackController.authorization(com.alpha.server.rpc.user.pojo.UserFeedback)
2017-12-18 15:46:46,299 INFO [org.springframework.web.servlet.handler.AbstractHandlerMethodMapping$MappingRegistry:543] Mapped "{[/feedback/useful/query/{diagnosisId}],methods=[POST]}" onto public com.alpha.commons.web.ResponseMessage com.alpha.user.controller.FeedBackController.queryUseful(java.lang.Long)
2017-12-18 15:46:46,300 INFO [org.springframework.web.servlet.handler.AbstractHandlerMethodMapping$MappingRegistry:543] Mapped "{[/feedback/items/query],methods=[POST]}" onto public com.alpha.commons.web.ResponseMessage com.alpha.user.controller.FeedBackController.queryItems()
2017-12-18 15:46:46,303 INFO [org.springframework.web.servlet.handler.AbstractHandlerMethodMapping$MappingRegistry:543] Mapped "{[/user/query],methods=[POST]}" onto public com.alpha.commons.web.ResponseMessage com.alpha.user.controller.UserController.query(com.alpha.user.pojo.vo.HisUserInfoVo)
2017-12-18 15:46:46,304 INFO [org.springframework.web.servlet.handler.AbstractHandlerMethodMapping$MappingRegistry:543] Mapped "{[/user/auth],methods=[POST]}" onto public com.alpha.commons.web.ResponseMessage com.alpha.user.controller.UserController.authorization(java.lang.String,java.lang.Integer,java.lang.Integer)
2017-12-18 15:46:46,305 INFO [org.springframework.web.servlet.handler.AbstractHandlerMethodMapping$MappingRegistry:543] Mapped "{[/user/save],methods=[POST]}" onto public com.alpha.commons.web.ResponseMessage com.alpha.user.controller.UserController.saveUserInfo(java.lang.String)
2017-12-18 15:46:46,309 INFO [org.springframework.web.servlet.handler.AbstractHandlerMethodMapping$MappingRegistry:543] Mapped "{[/error]}" onto public org.springframework.http.ResponseEntity<java.util.Map<java.lang.String, java.lang.Object>> org.springframework.boot.autoconfigure.web.BasicErrorController.error(javax.servlet.http.HttpServletRequest)
2017-12-18 15:46:46,310 INFO [org.springframework.web.servlet.handler.AbstractHandlerMethodMapping$MappingRegistry:543] Mapped "{[/error],produces=[text/html]}" onto public org.springframework.web.servlet.ModelAndView org.springframework.boot.autoconfigure.web.BasicErrorController.errorHtml(javax.servlet.http.HttpServletRequest,javax.servlet.http.HttpServletResponse)
2017-12-18 15:46:46,952 INFO [org.springframework.web.servlet.handler.AbstractUrlHandlerMapping:362] Mapped URL path [/webjars/**] onto handler of type [class org.springframework.web.servlet.resource.ResourceHttpRequestHandler]
2017-12-18 15:46:46,953 INFO [org.springframework.web.servlet.handler.AbstractUrlHandlerMapping:362] Mapped URL path [/**] onto handler of type [class org.springframework.web.servlet.resource.ResourceHttpRequestHandler]
2017-12-18 15:46:47,072 INFO [org.springframework.web.servlet.mvc.method.annotation.ExceptionHandlerExceptionResolver:273] Detected @ExceptionHandler methods in controllerEnhancerment
2017-12-18 15:46:47,350 INFO [org.springframework.web.servlet.handler.AbstractUrlHandlerMapping:362] Mapped URL path [/**/favicon.ico] onto handler of type [class org.springframework.web.servlet.resource.ResourceHttpRequestHandler]
2017-12-18 15:46:52,906 INFO [org.springframework.boot.devtools.autoconfigure.OptionalLiveReloadServer:58] LiveReload server is running on port 35729
2017-12-18 15:46:55,258 INFO [org.springframework.jmx.export.MBeanExporter:431] Registering beans for JMX exposure on startup
2017-12-18 15:46:55,264 INFO [org.springframework.jmx.export.MBeanExporter:916] Bean with name 'dataSource' has been autodetected for JMX exposure
2017-12-18 15:46:55,304 INFO [org.springframework.jmx.export.MBeanExporter:916] Bean with name 'environmentManager' has been autodetected for JMX exposure
2017-12-18 15:46:55,306 INFO [org.springframework.jmx.export.MBeanExporter:916] Bean with name 'configurationPropertiesRebinder' has been autodetected for JMX exposure
2017-12-18 15:46:55,309 INFO [org.springframework.jmx.export.MBeanExporter:916] Bean with name 'refreshScope' has been autodetected for JMX exposure
2017-12-18 15:46:55,318 INFO [org.springframework.jmx.export.MBeanExporter:678] Located managed bean 'environmentManager': registering with JMX server as MBean [org.springframework.cloud.context.environment:name=environmentManager,type=EnvironmentManager]
2017-12-18 15:46:55,379 INFO [org.springframework.jmx.export.MBeanExporter:678] Located managed bean 'refreshScope': registering with JMX server as MBean [org.springframework.cloud.context.scope.refresh:name=refreshScope,type=RefreshScope]
2017-12-18 15:46:55,491 INFO [org.springframework.jmx.export.MBeanExporter:678] Located managed bean 'configurationPropertiesRebinder': registering with JMX server as MBean [org.springframework.cloud.context.properties:name=configurationPropertiesRebinder,context=2e0d1d55,type=ConfigurationPropertiesRebinder]
2017-12-18 15:46:55,522 INFO [org.springframework.jmx.export.MBeanExporter:671] Located MBean 'dataSource': registering with JMX server as MBean [com.alibaba.druid.pool:name=dataSource,type=DruidDataSource]
2017-12-18 15:46:55,937 INFO [org.springframework.context.support.DefaultLifecycleProcessor$LifecycleGroup:343] Starting beans in phase 0
2017-12-18 15:46:55,963 INFO [org.springframework.cloud.netflix.eureka.InstanceInfoFactory:70] Setting initial instance status as: STARTING
2017-12-18 15:46:56,129 INFO [com.netflix.discovery.DiscoveryClient:344] Initializing Eureka in region us-east-1
2017-12-18 15:46:56,744 INFO [com.netflix.discovery.provider.DiscoveryJerseyProvider:70] Using JSON encoding codec LegacyJacksonJson
2017-12-18 15:46:56,745 INFO [com.netflix.discovery.provider.DiscoveryJerseyProvider:71] Using JSON decoding codec LegacyJacksonJson
2017-12-18 15:46:57,065 INFO [com.netflix.discovery.provider.DiscoveryJerseyProvider:80] Using XML encoding codec XStreamXml
2017-12-18 15:46:57,066 INFO [com.netflix.discovery.provider.DiscoveryJerseyProvider:81] Using XML decoding codec XStreamXml
2017-12-18 15:46:58,552 INFO [com.netflix.discovery.shared.resolver.aws.ConfigClusterResolver:43] Resolving eureka endpoints via configuration
2017-12-18 15:46:58,723 INFO [com.netflix.discovery.DiscoveryClient:920] Disable delta property : false
2017-12-18 15:46:58,724 INFO [com.netflix.discovery.DiscoveryClient:921] Single vip registry refresh property : null
2017-12-18 15:46:58,725 INFO [com.netflix.discovery.DiscoveryClient:922] Force full registry fetch : false
2017-12-18 15:46:58,726 INFO [com.netflix.discovery.DiscoveryClient:923] Application is null : false
2017-12-18 15:46:58,727 INFO [com.netflix.discovery.DiscoveryClient:924] Registered Applications size is zero : true
2017-12-18 15:46:58,728 INFO [com.netflix.discovery.DiscoveryClient:926] Application version is -1: true
2017-12-18 15:46:58,728 INFO [com.netflix.discovery.DiscoveryClient:1009] Getting all instance registry info from the eureka server
2017-12-18 15:46:59,048 INFO [com.netflix.discovery.DiscoveryClient:1018] The response status is 200
2017-12-18 15:46:59,052 INFO [com.netflix.discovery.DiscoveryClient:1244] Starting heartbeat executor: renew interval is: 5
2017-12-18 15:46:59,060 INFO [com.netflix.discovery.InstanceInfoReplicator:59] InstanceInfoReplicator onDemand update allowed rate per min is 4
2017-12-18 15:46:59,072 INFO [com.netflix.discovery.DiscoveryClient:425] Discovery Client initialized at timestamp 1513583219072 with initial instances count: 0
2017-12-18 15:46:59,441 INFO [org.springframework.cloud.netflix.eureka.serviceregistry.EurekaServiceRegistry:40] Registering application alpha-self-diagnosis with eureka with status UP
2017-12-18 15:46:59,443 INFO [com.netflix.discovery.DiscoveryClient$3:1279] Saw local status change event StatusChangeEvent [timestamp=1513583219443, current=UP, previous=STARTING]
2017-12-18 15:46:59,491 INFO [org.apache.juli.logging.DirectJDKLog:179] Initializing ProtocolHandler ["http-nio-19092"]
2017-12-18 15:46:59,550 INFO [org.apache.juli.logging.DirectJDKLog:179] Starting ProtocolHandler ["http-nio-19092"]
2017-12-18 15:46:59,581 INFO [org.apache.juli.logging.DirectJDKLog:179] Using a shared selector for servlet write/read
2017-12-18 15:46:59,675 INFO [com.netflix.discovery.DiscoveryClient:795] DiscoveryClient_ALPHA-SELF-DIAGNOSIS/PC-20160606PUVI:alpha-self-diagnosis:19092: registering service...
2017-12-18 15:46:59,686 INFO [org.springframework.boot.context.embedded.tomcat.TomcatEmbeddedServletContainer:201] Tomcat started on port(s): 19092 (http)
2017-12-18 15:46:59,693 INFO [org.springframework.cloud.netflix.eureka.serviceregistry.EurekaAutoServiceRegistration:117] Updating port to 19092
2017-12-18 15:46:59,705 INFO [org.springframework.boot.StartupInfoLogger:57] Started AlphaApplication in 42.893 seconds (JVM running for 44.455)
2017-12-18 15:47:00,588 INFO [com.netflix.discovery.DiscoveryClient:804] DiscoveryClient_ALPHA-SELF-DIAGNOSIS/PC-20160606PUVI:alpha-self-diagnosis:19092 - registration status: 204
2017-12-18 15:47:04,056 INFO [com.netflix.discovery.DiscoveryClient:920] Disable delta property : false
2017-12-18 15:47:04,056 INFO [com.netflix.discovery.DiscoveryClient:921] Single vip registry refresh property : null
2017-12-18 15:47:04,057 INFO [com.netflix.discovery.DiscoveryClient:922] Force full registry fetch : false
2017-12-18 15:47:04,058 INFO [com.netflix.discovery.DiscoveryClient:923] Application is null : false
2017-12-18 15:47:04,059 INFO [com.netflix.discovery.DiscoveryClient:924] Registered Applications size is zero : true
2017-12-18 15:47:04,059 INFO [com.netflix.discovery.DiscoveryClient:926] Application version is -1: false
2017-12-18 15:47:04,059 INFO [com.netflix.discovery.DiscoveryClient:1009] Getting all instance registry info from the eureka server
2017-12-18 15:47:04,120 INFO [com.netflix.discovery.DiscoveryClient:1018] The response status is 200
2017-12-18 15:50:18,726 INFO [org.apache.juli.logging.DirectJDKLog:179] Initializing Spring FrameworkServlet 'dispatcherServlet'
2017-12-18 15:50:18,727 INFO [org.springframework.web.servlet.FrameworkServlet:489] FrameworkServlet 'dispatcherServlet': initialization started
2017-12-18 15:50:18,871 INFO [org.springframework.web.servlet.FrameworkServlet:508] FrameworkServlet 'dispatcherServlet': initialization completed in 140 ms
2017-12-18 15:50:19,137 INFO [com.alpha.self.diagnosis.controller.DiagnosisController:133] 循环获取下一个问题: {"answers":[{"answerTitle":"xxx","content":"xxx"}],"diagnosisId":3856,"inType":1,"questionCode":"9990","sympCode":"54","systemType":"pre","type":99,"userId":"1012"}
2017-12-18 15:50:19,369 INFO [com.alibaba.druid.pool.DruidDataSource:715] {dataSource-1} inited
2017-12-18 15:50:20,000 INFO [org.springframework.beans.factory.xml.XmlBeanDefinitionReader:317] Loading XML bean definitions from class path resource [org/springframework/jdbc/support/sql-error-codes.xml]
2017-12-18 15:50:20,095 INFO [org.springframework.jdbc.support.SQLErrorCodesFactory:127] SQLErrorCodes loaded: [DB2, Derby, H2, HSQL, Informix, MS-SQL, MySQL, Oracle, PostgreSQL, Sybase, Hana]
2017-12-18 15:51:00,388 INFO [org.springframework.context.support.AbstractApplicationContext:984] Closing org.springframework.context.annotation.AnnotationConfigApplicationContext@61de1c68: startup date [Mon Dec 18 15:46:18 CST 2017]; root of context hierarchy
2017-12-18 15:51:00,391 INFO [org.springframework.context.support.AbstractApplicationContext:984] Closing org.springframework.boot.context.embedded.AnnotationConfigEmbeddedWebApplicationContext@2e0d1d55: startup date [Mon Dec 18 15:46:20 CST 2017]; parent: org.springframework.context.annotation.AnnotationConfigApplicationContext@61de1c68
2017-12-18 15:51:00,391 INFO [org.springframework.cloud.netflix.eureka.serviceregistry.EurekaServiceRegistry:64] Unregistering application alpha-self-diagnosis with eureka with status DOWN
2017-12-18 15:51:00,392 WARN [com.netflix.discovery.DiscoveryClient$3:1277] Saw local status change event StatusChangeEvent [timestamp=1513583460392, current=DOWN, previous=UP]
2017-12-18 15:51:00,392 INFO [com.netflix.discovery.DiscoveryClient:852] Shutting down DiscoveryClient ...
2017-12-18 15:51:00,393 INFO [com.netflix.discovery.DiscoveryClient:884] Unregistering ...
2017-12-18 15:51:00,403 INFO [com.netflix.discovery.DiscoveryClient:886] DiscoveryClient_ALPHA-SELF-DIAGNOSIS/PC-20160606PUVI:alpha-self-diagnosis:19092 - deregister  status: 200
2017-12-18 15:51:00,421 INFO [com.netflix.discovery.DiscoveryClient:873] Completed shut down of DiscoveryClient
2017-12-18 15:51:00,424 INFO [org.springframework.context.support.DefaultLifecycleProcessor$LifecycleGroup:358] Stopping beans in phase 0
2017-12-18 15:51:00,425 INFO [org.springframework.jmx.export.MBeanExporter:449] Unregistering JMX-exposed beans on shutdown
2017-12-18 15:51:00,426 INFO [org.springframework.jmx.support.MBeanRegistrationSupport:241] Unregistering JMX-exposed beans
2017-12-18 15:51:00,470 WARN [com.netflix.config.sources.URLConfigurationSource:121] No URLs will be polled as dynamic configuration sources.
2017-12-18 15:51:00,470 INFO [com.netflix.config.sources.URLConfigurationSource:122] To enable URLs as dynamic configuration sources, define System property archaius.configurationSource.additionalUrls or make config.properties available on classpath.
2017-12-18 15:51:00,487 INFO [com.alibaba.druid.pool.DruidDataSource:1444] {dataSource-1} closed
2017-12-18 15:51:01,056 INFO [com.alpha.self.diagnosis.AlphaApplication:39] SpringApplicationBuilder run .... 
2017-12-18 15:51:11,817 INFO [com.alpha.self.diagnosis.AlphaApplication:39] SpringApplicationBuilder run .... 
2017-12-18 15:51:12,705 INFO [com.alpha.self.diagnosis.AlphaApplication:39] SpringApplicationBuilder run .... 
2017-12-18 15:51:14,541 INFO [org.springframework.context.support.AbstractApplicationContext:583] Refreshing org.springframework.context.annotation.AnnotationConfigApplicationContext@28c30519: startup date [Mon Dec 18 15:51:14 CST 2017]; root of context hierarchy
2017-12-18 15:51:14,968 INFO [org.hibernate.validator.internal.util.Version:30] HV000001: Hibernate Validator 5.3.5.Final
2017-12-18 15:51:15,849 INFO [org.springframework.beans.factory.annotation.AutowiredAnnotationBeanPostProcessor:155] JSR-330 'javax.inject.Inject' annotation found and supported for autowiring
2017-12-18 15:51:16,107 INFO [org.springframework.context.support.PostProcessorRegistrationDelegate$BeanPostProcessorChecker:325] Bean 'configurationPropertiesRebinderAutoConfiguration' of type [org.springframework.cloud.autoconfigure.ConfigurationPropertiesRebinderAutoConfiguration$$EnhancerBySpringCGLIB$$b11e9730] is not eligible for getting processed by all BeanPostProcessors (for example: not eligible for auto-proxying)
2017-12-18 15:51:17,853 INFO [org.springframework.boot.SpringApplication:597] The following profiles are active: core
2017-12-18 15:51:17,989 INFO [org.springframework.context.support.AbstractApplicationContext:583] Refreshing org.springframework.boot.context.embedded.AnnotationConfigEmbeddedWebApplicationContext@5f2831a6: startup date [Mon Dec 18 15:51:17 CST 2017]; parent: org.springframework.context.annotation.AnnotationConfigApplicationContext@28c30519
2017-12-18 15:51:28,206 INFO [org.springframework.cloud.context.scope.GenericScope:263] BeanFactory id=e1454411-bbdc-3bab-930f-56a69686bbf8
2017-12-18 15:51:28,331 INFO [com.alpha.self.diagnosis.processor.spring.BeanScannerConfigurer:28] 初始化 BasicAnswerProcessor  服务配置
2017-12-18 15:51:28,414 INFO [org.springframework.beans.factory.support.DefaultListableBeanFactory:828] Overriding bean definition for bean 'allergicHistoryAnswerProcessor' with a different definition: replacing [Generic bean: class [com.alpha.self.diagnosis.processor.AllergicHistoryAnswerProcessor]; scope=singleton; abstract=false; lazyInit=false; autowireMode=0; dependencyCheck=0; autowireCandidate=true; primary=false; factoryBeanName=null; factoryMethodName=null; initMethodName=null; destroyMethodName=null; defined in file [F:\iebm\workspace\alpha\branch\v1.0.3\alpha\alpha-self-diagnosis\target\classes\com\alpha\self\diagnosis\processor\AllergicHistoryAnswerProcessor.class]] with [Generic bean: class [com.alpha.self.diagnosis.processor.AllergicHistoryAnswerProcessor]; scope=singleton; abstract=false; lazyInit=false; autowireMode=0; dependencyCheck=0; autowireCandidate=true; primary=false; factoryBeanName=null; factoryMethodName=null; initMethodName=null; destroyMethodName=null; defined in file [F:\iebm\workspace\alpha\branch\v1.0.3\alpha\alpha-self-diagnosis\target\classes\com\alpha\self\diagnosis\processor\AllergicHistoryAnswerProcessor.class]]
2017-12-18 15:51:28,415 INFO [org.springframework.beans.factory.support.DefaultListableBeanFactory:828] Overriding bean definition for bean 'birthProcessor' with a different definition: replacing [Generic bean: class [com.alpha.self.diagnosis.processor.BirthProcessor]; scope=singleton; abstract=false; lazyInit=false; autowireMode=0; dependencyCheck=0; autowireCandidate=true; primary=false; factoryBeanName=null; factoryMethodName=null; initMethodName=null; destroyMethodName=null; defined in file [F:\iebm\workspace\alpha\branch\v1.0.3\alpha\alpha-self-diagnosis\target\classes\com\alpha\self\diagnosis\processor\BirthProcessor.class]] with [Generic bean: class [com.alpha.self.diagnosis.processor.BirthProcessor]; scope=singleton; abstract=false; lazyInit=false; autowireMode=0; dependencyCheck=0; autowireCandidate=true; primary=false; factoryBeanName=null; factoryMethodName=null; initMethodName=null; destroyMethodName=null; defined in file [F:\iebm\workspace\alpha\branch\v1.0.3\alpha\alpha-self-diagnosis\target\classes\com\alpha\self\diagnosis\processor\BirthProcessor.class]]
2017-12-18 15:51:28,417 INFO [org.springframework.beans.factory.support.DefaultListableBeanFactory:828] Overriding bean definition for bean 'liverRenalProcessor' with a different definition: replacing [Generic bean: class [com.alpha.self.diagnosis.processor.LiverRenalProcessor]; scope=singleton; abstract=false; lazyInit=false; autowireMode=0; dependencyCheck=0; autowireCandidate=true; primary=false; factoryBeanName=null; factoryMethodName=null; initMethodName=null; destroyMethodName=null; defined in file [F:\iebm\workspace\alpha\branch\v1.0.3\alpha\alpha-self-diagnosis\target\classes\com\alpha\self\diagnosis\processor\LiverRenalProcessor.class]] with [Generic bean: class [com.alpha.self.diagnosis.processor.LiverRenalProcessor]; scope=singleton; abstract=false; lazyInit=false; autowireMode=0; dependencyCheck=0; autowireCandidate=true; primary=false; factoryBeanName=null; factoryMethodName=null; initMethodName=null; destroyMethodName=null; defined in file [F:\iebm\workspace\alpha\branch\v1.0.3\alpha\alpha-self-diagnosis\target\classes\com\alpha\self\diagnosis\processor\LiverRenalProcessor.class]]
2017-12-18 15:51:28,418 INFO [org.springframework.beans.factory.support.DefaultListableBeanFactory:828] Overriding bean definition for bean 'normalAnswerProcessor' with a different definition: replacing [Generic bean: class [com.alpha.self.diagnosis.processor.NormalAnswerProcessor]; scope=singleton; abstract=false; lazyInit=false; autowireMode=0; dependencyCheck=0; autowireCandidate=true; primary=false; factoryBeanName=null; factoryMethodName=null; initMethodName=null; destroyMethodName=null; defined in file [F:\iebm\workspace\alpha\branch\v1.0.3\alpha\alpha-self-diagnosis\target\classes\com\alpha\self\diagnosis\processor\NormalAnswerProcessor.class]] with [Generic bean: class [com.alpha.self.diagnosis.processor.NormalAnswerProcessor]; scope=singleton; abstract=false; lazyInit=false; autowireMode=0; dependencyCheck=0; autowireCandidate=true; primary=false; factoryBeanName=null; factoryMethodName=null; initMethodName=null; destroyMethodName=null; defined in file [F:\iebm\workspace\alpha\branch\v1.0.3\alpha\alpha-self-diagnosis\target\classes\com\alpha\self\diagnosis\processor\NormalAnswerProcessor.class]]
2017-12-18 15:51:28,420 INFO [org.springframework.beans.factory.support.DefaultListableBeanFactory:828] Overriding bean definition for bean 'pastmedicalHistoryProcessor' with a different definition: replacing [Generic bean: class [com.alpha.self.diagnosis.processor.PastmedicalHistoryProcessor]; scope=singleton; abstract=false; lazyInit=false; autowireMode=0; dependencyCheck=0; autowireCandidate=true; primary=false; factoryBeanName=null; factoryMethodName=null; initMethodName=null; destroyMethodName=null; defined in file [F:\iebm\workspace\alpha\branch\v1.0.3\alpha\alpha-self-diagnosis\target\classes\com\alpha\self\diagnosis\processor\PastmedicalHistoryProcessor.class]] with [Generic bean: class [com.alpha.self.diagnosis.processor.PastmedicalHistoryProcessor]; scope=singleton; abstract=false; lazyInit=false; autowireMode=0; dependencyCheck=0; autowireCandidate=true; primary=false; factoryBeanName=null; factoryMethodName=null; initMethodName=null; destroyMethodName=null; defined in file [F:\iebm\workspace\alpha\branch\v1.0.3\alpha\alpha-self-diagnosis\target\classes\com\alpha\self\diagnosis\processor\PastmedicalHistoryProcessor.class]]
2017-12-18 15:51:28,421 INFO [org.springframework.beans.factory.support.DefaultListableBeanFactory:828] Overriding bean definition for bean 'weightProcessor' with a different definition: replacing [Generic bean: class [com.alpha.self.diagnosis.processor.WeightProcessor]; scope=singleton; abstract=false; lazyInit=false; autowireMode=0; dependencyCheck=0; autowireCandidate=true; primary=false; factoryBeanName=null; factoryMethodName=null; initMethodName=null; destroyMethodName=null; defined in file [F:\iebm\workspace\alpha\branch\v1.0.3\alpha\alpha-self-diagnosis\target\classes\com\alpha\self\diagnosis\processor\WeightProcessor.class]] with [Generic bean: class [com.alpha.self.diagnosis.processor.WeightProcessor]; scope=singleton; abstract=false; lazyInit=false; autowireMode=0; dependencyCheck=0; autowireCandidate=true; primary=false; factoryBeanName=null; factoryMethodName=null; initMethodName=null; destroyMethodName=null; defined in file [F:\iebm\workspace\alpha\branch\v1.0.3\alpha\alpha-self-diagnosis\target\classes\com\alpha\self\diagnosis\processor\WeightProcessor.class]]
2017-12-18 15:51:28,428 INFO [com.alpha.self.diagnosis.processor.spring.BeanScannerConfigurer:32] 初始化 BasicAnswerProcessor 完成
2017-12-18 15:51:29,421 INFO [org.springframework.beans.factory.annotation.AutowiredAnnotationBeanPostProcessor:155] JSR-330 'javax.inject.Inject' annotation found and supported for autowiring
2017-12-18 15:51:30,220 INFO [org.springframework.context.support.PostProcessorRegistrationDelegate$BeanPostProcessorChecker:325] Bean 'org.springframework.transaction.annotation.ProxyTransactionManagementConfiguration' of type [org.springframework.transaction.annotation.ProxyTransactionManagementConfiguration$$EnhancerBySpringCGLIB$$95049433] is not eligible for getting processed by all BeanPostProcessors (for example: not eligible for auto-proxying)
2017-12-18 15:51:31,176 INFO [org.springframework.context.support.PostProcessorRegistrationDelegate$BeanPostProcessorChecker:325] Bean 'org.springframework.cloud.autoconfigure.ConfigurationPropertiesRebinderAutoConfiguration' of type [org.springframework.cloud.autoconfigure.ConfigurationPropertiesRebinderAutoConfiguration$$EnhancerBySpringCGLIB$$b11e9730] is not eligible for getting processed by all BeanPostProcessors (for example: not eligible for auto-proxying)
2017-12-18 15:51:34,177 INFO [org.springframework.boot.context.embedded.tomcat.TomcatEmbeddedServletContainer:89] Tomcat initialized with port(s): 19092 (http)
2017-12-18 15:51:34,216 INFO [org.apache.juli.logging.DirectJDKLog:179] Starting service [Tomcat]
2017-12-18 15:51:34,220 INFO [org.apache.juli.logging.DirectJDKLog:179] Starting Servlet Engine: Apache Tomcat/8.5.20
2017-12-18 15:51:34,969 INFO [org.apache.juli.logging.DirectJDKLog:179] Initializing Spring embedded WebApplicationContext
2017-12-18 15:51:34,971 INFO [org.springframework.boot.context.embedded.EmbeddedWebApplicationContext:276] Root WebApplicationContext: initialization completed in 16982 ms
2017-12-18 15:51:37,425 INFO [org.springframework.boot.web.servlet.ServletRegistrationBean:190] Mapping servlet: 'dispatcherServlet' to [/]
2017-12-18 15:51:37,429 INFO [org.springframework.boot.web.servlet.ServletRegistrationBean:190] Mapping servlet: 'com.alpha.commons.config.servlet.DruidStatViewServlet' to [/druid/*]
2017-12-18 15:51:37,455 INFO [org.springframework.boot.web.servlet.AbstractFilterRegistrationBean:258] Mapping filter: 'characterEncodingFilter' to: [/*]
2017-12-18 15:51:37,457 INFO [org.springframework.boot.web.servlet.AbstractFilterRegistrationBean:258] Mapping filter: 'hiddenHttpMethodFilter' to: [/*]
2017-12-18 15:51:37,458 INFO [org.springframework.boot.web.servlet.AbstractFilterRegistrationBean:258] Mapping filter: 'httpPutFormContentFilter' to: [/*]
2017-12-18 15:51:37,459 INFO [org.springframework.boot.web.servlet.AbstractFilterRegistrationBean:258] Mapping filter: 'requestContextFilter' to: [/*]
2017-12-18 15:51:37,460 INFO [org.springframework.boot.web.servlet.AbstractFilterRegistrationBean:271] Mapping filter: 'com.alpha.self.diagnosis.converter.ParamDecryptServletRequestFilter' to urls: [/*]
2017-12-18 15:51:37,461 INFO [org.springframework.boot.web.servlet.AbstractFilterRegistrationBean:271] Mapping filter: 'com.alpha.commons.config.filter.CorsFilter' to urls: [/*]
2017-12-18 15:51:37,461 INFO [org.springframework.boot.web.servlet.AbstractFilterRegistrationBean:271] Mapping filter: 'druidWebStatFilter' to urls: [/*]
2017-12-18 15:51:37,554 INFO [com.alpha.self.diagnosis.listener.DiagnosisContextListener:27] DiagnosisContextListener contextInitialized starting...
2017-12-18 15:51:37,579 INFO [com.alpha.self.diagnosis.processor.BasicAnswerProcessorAdaptor:154] 6 processor will be register.
2017-12-18 15:51:38,486 INFO [com.alpha.commons.config.DruidConfiguration$Druid:66] DruidConfiguration init completed................
2017-12-18 15:51:46,072 INFO [com.alpha.self.diagnosis.listener.DiagnosisContextListener:34] DiagnosisContextListener contextInitialized completed
2017-12-18 15:51:46,090 INFO [com.alpha.self.diagnosis.converter.ParamDecryptServletRequestFilter:33] 需要解密的参数字段 --> null
2017-12-18 15:51:52,048 WARN [com.netflix.config.sources.URLConfigurationSource:121] No URLs will be polled as dynamic configuration sources.
2017-12-18 15:51:52,049 INFO [com.netflix.config.sources.URLConfigurationSource:122] To enable URLs as dynamic configuration sources, define System property archaius.configurationSource.additionalUrls or make config.properties available on classpath.
2017-12-18 15:51:52,061 WARN [com.netflix.config.sources.URLConfigurationSource:121] No URLs will be polled as dynamic configuration sources.
2017-12-18 15:51:52,062 INFO [com.netflix.config.sources.URLConfigurationSource:122] To enable URLs as dynamic configuration sources, define System property archaius.configurationSource.additionalUrls or make config.properties available on classpath.
2017-12-18 15:51:54,045 INFO [org.springframework.web.servlet.mvc.method.annotation.RequestMappingHandlerAdapter:534] Looking for @ControllerAdvice: org.springframework.boot.context.embedded.AnnotationConfigEmbeddedWebApplicationContext@5f2831a6: startup date [Mon Dec 18 15:51:17 CST 2017]; parent: org.springframework.context.annotation.AnnotationConfigApplicationContext@28c30519
2017-12-18 15:51:54,684 INFO [org.springframework.web.servlet.handler.AbstractHandlerMethodMapping$MappingRegistry:543] Mapped "{[/data/search/concsymp],methods=[POST]}" onto public com.alpha.commons.web.ResponseMessage com.alpha.self.diagnosis.controller.DataSearchController.diagnosisStart(com.alpha.self.diagnosis.pojo.vo.SearchRequestVo)
2017-12-18 15:51:54,688 INFO [org.springframework.web.servlet.handler.AbstractHandlerMethodMapping$MappingRegistry:543] Mapped "{[/data/search/weight],methods=[POST]}" onto public com.alpha.commons.web.ResponseMessage com.alpha.self.diagnosis.controller.DataSearchController.weightSearch(com.alpha.user.pojo.vo.HisUserInfoVo)
2017-12-18 15:51:54,689 INFO [org.springframework.web.servlet.handler.AbstractHandlerMethodMapping$MappingRegistry:543] Mapped "{[/data/search/pastmedicalHistory],methods=[POST]}" onto public com.alpha.commons.web.ResponseMessage com.alpha.self.diagnosis.controller.DataSearchController.pastmedicalHistorySearch(com.alpha.self.diagnosis.pojo.vo.SearchRequestVo)
2017-12-18 15:51:54,690 INFO [org.springframework.web.servlet.handler.AbstractHandlerMethodMapping$MappingRegistry:543] Mapped "{[/data/search/allergicHistory],methods=[POST]}" onto public com.alpha.commons.web.ResponseMessage com.alpha.self.diagnosis.controller.DataSearchController.allergicHistorySearch(com.alpha.self.diagnosis.pojo.vo.SearchRequestVo)
2017-12-18 15:51:54,692 INFO [org.springframework.web.servlet.handler.AbstractHandlerMethodMapping$MappingRegistry:543] Mapped "{[/data/search/mainSymptom],methods=[POST]}" onto public com.alpha.commons.web.ResponseMessage com.alpha.self.diagnosis.controller.DataSearchController.mainSymptomSearch(java.lang.Long,java.lang.Integer,java.lang.String)
2017-12-18 15:51:54,701 INFO [org.springframework.web.servlet.handler.AbstractHandlerMethodMapping$MappingRegistry:543] Mapped "{[/diagnosis/outcome/get],methods=[POST]}" onto public com.alpha.commons.web.ResponseMessage com.alpha.self.diagnosis.controller.DiagnosisController.getOutcome(java.lang.Long)
2017-12-18 15:51:54,703 INFO [org.springframework.web.servlet.handler.AbstractHandlerMethodMapping$MappingRegistry:543] Mapped "{[/diagnosis/start],methods=[POST],consumes=[application/json || application/x-www-form-urlencoded]}" onto public com.alpha.commons.web.ResponseMessage com.alpha.self.diagnosis.controller.DiagnosisController.diagnosisStart(com.alpha.self.diagnosis.pojo.vo.DiagnosisStartReqeustVo)
2017-12-18 15:51:54,704 INFO [org.springframework.web.servlet.handler.AbstractHandlerMethodMapping$MappingRegistry:543] Mapped "{[/diagnosis/basic/next],methods=[POST]}" onto public com.alpha.commons.web.ResponseMessage com.alpha.self.diagnosis.controller.DiagnosisController.diagnosisNext(com.alpha.self.diagnosis.pojo.vo.QuestionRequestVo)
2017-12-18 15:51:54,705 INFO [org.springframework.web.servlet.handler.AbstractHandlerMethodMapping$MappingRegistry:543] Mapped "{[/diagnosis/outcome/confirm],methods=[POST]}" onto public com.alpha.commons.web.ResponseMessage com.alpha.self.diagnosis.controller.DiagnosisController.confirmOutcome(java.lang.Long,java.lang.String)
2017-12-18 15:51:54,706 INFO [org.springframework.web.servlet.handler.AbstractHandlerMethodMapping$MappingRegistry:543] Mapped "{[/diagnosis/diseaseHistory],methods=[POST]}" onto public com.alpha.commons.web.ResponseMessage com.alpha.self.diagnosis.controller.DiagnosisController.diseaseHistory(com.alpha.self.diagnosis.pojo.vo.DiseaseHistoryRequestVo)
2017-12-18 15:51:54,707 INFO [org.springframework.web.servlet.handler.AbstractHandlerMethodMapping$MappingRegistry:543] Mapped "{[/diagnosis/medicine/next],methods=[POST]}" onto public com.alpha.commons.web.ResponseMessage com.alpha.self.diagnosis.controller.DiagnosisController.diagnosisMedicineNext(java.lang.String)
2017-12-18 15:51:54,708 INFO [org.springframework.web.servlet.handler.AbstractHandlerMethodMapping$MappingRegistry:543] Mapped "{[/diagnosis/showResult],methods=[POST]}" onto public com.alpha.commons.web.ResponseMessage com.alpha.self.diagnosis.controller.DiagnosisController.showDiagnosisResult(com.alpha.self.diagnosis.pojo.vo.BasicRequestVo)
2017-12-18 15:51:54,709 INFO [org.springframework.web.servlet.handler.AbstractHandlerMethodMapping$MappingRegistry:543] Mapped "{[/diagnosis/queryMedicalRecord4His/{idcard}],methods=[POST]}" onto public com.alpha.commons.web.ResponseMessage com.alpha.self.diagnosis.controller.DiagnosisController.queryMedicalRecord4His(java.lang.String)
2017-12-18 15:51:54,710 INFO [org.springframework.web.servlet.handler.AbstractHandlerMethodMapping$MappingRegistry:543] Mapped "{[/diagnosis/queryBasicQuestion],methods=[POST]}" onto public com.alpha.commons.web.ResponseMessage com.alpha.self.diagnosis.controller.DiagnosisController.queryBasicQuestion(com.alpha.user.controller.req.vo.PatientInfo)
2017-12-18 15:51:54,719 INFO [org.springframework.web.servlet.handler.AbstractHandlerMethodMapping$MappingRegistry:543] Mapped "{[/disease/dept/query/{diseaseCode}],methods=[POST]}" onto public com.alpha.commons.web.ResponseMessage com.alpha.self.diagnosis.controller.DiseaseController.queryDepartment(java.lang.String)
2017-12-18 15:51:54,720 INFO [org.springframework.web.servlet.handler.AbstractHandlerMethodMapping$MappingRegistry:543] Mapped "{[/disease/treatmentadvice/query/{diseaseCode}],methods=[POST]}" onto public com.alpha.commons.web.ResponseMessage com.alpha.self.diagnosis.controller.DiseaseController.queryTreatmentAdvice(java.lang.String)
2017-12-18 15:51:54,721 INFO [org.springframework.web.servlet.handler.AbstractHandlerMethodMapping$MappingRegistry:543] Mapped "{[/disease/check/query/{diseaseCode}],methods=[POST]}" onto public com.alpha.commons.web.ResponseMessage com.alpha.self.diagnosis.controller.DiseaseController.queryDiseaseCheck(java.lang.String)
2017-12-18 15:51:54,728 INFO [org.springframework.web.servlet.handler.AbstractHandlerMethodMapping$MappingRegistry:543] Mapped "{[/info],methods=[GET]}" onto public java.lang.String com.alpha.self.diagnosis.controller.MainController.test()
2017-12-18 15:51:54,729 INFO [org.springframework.web.servlet.handler.AbstractHandlerMethodMapping$MappingRegistry:543] Mapped "{[/getMedicalRecord],methods=[POST]}" onto public com.alpha.commons.web.ResponseMessage com.alpha.self.diagnosis.controller.MainController.getMedicalRecord()
2017-12-18 15:51:54,730 INFO [org.springframework.web.servlet.handler.AbstractHandlerMethodMapping$MappingRegistry:543] Mapped "{[/test/question],methods=[POST]}" onto public com.alpha.commons.web.ResponseMessage com.alpha.self.diagnosis.controller.MainController.medicineQuestion(java.lang.Integer)
2017-12-18 15:51:54,732 INFO [org.springframework.web.servlet.handler.AbstractHandlerMethodMapping$MappingRegistry:543] Mapped "{[/test/question2],methods=[POST],produces=[application/json;charset=UTF-8]}" onto public com.alpha.commons.web.ResponseMessage com.alpha.self.diagnosis.controller.MainController.medicineQuestion(java.lang.String,java.lang.String)
2017-12-18 15:51:54,734 INFO [org.springframework.web.servlet.handler.AbstractHandlerMethodMapping$MappingRegistry:543] Mapped "{[/treatscheme/get],methods=[POST]}" onto public com.alpha.commons.web.ResponseMessage com.alpha.self.diagnosis.controller.TreatSchemeController.treatScheme(com.alpha.self.diagnosis.pojo.vo.SearchRequestVo)
2017-12-18 15:51:54,735 INFO [org.springframework.web.servlet.handler.AbstractHandlerMethodMapping$MappingRegistry:543] Mapped "{[/treatscheme/diseaseList],methods=[POST]}" onto public com.alpha.commons.web.ResponseMessage com.alpha.self.diagnosis.controller.TreatSchemeController.diseaseList(com.alpha.self.diagnosis.pojo.vo.SearchRequestVo)
2017-12-18 15:51:54,740 INFO [org.springframework.web.servlet.handler.AbstractHandlerMethodMapping$MappingRegistry:543] Mapped "{[/feedback/put],methods=[POST]}" onto public com.alpha.commons.web.ResponseMessage com.alpha.user.controller.FeedBackController.authorization(com.alpha.server.rpc.user.pojo.UserFeedback)
2017-12-18 15:51:54,741 INFO [org.springframework.web.servlet.handler.AbstractHandlerMethodMapping$MappingRegistry:543] Mapped "{[/feedback/useful/query/{diagnosisId}],methods=[POST]}" onto public com.alpha.commons.web.ResponseMessage com.alpha.user.controller.FeedBackController.queryUseful(java.lang.Long)
2017-12-18 15:51:54,742 INFO [org.springframework.web.servlet.handler.AbstractHandlerMethodMapping$MappingRegistry:543] Mapped "{[/feedback/items/query],methods=[POST]}" onto public com.alpha.commons.web.ResponseMessage com.alpha.user.controller.FeedBackController.queryItems()
2017-12-18 15:51:54,746 INFO [org.springframework.web.servlet.handler.AbstractHandlerMethodMapping$MappingRegistry:543] Mapped "{[/user/query],methods=[POST]}" onto public com.alpha.commons.web.ResponseMessage com.alpha.user.controller.UserController.query(com.alpha.user.pojo.vo.HisUserInfoVo)
2017-12-18 15:51:54,747 INFO [org.springframework.web.servlet.handler.AbstractHandlerMethodMapping$MappingRegistry:543] Mapped "{[/user/auth],methods=[POST]}" onto public com.alpha.commons.web.ResponseMessage com.alpha.user.controller.UserController.authorization(java.lang.String,java.lang.Integer,java.lang.Integer)
2017-12-18 15:51:54,748 INFO [org.springframework.web.servlet.handler.AbstractHandlerMethodMapping$MappingRegistry:543] Mapped "{[/user/save],methods=[POST]}" onto public com.alpha.commons.web.ResponseMessage com.alpha.user.controller.UserController.saveUserInfo(java.lang.String)
2017-12-18 15:51:54,754 INFO [org.springframework.web.servlet.handler.AbstractHandlerMethodMapping$MappingRegistry:543] Mapped "{[/error]}" onto public org.springframework.http.ResponseEntity<java.util.Map<java.lang.String, java.lang.Object>> org.springframework.boot.autoconfigure.web.BasicErrorController.error(javax.servlet.http.HttpServletRequest)
2017-12-18 15:51:54,756 INFO [org.springframework.web.servlet.handler.AbstractHandlerMethodMapping$MappingRegistry:543] Mapped "{[/error],produces=[text/html]}" onto public org.springframework.web.servlet.ModelAndView org.springframework.boot.autoconfigure.web.BasicErrorController.errorHtml(javax.servlet.http.HttpServletRequest,javax.servlet.http.HttpServletResponse)
2017-12-18 15:51:55,600 INFO [org.springframework.web.servlet.handler.AbstractUrlHandlerMapping:362] Mapped URL path [/webjars/**] onto handler of type [class org.springframework.web.servlet.resource.ResourceHttpRequestHandler]
2017-12-18 15:51:55,601 INFO [org.springframework.web.servlet.handler.AbstractUrlHandlerMapping:362] Mapped URL path [/**] onto handler of type [class org.springframework.web.servlet.resource.ResourceHttpRequestHandler]
2017-12-18 15:51:55,761 INFO [org.springframework.web.servlet.mvc.method.annotation.ExceptionHandlerExceptionResolver:273] Detected @ExceptionHandler methods in controllerEnhancerment
2017-12-18 15:51:56,137 INFO [org.springframework.web.servlet.handler.AbstractUrlHandlerMapping:362] Mapped URL path [/**/favicon.ico] onto handler of type [class org.springframework.web.servlet.resource.ResourceHttpRequestHandler]
2017-12-18 15:52:03,130 INFO [org.springframework.boot.devtools.autoconfigure.OptionalLiveReloadServer:58] LiveReload server is running on port 35729
2017-12-18 15:52:05,908 INFO [org.springframework.jmx.export.MBeanExporter:431] Registering beans for JMX exposure on startup
2017-12-18 15:52:05,917 INFO [org.springframework.jmx.export.MBeanExporter:916] Bean with name 'dataSource' has been autodetected for JMX exposure
2017-12-18 15:52:05,975 INFO [org.springframework.jmx.export.MBeanExporter:916] Bean with name 'environmentManager' has been autodetected for JMX exposure
2017-12-18 15:52:05,979 INFO [org.springframework.jmx.export.MBeanExporter:916] Bean with name 'configurationPropertiesRebinder' has been autodetected for JMX exposure
2017-12-18 15:52:05,982 INFO [org.springframework.jmx.export.MBeanExporter:916] Bean with name 'refreshScope' has been autodetected for JMX exposure
2017-12-18 15:52:05,994 INFO [org.springframework.jmx.export.MBeanExporter:678] Located managed bean 'environmentManager': registering with JMX server as MBean [org.springframework.cloud.context.environment:name=environmentManager,type=EnvironmentManager]
2017-12-18 15:52:06,070 INFO [org.springframework.jmx.export.MBeanExporter:678] Located managed bean 'refreshScope': registering with JMX server as MBean [org.springframework.cloud.context.scope.refresh:name=refreshScope,type=RefreshScope]
2017-12-18 15:52:06,231 INFO [org.springframework.jmx.export.MBeanExporter:678] Located managed bean 'configurationPropertiesRebinder': registering with JMX server as MBean [org.springframework.cloud.context.properties:name=configurationPropertiesRebinder,context=5f2831a6,type=ConfigurationPropertiesRebinder]
2017-12-18 15:52:06,271 INFO [org.springframework.jmx.export.MBeanExporter:671] Located MBean 'dataSource': registering with JMX server as MBean [com.alibaba.druid.pool:name=dataSource,type=DruidDataSource]
2017-12-18 15:52:06,690 INFO [org.springframework.context.support.DefaultLifecycleProcessor$LifecycleGroup:343] Starting beans in phase 0
2017-12-18 15:52:06,715 INFO [org.springframework.cloud.netflix.eureka.InstanceInfoFactory:70] Setting initial instance status as: STARTING
2017-12-18 15:52:06,894 INFO [com.netflix.discovery.DiscoveryClient:344] Initializing Eureka in region us-east-1
2017-12-18 15:52:07,490 INFO [com.netflix.discovery.provider.DiscoveryJerseyProvider:70] Using JSON encoding codec LegacyJacksonJson
2017-12-18 15:52:07,491 INFO [com.netflix.discovery.provider.DiscoveryJerseyProvider:71] Using JSON decoding codec LegacyJacksonJson
2017-12-18 15:52:08,036 INFO [com.netflix.discovery.provider.DiscoveryJerseyProvider:80] Using XML encoding codec XStreamXml
2017-12-18 15:52:08,037 INFO [com.netflix.discovery.provider.DiscoveryJerseyProvider:81] Using XML decoding codec XStreamXml
2017-12-18 15:52:09,351 INFO [com.netflix.discovery.shared.resolver.aws.ConfigClusterResolver:43] Resolving eureka endpoints via configuration
2017-12-18 15:52:09,486 INFO [com.netflix.discovery.DiscoveryClient:920] Disable delta property : false
2017-12-18 15:52:09,487 INFO [com.netflix.discovery.DiscoveryClient:921] Single vip registry refresh property : null
2017-12-18 15:52:09,488 INFO [com.netflix.discovery.DiscoveryClient:922] Force full registry fetch : false
2017-12-18 15:52:09,489 INFO [com.netflix.discovery.DiscoveryClient:923] Application is null : false
2017-12-18 15:52:09,490 INFO [com.netflix.discovery.DiscoveryClient:924] Registered Applications size is zero : true
2017-12-18 15:52:09,491 INFO [com.netflix.discovery.DiscoveryClient:926] Application version is -1: true
2017-12-18 15:52:09,491 INFO [com.netflix.discovery.DiscoveryClient:1009] Getting all instance registry info from the eureka server
2017-12-18 15:52:09,849 INFO [com.netflix.discovery.DiscoveryClient:1018] The response status is 200
2017-12-18 15:52:09,853 INFO [com.netflix.discovery.DiscoveryClient:1244] Starting heartbeat executor: renew interval is: 5
2017-12-18 15:52:09,862 INFO [com.netflix.discovery.InstanceInfoReplicator:59] InstanceInfoReplicator onDemand update allowed rate per min is 4
2017-12-18 15:52:09,877 INFO [com.netflix.discovery.DiscoveryClient:425] Discovery Client initialized at timestamp 1513583529876 with initial instances count: 0
2017-12-18 15:52:10,390 INFO [org.springframework.cloud.netflix.eureka.serviceregistry.EurekaServiceRegistry:40] Registering application alpha-self-diagnosis with eureka with status UP
2017-12-18 15:52:10,394 INFO [com.netflix.discovery.DiscoveryClient$3:1279] Saw local status change event StatusChangeEvent [timestamp=1513583530394, current=UP, previous=STARTING]
2017-12-18 15:52:10,400 INFO [com.netflix.discovery.DiscoveryClient:795] DiscoveryClient_ALPHA-SELF-DIAGNOSIS/PC-20160606PUVI:alpha-self-diagnosis:19092: registering service...
2017-12-18 15:52:10,489 INFO [org.apache.juli.logging.DirectJDKLog:179] Initializing ProtocolHandler ["http-nio-19092"]
2017-12-18 15:52:10,573 INFO [org.apache.juli.logging.DirectJDKLog:179] Starting ProtocolHandler ["http-nio-19092"]
2017-12-18 15:52:10,614 INFO [org.apache.juli.logging.DirectJDKLog:179] Using a shared selector for servlet write/read
2017-12-18 15:52:10,684 INFO [com.netflix.discovery.DiscoveryClient:804] DiscoveryClient_ALPHA-SELF-DIAGNOSIS/PC-20160606PUVI:alpha-self-diagnosis:19092 - registration status: 204
2017-12-18 15:52:10,723 INFO [org.springframework.boot.context.embedded.tomcat.TomcatEmbeddedServletContainer:201] Tomcat started on port(s): 19092 (http)
2017-12-18 15:52:10,728 INFO [org.springframework.cloud.netflix.eureka.serviceregistry.EurekaAutoServiceRegistration:117] Updating port to 19092
2017-12-18 15:52:10,764 INFO [org.springframework.boot.StartupInfoLogger:57] Started AlphaApplication in 58.0 seconds (JVM running for 59.865)
2017-12-18 15:52:14,861 INFO [com.netflix.discovery.DiscoveryClient:920] Disable delta property : false
2017-12-18 15:52:14,862 INFO [com.netflix.discovery.DiscoveryClient:921] Single vip registry refresh property : null
2017-12-18 15:52:14,863 INFO [com.netflix.discovery.DiscoveryClient:922] Force full registry fetch : false
2017-12-18 15:52:14,865 INFO [com.netflix.discovery.DiscoveryClient:923] Application is null : false
2017-12-18 15:52:14,866 INFO [com.netflix.discovery.DiscoveryClient:924] Registered Applications size is zero : true
2017-12-18 15:52:14,866 INFO [com.netflix.discovery.DiscoveryClient:926] Application version is -1: false
2017-12-18 15:52:14,866 INFO [com.netflix.discovery.DiscoveryClient:1009] Getting all instance registry info from the eureka server
2017-12-18 15:52:14,871 INFO [com.netflix.discovery.DiscoveryClient:1018] The response status is 200
2017-12-18 15:52:19,876 INFO [com.netflix.discovery.DiscoveryClient:920] Disable delta property : false
2017-12-18 15:52:19,877 INFO [com.netflix.discovery.DiscoveryClient:921] Single vip registry refresh property : null
2017-12-18 15:52:19,877 INFO [com.netflix.discovery.DiscoveryClient:922] Force full registry fetch : false
2017-12-18 15:52:19,878 INFO [com.netflix.discovery.DiscoveryClient:923] Application is null : false
2017-12-18 15:52:19,878 INFO [com.netflix.discovery.DiscoveryClient:924] Registered Applications size is zero : true
2017-12-18 15:52:19,878 INFO [com.netflix.discovery.DiscoveryClient:926] Application version is -1: false
2017-12-18 15:52:19,879 INFO [com.netflix.discovery.DiscoveryClient:1009] Getting all instance registry info from the eureka server
2017-12-18 15:52:19,886 INFO [com.netflix.discovery.DiscoveryClient:1018] The response status is 200
2017-12-18 15:52:24,889 INFO [com.netflix.discovery.DiscoveryClient:920] Disable delta property : false
2017-12-18 15:52:24,889 INFO [com.netflix.discovery.DiscoveryClient:921] Single vip registry refresh property : null
2017-12-18 15:52:24,889 INFO [com.netflix.discovery.DiscoveryClient:922] Force full registry fetch : false
2017-12-18 15:52:24,889 INFO [com.netflix.discovery.DiscoveryClient:923] Application is null : false
2017-12-18 15:52:24,890 INFO [com.netflix.discovery.DiscoveryClient:924] Registered Applications size is zero : true
2017-12-18 15:52:24,890 INFO [com.netflix.discovery.DiscoveryClient:926] Application version is -1: false
2017-12-18 15:52:24,890 INFO [com.netflix.discovery.DiscoveryClient:1009] Getting all instance registry info from the eureka server
2017-12-18 15:52:24,893 INFO [com.netflix.discovery.DiscoveryClient:1018] The response status is 200
2017-12-18 15:52:29,071 INFO [org.apache.juli.logging.DirectJDKLog:179] Initializing Spring FrameworkServlet 'dispatcherServlet'
2017-12-18 15:52:29,072 INFO [org.springframework.web.servlet.FrameworkServlet:489] FrameworkServlet 'dispatcherServlet': initialization started
2017-12-18 15:52:29,328 INFO [org.springframework.web.servlet.FrameworkServlet:508] FrameworkServlet 'dispatcherServlet': initialization completed in 256 ms
2017-12-18 15:52:29,658 INFO [com.alpha.self.diagnosis.controller.DiagnosisController:133] 循环获取下一个问题: {"answers":[{"answerTitle":"xxx","content":"xxx"}],"diagnosisId":3856,"inType":1,"questionCode":"9990","sympCode":"54","systemType":"pre","type":99,"userId":"1012"}
2017-12-18 15:52:29,895 INFO [com.netflix.discovery.DiscoveryClient:920] Disable delta property : false
2017-12-18 15:52:29,895 INFO [com.netflix.discovery.DiscoveryClient:921] Single vip registry refresh property : null
2017-12-18 15:52:29,895 INFO [com.netflix.discovery.DiscoveryClient:922] Force full registry fetch : false
2017-12-18 15:52:29,896 INFO [com.netflix.discovery.DiscoveryClient:923] Application is null : false
2017-12-18 15:52:29,896 INFO [com.netflix.discovery.DiscoveryClient:924] Registered Applications size is zero : true
2017-12-18 15:52:29,897 INFO [com.netflix.discovery.DiscoveryClient:926] Application version is -1: false
2017-12-18 15:52:29,897 INFO [com.netflix.discovery.DiscoveryClient:1009] Getting all instance registry info from the eureka server
2017-12-18 15:52:29,902 INFO [com.netflix.discovery.DiscoveryClient:1018] The response status is 200
2017-12-18 15:52:29,995 INFO [com.alibaba.druid.pool.DruidDataSource:715] {dataSource-1} inited
2017-12-18 15:52:31,206 INFO [com.alpha.self.diagnosis.service.impl.SymptomMainServiceImpl:50] getMainSymptomsQuestion start with 3856
2017-12-18 15:52:34,911 INFO [com.netflix.discovery.DiscoveryClient:920] Disable delta property : false
2017-12-18 15:52:34,912 INFO [com.netflix.discovery.DiscoveryClient:921] Single vip registry refresh property : null
2017-12-18 15:52:34,912 INFO [com.netflix.discovery.DiscoveryClient:922] Force full registry fetch : false
2017-12-18 15:52:34,912 INFO [com.netflix.discovery.DiscoveryClient:923] Application is null : false
2017-12-18 15:52:34,913 INFO [com.netflix.discovery.DiscoveryClient:924] Registered Applications size is zero : true
2017-12-18 15:52:34,913 INFO [com.netflix.discovery.DiscoveryClient:926] Application version is -1: false
2017-12-18 15:52:34,914 INFO [com.netflix.discovery.DiscoveryClient:1009] Getting all instance registry info from the eureka server
2017-12-18 15:52:34,974 INFO [com.netflix.discovery.DiscoveryClient:1018] The response status is 200
2017-12-18 15:57:09,496 INFO [com.netflix.discovery.shared.resolver.aws.ConfigClusterResolver:43] Resolving eureka endpoints via configuration
