2017-12-15 13:05:52,053 INFO [com.alpha.self.diagnosis.AlphaApplication:39] SpringApplicationBuilder run .... 
2017-12-15 13:05:52,699 INFO [com.alpha.self.diagnosis.AlphaApplication:39] SpringApplicationBuilder run .... 
2017-12-15 13:05:53,971 INFO [org.springframework.context.support.AbstractApplicationContext:583] Refreshing org.springframework.context.annotation.AnnotationConfigApplicationContext@dadbaca: startup date [Fri Dec 15 13:05:53 CST 2017]; root of context hierarchy
2017-12-15 13:05:54,279 INFO [org.hibernate.validator.internal.util.Version:30] HV000001: Hibernate Validator 5.3.5.Final
2017-12-15 13:05:54,779 INFO [org.springframework.beans.factory.annotation.AutowiredAnnotationBeanPostProcessor:155] JSR-330 'javax.inject.Inject' annotation found and supported for autowiring
2017-12-15 13:05:54,972 INFO [org.springframework.context.support.PostProcessorRegistrationDelegate$BeanPostProcessorChecker:325] Bean 'configurationPropertiesRebinderAutoConfiguration' of type [org.springframework.cloud.autoconfigure.ConfigurationPropertiesRebinderAutoConfiguration$$EnhancerBySpringCGLIB$$3973207d] is not eligible for getting processed by all BeanPostProcessors (for example: not eligible for auto-proxying)
2017-12-15 13:05:56,126 INFO [org.springframework.boot.SpringApplication:597] The following profiles are active: core
2017-12-15 13:05:56,207 INFO [org.springframework.context.support.AbstractApplicationContext:583] Refreshing org.springframework.boot.context.embedded.AnnotationConfigEmbeddedWebApplicationContext@7c7731a2: startup date [Fri Dec 15 13:05:56 CST 2017]; parent: org.springframework.context.annotation.AnnotationConfigApplicationContext@dadbaca
2017-12-15 13:06:03,982 INFO [org.springframework.cloud.context.scope.GenericScope:263] BeanFactory id=e1454411-bbdc-3bab-930f-56a69686bbf8
2017-12-15 13:06:04,058 INFO [com.alpha.self.diagnosis.processor.spring.BeanScannerConfigurer:28] 初始化 BasicAnswerProcessor  服务配置
2017-12-15 13:06:04,120 INFO [org.springframework.beans.factory.support.DefaultListableBeanFactory:828] Overriding bean definition for bean 'allergicHistoryAnswerProcessor' with a different definition: replacing [Generic bean: class [com.alpha.self.diagnosis.processor.AllergicHistoryAnswerProcessor]; scope=singleton; abstract=false; lazyInit=false; autowireMode=0; dependencyCheck=0; autowireCandidate=true; primary=false; factoryBeanName=null; factoryMethodName=null; initMethodName=null; destroyMethodName=null; defined in file [F:\iebm\workspace\alpha\branch\v1.0.3\alpha\alpha-self-diagnosis\target\classes\com\alpha\self\diagnosis\processor\AllergicHistoryAnswerProcessor.class]] with [Generic bean: class [com.alpha.self.diagnosis.processor.AllergicHistoryAnswerProcessor]; scope=singleton; abstract=false; lazyInit=false; autowireMode=0; dependencyCheck=0; autowireCandidate=true; primary=false; factoryBeanName=null; factoryMethodName=null; initMethodName=null; destroyMethodName=null; defined in file [F:\iebm\workspace\alpha\branch\v1.0.3\alpha\alpha-self-diagnosis\target\classes\com\alpha\self\diagnosis\processor\AllergicHistoryAnswerProcessor.class]]
2017-12-15 13:06:04,121 INFO [org.springframework.beans.factory.support.DefaultListableBeanFactory:828] Overriding bean definition for bean 'birthProcessor' with a different definition: replacing [Generic bean: class [com.alpha.self.diagnosis.processor.BirthProcessor]; scope=singleton; abstract=false; lazyInit=false; autowireMode=0; dependencyCheck=0; autowireCandidate=true; primary=false; factoryBeanName=null; factoryMethodName=null; initMethodName=null; destroyMethodName=null; defined in file [F:\iebm\workspace\alpha\branch\v1.0.3\alpha\alpha-self-diagnosis\target\classes\com\alpha\self\diagnosis\processor\BirthProcessor.class]] with [Generic bean: class [com.alpha.self.diagnosis.processor.BirthProcessor]; scope=singleton; abstract=false; lazyInit=false; autowireMode=0; dependencyCheck=0; autowireCandidate=true; primary=false; factoryBeanName=null; factoryMethodName=null; initMethodName=null; destroyMethodName=null; defined in file [F:\iebm\workspace\alpha\branch\v1.0.3\alpha\alpha-self-diagnosis\target\classes\com\alpha\self\diagnosis\processor\BirthProcessor.class]]
2017-12-15 13:06:04,122 INFO [org.springframework.beans.factory.support.DefaultListableBeanFactory:828] Overriding bean definition for bean 'liverRenalProcessor' with a different definition: replacing [Generic bean: class [com.alpha.self.diagnosis.processor.LiverRenalProcessor]; scope=singleton; abstract=false; lazyInit=false; autowireMode=0; dependencyCheck=0; autowireCandidate=true; primary=false; factoryBeanName=null; factoryMethodName=null; initMethodName=null; destroyMethodName=null; defined in file [F:\iebm\workspace\alpha\branch\v1.0.3\alpha\alpha-self-diagnosis\target\classes\com\alpha\self\diagnosis\processor\LiverRenalProcessor.class]] with [Generic bean: class [com.alpha.self.diagnosis.processor.LiverRenalProcessor]; scope=singleton; abstract=false; lazyInit=false; autowireMode=0; dependencyCheck=0; autowireCandidate=true; primary=false; factoryBeanName=null; factoryMethodName=null; initMethodName=null; destroyMethodName=null; defined in file [F:\iebm\workspace\alpha\branch\v1.0.3\alpha\alpha-self-diagnosis\target\classes\com\alpha\self\diagnosis\processor\LiverRenalProcessor.class]]
2017-12-15 13:06:04,123 INFO [org.springframework.beans.factory.support.DefaultListableBeanFactory:828] Overriding bean definition for bean 'normalAnswerProcessor' with a different definition: replacing [Generic bean: class [com.alpha.self.diagnosis.processor.NormalAnswerProcessor]; scope=singleton; abstract=false; lazyInit=false; autowireMode=0; dependencyCheck=0; autowireCandidate=true; primary=false; factoryBeanName=null; factoryMethodName=null; initMethodName=null; destroyMethodName=null; defined in file [F:\iebm\workspace\alpha\branch\v1.0.3\alpha\alpha-self-diagnosis\target\classes\com\alpha\self\diagnosis\processor\NormalAnswerProcessor.class]] with [Generic bean: class [com.alpha.self.diagnosis.processor.NormalAnswerProcessor]; scope=singleton; abstract=false; lazyInit=false; autowireMode=0; dependencyCheck=0; autowireCandidate=true; primary=false; factoryBeanName=null; factoryMethodName=null; initMethodName=null; destroyMethodName=null; defined in file [F:\iebm\workspace\alpha\branch\v1.0.3\alpha\alpha-self-diagnosis\target\classes\com\alpha\self\diagnosis\processor\NormalAnswerProcessor.class]]
2017-12-15 13:06:04,124 INFO [org.springframework.beans.factory.support.DefaultListableBeanFactory:828] Overriding bean definition for bean 'pastmedicalHistoryProcessor' with a different definition: replacing [Generic bean: class [com.alpha.self.diagnosis.processor.PastmedicalHistoryProcessor]; scope=singleton; abstract=false; lazyInit=false; autowireMode=0; dependencyCheck=0; autowireCandidate=true; primary=false; factoryBeanName=null; factoryMethodName=null; initMethodName=null; destroyMethodName=null; defined in file [F:\iebm\workspace\alpha\branch\v1.0.3\alpha\alpha-self-diagnosis\target\classes\com\alpha\self\diagnosis\processor\PastmedicalHistoryProcessor.class]] with [Generic bean: class [com.alpha.self.diagnosis.processor.PastmedicalHistoryProcessor]; scope=singleton; abstract=false; lazyInit=false; autowireMode=0; dependencyCheck=0; autowireCandidate=true; primary=false; factoryBeanName=null; factoryMethodName=null; initMethodName=null; destroyMethodName=null; defined in file [F:\iebm\workspace\alpha\branch\v1.0.3\alpha\alpha-self-diagnosis\target\classes\com\alpha\self\diagnosis\processor\PastmedicalHistoryProcessor.class]]
2017-12-15 13:06:04,126 INFO [org.springframework.beans.factory.support.DefaultListableBeanFactory:828] Overriding bean definition for bean 'weightProcessor' with a different definition: replacing [Generic bean: class [com.alpha.self.diagnosis.processor.WeightProcessor]; scope=singleton; abstract=false; lazyInit=false; autowireMode=0; dependencyCheck=0; autowireCandidate=true; primary=false; factoryBeanName=null; factoryMethodName=null; initMethodName=null; destroyMethodName=null; defined in file [F:\iebm\workspace\alpha\branch\v1.0.3\alpha\alpha-self-diagnosis\target\classes\com\alpha\self\diagnosis\processor\WeightProcessor.class]] with [Generic bean: class [com.alpha.self.diagnosis.processor.WeightProcessor]; scope=singleton; abstract=false; lazyInit=false; autowireMode=0; dependencyCheck=0; autowireCandidate=true; primary=false; factoryBeanName=null; factoryMethodName=null; initMethodName=null; destroyMethodName=null; defined in file [F:\iebm\workspace\alpha\branch\v1.0.3\alpha\alpha-self-diagnosis\target\classes\com\alpha\self\diagnosis\processor\WeightProcessor.class]]
2017-12-15 13:06:04,131 INFO [com.alpha.self.diagnosis.processor.spring.BeanScannerConfigurer:32] 初始化 BasicAnswerProcessor 完成
2017-12-15 13:06:04,831 INFO [org.springframework.beans.factory.annotation.AutowiredAnnotationBeanPostProcessor:155] JSR-330 'javax.inject.Inject' annotation found and supported for autowiring
2017-12-15 13:06:05,298 INFO [org.springframework.context.support.PostProcessorRegistrationDelegate$BeanPostProcessorChecker:325] Bean 'org.springframework.transaction.annotation.ProxyTransactionManagementConfiguration' of type [org.springframework.transaction.annotation.ProxyTransactionManagementConfiguration$$EnhancerBySpringCGLIB$$1d591d80] is not eligible for getting processed by all BeanPostProcessors (for example: not eligible for auto-proxying)
2017-12-15 13:06:05,768 INFO [org.springframework.context.support.PostProcessorRegistrationDelegate$BeanPostProcessorChecker:325] Bean 'org.springframework.cloud.autoconfigure.ConfigurationPropertiesRebinderAutoConfiguration' of type [org.springframework.cloud.autoconfigure.ConfigurationPropertiesRebinderAutoConfiguration$$EnhancerBySpringCGLIB$$3973207d] is not eligible for getting processed by all BeanPostProcessors (for example: not eligible for auto-proxying)
2017-12-15 13:06:07,475 INFO [org.springframework.boot.context.embedded.tomcat.TomcatEmbeddedServletContainer:89] Tomcat initialized with port(s): 19092 (http)
2017-12-15 13:06:07,496 INFO [org.apache.juli.logging.DirectJDKLog:179] Starting service [Tomcat]
2017-12-15 13:06:07,498 INFO [org.apache.juli.logging.DirectJDKLog:179] Starting Servlet Engine: Apache Tomcat/8.5.20
2017-12-15 13:06:07,907 INFO [org.apache.juli.logging.DirectJDKLog:179] Initializing Spring embedded WebApplicationContext
2017-12-15 13:06:07,908 INFO [org.springframework.boot.context.embedded.EmbeddedWebApplicationContext:276] Root WebApplicationContext: initialization completed in 11701 ms
2017-12-15 13:06:09,339 INFO [org.springframework.boot.web.servlet.ServletRegistrationBean:190] Mapping servlet: 'dispatcherServlet' to [/]
2017-12-15 13:06:09,342 INFO [org.springframework.boot.web.servlet.ServletRegistrationBean:190] Mapping servlet: 'com.alpha.commons.config.servlet.DruidStatViewServlet' to [/druid/*]
2017-12-15 13:06:09,358 INFO [org.springframework.boot.web.servlet.AbstractFilterRegistrationBean:258] Mapping filter: 'characterEncodingFilter' to: [/*]
2017-12-15 13:06:09,359 INFO [org.springframework.boot.web.servlet.AbstractFilterRegistrationBean:258] Mapping filter: 'hiddenHttpMethodFilter' to: [/*]
2017-12-15 13:06:09,360 INFO [org.springframework.boot.web.servlet.AbstractFilterRegistrationBean:258] Mapping filter: 'httpPutFormContentFilter' to: [/*]
2017-12-15 13:06:09,360 INFO [org.springframework.boot.web.servlet.AbstractFilterRegistrationBean:258] Mapping filter: 'requestContextFilter' to: [/*]
2017-12-15 13:06:09,361 INFO [org.springframework.boot.web.servlet.AbstractFilterRegistrationBean:271] Mapping filter: 'com.alpha.self.diagnosis.converter.ParamDecryptServletRequestFilter' to urls: [/*]
2017-12-15 13:06:09,361 INFO [org.springframework.boot.web.servlet.AbstractFilterRegistrationBean:271] Mapping filter: 'com.alpha.commons.config.filter.CorsFilter' to urls: [/*]
2017-12-15 13:06:09,361 INFO [org.springframework.boot.web.servlet.AbstractFilterRegistrationBean:271] Mapping filter: 'druidWebStatFilter' to urls: [/*]
2017-12-15 13:06:09,413 INFO [com.alpha.self.diagnosis.listener.DiagnosisContextListener:27] DiagnosisContextListener contextInitialized starting...
2017-12-15 13:06:09,428 INFO [com.alpha.self.diagnosis.processor.BasicAnswerProcessorAdaptor:154] 6 processor will be register.
2017-12-15 13:06:09,995 INFO [com.alpha.commons.config.DruidConfiguration$Druid:66] DruidConfiguration init completed................
2017-12-15 13:06:14,729 INFO [com.alpha.self.diagnosis.listener.DiagnosisContextListener:34] DiagnosisContextListener contextInitialized completed
2017-12-15 13:06:14,742 INFO [com.alpha.self.diagnosis.converter.ParamDecryptServletRequestFilter:33] 需要解密的参数字段 --> null
2017-12-15 13:06:19,183 WARN [com.netflix.config.sources.URLConfigurationSource:121] No URLs will be polled as dynamic configuration sources.
2017-12-15 13:06:19,184 INFO [com.netflix.config.sources.URLConfigurationSource:122] To enable URLs as dynamic configuration sources, define System property archaius.configurationSource.additionalUrls or make config.properties available on classpath.
2017-12-15 13:06:19,200 WARN [com.netflix.config.sources.URLConfigurationSource:121] No URLs will be polled as dynamic configuration sources.
2017-12-15 13:06:19,201 INFO [com.netflix.config.sources.URLConfigurationSource:122] To enable URLs as dynamic configuration sources, define System property archaius.configurationSource.additionalUrls or make config.properties available on classpath.
2017-12-15 13:06:21,447 INFO [org.springframework.web.servlet.mvc.method.annotation.RequestMappingHandlerAdapter:534] Looking for @ControllerAdvice: org.springframework.boot.context.embedded.AnnotationConfigEmbeddedWebApplicationContext@7c7731a2: startup date [Fri Dec 15 13:05:56 CST 2017]; parent: org.springframework.context.annotation.AnnotationConfigApplicationContext@dadbaca
2017-12-15 13:06:21,980 INFO [org.springframework.web.servlet.handler.AbstractHandlerMethodMapping$MappingRegistry:543] Mapped "{[/data/search/pastmedicalHistory],methods=[POST]}" onto public com.alpha.commons.web.ResponseMessage com.alpha.self.diagnosis.controller.DataSearchController.pastmedicalHistorySearch(com.alpha.self.diagnosis.pojo.vo.SearchRequestVo)
2017-12-15 13:06:21,983 INFO [org.springframework.web.servlet.handler.AbstractHandlerMethodMapping$MappingRegistry:543] Mapped "{[/data/search/allergicHistory],methods=[POST]}" onto public com.alpha.commons.web.ResponseMessage com.alpha.self.diagnosis.controller.DataSearchController.allergicHistorySearch(com.alpha.self.diagnosis.pojo.vo.SearchRequestVo)
2017-12-15 13:06:21,984 INFO [org.springframework.web.servlet.handler.AbstractHandlerMethodMapping$MappingRegistry:543] Mapped "{[/data/search/mainSymptom],methods=[POST]}" onto public com.alpha.commons.web.ResponseMessage com.alpha.self.diagnosis.controller.DataSearchController.mainSymptomSearch(java.lang.Long,java.lang.Integer,java.lang.String)
2017-12-15 13:06:21,985 INFO [org.springframework.web.servlet.handler.AbstractHandlerMethodMapping$MappingRegistry:543] Mapped "{[/data/search/concsymp],methods=[POST]}" onto public com.alpha.commons.web.ResponseMessage com.alpha.self.diagnosis.controller.DataSearchController.diagnosisStart(com.alpha.self.diagnosis.pojo.vo.SearchRequestVo)
2017-12-15 13:06:21,987 INFO [org.springframework.web.servlet.handler.AbstractHandlerMethodMapping$MappingRegistry:543] Mapped "{[/data/search/weight],methods=[POST]}" onto public com.alpha.commons.web.ResponseMessage com.alpha.self.diagnosis.controller.DataSearchController.weightSearch(com.alpha.user.pojo.vo.HisUserInfoVo)
2017-12-15 13:06:21,996 INFO [org.springframework.web.servlet.handler.AbstractHandlerMethodMapping$MappingRegistry:543] Mapped "{[/diagnosis/medicine/next],methods=[POST]}" onto public com.alpha.commons.web.ResponseMessage com.alpha.self.diagnosis.controller.DiagnosisController.diagnosisMedicineNext(java.lang.String)
2017-12-15 13:06:21,997 INFO [org.springframework.web.servlet.handler.AbstractHandlerMethodMapping$MappingRegistry:543] Mapped "{[/diagnosis/showResult],methods=[POST]}" onto public com.alpha.commons.web.ResponseMessage com.alpha.self.diagnosis.controller.DiagnosisController.showDiagnosisResult(com.alpha.self.diagnosis.pojo.vo.BasicRequestVo)
2017-12-15 13:06:21,998 INFO [org.springframework.web.servlet.handler.AbstractHandlerMethodMapping$MappingRegistry:543] Mapped "{[/diagnosis/queryMedicalRecord4His/{idcard}],methods=[POST]}" onto public com.alpha.commons.web.ResponseMessage com.alpha.self.diagnosis.controller.DiagnosisController.queryMedicalRecord4His(java.lang.String)
2017-12-15 13:06:21,998 INFO [org.springframework.web.servlet.handler.AbstractHandlerMethodMapping$MappingRegistry:543] Mapped "{[/diagnosis/queryBasicQuestion],methods=[POST]}" onto public com.alpha.commons.web.ResponseMessage com.alpha.self.diagnosis.controller.DiagnosisController.queryBasicQuestion(com.alpha.user.controller.req.vo.PatientInfo)
2017-12-15 13:06:21,999 INFO [org.springframework.web.servlet.handler.AbstractHandlerMethodMapping$MappingRegistry:543] Mapped "{[/diagnosis/start],methods=[POST],consumes=[application/json || application/x-www-form-urlencoded]}" onto public com.alpha.commons.web.ResponseMessage com.alpha.self.diagnosis.controller.DiagnosisController.diagnosisStart(com.alpha.self.diagnosis.pojo.vo.DiagnosisStartReqeustVo)
2017-12-15 13:06:22,001 INFO [org.springframework.web.servlet.handler.AbstractHandlerMethodMapping$MappingRegistry:543] Mapped "{[/diagnosis/basic/next],methods=[POST]}" onto public com.alpha.commons.web.ResponseMessage com.alpha.self.diagnosis.controller.DiagnosisController.diagnosisNext(com.alpha.self.diagnosis.pojo.vo.QuestionRequestVo)
2017-12-15 13:06:22,001 INFO [org.springframework.web.servlet.handler.AbstractHandlerMethodMapping$MappingRegistry:543] Mapped "{[/diagnosis/outcome/confirm],methods=[POST]}" onto public com.alpha.commons.web.ResponseMessage com.alpha.self.diagnosis.controller.DiagnosisController.confirmOutcome(java.lang.Long,java.lang.String)
2017-12-15 13:06:22,002 INFO [org.springframework.web.servlet.handler.AbstractHandlerMethodMapping$MappingRegistry:543] Mapped "{[/diagnosis/diseaseHistory],methods=[POST]}" onto public com.alpha.commons.web.ResponseMessage com.alpha.self.diagnosis.controller.DiagnosisController.diseaseHistory(com.alpha.self.diagnosis.pojo.vo.DiseaseHistoryRequestVo)
2017-12-15 13:06:22,003 INFO [org.springframework.web.servlet.handler.AbstractHandlerMethodMapping$MappingRegistry:543] Mapped "{[/diagnosis/outcome/get],methods=[POST]}" onto public com.alpha.commons.web.ResponseMessage com.alpha.self.diagnosis.controller.DiagnosisController.getOutcome(java.lang.Long)
2017-12-15 13:06:22,009 INFO [org.springframework.web.servlet.handler.AbstractHandlerMethodMapping$MappingRegistry:543] Mapped "{[/disease/treatmentadvice/query/{diseaseCode}],methods=[POST]}" onto public com.alpha.commons.web.ResponseMessage com.alpha.self.diagnosis.controller.DiseaseController.queryTreatmentAdvice(java.lang.String)
2017-12-15 13:06:22,010 INFO [org.springframework.web.servlet.handler.AbstractHandlerMethodMapping$MappingRegistry:543] Mapped "{[/disease/check/query/{diseaseCode}],methods=[POST]}" onto public com.alpha.commons.web.ResponseMessage com.alpha.self.diagnosis.controller.DiseaseController.queryDiseaseCheck(java.lang.String)
2017-12-15 13:06:22,011 INFO [org.springframework.web.servlet.handler.AbstractHandlerMethodMapping$MappingRegistry:543] Mapped "{[/disease/dept/query/{diseaseCode}],methods=[POST]}" onto public com.alpha.commons.web.ResponseMessage com.alpha.self.diagnosis.controller.DiseaseController.queryDepartment(java.lang.String)
2017-12-15 13:06:22,016 INFO [org.springframework.web.servlet.handler.AbstractHandlerMethodMapping$MappingRegistry:543] Mapped "{[/info],methods=[GET]}" onto public java.lang.String com.alpha.self.diagnosis.controller.MainController.test()
2017-12-15 13:06:22,017 INFO [org.springframework.web.servlet.handler.AbstractHandlerMethodMapping$MappingRegistry:543] Mapped "{[/getMedicalRecord],methods=[POST]}" onto public com.alpha.commons.web.ResponseMessage com.alpha.self.diagnosis.controller.MainController.getMedicalRecord()
2017-12-15 13:06:22,018 INFO [org.springframework.web.servlet.handler.AbstractHandlerMethodMapping$MappingRegistry:543] Mapped "{[/test/question],methods=[POST]}" onto public com.alpha.commons.web.ResponseMessage com.alpha.self.diagnosis.controller.MainController.medicineQuestion(java.lang.Integer)
2017-12-15 13:06:22,018 INFO [org.springframework.web.servlet.handler.AbstractHandlerMethodMapping$MappingRegistry:543] Mapped "{[/test/question2],methods=[POST],produces=[application/json;charset=UTF-8]}" onto public com.alpha.commons.web.ResponseMessage com.alpha.self.diagnosis.controller.MainController.medicineQuestion(java.lang.String,java.lang.String)
2017-12-15 13:06:22,020 INFO [org.springframework.web.servlet.handler.AbstractHandlerMethodMapping$MappingRegistry:543] Mapped "{[/treatscheme/get],methods=[POST]}" onto public com.alpha.commons.web.ResponseMessage com.alpha.self.diagnosis.controller.TreatSchemeController.treatScheme(com.alpha.self.diagnosis.pojo.vo.SearchRequestVo)
2017-12-15 13:06:22,021 INFO [org.springframework.web.servlet.handler.AbstractHandlerMethodMapping$MappingRegistry:543] Mapped "{[/treatscheme/diseaseList],methods=[POST]}" onto public com.alpha.commons.web.ResponseMessage com.alpha.self.diagnosis.controller.TreatSchemeController.diseaseList(com.alpha.self.diagnosis.pojo.vo.SearchRequestVo)
2017-12-15 13:06:22,026 INFO [org.springframework.web.servlet.handler.AbstractHandlerMethodMapping$MappingRegistry:543] Mapped "{[/feedback/put],methods=[POST]}" onto public com.alpha.commons.web.ResponseMessage com.alpha.user.controller.FeedBackController.authorization(com.alpha.server.rpc.user.pojo.UserFeedback)
2017-12-15 13:06:22,026 INFO [org.springframework.web.servlet.handler.AbstractHandlerMethodMapping$MappingRegistry:543] Mapped "{[/feedback/useful/query/{diagnosisId}],methods=[POST]}" onto public com.alpha.commons.web.ResponseMessage com.alpha.user.controller.FeedBackController.queryUseful(java.lang.Long)
2017-12-15 13:06:22,027 INFO [org.springframework.web.servlet.handler.AbstractHandlerMethodMapping$MappingRegistry:543] Mapped "{[/feedback/items/query],methods=[POST]}" onto public com.alpha.commons.web.ResponseMessage com.alpha.user.controller.FeedBackController.queryItems()
2017-12-15 13:06:22,030 INFO [org.springframework.web.servlet.handler.AbstractHandlerMethodMapping$MappingRegistry:543] Mapped "{[/user/query],methods=[POST]}" onto public com.alpha.commons.web.ResponseMessage com.alpha.user.controller.UserController.query(com.alpha.user.pojo.vo.HisUserInfoVo)
2017-12-15 13:06:22,031 INFO [org.springframework.web.servlet.handler.AbstractHandlerMethodMapping$MappingRegistry:543] Mapped "{[/user/auth],methods=[POST]}" onto public com.alpha.commons.web.ResponseMessage com.alpha.user.controller.UserController.authorization(java.lang.String,java.lang.Integer,java.lang.Integer)
2017-12-15 13:06:22,032 INFO [org.springframework.web.servlet.handler.AbstractHandlerMethodMapping$MappingRegistry:543] Mapped "{[/user/save],methods=[POST]}" onto public com.alpha.commons.web.ResponseMessage com.alpha.user.controller.UserController.saveUserInfo(java.lang.String)
2017-12-15 13:06:22,037 INFO [org.springframework.web.servlet.handler.AbstractHandlerMethodMapping$MappingRegistry:543] Mapped "{[/error]}" onto public org.springframework.http.ResponseEntity<java.util.Map<java.lang.String, java.lang.Object>> org.springframework.boot.autoconfigure.web.BasicErrorController.error(javax.servlet.http.HttpServletRequest)
2017-12-15 13:06:22,038 INFO [org.springframework.web.servlet.handler.AbstractHandlerMethodMapping$MappingRegistry:543] Mapped "{[/error],produces=[text/html]}" onto public org.springframework.web.servlet.ModelAndView org.springframework.boot.autoconfigure.web.BasicErrorController.errorHtml(javax.servlet.http.HttpServletRequest,javax.servlet.http.HttpServletResponse)
2017-12-15 13:06:22,688 INFO [org.springframework.web.servlet.handler.AbstractUrlHandlerMapping:362] Mapped URL path [/webjars/**] onto handler of type [class org.springframework.web.servlet.resource.ResourceHttpRequestHandler]
2017-12-15 13:06:22,688 INFO [org.springframework.web.servlet.handler.AbstractUrlHandlerMapping:362] Mapped URL path [/**] onto handler of type [class org.springframework.web.servlet.resource.ResourceHttpRequestHandler]
2017-12-15 13:06:22,802 INFO [org.springframework.web.servlet.mvc.method.annotation.ExceptionHandlerExceptionResolver:273] Detected @ExceptionHandler methods in controllerEnhancerment
2017-12-15 13:06:23,099 INFO [org.springframework.web.servlet.handler.AbstractUrlHandlerMapping:362] Mapped URL path [/**/favicon.ico] onto handler of type [class org.springframework.web.servlet.resource.ResourceHttpRequestHandler]
2017-12-15 13:06:29,052 INFO [org.springframework.boot.devtools.autoconfigure.OptionalLiveReloadServer:58] LiveReload server is running on port 35729
2017-12-15 13:06:31,629 INFO [org.springframework.jmx.export.MBeanExporter:431] Registering beans for JMX exposure on startup
2017-12-15 13:06:31,641 INFO [org.springframework.jmx.export.MBeanExporter:916] Bean with name 'dataSource' has been autodetected for JMX exposure
2017-12-15 13:06:31,688 INFO [org.springframework.jmx.export.MBeanExporter:916] Bean with name 'environmentManager' has been autodetected for JMX exposure
2017-12-15 13:06:31,694 INFO [org.springframework.jmx.export.MBeanExporter:916] Bean with name 'configurationPropertiesRebinder' has been autodetected for JMX exposure
2017-12-15 13:06:31,700 INFO [org.springframework.jmx.export.MBeanExporter:916] Bean with name 'refreshScope' has been autodetected for JMX exposure
2017-12-15 13:06:31,710 INFO [org.springframework.jmx.export.MBeanExporter:678] Located managed bean 'environmentManager': registering with JMX server as MBean [org.springframework.cloud.context.environment:name=environmentManager,type=EnvironmentManager]
2017-12-15 13:06:31,797 INFO [org.springframework.jmx.export.MBeanExporter:678] Located managed bean 'refreshScope': registering with JMX server as MBean [org.springframework.cloud.context.scope.refresh:name=refreshScope,type=RefreshScope]
2017-12-15 13:06:31,955 INFO [org.springframework.jmx.export.MBeanExporter:678] Located managed bean 'configurationPropertiesRebinder': registering with JMX server as MBean [org.springframework.cloud.context.properties:name=configurationPropertiesRebinder,context=7c7731a2,type=ConfigurationPropertiesRebinder]
2017-12-15 13:06:32,003 INFO [org.springframework.jmx.export.MBeanExporter:671] Located MBean 'dataSource': registering with JMX server as MBean [com.alibaba.druid.pool:name=dataSource,type=DruidDataSource]
2017-12-15 13:06:32,395 INFO [org.springframework.context.support.DefaultLifecycleProcessor$LifecycleGroup:343] Starting beans in phase 0
2017-12-15 13:06:32,417 INFO [org.springframework.cloud.netflix.eureka.InstanceInfoFactory:70] Setting initial instance status as: STARTING
2017-12-15 13:06:32,537 INFO [com.netflix.discovery.DiscoveryClient:344] Initializing Eureka in region us-east-1
2017-12-15 13:06:33,028 INFO [com.netflix.discovery.provider.DiscoveryJerseyProvider:70] Using JSON encoding codec LegacyJacksonJson
2017-12-15 13:06:33,028 INFO [com.netflix.discovery.provider.DiscoveryJerseyProvider:71] Using JSON decoding codec LegacyJacksonJson
2017-12-15 13:06:33,268 INFO [com.netflix.discovery.provider.DiscoveryJerseyProvider:80] Using XML encoding codec XStreamXml
2017-12-15 13:06:33,268 INFO [com.netflix.discovery.provider.DiscoveryJerseyProvider:81] Using XML decoding codec XStreamXml
2017-12-15 13:06:34,399 INFO [com.netflix.discovery.shared.resolver.aws.ConfigClusterResolver:43] Resolving eureka endpoints via configuration
2017-12-15 13:06:34,501 INFO [com.netflix.discovery.DiscoveryClient:920] Disable delta property : false
2017-12-15 13:06:34,502 INFO [com.netflix.discovery.DiscoveryClient:921] Single vip registry refresh property : null
2017-12-15 13:06:34,502 INFO [com.netflix.discovery.DiscoveryClient:922] Force full registry fetch : false
2017-12-15 13:06:34,503 INFO [com.netflix.discovery.DiscoveryClient:923] Application is null : false
2017-12-15 13:06:34,503 INFO [com.netflix.discovery.DiscoveryClient:924] Registered Applications size is zero : true
2017-12-15 13:06:34,504 INFO [com.netflix.discovery.DiscoveryClient:926] Application version is -1: true
2017-12-15 13:06:34,504 INFO [com.netflix.discovery.DiscoveryClient:1009] Getting all instance registry info from the eureka server
2017-12-15 13:06:34,785 INFO [com.netflix.discovery.DiscoveryClient:1018] The response status is 200
2017-12-15 13:06:34,789 INFO [com.netflix.discovery.DiscoveryClient:1244] Starting heartbeat executor: renew interval is: 5
2017-12-15 13:06:34,802 INFO [com.netflix.discovery.InstanceInfoReplicator:59] InstanceInfoReplicator onDemand update allowed rate per min is 4
2017-12-15 13:06:34,813 INFO [com.netflix.discovery.DiscoveryClient:425] Discovery Client initialized at timestamp 1513314394813 with initial instances count: 0
2017-12-15 13:06:35,194 INFO [org.springframework.cloud.netflix.eureka.serviceregistry.EurekaServiceRegistry:40] Registering application alpha-self-diagnosis with eureka with status UP
2017-12-15 13:06:35,198 INFO [com.netflix.discovery.DiscoveryClient$3:1279] Saw local status change event StatusChangeEvent [timestamp=1513314395198, current=UP, previous=STARTING]
2017-12-15 13:06:35,244 INFO [org.apache.juli.logging.DirectJDKLog:179] Initializing ProtocolHandler ["http-nio-19092"]
2017-12-15 13:06:35,306 INFO [org.apache.juli.logging.DirectJDKLog:179] Starting ProtocolHandler ["http-nio-19092"]
2017-12-15 13:06:35,336 INFO [org.apache.juli.logging.DirectJDKLog:179] Using a shared selector for servlet write/read
2017-12-15 13:06:35,397 INFO [com.netflix.discovery.DiscoveryClient:795] DiscoveryClient_ALPHA-SELF-DIAGNOSIS/PC-20160606PUVI:alpha-self-diagnosis:19092: registering service...
2017-12-15 13:06:35,498 INFO [org.springframework.boot.context.embedded.tomcat.TomcatEmbeddedServletContainer:201] Tomcat started on port(s): 19092 (http)
2017-12-15 13:06:35,500 INFO [org.springframework.cloud.netflix.eureka.serviceregistry.EurekaAutoServiceRegistration:117] Updating port to 19092
2017-12-15 13:06:35,511 INFO [org.springframework.boot.StartupInfoLogger:57] Started AlphaApplication in 42.777 seconds (JVM running for 44.316)
2017-12-15 13:06:36,302 INFO [com.netflix.discovery.DiscoveryClient:804] DiscoveryClient_ALPHA-SELF-DIAGNOSIS/PC-20160606PUVI:alpha-self-diagnosis:19092 - registration status: 204
2017-12-15 13:06:39,789 INFO [com.netflix.discovery.DiscoveryClient:920] Disable delta property : false
2017-12-15 13:06:39,790 INFO [com.netflix.discovery.DiscoveryClient:921] Single vip registry refresh property : null
2017-12-15 13:06:39,791 INFO [com.netflix.discovery.DiscoveryClient:922] Force full registry fetch : false
2017-12-15 13:06:39,791 INFO [com.netflix.discovery.DiscoveryClient:923] Application is null : false
2017-12-15 13:06:39,793 INFO [com.netflix.discovery.DiscoveryClient:924] Registered Applications size is zero : true
2017-12-15 13:06:39,794 INFO [com.netflix.discovery.DiscoveryClient:926] Application version is -1: false
2017-12-15 13:06:39,794 INFO [com.netflix.discovery.DiscoveryClient:1009] Getting all instance registry info from the eureka server
2017-12-15 13:06:39,811 INFO [com.netflix.discovery.DiscoveryClient:1018] The response status is 200
2017-12-15 13:06:44,817 INFO [com.netflix.discovery.DiscoveryClient:920] Disable delta property : false
2017-12-15 13:06:44,817 INFO [com.netflix.discovery.DiscoveryClient:921] Single vip registry refresh property : null
2017-12-15 13:06:44,817 INFO [com.netflix.discovery.DiscoveryClient:922] Force full registry fetch : false
2017-12-15 13:06:44,817 INFO [com.netflix.discovery.DiscoveryClient:923] Application is null : false
2017-12-15 13:06:44,818 INFO [com.netflix.discovery.DiscoveryClient:924] Registered Applications size is zero : true
2017-12-15 13:06:44,818 INFO [com.netflix.discovery.DiscoveryClient:926] Application version is -1: false
2017-12-15 13:06:44,818 INFO [com.netflix.discovery.DiscoveryClient:1009] Getting all instance registry info from the eureka server
2017-12-15 13:06:44,822 INFO [com.netflix.discovery.DiscoveryClient:1018] The response status is 200
2017-12-15 13:06:49,831 INFO [com.netflix.discovery.DiscoveryClient:920] Disable delta property : false
2017-12-15 13:06:49,832 INFO [com.netflix.discovery.DiscoveryClient:921] Single vip registry refresh property : null
2017-12-15 13:06:49,832 INFO [com.netflix.discovery.DiscoveryClient:922] Force full registry fetch : false
2017-12-15 13:06:49,832 INFO [com.netflix.discovery.DiscoveryClient:923] Application is null : false
2017-12-15 13:06:49,833 INFO [com.netflix.discovery.DiscoveryClient:924] Registered Applications size is zero : true
2017-12-15 13:06:49,833 INFO [com.netflix.discovery.DiscoveryClient:926] Application version is -1: false
2017-12-15 13:06:49,833 INFO [com.netflix.discovery.DiscoveryClient:1009] Getting all instance registry info from the eureka server
2017-12-15 13:06:49,893 INFO [com.netflix.discovery.DiscoveryClient:1018] The response status is 200
2017-12-15 13:09:10,769 INFO [org.apache.juli.logging.DirectJDKLog:179] Initializing Spring FrameworkServlet 'dispatcherServlet'
2017-12-15 13:09:10,770 INFO [org.springframework.web.servlet.FrameworkServlet:489] FrameworkServlet 'dispatcherServlet': initialization started
2017-12-15 13:09:10,934 INFO [org.springframework.web.servlet.FrameworkServlet:508] FrameworkServlet 'dispatcherServlet': initialization completed in 164 ms
2017-12-15 13:09:11,169 INFO [com.alpha.self.diagnosis.controller.DiagnosisController:133] 循环获取下一个问题: {"answers":[{"answerTitle":"豆腐渣样便","content":"14487"}],"diagnosisId":1591,"inType":1,"questionCode":"3316","sympCode":"54","type":101,"userId":"1100"}
2017-12-15 13:09:11,416 INFO [com.alibaba.druid.pool.DruidDataSource:715] {dataSource-1} inited
2017-12-15 13:09:52,041 INFO [com.alpha.self.diagnosis.controller.DiagnosisController:80] 生成问诊编号,为导诊做准备: 1100 1
2017-12-15 13:09:52,073 INFO [com.alpha.self.diagnosis.service.impl.BasicAnswerServiceImpl:23] findByQuestionCode.questionCode is 1000
2017-12-15 13:10:49,359 INFO [com.alpha.self.diagnosis.controller.DiagnosisController:133] 循环获取下一个问题: {"answers":[{"answerTitle":"xxx","content":"xxx"}],"diagnosisId":3855,"inType":1,"questionCode":"9990","sympCode":"54","systemType":"pre","type":99,"userId":"1012"}
2017-12-15 13:10:49,468 INFO [com.alpha.self.diagnosis.service.impl.SymptomMainServiceImpl:50] getMainSymptomsQuestion start with 3855
2017-12-15 13:11:24,176 INFO [com.alpha.self.diagnosis.controller.DiagnosisController:133] 循环获取下一个问题: {"answers":[{"answerTitle":"腹泻","content":"54"}],"diagnosisId":3855,"inType":1,"questionCode":"9992","sympCode":"54","type":100,"userId":"1012"}
2017-12-15 13:11:33,020 INFO [com.alpha.self.diagnosis.service.impl.MedicineAnswerServiceImpl:236] 脓血便所属大类为血样便
2017-12-15 13:11:33,021 INFO [com.alpha.self.diagnosis.service.impl.MedicineAnswerServiceImpl:236] 脓血便所属大类为血样便
2017-12-15 13:11:33,022 INFO [com.alpha.self.diagnosis.service.impl.MedicineAnswerServiceImpl:236] 脓血便所属大类为血样便
2017-12-15 13:11:33,023 INFO [com.alpha.self.diagnosis.service.impl.MedicineAnswerServiceImpl:236] 血水样便所属大类为血样便
2017-12-15 13:11:33,023 INFO [com.alpha.self.diagnosis.service.impl.MedicineAnswerServiceImpl:236] 脓血便所属大类为血样便
2017-12-15 13:11:33,024 INFO [com.alpha.self.diagnosis.service.impl.MedicineAnswerServiceImpl:236] 血水样便所属大类为血样便
2017-12-15 13:11:33,025 INFO [com.alpha.self.diagnosis.service.impl.MedicineAnswerServiceImpl:236] 脓血便所属大类为血样便
2017-12-15 13:11:33,025 INFO [com.alpha.self.diagnosis.service.impl.MedicineAnswerServiceImpl:236] 脓血便所属大类为血样便
2017-12-15 13:11:33,026 INFO [com.alpha.self.diagnosis.service.impl.MedicineAnswerServiceImpl:236] 脓血便所属大类为血样便
2017-12-15 13:11:33,027 INFO [com.alpha.self.diagnosis.service.impl.MedicineAnswerServiceImpl:236] 脓血便所属大类为血样便
2017-12-15 13:11:33,027 INFO [com.alpha.self.diagnosis.service.impl.MedicineAnswerServiceImpl:236] 血丝便所属大类为血样便
2017-12-15 13:11:33,028 INFO [com.alpha.self.diagnosis.service.impl.MedicineAnswerServiceImpl:236] 脓血便所属大类为血样便
2017-12-15 13:11:33,029 INFO [com.alpha.self.diagnosis.service.impl.MedicineAnswerServiceImpl:236] 脓血便所属大类为血样便
2017-12-15 13:11:33,029 INFO [com.alpha.self.diagnosis.service.impl.MedicineAnswerServiceImpl:236] 脓血便所属大类为血样便
2017-12-15 13:11:33,030 INFO [com.alpha.self.diagnosis.service.impl.MedicineAnswerServiceImpl:236] 脓血便所属大类为血样便
2017-12-15 13:11:33,031 INFO [com.alpha.self.diagnosis.service.impl.MedicineAnswerServiceImpl:236] 脓血便所属大类为血样便
2017-12-15 13:11:33,031 INFO [com.alpha.self.diagnosis.service.impl.MedicineAnswerServiceImpl:236] 脓血便所属大类为血样便
2017-12-15 13:11:33,032 INFO [com.alpha.self.diagnosis.service.impl.MedicineAnswerServiceImpl:236] 血水样便所属大类为血样便
2017-12-15 13:11:33,032 INFO [com.alpha.self.diagnosis.service.impl.MedicineAnswerServiceImpl:236] 脓血便所属大类为血样便
2017-12-15 13:11:33,033 INFO [com.alpha.self.diagnosis.service.impl.MedicineAnswerServiceImpl:236] 血水样便所属大类为血样便
2017-12-15 13:11:33,034 INFO [com.alpha.self.diagnosis.service.impl.MedicineAnswerServiceImpl:236] 脓血便所属大类为血样便
2017-12-15 13:11:33,034 INFO [com.alpha.self.diagnosis.service.impl.MedicineAnswerServiceImpl:236] 脓血便所属大类为血样便
2017-12-15 13:11:33,035 INFO [com.alpha.self.diagnosis.service.impl.MedicineAnswerServiceImpl:236] 血水样便所属大类为血样便
2017-12-15 13:11:33,035 INFO [com.alpha.self.diagnosis.service.impl.MedicineAnswerServiceImpl:236] 脓血便所属大类为血样便
2017-12-15 13:11:33,036 INFO [com.alpha.self.diagnosis.service.impl.MedicineAnswerServiceImpl:236] 血水样便所属大类为血样便
2017-12-15 13:11:33,037 INFO [com.alpha.self.diagnosis.service.impl.MedicineAnswerServiceImpl:236] 脓血便所属大类为血样便
2017-12-15 13:11:34,508 INFO [com.netflix.discovery.shared.resolver.aws.ConfigClusterResolver:43] Resolving eureka endpoints via configuration
2017-12-15 13:13:49,790 INFO [com.alpha.self.diagnosis.controller.DiagnosisController:133] 循环获取下一个问题: {"answers":[{"answerTitle":"豆腐渣样便","content":"14487"}],"diagnosisId":3855,"inType":1,"questionCode":"3316","sympCode":"54","type":101,"userId":"1012"}
2017-12-15 13:14:07,715 INFO [com.alpha.self.diagnosis.utils.MedicineSortUtil:31] 首选疾病：白念珠菌肠炎
2017-12-15 13:14:28,691 INFO [com.alpha.self.diagnosis.controller.DiagnosisController:133] 循环获取下一个问题: {"answers":[{"answerTitle":"","content":"30天"}],"diagnosisId":3855,"inType":1,"questionCode":"3319","sympCode":"54","type":101,"userId":"1012"}
2017-12-15 13:14:33,463 ERROR [com.alpha.self.diagnosis.service.impl.MedicineAnswerServiceImpl:95] 页面的答案没能与知识库的答案匹配
2017-12-15 13:14:41,070 INFO [com.alpha.self.diagnosis.utils.MedicineSortUtil:31] 首选疾病：白念珠菌肠炎
2017-12-15 13:15:41,044 INFO [com.alpha.self.diagnosis.controller.DiagnosisController:133] 循环获取下一个问题: {"answers":[{"answerTitle":"20次","content":"14515"}],"diagnosisId":3855,"inType":1,"questionCode":"3320","sympCode":"54","type":101,"userId":"1012"}
2017-12-15 13:15:51,894 INFO [com.alpha.self.diagnosis.utils.MedicineSortUtil:31] 首选疾病：白念珠菌肠炎
2017-12-15 13:16:34,512 INFO [com.netflix.discovery.shared.resolver.aws.ConfigClusterResolver:43] Resolving eureka endpoints via configuration
2017-12-15 13:21:34,517 INFO [com.netflix.discovery.shared.resolver.aws.ConfigClusterResolver:43] Resolving eureka endpoints via configuration
2017-12-15 13:21:53,005 INFO [com.alpha.self.diagnosis.controller.DiagnosisController:133] 循环获取下一个问题: {"answers":[{"answerTitle":"20次","content":"14515"}],"diagnosisId":3855,"inType":1,"questionCode":"3320","sympCode":"54","type":101,"userId":"1012"}
2017-12-15 13:22:01,754 ERROR [com.alpha.self.diagnosis.service.impl.MedicineAnswerServiceImpl:95] 页面的答案没能与知识库的答案匹配
2017-12-15 13:22:30,015 INFO [com.alpha.self.diagnosis.utils.MedicineSortUtil:31] 首选疾病：白念珠菌肠炎
2017-12-15 13:23:53,223 INFO [com.alpha.self.diagnosis.controller.DiagnosisController:133] 循环获取下一个问题: {"answers":[{"answerTitle":"20次","content":"20次"}],"diagnosisId":3855,"inType":1,"questionCode":"3320","sympCode":"54","type":101,"userId":"1012"}
2017-12-15 13:26:34,520 INFO [com.netflix.discovery.shared.resolver.aws.ConfigClusterResolver:43] Resolving eureka endpoints via configuration
2017-12-15 13:27:58,791 INFO [com.alpha.self.diagnosis.utils.MedicineSortUtil:31] 首选疾病：白念珠菌肠炎
2017-12-15 13:29:19,144 INFO [org.springframework.context.support.AbstractApplicationContext:984] Closing org.springframework.context.annotation.AnnotationConfigApplicationContext@dadbaca: startup date [Fri Dec 15 13:05:53 CST 2017]; root of context hierarchy
2017-12-15 13:29:19,146 INFO [org.springframework.context.support.AbstractApplicationContext:984] Closing org.springframework.boot.context.embedded.AnnotationConfigEmbeddedWebApplicationContext@7c7731a2: startup date [Fri Dec 15 13:05:56 CST 2017]; parent: org.springframework.context.annotation.AnnotationConfigApplicationContext@dadbaca
2017-12-15 13:29:19,146 INFO [org.springframework.cloud.netflix.eureka.serviceregistry.EurekaServiceRegistry:64] Unregistering application alpha-self-diagnosis with eureka with status DOWN
2017-12-15 13:29:19,147 WARN [com.netflix.discovery.DiscoveryClient$3:1277] Saw local status change event StatusChangeEvent [timestamp=1513315759147, current=DOWN, previous=UP]
2017-12-15 13:29:19,147 INFO [com.netflix.discovery.DiscoveryClient:795] DiscoveryClient_ALPHA-SELF-DIAGNOSIS/PC-20160606PUVI:alpha-self-diagnosis:19092: registering service...
2017-12-15 13:29:19,148 INFO [com.netflix.discovery.DiscoveryClient:852] Shutting down DiscoveryClient ...
2017-12-15 13:29:19,155 INFO [com.netflix.discovery.DiscoveryClient:884] Unregistering ...
2017-12-15 13:29:19,213 INFO [com.netflix.discovery.DiscoveryClient:804] DiscoveryClient_ALPHA-SELF-DIAGNOSIS/PC-20160606PUVI:alpha-self-diagnosis:19092 - registration status: 204
2017-12-15 13:29:19,250 INFO [com.netflix.discovery.DiscoveryClient:886] DiscoveryClient_ALPHA-SELF-DIAGNOSIS/PC-20160606PUVI:alpha-self-diagnosis:19092 - deregister  status: 200
2017-12-15 13:29:19,286 INFO [com.netflix.discovery.DiscoveryClient:873] Completed shut down of DiscoveryClient
2017-12-15 13:29:19,289 INFO [org.springframework.context.support.DefaultLifecycleProcessor$LifecycleGroup:358] Stopping beans in phase 0
2017-12-15 13:29:19,290 INFO [org.springframework.jmx.export.MBeanExporter:449] Unregistering JMX-exposed beans on shutdown
2017-12-15 13:29:19,291 INFO [org.springframework.jmx.support.MBeanRegistrationSupport:241] Unregistering JMX-exposed beans
2017-12-15 13:29:19,345 WARN [com.netflix.config.sources.URLConfigurationSource:121] No URLs will be polled as dynamic configuration sources.
2017-12-15 13:29:19,345 INFO [com.netflix.config.sources.URLConfigurationSource:122] To enable URLs as dynamic configuration sources, define System property archaius.configurationSource.additionalUrls or make config.properties available on classpath.
2017-12-15 13:29:19,362 INFO [com.alibaba.druid.pool.DruidDataSource:1444] {dataSource-1} closed
2017-12-15 13:29:19,815 INFO [com.alpha.self.diagnosis.AlphaApplication:39] SpringApplicationBuilder run .... 
