2017-12-14 11:02:55,883 INFO [com.alpha.self.diagnosis.controller.DiagnosisController:132] 循环获取下一个问题: {"answers":[{"answerTitle":"腹泻","content":"54"}],"diagnosisId":3850,"inType":1,"questionCode":"9992","sympCode":"54","type":100,"userId":"1012"}
2017-12-14 11:02:56,011 INFO [com.alpha.self.diagnosis.service.impl.MedicineAnswerServiceImpl:236] 脓血便所属大类为血样便
2017-12-14 11:02:56,011 INFO [com.alpha.self.diagnosis.service.impl.MedicineAnswerServiceImpl:236] 脓血便所属大类为血样便
2017-12-14 11:02:56,012 INFO [com.alpha.self.diagnosis.service.impl.MedicineAnswerServiceImpl:236] 脓血便所属大类为血样便
2017-12-14 11:02:56,013 INFO [com.alpha.self.diagnosis.service.impl.MedicineAnswerServiceImpl:236] 血水样便所属大类为血样便
2017-12-14 11:02:56,013 INFO [com.alpha.self.diagnosis.service.impl.MedicineAnswerServiceImpl:236] 脓血便所属大类为血样便
2017-12-14 11:02:56,014 INFO [com.alpha.self.diagnosis.service.impl.MedicineAnswerServiceImpl:236] 血水样便所属大类为血样便
2017-12-14 11:02:56,014 INFO [com.alpha.self.diagnosis.service.impl.MedicineAnswerServiceImpl:236] 脓血便所属大类为血样便
2017-12-14 11:02:56,015 INFO [com.alpha.self.diagnosis.service.impl.MedicineAnswerServiceImpl:236] 脓血便所属大类为血样便
2017-12-14 11:02:56,015 INFO [com.alpha.self.diagnosis.service.impl.MedicineAnswerServiceImpl:236] 脓血便所属大类为血样便
2017-12-14 11:02:56,016 INFO [com.alpha.self.diagnosis.service.impl.MedicineAnswerServiceImpl:236] 脓血便所属大类为血样便
2017-12-14 11:02:56,016 INFO [com.alpha.self.diagnosis.service.impl.MedicineAnswerServiceImpl:236] 血丝便所属大类为血样便
2017-12-14 11:02:56,016 INFO [com.alpha.self.diagnosis.service.impl.MedicineAnswerServiceImpl:236] 脓血便所属大类为血样便
2017-12-14 11:02:56,016 INFO [com.alpha.self.diagnosis.service.impl.MedicineAnswerServiceImpl:236] 脓血便所属大类为血样便
2017-12-14 11:02:56,017 INFO [com.alpha.self.diagnosis.service.impl.MedicineAnswerServiceImpl:236] 脓血便所属大类为血样便
2017-12-14 11:02:56,017 INFO [com.alpha.self.diagnosis.service.impl.MedicineAnswerServiceImpl:236] 脓血便所属大类为血样便
2017-12-14 11:02:56,017 INFO [com.alpha.self.diagnosis.service.impl.MedicineAnswerServiceImpl:236] 脓血便所属大类为血样便
2017-12-14 11:02:56,018 INFO [com.alpha.self.diagnosis.service.impl.MedicineAnswerServiceImpl:236] 脓血便所属大类为血样便
2017-12-14 11:02:56,025 INFO [com.alpha.self.diagnosis.service.impl.MedicineAnswerServiceImpl:236] 血水样便所属大类为血样便
2017-12-14 11:02:56,026 INFO [com.alpha.self.diagnosis.service.impl.MedicineAnswerServiceImpl:236] 脓血便所属大类为血样便
2017-12-14 11:02:56,027 INFO [com.alpha.self.diagnosis.service.impl.MedicineAnswerServiceImpl:236] 血水样便所属大类为血样便
2017-12-14 11:02:56,027 INFO [com.alpha.self.diagnosis.service.impl.MedicineAnswerServiceImpl:236] 脓血便所属大类为血样便
2017-12-14 11:02:56,027 INFO [com.alpha.self.diagnosis.service.impl.MedicineAnswerServiceImpl:236] 脓血便所属大类为血样便
2017-12-14 11:02:56,028 INFO [com.alpha.self.diagnosis.service.impl.MedicineAnswerServiceImpl:236] 血水样便所属大类为血样便
2017-12-14 11:02:56,028 INFO [com.alpha.self.diagnosis.service.impl.MedicineAnswerServiceImpl:236] 脓血便所属大类为血样便
2017-12-14 11:02:56,029 INFO [com.alpha.self.diagnosis.service.impl.MedicineAnswerServiceImpl:236] 血水样便所属大类为血样便
2017-12-14 11:02:56,029 INFO [com.alpha.self.diagnosis.service.impl.MedicineAnswerServiceImpl:236] 脓血便所属大类为血样便
2017-12-14 11:04:27,408 INFO [com.netflix.discovery.shared.resolver.aws.ConfigClusterResolver:43] Resolving eureka endpoints via configuration
2017-12-14 11:09:27,412 INFO [com.netflix.discovery.shared.resolver.aws.ConfigClusterResolver:43] Resolving eureka endpoints via configuration
2017-12-14 11:14:27,415 INFO [com.netflix.discovery.shared.resolver.aws.ConfigClusterResolver:43] Resolving eureka endpoints via configuration
2017-12-14 11:19:27,418 INFO [com.netflix.discovery.shared.resolver.aws.ConfigClusterResolver:43] Resolving eureka endpoints via configuration
2017-12-14 11:24:27,421 INFO [com.netflix.discovery.shared.resolver.aws.ConfigClusterResolver:43] Resolving eureka endpoints via configuration
2017-12-14 11:29:27,426 INFO [com.netflix.discovery.shared.resolver.aws.ConfigClusterResolver:43] Resolving eureka endpoints via configuration
2017-12-14 11:34:27,430 INFO [com.netflix.discovery.shared.resolver.aws.ConfigClusterResolver:43] Resolving eureka endpoints via configuration
2017-12-14 11:39:27,433 INFO [com.netflix.discovery.shared.resolver.aws.ConfigClusterResolver:43] Resolving eureka endpoints via configuration
2017-12-14 11:44:27,436 INFO [com.netflix.discovery.shared.resolver.aws.ConfigClusterResolver:43] Resolving eureka endpoints via configuration
2017-12-14 11:49:27,439 INFO [com.netflix.discovery.shared.resolver.aws.ConfigClusterResolver:43] Resolving eureka endpoints via configuration
2017-12-14 11:54:27,442 INFO [com.netflix.discovery.shared.resolver.aws.ConfigClusterResolver:43] Resolving eureka endpoints via configuration
2017-12-14 11:59:27,445 INFO [com.netflix.discovery.shared.resolver.aws.ConfigClusterResolver:43] Resolving eureka endpoints via configuration
